[1110 09:51:57.789][DPSDK_Core.cpp:394] TID 13284 [INFO] DPSDK_Login(): [DPSDK]IP=192.168.2.64 port=9000 name=test password=test123456 iType=1
[1110 09:51:57.789][DPSDK_Core.cpp:406] TID 13284 [INFO] DPSDK_Login(): nPDLLHandle = 1, IP = 192.168.2.64, Port = 9000, name = test, password = test123456,nProtocol = 2, iType = 1, szCheckBit = 
[1110 09:51:57.790][CMSClientMdl_for_general.cpp:199] TID 3212 [INFO] DPSdk::CMSClientMdl::HandlePreLogin(): CMSClientMdl::HandlePreLogin()
[1110 09:51:57.790][ServerSession.cpp:87] TID 3212 [INFO] DPSdk::ServerSession::ConnectServer(): [PSDK] ServerSession::ConnectServer() sid = 0, ip = 192.168.2.64, port = 9000
[1110 09:51:57.790][CMSClientMdl_for_general.cpp:257] TID 3212 [INFO] DPSdk::CMSClientMdl::HandlePreLogin(): CMSClientMdl::HandlePreLogin() SEND_AND_STORE_MSG
[1110 09:51:57.805][CMSClientMdl.cpp:1105] TID 3212 [INFO] DPSdk::CMSClientMdl::onMessage(): [PSDK] CMSClientMdl::onMessage error nResult[443] at operation[41]
[1110 09:51:57.805][CMSClientMdl_for_general.cpp:264] TID 3212 [INFO] DPSdk::CMSClientMdl::HandleLoginWithEncryption(): CMSClientMdl::HandleLoginWithEncryption()
[1110 09:51:57.817][CMSClientMdl_for_general.cpp:349] TID 3212 [INFO] DPSdk::CMSClientMdl::OnLoginResponse(): [PSDK] CMSClientMdl::OnLoginResponse()  m_loginSeq=3
[1110 09:51:57.817][CMSClientMdl_for_general.cpp:440] TID 3212 [INFO] DPSdk::CMSClientMdl::OnLoginResponse(): [PSDK] CMSClientMdl::OnLoginResponse(), m_timerHeartBeat->SetTimer, id = 2 , ms = 15000
[1110 09:51:57.817][CMSClientMdl_for_general.cpp:461] TID 3212 [INFO] DPSdk::CMSClientMdl::OnLoginResponse(): [PSDK] CMSClientMdl::OnLoginResponse(), m_timerHeartBeatResp->SetTimer, id = 1 , ms = 60s
[1110 09:51:57.817][PDLLDpsdk_fun.cpp:597] TID 5928 [DEBUG] CPDLLDpsdk::DPSDKCallback(): CPDLLDpsdk::DPSDKCallback(...) m_cmd[6] m_sequence[1]
[1110 09:51:57.817][PDLLMessageQueue.cpp:524] TID 12996 [DEBUG] CPDLLMessageQueue::OnDpsdkCallBack(): CPDLLMessageQueue::OnDpsdkCallBack(...) pInfo->m_nCmd[6] pInfo->m_nSeq[1]
[1110 09:51:57.818][CMSClientMdl_for_general.cpp:607] TID 3212 [DEBUG] DPSdk::CMSClientMdl::HandleGetGroup(): CMSClientMdl::HandleGetGroup: bReload = 0 ,m_bSaveGroupFile = false
[1110 09:51:57.818][CMSClientMdl_for_general.cpp:721] TID 3212 [INFO] DPSdk::CMSClientMdl::GetGroupInfo(): 0---send get org cmd to CMS! = [1604973117]
[1110 09:51:57.820][CMSClientMdl_for_func.cpp:216] TID 3212 [INFO] DPSdk::CMSClientMdl::OnMessageRequest(): CU_MESSAGE pRequest->_code = 11315
[1110 09:51:57.820][CMSClientMdl_for_func.cpp:216] TID 3212 [INFO] DPSdk::CMSClientMdl::OnMessageRequest(): CU_MESSAGE pRequest->_code = 400
[1110 09:51:57.820][CMSClientMdl_for_func.cpp:593] TID 3212 [INFO] DPSdk::CMSClientMdl::OnMessageRequest(): [PSDK] OnMessageRequest CU_USER_LOGIN nUserId[2] nState[1] cmd[26]
[1110 09:51:57.820][CMSClientMdl_for_func.cpp:216] TID 3212 [INFO] DPSdk::CMSClientMdl::OnMessageRequest(): CU_MESSAGE pRequest->_code = 78
[1110 09:51:57.820][PDLLDpsdk_fun.cpp:597] TID 5928 [DEBUG] CPDLLDpsdk::DPSDKCallback(): CPDLLDpsdk::DPSDKCallback(...) m_cmd[71] m_sequence[0]
[1110 09:51:57.820][PDLLDpsdk_fun.cpp:597] TID 5928 [DEBUG] CPDLLDpsdk::DPSDKCallback(): CPDLLDpsdk::DPSDKCallback(...) m_cmd[26] m_sequence[0]
[1110 09:51:57.826][CMSClientMdl.cpp:1063] TID 3212 [INFO] DPSdk::CMSClientMdl::onError(): [DPSDK] engineId:0, connId:0, error:3
[1110 09:51:57.826][CMSClientMdl_for_general.cpp:1165] TID 3212 [INFO] DPSdk::CMSClientMdl::OnGetAllTreeResponse(): 1---orgXml start = [1604973117]
[1110 09:51:57.826][DPSDKXmlParse.cpp:693] TID 3212 [INFO] DPSdk::GetAllOrgInfo(): 
[1110 09:51:57.826][CMSClientMdl_for_general.cpp:1173] TID 3212 [INFO] DPSdk::CMSClientMdl::OnGetAllTreeResponse(): 2---orgXml end = [1604973117]
[1110 09:51:57.841][CMSClientMdl_for_general.cpp:1325] TID 3212 [INFO] DPSdk::CMSClientMdl::OnGetAllTreeResponse(): 3---DevXml start = [1604973117]
[1110 09:51:57.841][CMSClientMdl_for_general.cpp:1332] TID 3212 [INFO] DPSdk::CMSClientMdl::OnGetAllTreeResponse(): 4---DevXml end = [1604973117]
[1110 09:51:57.841][PDLLDpsdk_fun.cpp:597] TID 5928 [DEBUG] CPDLLDpsdk::DPSDKCallback(): CPDLLDpsdk::DPSDKCallback(...) m_cmd[3102] m_sequence[4]
[1110 09:51:57.841][PDLLMessageQueue.cpp:524] TID 12996 [DEBUG] CPDLLMessageQueue::OnDpsdkCallBack(): CPDLLMessageQueue::OnDpsdkCallBack(...) pInfo->m_nCmd[3102] pInfo->m_nSeq[4]
[1110 09:51:57.857][CMSClientMdl_for_func.cpp:110] TID 3212 [INFO] DPSdk::CMSClientMdl::OnGetServerListResponse(): UNIT_MGW mgwIP = [192.168.2.64] mgwPort = [9090]
[1110 09:51:57.857][CMSClientMdl.cpp:1105] TID 3212 [INFO] DPSdk::CMSClientMdl::onMessage(): [PSDK] CMSClientMdl::onMessage error nResult[570] at operation[156]
[1110 09:51:57.857][SCSClientMdl.cpp:236] TID 8060 [INFO] DPSdk::SCSClientMdl::DealWithOneResponse(): SCSClientMdl::DealWithOneResponse: CMD[5107]
[1110 09:51:57.857][SCSClientMdl.cpp:243] TID 8060 [INFO] DPSdk::SCSClientMdl::DealWithOneResponse(): msgRes->serverMap.empty() = 
[1110 09:51:57.857][CMSClientMdl.cpp:1063] TID 3212 [INFO] DPSdk::CMSClientMdl::onError(): [DPSDK] engineId:0, connId:0, error:3
[1110 09:51:57.857][PDLLDpsdk_fun.cpp:597] TID 5928 [DEBUG] CPDLLDpsdk::DPSDKCallback(): CPDLLDpsdk::DPSDKCallback(...) m_cmd[72] m_sequence[14]
[1110 09:51:57.857][PDLLDpsdk_fun.cpp:651] TID 5928 [INFO] CPDLLDpsdk::DPSDKCallback(): DPSDK_CMD_GET_RELATIVE_FPT_PATH begin
[1110 09:51:57.857][PDLLDpsdk_fun.cpp:662] TID 5928 [INFO] CPDLLDpsdk::DPSDKCallback(): DPSDK_CMD_GET_RELATIVE_FPT_PATH end
[1110 09:51:57.857][PDLLMessageQueue.cpp:5526] TID 12996 [INFO] CPDLLMessageQueue::OnGetFtpPath(): UpdateFtpInfo() begin
[1110 09:51:57.858][DMSClientSession.cpp:303] TID 144 [INFO] DPSdk::DMSClientSession::ConnectToDmsServer(): Dms Server ip list(0)=>192.168.2.64:9200
[1110 09:51:57.858][DMSClientSession.cpp:303] TID 144 [INFO] DPSdk::DMSClientSession::ConnectToDmsServer(): Dms Server ip list(1)=>112.25.210.130:9200
[1110 09:51:57.909][PCSClientMdl.cpp:374] TID 4352 [INFO] DPSdk::PCSClientMdl::ConnectToPcsServer(): CheckTcpConnect ip[192.168.2.64] port[9001]
[1110 09:51:57.920][ServerSession.cpp:87] TID 4352 [INFO] DPSdk::ServerSession::ConnectServer(): [PSDK] ServerSession::ConnectServer() sid = 1, ip = 192.168.2.64, port = 9001
[1110 09:51:57.931][PCSClientMdl_for_func.cpp:170] TID 4352 [INFO] DPSdk::PCSClientMdl::OnLoginResponse(): [PSDK] PCSClientMdl::OnLoginResponse(), m_timerHeartBeat->SetTimer, id = 16, ms=7500
[1110 09:51:57.931][PDLLDpsdk_fun.cpp:597] TID 5928 [DEBUG] CPDLLDpsdk::DPSDKCallback(): CPDLLDpsdk::DPSDKCallback(...) m_cmd[701] m_sequence[0]
[1110 09:52:00.854][ServerSession.cpp:87] TID 9188 [INFO] DPSdk::ServerSession::ConnectServer(): [PSDK] ServerSession::ConnectServer() sid = 2, ip = 192.168.2.64, port = 9600
[1110 09:52:00.854][ADSClientSession.cpp:298] TID 9188 [INFO] DPSdk::ADSClientSession::SendLoginADSPdu(): [PSDK] ADSClientSession::SendLoginADSPdu sequence[18] serverId[11001] ip[192.168.2.64]
[1110 09:52:00.859][ServerSession.cpp:87] TID 13356 [INFO] DPSdk::ServerSession::ConnectServer(): [PSDK] ServerSession::ConnectServer() sid = 3, ip = 192.168.2.64, port = 9400
[1110 09:52:00.859][PDLLMessageQueue.cpp:5528] TID 12996 [INFO] CPDLLMessageQueue::OnGetFtpPath(): UpdateFtpInfo() begin
[1110 09:52:00.859][ServerSession.cpp:87] TID 144 [INFO] DPSdk::ServerSession::ConnectServer(): [PSDK] ServerSession::ConnectServer() sid = 4, ip = 192.168.2.64, port = 9200
[1110 09:52:00.859][DMSClientSession.cpp:316] TID 144 [INFO] DPSdk::DMSClientSession::ConnectToDmsServer(): Dms ConnectServer=>192.168.2.64:9200
[1110 09:52:00.859][DMSClientMdl.cpp:1594] TID 144 [INFO] DPSdk::DMSClientMdl::StartReconTimer(): [PSDK] DMSClientMdl::StartReconTimer(), m_timerReconnect->SetTimer, id=17
[1110 09:52:00.883][ADSClientMdl.cpp:820] TID 9188 [INFO] DPSdk::ADSClientMdl::OnLoginAdsResponse(): [PSDK] login ads server success.
[1110 09:52:00.883][ADSClientMdl.cpp:747] TID 9188 [INFO] DPSdk::ADSClientMdl::StartHBTimer(): [PSDK] ADSClientMdl::StartHBTimer(), m_timerHeartBeat->SetTimer, id=19, ms=15000
[1110 09:52:00.883][DMSClientMdl.cpp:1582] TID 144 [INFO] DPSdk::DMSClientMdl::StartHBTimer(): [PSDK] DMSClientMdl::StartHBTimer(), m_timerHeartBeat->SetTimer, id = 18, ms=15000
[1110 09:52:00.884][ADSClientSession.cpp:1267] TID 9188 [INFO] DPSdk::ADSClientSession::HandleSendEmptyXml(): [PSDK] ADSClientSession::HandleSetAlarmEnable sequence[20] serverId[11001] ip[192.168.2.64]
[1110 09:52:00.884][PDLLDpsdk_fun.cpp:597] TID 5928 [DEBUG] CPDLLDpsdk::DPSDKCallback(): CPDLLDpsdk::DPSDKCallback(...) m_cmd[458] m_sequence[21]
[1110 09:52:00.884][MsgCallbackModule.cpp:198] TID 5928 [ERR] DPSdk::MsgCallbackModule::DealWithOneMsg(): [PSDK] UnDefine CallBack
[1110 09:52:00.884][PDLLDpsdk_fun.cpp:597] TID 5928 [DEBUG] CPDLLDpsdk::DPSDKCallback(): CPDLLDpsdk::DPSDKCallback(...) m_cmd[246] m_sequence[22]
[1110 09:52:00.884][PDLLDpsdk_fun.cpp:597] TID 5928 [DEBUG] CPDLLDpsdk::DPSDKCallback(): CPDLLDpsdk::DPSDKCallback(...) m_cmd[246] m_sequence[23]
[1110 09:52:00.884][PDLLDpsdk_fun.cpp:597] TID 5928 [DEBUG] CPDLLDpsdk::DPSDKCallback(): CPDLLDpsdk::DPSDKCallback(...) m_cmd[246] m_sequence[24]
[1110 09:52:00.884][PDLLDpsdk_fun.cpp:597] TID 5928 [DEBUG] CPDLLDpsdk::DPSDKCallback(): CPDLLDpsdk::DPSDKCallback(...) m_cmd[246] m_sequence[25]
[1110 09:52:00.884][PDLLDpsdk_fun.cpp:597] TID 5928 [DEBUG] CPDLLDpsdk::DPSDKCallback(): CPDLLDpsdk::DPSDKCallback(...) m_cmd[246] m_sequence[26]
[1110 09:52:00.884][PDLLDpsdk_fun.cpp:597] TID 5928 [DEBUG] CPDLLDpsdk::DPSDKCallback(): CPDLLDpsdk::DPSDKCallback(...) m_cmd[246] m_sequence[27]
[1110 09:52:00.884][PDLLDpsdk_fun.cpp:597] TID 5928 [DEBUG] CPDLLDpsdk::DPSDKCallback(): CPDLLDpsdk::DPSDKCallback(...) m_cmd[246] m_sequence[28]
[1110 09:52:00.885][PDLLDpsdk_fun.cpp:597] TID 5928 [DEBUG] CPDLLDpsdk::DPSDKCallback(): CPDLLDpsdk::DPSDKCallback(...) m_cmd[246] m_sequence[29]
[1110 09:52:00.885][PDLLDpsdk_fun.cpp:597] TID 5928 [DEBUG] CPDLLDpsdk::DPSDKCallback(): CPDLLDpsdk::DPSDKCallback(...) m_cmd[246] m_sequence[30]
[1110 09:52:00.885][PDLLDpsdk_fun.cpp:597] TID 5928 [DEBUG] CPDLLDpsdk::DPSDKCallback(): CPDLLDpsdk::DPSDKCallback(...) m_cmd[246] m_sequence[31]
[1110 09:52:00.885][PDLLDpsdk_fun.cpp:597] TID 5928 [DEBUG] CPDLLDpsdk::DPSDKCallback(): CPDLLDpsdk::DPSDKCallback(...) m_cmd[246] m_sequence[32]
[1110 09:52:00.885][PDLLDpsdk_fun.cpp:597] TID 5928 [DEBUG] CPDLLDpsdk::DPSDKCallback(): CPDLLDpsdk::DPSDKCallback(...) m_cmd[246] m_sequence[33]
[1110 09:52:00.885][PDLLDpsdk_fun.cpp:597] TID 5928 [DEBUG] CPDLLDpsdk::DPSDKCallback(): CPDLLDpsdk::DPSDKCallback(...) m_cmd[246] m_sequence[34]
[1110 09:52:00.885][PDLLDpsdk_fun.cpp:597] TID 5928 [DEBUG] CPDLLDpsdk::DPSDKCallback(): CPDLLDpsdk::DPSDKCallback(...) m_cmd[246] m_sequence[35]
[1110 09:52:00.885][PDLLDpsdk_fun.cpp:597] TID 5928 [DEBUG] CPDLLDpsdk::DPSDKCallback(): CPDLLDpsdk::DPSDKCallback(...) m_cmd[246] m_sequence[36]
[1110 09:52:00.885][PDLLDpsdk_fun.cpp:597] TID 5928 [DEBUG] CPDLLDpsdk::DPSDKCallback(): CPDLLDpsdk::DPSDKCallback(...) m_cmd[246] m_sequence[37]
[1110 09:52:02.861][PESClientMdl.cpp:424] TID 13356 [INFO] DPSdk::PESClientMdl::StartReconTimer(): [PSDK] PESClientMdl::StartReconTimer(), m_timerReconnect->SetTimer, id=20, ms=60000
[1110 09:52:02.865][PESClientMdl.cpp:414] TID 13356 [INFO] DPSdk::PESClientMdl::StartHBTimer(): [PSDK] PESClientMdl::StartHBTimer(), m_timerHeartBeat->SetTimer, id = 21, ms=40000
[1110 09:53:00.861][DMSClientMdl.cpp:1497] TID 144 [INFO] DPSdk::DMSClientMdl::OnDmsReconnect(): [PSDK] DMSClientMdl::OnDmsReconnect(), m_timerReconnect->KillTimer, id=17
[1110 09:53:02.861][PESClientMdl.cpp:364] TID 13356 [INFO] DPSdk::PESClientMdl::OnPESReconnect(): [PSDK] PESClientMdl::OnPESReconnect(), m_timerReconnect->kill, id=20
