[1106 13:40:47.136][DPSDK_Core.cpp:394] TID 16164 [INFO] DPSDK_Login(): [DPSDK]IP=192.168.2.64 port=9000 name=test password=test123456 iType=1
[1106 13:40:47.137][DPSDK_Core.cpp:406] TID 16164 [INFO] DPSDK_Login(): nPDLLHandle = 1, IP = 192.168.2.64, Port = 9000, name = test, password = test123456,nProtocol = 2, iType = 1, szCheckBit = 
[1106 13:40:47.137][CMSClientMdl_for_general.cpp:199] TID 8820 [INFO] DPSdk::CMSClientMdl::HandlePreLogin(): CMSClientMdl::HandlePreLogin()
[1106 13:40:47.137][ServerSession.cpp:87] TID 8820 [INFO] DPSdk::ServerSession::ConnectServer(): [PSDK] ServerSession::ConnectServer() sid = 0, ip = 192.168.2.64, port = 9000
[1106 13:40:47.137][CMSClientMdl_for_general.cpp:257] TID 8820 [INFO] DPSdk::CMSClientMdl::HandlePreLogin(): CMSClientMdl::HandlePreLogin() SEND_AND_STORE_MSG
[1106 13:40:47.153][CMSClientMdl.cpp:1105] TID 8820 [INFO] DPSdk::CMSClientMdl::onMessage(): [PSDK] CMSClientMdl::onMessage error nResult[443] at operation[41]
[1106 13:40:47.153][CMSClientMdl_for_general.cpp:264] TID 8820 [INFO] DPSdk::CMSClientMdl::HandleLoginWithEncryption(): CMSClientMdl::HandleLoginWithEncryption()
[1106 13:40:47.162][CMSClientMdl_for_general.cpp:349] TID 8820 [INFO] DPSdk::CMSClientMdl::OnLoginResponse(): [PSDK] CMSClientMdl::OnLoginResponse()  m_loginSeq=3
[1106 13:40:47.162][CMSClientMdl_for_general.cpp:440] TID 8820 [INFO] DPSdk::CMSClientMdl::OnLoginResponse(): [PSDK] CMSClientMdl::OnLoginResponse(), m_timerHeartBeat->SetTimer, id = 2 , ms = 15000
[1106 13:40:47.162][CMSClientMdl_for_general.cpp:461] TID 8820 [INFO] DPSdk::CMSClientMdl::OnLoginResponse(): [PSDK] CMSClientMdl::OnLoginResponse(), m_timerHeartBeatResp->SetTimer, id = 1 , ms = 60s
[1106 13:40:47.162][PDLLDpsdk_fun.cpp:597] TID 20260 [DEBUG] CPDLLDpsdk::DPSDKCallback(): CPDLLDpsdk::DPSDKCallback(...) m_cmd[6] m_sequence[1]
[1106 13:40:47.162][PDLLMessageQueue.cpp:524] TID 15008 [DEBUG] CPDLLMessageQueue::OnDpsdkCallBack(): CPDLLMessageQueue::OnDpsdkCallBack(...) pInfo->m_nCmd[6] pInfo->m_nSeq[1]
[1106 13:40:47.163][CMSClientMdl_for_general.cpp:607] TID 8820 [DEBUG] DPSdk::CMSClientMdl::HandleGetGroup(): CMSClientMdl::HandleGetGroup: bReload = 0 ,m_bSaveGroupFile = false
[1106 13:40:47.163][CMSClientMdl_for_general.cpp:721] TID 8820 [INFO] DPSdk::CMSClientMdl::GetGroupInfo(): 0---send get org cmd to CMS! = [1604641247]
[1106 13:40:47.164][CMSClientMdl_for_func.cpp:216] TID 8820 [INFO] DPSdk::CMSClientMdl::OnMessageRequest(): CU_MESSAGE pRequest->_code = 11315
[1106 13:40:47.164][PDLLDpsdk_fun.cpp:597] TID 20260 [DEBUG] CPDLLDpsdk::DPSDKCallback(): CPDLLDpsdk::DPSDKCallback(...) m_cmd[71] m_sequence[0]
[1106 13:40:47.164][CMSClientMdl_for_func.cpp:216] TID 8820 [INFO] DPSdk::CMSClientMdl::OnMessageRequest(): CU_MESSAGE pRequest->_code = 400
[1106 13:40:47.164][CMSClientMdl_for_func.cpp:593] TID 8820 [INFO] DPSdk::CMSClientMdl::OnMessageRequest(): [PSDK] OnMessageRequest CU_USER_LOGIN nUserId[2] nState[1] cmd[26]
[1106 13:40:47.164][PDLLDpsdk_fun.cpp:597] TID 20260 [DEBUG] CPDLLDpsdk::DPSDKCallback(): CPDLLDpsdk::DPSDKCallback(...) m_cmd[26] m_sequence[0]
[1106 13:40:47.164][CMSClientMdl_for_func.cpp:216] TID 8820 [INFO] DPSdk::CMSClientMdl::OnMessageRequest(): CU_MESSAGE pRequest->_code = 78
[1106 13:40:47.175][CMSClientMdl.cpp:1063] TID 8820 [INFO] DPSdk::CMSClientMdl::onError(): [DPSDK] engineId:0, connId:0, error:3
[1106 13:40:47.175][CMSClientMdl_for_general.cpp:1165] TID 8820 [INFO] DPSdk::CMSClientMdl::OnGetAllTreeResponse(): 1---orgXml start = [1604641247]
[1106 13:40:47.175][DPSDKXmlParse.cpp:693] TID 8820 [INFO] DPSdk::GetAllOrgInfo(): 
[1106 13:40:47.175][CMSClientMdl_for_general.cpp:1173] TID 8820 [INFO] DPSdk::CMSClientMdl::OnGetAllTreeResponse(): 2---orgXml end = [1604641247]
[1106 13:40:47.189][CMSClientMdl_for_general.cpp:1325] TID 8820 [INFO] DPSdk::CMSClientMdl::OnGetAllTreeResponse(): 3---DevXml start = [1604641247]
[1106 13:40:47.190][CMSClientMdl_for_general.cpp:1332] TID 8820 [INFO] DPSdk::CMSClientMdl::OnGetAllTreeResponse(): 4---DevXml end = [1604641247]
[1106 13:40:47.190][PDLLDpsdk_fun.cpp:597] TID 20260 [DEBUG] CPDLLDpsdk::DPSDKCallback(): CPDLLDpsdk::DPSDKCallback(...) m_cmd[3102] m_sequence[4]
[1106 13:40:47.190][PDLLMessageQueue.cpp:524] TID 15008 [DEBUG] CPDLLMessageQueue::OnDpsdkCallBack(): CPDLLMessageQueue::OnDpsdkCallBack(...) pInfo->m_nCmd[3102] pInfo->m_nSeq[4]
[1106 13:40:47.203][CMSClientMdl_for_func.cpp:110] TID 8820 [INFO] DPSdk::CMSClientMdl::OnGetServerListResponse(): UNIT_MGW mgwIP = [192.168.2.64] mgwPort = [9090]
[1106 13:40:47.203][CMSClientMdl.cpp:1105] TID 8820 [INFO] DPSdk::CMSClientMdl::onMessage(): [PSDK] CMSClientMdl::onMessage error nResult[570] at operation[156]
[1106 13:40:47.203][SCSClientMdl.cpp:236] TID 8228 [INFO] DPSdk::SCSClientMdl::DealWithOneResponse(): SCSClientMdl::DealWithOneResponse: CMD[5107]
[1106 13:40:47.203][SCSClientMdl.cpp:243] TID 8228 [INFO] DPSdk::SCSClientMdl::DealWithOneResponse(): msgRes->serverMap.empty() = 
[1106 13:40:47.203][CMSClientMdl.cpp:1063] TID 8820 [INFO] DPSdk::CMSClientMdl::onError(): [DPSDK] engineId:0, connId:0, error:3
[1106 13:40:47.203][PDLLDpsdk_fun.cpp:597] TID 20260 [DEBUG] CPDLLDpsdk::DPSDKCallback(): CPDLLDpsdk::DPSDKCallback(...) m_cmd[72] m_sequence[14]
[1106 13:40:47.203][PDLLDpsdk_fun.cpp:651] TID 20260 [INFO] CPDLLDpsdk::DPSDKCallback(): DPSDK_CMD_GET_RELATIVE_FPT_PATH begin
[1106 13:40:47.203][PDLLDpsdk_fun.cpp:662] TID 20260 [INFO] CPDLLDpsdk::DPSDKCallback(): DPSDK_CMD_GET_RELATIVE_FPT_PATH end
[1106 13:40:47.203][PDLLMessageQueue.cpp:5526] TID 15008 [INFO] CPDLLMessageQueue::OnGetFtpPath(): UpdateFtpInfo() begin
[1106 13:40:47.204][DMSClientSession.cpp:303] TID 22232 [INFO] DPSdk::DMSClientSession::ConnectToDmsServer(): Dms Server ip list(0)=>192.168.2.64:9200
[1106 13:40:47.204][DMSClientSession.cpp:303] TID 22232 [INFO] DPSdk::DMSClientSession::ConnectToDmsServer(): Dms Server ip list(1)=>112.25.210.130:9200
[1106 13:40:47.254][PCSClientMdl.cpp:374] TID 21696 [INFO] DPSdk::PCSClientMdl::ConnectToPcsServer(): CheckTcpConnect ip[192.168.2.64] port[9001]
[1106 13:40:47.265][ServerSession.cpp:87] TID 21696 [INFO] DPSdk::ServerSession::ConnectServer(): [PSDK] ServerSession::ConnectServer() sid = 1, ip = 192.168.2.64, port = 9001
[1106 13:40:47.278][PCSClientMdl_for_func.cpp:170] TID 21696 [INFO] DPSdk::PCSClientMdl::OnLoginResponse(): [PSDK] PCSClientMdl::OnLoginResponse(), m_timerHeartBeat->SetTimer, id = 22, ms=7500
[1106 13:40:47.278][PDLLDpsdk_fun.cpp:597] TID 20260 [DEBUG] CPDLLDpsdk::DPSDKCallback(): CPDLLDpsdk::DPSDKCallback(...) m_cmd[701] m_sequence[0]
[1106 13:40:50.202][ServerSession.cpp:87] TID 13012 [INFO] DPSdk::ServerSession::ConnectServer(): [PSDK] ServerSession::ConnectServer() sid = 2, ip = 192.168.2.64, port = 9600
[1106 13:40:50.202][ADSClientSession.cpp:298] TID 13012 [INFO] DPSdk::ADSClientSession::SendLoginADSPdu(): [PSDK] ADSClientSession::SendLoginADSPdu sequence[18] serverId[11001] ip[192.168.2.64]
[1106 13:40:50.204][ADSClientMdl.cpp:820] TID 13012 [INFO] DPSdk::ADSClientMdl::OnLoginAdsResponse(): [PSDK] login ads server success.
[1106 13:40:50.204][ADSClientMdl.cpp:747] TID 13012 [INFO] DPSdk::ADSClientMdl::StartHBTimer(): [PSDK] ADSClientMdl::StartHBTimer(), m_timerHeartBeat->SetTimer, id=23, ms=15000
[1106 13:40:50.204][ADSClientSession.cpp:1267] TID 13012 [INFO] DPSdk::ADSClientSession::HandleSendEmptyXml(): [PSDK] ADSClientSession::HandleSetAlarmEnable sequence[19] serverId[11001] ip[192.168.2.64]
[1106 13:40:50.204][PDLLDpsdk_fun.cpp:597] TID 20260 [DEBUG] CPDLLDpsdk::DPSDKCallback(): CPDLLDpsdk::DPSDKCallback(...) m_cmd[458] m_sequence[20]
[1106 13:40:50.204][MsgCallbackModule.cpp:198] TID 20260 [ERR] DPSdk::MsgCallbackModule::DealWithOneMsg(): [PSDK] UnDefine CallBack
[1106 13:40:50.205][ServerSession.cpp:87] TID 22232 [INFO] DPSdk::ServerSession::ConnectServer(): [PSDK] ServerSession::ConnectServer() sid = 3, ip = 192.168.2.64, port = 9200
[1106 13:40:50.205][PDLLMessageQueue.cpp:5528] TID 15008 [INFO] CPDLLMessageQueue::OnGetFtpPath(): UpdateFtpInfo() begin
[1106 13:40:50.205][ServerSession.cpp:87] TID 22888 [INFO] DPSdk::ServerSession::ConnectServer(): [PSDK] ServerSession::ConnectServer() sid = 4, ip = 192.168.2.64, port = 9400
[1106 13:40:50.205][DMSClientSession.cpp:316] TID 22232 [INFO] DPSdk::DMSClientSession::ConnectToDmsServer(): Dms ConnectServer=>192.168.2.64:9200
[1106 13:40:50.205][DMSClientMdl.cpp:1594] TID 22232 [INFO] DPSdk::DMSClientMdl::StartReconTimer(): [PSDK] DMSClientMdl::StartReconTimer(), m_timerReconnect->SetTimer, id=24
[1106 13:40:50.236][DMSClientMdl.cpp:1582] TID 22232 [INFO] DPSdk::DMSClientMdl::StartHBTimer(): [PSDK] DMSClientMdl::StartHBTimer(), m_timerHeartBeat->SetTimer, id = 25, ms=15000
[1106 13:40:50.236][PDLLDpsdk_fun.cpp:597] TID 20260 [DEBUG] CPDLLDpsdk::DPSDKCallback(): CPDLLDpsdk::DPSDKCallback(...) m_cmd[246] m_sequence[22]
[1106 13:40:50.236][PDLLDpsdk_fun.cpp:597] TID 20260 [DEBUG] CPDLLDpsdk::DPSDKCallback(): CPDLLDpsdk::DPSDKCallback(...) m_cmd[246] m_sequence[23]
[1106 13:40:50.236][PDLLDpsdk_fun.cpp:597] TID 20260 [DEBUG] CPDLLDpsdk::DPSDKCallback(): CPDLLDpsdk::DPSDKCallback(...) m_cmd[246] m_sequence[24]
[1106 13:40:50.236][PDLLDpsdk_fun.cpp:597] TID 20260 [DEBUG] CPDLLDpsdk::DPSDKCallback(): CPDLLDpsdk::DPSDKCallback(...) m_cmd[246] m_sequence[25]
[1106 13:40:50.236][PDLLDpsdk_fun.cpp:597] TID 20260 [DEBUG] CPDLLDpsdk::DPSDKCallback(): CPDLLDpsdk::DPSDKCallback(...) m_cmd[246] m_sequence[26]
[1106 13:40:50.236][PDLLDpsdk_fun.cpp:597] TID 20260 [DEBUG] CPDLLDpsdk::DPSDKCallback(): CPDLLDpsdk::DPSDKCallback(...) m_cmd[246] m_sequence[27]
[1106 13:40:50.236][PDLLDpsdk_fun.cpp:597] TID 20260 [DEBUG] CPDLLDpsdk::DPSDKCallback(): CPDLLDpsdk::DPSDKCallback(...) m_cmd[246] m_sequence[28]
[1106 13:40:50.236][PDLLDpsdk_fun.cpp:597] TID 20260 [DEBUG] CPDLLDpsdk::DPSDKCallback(): CPDLLDpsdk::DPSDKCallback(...) m_cmd[246] m_sequence[29]
[1106 13:40:50.236][PDLLDpsdk_fun.cpp:597] TID 20260 [DEBUG] CPDLLDpsdk::DPSDKCallback(): CPDLLDpsdk::DPSDKCallback(...) m_cmd[246] m_sequence[30]
[1106 13:40:50.236][PDLLDpsdk_fun.cpp:597] TID 20260 [DEBUG] CPDLLDpsdk::DPSDKCallback(): CPDLLDpsdk::DPSDKCallback(...) m_cmd[246] m_sequence[31]
[1106 13:40:50.236][PDLLDpsdk_fun.cpp:597] TID 20260 [DEBUG] CPDLLDpsdk::DPSDKCallback(): CPDLLDpsdk::DPSDKCallback(...) m_cmd[246] m_sequence[32]
[1106 13:40:50.236][PDLLDpsdk_fun.cpp:597] TID 20260 [DEBUG] CPDLLDpsdk::DPSDKCallback(): CPDLLDpsdk::DPSDKCallback(...) m_cmd[246] m_sequence[33]
[1106 13:40:50.236][PDLLDpsdk_fun.cpp:597] TID 20260 [DEBUG] CPDLLDpsdk::DPSDKCallback(): CPDLLDpsdk::DPSDKCallback(...) m_cmd[246] m_sequence[34]
[1106 13:40:50.236][PDLLDpsdk_fun.cpp:597] TID 20260 [DEBUG] CPDLLDpsdk::DPSDKCallback(): CPDLLDpsdk::DPSDKCallback(...) m_cmd[246] m_sequence[35]
[1106 13:40:50.236][PDLLDpsdk_fun.cpp:597] TID 20260 [DEBUG] CPDLLDpsdk::DPSDKCallback(): CPDLLDpsdk::DPSDKCallback(...) m_cmd[246] m_sequence[36]
[1106 13:40:50.236][PDLLDpsdk_fun.cpp:597] TID 20260 [DEBUG] CPDLLDpsdk::DPSDKCallback(): CPDLLDpsdk::DPSDKCallback(...) m_cmd[246] m_sequence[37]
[1106 13:40:52.213][PESClientMdl.cpp:424] TID 22888 [INFO] DPSdk::PESClientMdl::StartReconTimer(): [PSDK] PESClientMdl::StartReconTimer(), m_timerReconnect->SetTimer, id=26, ms=60000
[1106 13:40:52.231][PESClientMdl.cpp:414] TID 22888 [INFO] DPSdk::PESClientMdl::StartHBTimer(): [PSDK] PESClientMdl::StartHBTimer(), m_timerHeartBeat->SetTimer, id = 27, ms=40000
[1106 13:40:56.085][PDLLDpsdk_fun.cpp:597] TID 20260 [DEBUG] CPDLLDpsdk::DPSDKCallback(): CPDLLDpsdk::DPSDKCallback(...) m_cmd[246] m_sequence[40]
[1106 13:40:56.184][PDLLDpsdk_fun.cpp:597] TID 20260 [DEBUG] CPDLLDpsdk::DPSDKCallback(): CPDLLDpsdk::DPSDKCallback(...) m_cmd[459] m_sequence[41]
[1106 13:40:56.185][PDLLDpsdk_fun.cpp:597] TID 20260 [DEBUG] CPDLLDpsdk::DPSDKCallback(): CPDLLDpsdk::DPSDKCallback(...) m_cmd[480] m_sequence[42]
[1106 13:41:11.571][ServerMgrMdl.cpp:216] TID 8748 [INFO] DPSdk::ServerMgrMdl::DealWithOneRequest(): [PSDK] ServerMgrMdl::DealWithOneRequest cmd[211] nSeq = [48]
[1106 13:41:11.572][PDLLMessageQueue.cpp:901] TID 15008 [DEBUG] CPDLLMessageQueue::OnDpsdkCallBackAlarm(): [DPSDK_CORE]OnDpsdkCallBackAlarm()alarmtype = 5, strDeviceID = 1000007, nChannel = 0, cameraId = 1000007$1$0$0 alarmID = [{511A90EF-C3F3-AC4C-B8DE-EDA0D99CD8C1}] eventType = [2] time = [1604641793]
[1106 13:41:11.572][PDLLMessageQueue.cpp:5537] TID 15008 [DEBUG] CPDLLMessageQueue::OnNewAlarmReprot(): [DPSDK_CORE]OnNewAlarmReprot():deviceID[1000007], channelNo[0]
[1106 13:41:11.576][ServerMgrMdl.cpp:216] TID 8748 [INFO] DPSdk::ServerMgrMdl::DealWithOneRequest(): [PSDK] ServerMgrMdl::DealWithOneRequest cmd[211] nSeq = [51]
[1106 13:41:11.606][PDLLDpsdk_fun.cpp:597] TID 20260 [DEBUG] CPDLLDpsdk::DPSDKCallback(): CPDLLDpsdk::DPSDKCallback(...) m_cmd[211] m_sequence[48]
[1106 13:41:11.606][PDLLMessageQueue.cpp:524] TID 15008 [DEBUG] CPDLLMessageQueue::OnDpsdkCallBack(): CPDLLMessageQueue::OnDpsdkCallBack(...) pInfo->m_nCmd[211] pInfo->m_nSeq[48]
[1106 13:41:11.625][PDLLDpsdk_fun.cpp:597] TID 20260 [DEBUG] CPDLLDpsdk::DPSDKCallback(): CPDLLDpsdk::DPSDKCallback(...) m_cmd[211] m_sequence[51]
[1106 13:41:11.625][PDLLMessageQueue.cpp:524] TID 15008 [DEBUG] CPDLLMessageQueue::OnDpsdkCallBack(): CPDLLMessageQueue::OnDpsdkCallBack(...) pInfo->m_nCmd[211] pInfo->m_nSeq[51]
