[1110 08:31:38.539][DPSDK_Core.cpp:394] TID 13064 [INFO] DPSDK_Login(): [DPSDK]IP=192.168.2.64 port=9000 name=test password=test123456 iType=1
[1110 08:31:38.540][DPSDK_Core.cpp:406] TID 13064 [INFO] DPSDK_Login(): nPDLLHandle = 1, IP = 192.168.2.64, Port = 9000, name = test, password = test123456,nProtocol = 2, iType = 1, szCheckBit = 
[1110 08:31:38.540][CMSClientMdl_for_general.cpp:199] TID 1740 [INFO] DPSdk::CMSClientMdl::HandlePreLogin(): CMSClientMdl::HandlePreLogin()
[1110 08:31:38.540][ServerSession.cpp:87] TID 1740 [INFO] DPSdk::ServerSession::ConnectServer(): [PSDK] ServerSession::ConnectServer() sid = 0, ip = 192.168.2.64, port = 9000
[1110 08:31:38.540][CMSClientMdl_for_general.cpp:257] TID 1740 [INFO] DPSdk::CMSClientMdl::HandlePreLogin(): CMSClientMdl::HandlePreLogin() SEND_AND_STORE_MSG
[1110 08:31:38.550][CMSClientMdl.cpp:1105] TID 1740 [INFO] DPSdk::CMSClientMdl::onMessage(): [PSDK] CMSClientMdl::onMessage error nResult[443] at operation[41]
[1110 08:31:38.550][CMSClientMdl_for_general.cpp:264] TID 1740 [INFO] DPSdk::CMSClientMdl::HandleLoginWithEncryption(): CMSClientMdl::HandleLoginWithEncryption()
[1110 08:31:38.561][CMSClientMdl_for_general.cpp:349] TID 1740 [INFO] DPSdk::CMSClientMdl::OnLoginResponse(): [PSDK] CMSClientMdl::OnLoginResponse()  m_loginSeq=3
[1110 08:31:38.561][CMSClientMdl_for_general.cpp:440] TID 1740 [INFO] DPSdk::CMSClientMdl::OnLoginResponse(): [PSDK] CMSClientMdl::OnLoginResponse(), m_timerHeartBeat->SetTimer, id = 2 , ms = 15000
[1110 08:31:38.561][CMSClientMdl_for_general.cpp:461] TID 1740 [INFO] DPSdk::CMSClientMdl::OnLoginResponse(): [PSDK] CMSClientMdl::OnLoginResponse(), m_timerHeartBeatResp->SetTimer, id = 1 , ms = 60s
[1110 08:31:38.562][PDLLDpsdk_fun.cpp:597] TID 13444 [DEBUG] CPDLLDpsdk::DPSDKCallback(): CPDLLDpsdk::DPSDKCallback(...) m_cmd[6] m_sequence[1]
[1110 08:31:38.562][PDLLMessageQueue.cpp:524] TID 1576 [DEBUG] CPDLLMessageQueue::OnDpsdkCallBack(): CPDLLMessageQueue::OnDpsdkCallBack(...) pInfo->m_nCmd[6] pInfo->m_nSeq[1]
[1110 08:31:38.563][CMSClientMdl_for_general.cpp:607] TID 1740 [DEBUG] DPSdk::CMSClientMdl::HandleGetGroup(): CMSClientMdl::HandleGetGroup: bReload = 0 ,m_bSaveGroupFile = false
[1110 08:31:38.563][CMSClientMdl_for_general.cpp:721] TID 1740 [INFO] DPSdk::CMSClientMdl::GetGroupInfo(): 0---send get org cmd to CMS! = [1604968298]
[1110 08:31:38.564][CMSClientMdl_for_func.cpp:216] TID 1740 [INFO] DPSdk::CMSClientMdl::OnMessageRequest(): CU_MESSAGE pRequest->_code = 11315
[1110 08:31:38.565][CMSClientMdl_for_func.cpp:216] TID 1740 [INFO] DPSdk::CMSClientMdl::OnMessageRequest(): CU_MESSAGE pRequest->_code = 400
[1110 08:31:38.565][CMSClientMdl_for_func.cpp:593] TID 1740 [INFO] DPSdk::CMSClientMdl::OnMessageRequest(): [PSDK] OnMessageRequest CU_USER_LOGIN nUserId[2] nState[1] cmd[26]
[1110 08:31:38.565][PDLLDpsdk_fun.cpp:597] TID 13444 [DEBUG] CPDLLDpsdk::DPSDKCallback(): CPDLLDpsdk::DPSDKCallback(...) m_cmd[71] m_sequence[0]
[1110 08:31:38.565][CMSClientMdl_for_func.cpp:216] TID 1740 [INFO] DPSdk::CMSClientMdl::OnMessageRequest(): CU_MESSAGE pRequest->_code = 78
[1110 08:31:38.565][PDLLDpsdk_fun.cpp:597] TID 13444 [DEBUG] CPDLLDpsdk::DPSDKCallback(): CPDLLDpsdk::DPSDKCallback(...) m_cmd[26] m_sequence[0]
[1110 08:31:38.573][CMSClientMdl.cpp:1063] TID 1740 [INFO] DPSdk::CMSClientMdl::onError(): [DPSDK] engineId:0, connId:0, error:3
[1110 08:31:38.573][CMSClientMdl_for_general.cpp:1165] TID 1740 [INFO] DPSdk::CMSClientMdl::OnGetAllTreeResponse(): 1---orgXml start = [1604968298]
[1110 08:31:38.573][DPSDKXmlParse.cpp:693] TID 1740 [INFO] DPSdk::GetAllOrgInfo(): 
[1110 08:31:38.573][CMSClientMdl_for_general.cpp:1173] TID 1740 [INFO] DPSdk::CMSClientMdl::OnGetAllTreeResponse(): 2---orgXml end = [1604968298]
[1110 08:31:38.587][CMSClientMdl_for_general.cpp:1325] TID 1740 [INFO] DPSdk::CMSClientMdl::OnGetAllTreeResponse(): 3---DevXml start = [1604968298]
[1110 08:31:38.589][CMSClientMdl_for_general.cpp:1332] TID 1740 [INFO] DPSdk::CMSClientMdl::OnGetAllTreeResponse(): 4---DevXml end = [1604968298]
[1110 08:31:38.589][PDLLDpsdk_fun.cpp:597] TID 13444 [DEBUG] CPDLLDpsdk::DPSDKCallback(): CPDLLDpsdk::DPSDKCallback(...) m_cmd[3102] m_sequence[4]
[1110 08:31:38.589][PDLLMessageQueue.cpp:524] TID 1576 [DEBUG] CPDLLMessageQueue::OnDpsdkCallBack(): CPDLLMessageQueue::OnDpsdkCallBack(...) pInfo->m_nCmd[3102] pInfo->m_nSeq[4]
[1110 08:31:38.606][CMSClientMdl_for_func.cpp:110] TID 1740 [INFO] DPSdk::CMSClientMdl::OnGetServerListResponse(): UNIT_MGW mgwIP = [192.168.2.64] mgwPort = [9090]
[1110 08:31:38.606][CMSClientMdl.cpp:1105] TID 1740 [INFO] DPSdk::CMSClientMdl::onMessage(): [PSDK] CMSClientMdl::onMessage error nResult[570] at operation[156]
[1110 08:31:38.606][SCSClientMdl.cpp:236] TID 3592 [INFO] DPSdk::SCSClientMdl::DealWithOneResponse(): SCSClientMdl::DealWithOneResponse: CMD[5107]
[1110 08:31:38.606][SCSClientMdl.cpp:243] TID 3592 [INFO] DPSdk::SCSClientMdl::DealWithOneResponse(): msgRes->serverMap.empty() = 
[1110 08:31:38.606][CMSClientMdl.cpp:1063] TID 1740 [INFO] DPSdk::CMSClientMdl::onError(): [DPSDK] engineId:0, connId:0, error:3
[1110 08:31:38.606][PDLLDpsdk_fun.cpp:597] TID 13444 [DEBUG] CPDLLDpsdk::DPSDKCallback(): CPDLLDpsdk::DPSDKCallback(...) m_cmd[72] m_sequence[14]
[1110 08:31:38.606][PDLLDpsdk_fun.cpp:651] TID 13444 [INFO] CPDLLDpsdk::DPSDKCallback(): DPSDK_CMD_GET_RELATIVE_FPT_PATH begin
[1110 08:31:38.606][PDLLDpsdk_fun.cpp:662] TID 13444 [INFO] CPDLLDpsdk::DPSDKCallback(): DPSDK_CMD_GET_RELATIVE_FPT_PATH end
[1110 08:31:38.606][PDLLMessageQueue.cpp:5526] TID 1576 [INFO] CPDLLMessageQueue::OnGetFtpPath(): UpdateFtpInfo() begin
[1110 08:31:38.607][DMSClientSession.cpp:303] TID 10764 [INFO] DPSdk::DMSClientSession::ConnectToDmsServer(): Dms Server ip list(0)=>192.168.2.64:9200
[1110 08:31:38.607][DMSClientSession.cpp:303] TID 10764 [INFO] DPSdk::DMSClientSession::ConnectToDmsServer(): Dms Server ip list(1)=>112.25.210.130:9200
[1110 08:31:38.648][PCSClientMdl.cpp:374] TID 11412 [INFO] DPSdk::PCSClientMdl::ConnectToPcsServer(): CheckTcpConnect ip[192.168.2.64] port[9001]
[1110 08:31:38.658][ServerSession.cpp:87] TID 11412 [INFO] DPSdk::ServerSession::ConnectServer(): [PSDK] ServerSession::ConnectServer() sid = 1, ip = 192.168.2.64, port = 9001
[1110 08:31:38.682][PCSClientMdl_for_func.cpp:170] TID 11412 [INFO] DPSdk::PCSClientMdl::OnLoginResponse(): [PSDK] PCSClientMdl::OnLoginResponse(), m_timerHeartBeat->SetTimer, id = 23, ms=7500
[1110 08:31:38.682][PDLLDpsdk_fun.cpp:597] TID 13444 [DEBUG] CPDLLDpsdk::DPSDKCallback(): CPDLLDpsdk::DPSDKCallback(...) m_cmd[701] m_sequence[0]
[1110 08:31:41.593][ServerSession.cpp:87] TID 6356 [INFO] DPSdk::ServerSession::ConnectServer(): [PSDK] ServerSession::ConnectServer() sid = 2, ip = 192.168.2.64, port = 9600
[1110 08:31:41.593][ADSClientSession.cpp:298] TID 6356 [INFO] DPSdk::ADSClientSession::SendLoginADSPdu(): [PSDK] ADSClientSession::SendLoginADSPdu sequence[18] serverId[11001] ip[192.168.2.64]
[1110 08:31:41.599][ADSClientMdl.cpp:820] TID 6356 [INFO] DPSdk::ADSClientMdl::OnLoginAdsResponse(): [PSDK] login ads server success.
[1110 08:31:41.599][ADSClientMdl.cpp:747] TID 6356 [INFO] DPSdk::ADSClientMdl::StartHBTimer(): [PSDK] ADSClientMdl::StartHBTimer(), m_timerHeartBeat->SetTimer, id=24, ms=15000
[1110 08:31:41.599][ADSClientSession.cpp:1267] TID 6356 [INFO] DPSdk::ADSClientSession::HandleSendEmptyXml(): [PSDK] ADSClientSession::HandleSetAlarmEnable sequence[19] serverId[11001] ip[192.168.2.64]
[1110 08:31:41.599][PDLLDpsdk_fun.cpp:597] TID 13444 [DEBUG] CPDLLDpsdk::DPSDKCallback(): CPDLLDpsdk::DPSDKCallback(...) m_cmd[458] m_sequence[20]
[1110 08:31:41.599][MsgCallbackModule.cpp:198] TID 13444 [ERR] DPSdk::MsgCallbackModule::DealWithOneMsg(): [PSDK] UnDefine CallBack
[1110 08:31:41.608][ServerSession.cpp:87] TID 10764 [INFO] DPSdk::ServerSession::ConnectServer(): [PSDK] ServerSession::ConnectServer() sid = 3, ip = 192.168.2.64, port = 9200
[1110 08:31:41.608][PDLLMessageQueue.cpp:5528] TID 1576 [INFO] CPDLLMessageQueue::OnGetFtpPath(): UpdateFtpInfo() begin
[1110 08:31:41.608][ServerSession.cpp:87] TID 8028 [INFO] DPSdk::ServerSession::ConnectServer(): [PSDK] ServerSession::ConnectServer() sid = 4, ip = 192.168.2.64, port = 9400
[1110 08:31:41.608][DMSClientSession.cpp:316] TID 10764 [INFO] DPSdk::DMSClientSession::ConnectToDmsServer(): Dms ConnectServer=>192.168.2.64:9200
[1110 08:31:41.608][DMSClientMdl.cpp:1594] TID 10764 [INFO] DPSdk::DMSClientMdl::StartReconTimer(): [PSDK] DMSClientMdl::StartReconTimer(), m_timerReconnect->SetTimer, id=25
[1110 08:31:41.632][DMSClientMdl.cpp:1582] TID 10764 [INFO] DPSdk::DMSClientMdl::StartHBTimer(): [PSDK] DMSClientMdl::StartHBTimer(), m_timerHeartBeat->SetTimer, id = 26, ms=15000
[1110 08:31:41.632][PDLLDpsdk_fun.cpp:597] TID 13444 [DEBUG] CPDLLDpsdk::DPSDKCallback(): CPDLLDpsdk::DPSDKCallback(...) m_cmd[246] m_sequence[22]
[1110 08:31:41.632][PDLLDpsdk_fun.cpp:597] TID 13444 [DEBUG] CPDLLDpsdk::DPSDKCallback(): CPDLLDpsdk::DPSDKCallback(...) m_cmd[246] m_sequence[23]
[1110 08:31:41.632][PDLLDpsdk_fun.cpp:597] TID 13444 [DEBUG] CPDLLDpsdk::DPSDKCallback(): CPDLLDpsdk::DPSDKCallback(...) m_cmd[246] m_sequence[24]
[1110 08:31:41.632][PDLLDpsdk_fun.cpp:597] TID 13444 [DEBUG] CPDLLDpsdk::DPSDKCallback(): CPDLLDpsdk::DPSDKCallback(...) m_cmd[246] m_sequence[25]
[1110 08:31:41.632][PDLLDpsdk_fun.cpp:597] TID 13444 [DEBUG] CPDLLDpsdk::DPSDKCallback(): CPDLLDpsdk::DPSDKCallback(...) m_cmd[246] m_sequence[26]
[1110 08:31:41.632][PDLLDpsdk_fun.cpp:597] TID 13444 [DEBUG] CPDLLDpsdk::DPSDKCallback(): CPDLLDpsdk::DPSDKCallback(...) m_cmd[246] m_sequence[27]
[1110 08:31:41.632][PDLLDpsdk_fun.cpp:597] TID 13444 [DEBUG] CPDLLDpsdk::DPSDKCallback(): CPDLLDpsdk::DPSDKCallback(...) m_cmd[246] m_sequence[28]
[1110 08:31:41.632][PDLLDpsdk_fun.cpp:597] TID 13444 [DEBUG] CPDLLDpsdk::DPSDKCallback(): CPDLLDpsdk::DPSDKCallback(...) m_cmd[246] m_sequence[29]
[1110 08:31:41.632][PDLLDpsdk_fun.cpp:597] TID 13444 [DEBUG] CPDLLDpsdk::DPSDKCallback(): CPDLLDpsdk::DPSDKCallback(...) m_cmd[246] m_sequence[30]
[1110 08:31:41.632][PDLLDpsdk_fun.cpp:597] TID 13444 [DEBUG] CPDLLDpsdk::DPSDKCallback(): CPDLLDpsdk::DPSDKCallback(...) m_cmd[246] m_sequence[31]
[1110 08:31:41.632][PDLLDpsdk_fun.cpp:597] TID 13444 [DEBUG] CPDLLDpsdk::DPSDKCallback(): CPDLLDpsdk::DPSDKCallback(...) m_cmd[246] m_sequence[32]
[1110 08:31:41.632][PDLLDpsdk_fun.cpp:597] TID 13444 [DEBUG] CPDLLDpsdk::DPSDKCallback(): CPDLLDpsdk::DPSDKCallback(...) m_cmd[246] m_sequence[33]
[1110 08:31:41.632][PDLLDpsdk_fun.cpp:597] TID 13444 [DEBUG] CPDLLDpsdk::DPSDKCallback(): CPDLLDpsdk::DPSDKCallback(...) m_cmd[246] m_sequence[34]
[1110 08:31:41.632][PDLLDpsdk_fun.cpp:597] TID 13444 [DEBUG] CPDLLDpsdk::DPSDKCallback(): CPDLLDpsdk::DPSDKCallback(...) m_cmd[246] m_sequence[35]
[1110 08:31:41.632][PDLLDpsdk_fun.cpp:597] TID 13444 [DEBUG] CPDLLDpsdk::DPSDKCallback(): CPDLLDpsdk::DPSDKCallback(...) m_cmd[246] m_sequence[36]
[1110 08:31:41.632][PDLLDpsdk_fun.cpp:597] TID 13444 [DEBUG] CPDLLDpsdk::DPSDKCallback(): CPDLLDpsdk::DPSDKCallback(...) m_cmd[246] m_sequence[37]
[1110 08:31:42.970][CMSClientMdl_for_func.cpp:216] TID 1740 [INFO] DPSdk::CMSClientMdl::OnMessageRequest(): CU_MESSAGE pRequest->_code = 6
[1110 08:31:42.970][PDLLDpsdk_fun.cpp:597] TID 13444 [DEBUG] CPDLLDpsdk::DPSDKCallback(): CPDLLDpsdk::DPSDKCallback(...) m_cmd[3108] m_sequence[0]
[1110 08:31:43.609][PESClientMdl.cpp:424] TID 8028 [INFO] DPSdk::PESClientMdl::StartReconTimer(): [PSDK] PESClientMdl::StartReconTimer(), m_timerReconnect->SetTimer, id=28, ms=60000
[1110 08:31:43.610][PESClientMdl.cpp:414] TID 8028 [INFO] DPSdk::PESClientMdl::StartHBTimer(): [PSDK] PESClientMdl::StartHBTimer(), m_timerHeartBeat->SetTimer, id = 29, ms=40000
[1110 08:31:54.973][CMSClientMdl_for_func.cpp:216] TID 1740 [INFO] DPSdk::CMSClientMdl::OnMessageRequest(): CU_MESSAGE pRequest->_code = 6
[1110 08:31:54.973][PDLLDpsdk_fun.cpp:597] TID 13444 [DEBUG] CPDLLDpsdk::DPSDKCallback(): CPDLLDpsdk::DPSDKCallback(...) m_cmd[3108] m_sequence[0]
[1110 08:31:56.015][PDLLDpsdk_fun.cpp:597] TID 13444 [DEBUG] CPDLLDpsdk::DPSDKCallback(): CPDLLDpsdk::DPSDKCallback(...) m_cmd[459] m_sequence[42]
[1110 08:31:56.015][PDLLDpsdk_fun.cpp:597] TID 13444 [DEBUG] CPDLLDpsdk::DPSDKCallback(): CPDLLDpsdk::DPSDKCallback(...) m_cmd[480] m_sequence[43]
[1110 08:31:56.016][PDLLMessageQueue.cpp:901] TID 1576 [DEBUG] CPDLLMessageQueue::OnDpsdkCallBackAlarm(): [DPSDK_CORE]OnDpsdkCallBackAlarm()alarmtype = 5, strDeviceID = 1000005, nChannel = 0, cameraId = 1000005$1$0$0 alarmID = [{B8277732-D012-AA4D-9A07-42A7F9532E03}] eventType = [2] time = [1604968857]
[1110 08:31:56.016][PDLLMessageQueue.cpp:5537] TID 1576 [DEBUG] CPDLLMessageQueue::OnNewAlarmReprot(): [DPSDK_CORE]OnNewAlarmReprot():deviceID[1000005], channelNo[0]
[1110 08:31:56.096][PDLLDpsdk_fun.cpp:597] TID 13444 [DEBUG] CPDLLDpsdk::DPSDKCallback(): CPDLLDpsdk::DPSDKCallback(...) m_cmd[459] m_sequence[44]
[1110 08:31:56.096][PDLLDpsdk_fun.cpp:597] TID 13444 [DEBUG] CPDLLDpsdk::DPSDKCallback(): CPDLLDpsdk::DPSDKCallback(...) m_cmd[480] m_sequence[45]
[1110 08:31:56.096][PDLLMessageQueue.cpp:901] TID 1576 [DEBUG] CPDLLMessageQueue::OnDpsdkCallBackAlarm(): [DPSDK_CORE]OnDpsdkCallBackAlarm()alarmtype = 5, strDeviceID = 1000006, nChannel = 0, cameraId = 1000006$1$0$0 alarmID = [{5F4B0BEE-A743-0045-A335-72D5AA507732}] eventType = [2] time = [1604968857]
[1110 08:31:56.096][PDLLMessageQueue.cpp:5537] TID 1576 [DEBUG] CPDLLMessageQueue::OnNewAlarmReprot(): [DPSDK_CORE]OnNewAlarmReprot():deviceID[1000006], channelNo[0]
[1110 08:31:56.673][PDLLDpsdk_fun.cpp:597] TID 13444 [DEBUG] CPDLLDpsdk::DPSDKCallback(): CPDLLDpsdk::DPSDKCallback(...) m_cmd[246] m_sequence[48]
[1110 08:31:56.673][PDLLDpsdk_fun.cpp:597] TID 13444 [DEBUG] CPDLLDpsdk::DPSDKCallback(): CPDLLDpsdk::DPSDKCallback(...) m_cmd[246] m_sequence[49]
[1110 08:31:57.795][PDLLDpsdk_fun.cpp:597] TID 13444 [DEBUG] CPDLLDpsdk::DPSDKCallback(): CPDLLDpsdk::DPSDKCallback(...) m_cmd[459] m_sequence[50]
[1110 08:31:57.795][PDLLDpsdk_fun.cpp:597] TID 13444 [DEBUG] CPDLLDpsdk::DPSDKCallback(): CPDLLDpsdk::DPSDKCallback(...) m_cmd[480] m_sequence[51]
[1110 08:31:57.795][PDLLMessageQueue.cpp:901] TID 1576 [DEBUG] CPDLLMessageQueue::OnDpsdkCallBackAlarm(): [DPSDK_CORE]OnDpsdkCallBackAlarm()alarmtype = 584, strDeviceID = 1000006, nChannel = 0, cameraId = 1000006$1$0$0 alarmID = [{47CC6A01-59AE-4C41-9429-4EBD56ACC72F}] eventType = [1] time = [1604968859]
[1110 08:31:57.795][PDLLMessageQueue.cpp:5537] TID 1576 [DEBUG] CPDLLMessageQueue::OnNewAlarmReprot(): [DPSDK_CORE]OnNewAlarmReprot():deviceID[1000006], channelNo[0]
[1110 08:31:57.836][PDLLDpsdk_fun.cpp:597] TID 13444 [DEBUG] CPDLLDpsdk::DPSDKCallback(): CPDLLDpsdk::DPSDKCallback(...) m_cmd[459] m_sequence[52]
[1110 08:31:57.836][PDLLDpsdk_fun.cpp:597] TID 13444 [DEBUG] CPDLLDpsdk::DPSDKCallback(): CPDLLDpsdk::DPSDKCallback(...) m_cmd[480] m_sequence[53]
[1110 08:31:57.836][PDLLMessageQueue.cpp:901] TID 1576 [DEBUG] CPDLLMessageQueue::OnDpsdkCallBackAlarm(): [DPSDK_CORE]OnDpsdkCallBackAlarm()alarmtype = 584, strDeviceID = 1000005, nChannel = 0, cameraId = 1000005$1$0$0 alarmID = [{620EAA02-C25D-6B44-92B7-CB09955F44D8}] eventType = [1] time = [1604968859]
[1110 08:31:57.836][PDLLMessageQueue.cpp:5537] TID 1576 [DEBUG] CPDLLMessageQueue::OnNewAlarmReprot(): [DPSDK_CORE]OnNewAlarmReprot():deviceID[1000005], channelNo[0]
[1110 08:32:00.725][PDLLDpsdk_fun.cpp:597] TID 13444 [DEBUG] CPDLLDpsdk::DPSDKCallback(): CPDLLDpsdk::DPSDKCallback(...) m_cmd[253] m_sequence[0]
[1110 08:32:00.725][PDLLMessageQueue.cpp:5703] TID 1576 [INFO] CPDLLMessageQueue::OnChannelViewInfoReport(): [DPSDK_CORE]OnChannelViewInfoReport():CamearId[1000007$1$0$0],nDistance[127],nAngelH[590],nAzimuthH[356],nInclinationH[0]
[1110 08:32:00.856][PDLLDpsdk_fun.cpp:597] TID 13444 [DEBUG] CPDLLDpsdk::DPSDKCallback(): CPDLLDpsdk::DPSDKCallback(...) m_cmd[253] m_sequence[0]
[1110 08:32:00.856][PDLLMessageQueue.cpp:5703] TID 1576 [INFO] CPDLLMessageQueue::OnChannelViewInfoReport(): [DPSDK_CORE]OnChannelViewInfoReport():CamearId[1000007$1$0$0],nDistance[127],nAngelH[590],nAzimuthH[355],nInclinationH[0]
[1110 08:32:00.927][PDLLDpsdk_fun.cpp:597] TID 13444 [DEBUG] CPDLLDpsdk::DPSDKCallback(): CPDLLDpsdk::DPSDKCallback(...) m_cmd[253] m_sequence[0]
[1110 08:32:00.927][PDLLMessageQueue.cpp:5703] TID 1576 [INFO] CPDLLMessageQueue::OnChannelViewInfoReport(): [DPSDK_CORE]OnChannelViewInfoReport():CamearId[1000007$1$0$0],nDistance[127],nAngelH[590],nAzimuthH[347],nInclinationH[0]
[1110 08:32:01.058][PDLLDpsdk_fun.cpp:597] TID 13444 [DEBUG] CPDLLDpsdk::DPSDKCallback(): CPDLLDpsdk::DPSDKCallback(...) m_cmd[253] m_sequence[0]
[1110 08:32:01.058][PDLLMessageQueue.cpp:5703] TID 1576 [INFO] CPDLLMessageQueue::OnChannelViewInfoReport(): [DPSDK_CORE]OnChannelViewInfoReport():CamearId[1000007$1$0$0],nDistance[127],nAngelH[590],nAzimuthH[336],nInclinationH[0]
[1110 08:32:01.178][PDLLDpsdk_fun.cpp:597] TID 13444 [DEBUG] CPDLLDpsdk::DPSDKCallback(): CPDLLDpsdk::DPSDKCallback(...) m_cmd[253] m_sequence[0]
[1110 08:32:01.178][PDLLMessageQueue.cpp:5703] TID 1576 [INFO] CPDLLMessageQueue::OnChannelViewInfoReport(): [DPSDK_CORE]OnChannelViewInfoReport():CamearId[1000007$1$0$0],nDistance[127],nAngelH[590],nAzimuthH[326],nInclinationH[0]
[1110 08:32:01.289][PDLLDpsdk_fun.cpp:597] TID 13444 [DEBUG] CPDLLDpsdk::DPSDKCallback(): CPDLLDpsdk::DPSDKCallback(...) m_cmd[253] m_sequence[0]
[1110 08:32:01.289][PDLLMessageQueue.cpp:5703] TID 1576 [INFO] CPDLLMessageQueue::OnChannelViewInfoReport(): [DPSDK_CORE]OnChannelViewInfoReport():CamearId[1000007$1$0$0],nDistance[127],nAngelH[590],nAzimuthH[315],nInclinationH[0]
[1110 08:32:01.419][PDLLDpsdk_fun.cpp:597] TID 13444 [DEBUG] CPDLLDpsdk::DPSDKCallback(): CPDLLDpsdk::DPSDKCallback(...) m_cmd[253] m_sequence[0]
[1110 08:32:01.419][PDLLMessageQueue.cpp:5703] TID 1576 [INFO] CPDLLMessageQueue::OnChannelViewInfoReport(): [DPSDK_CORE]OnChannelViewInfoReport():CamearId[1000007$1$0$0],nDistance[127],nAngelH[590],nAzimuthH[310],nInclinationH[0]
[1110 08:32:01.992][PDLLDpsdk_fun.cpp:597] TID 13444 [DEBUG] CPDLLDpsdk::DPSDKCallback(): CPDLLDpsdk::DPSDKCallback(...) m_cmd[253] m_sequence[0]
[1110 08:32:01.992][PDLLMessageQueue.cpp:5703] TID 1576 [INFO] CPDLLMessageQueue::OnChannelViewInfoReport(): [DPSDK_CORE]OnChannelViewInfoReport():CamearId[1000007$1$0$0],nDistance[127],nAngelH[590],nAzimuthH[309],nInclinationH[0]
[1110 08:32:05.819][PDLLDpsdk_fun.cpp:597] TID 13444 [DEBUG] CPDLLDpsdk::DPSDKCallback(): CPDLLDpsdk::DPSDKCallback(...) m_cmd[459] m_sequence[55]
[1110 08:32:05.819][PDLLDpsdk_fun.cpp:597] TID 13444 [DEBUG] CPDLLDpsdk::DPSDKCallback(): CPDLLDpsdk::DPSDKCallback(...) m_cmd[480] m_sequence[56]
[1110 08:32:05.819][PDLLMessageQueue.cpp:901] TID 1576 [DEBUG] CPDLLMessageQueue::OnDpsdkCallBackAlarm(): [DPSDK_CORE]OnDpsdkCallBackAlarm()alarmtype = 5, strDeviceID = 1000008, nChannel = 0, cameraId = 1000008$1$0$0 alarmID = [{FA6A0542-87F9-344E-962C-B36C48691F7D}] eventType = [2] time = [1604968867]
[1110 08:32:05.820][PDLLMessageQueue.cpp:5537] TID 1576 [DEBUG] CPDLLMessageQueue::OnNewAlarmReprot(): [DPSDK_CORE]OnNewAlarmReprot():deviceID[1000008], channelNo[0]
[1110 08:32:05.865][PDLLDpsdk_fun.cpp:597] TID 13444 [DEBUG] CPDLLDpsdk::DPSDKCallback(): CPDLLDpsdk::DPSDKCallback(...) m_cmd[246] m_sequence[57]
[1110 08:32:15.073][PDLLDpsdk_fun.cpp:597] TID 13444 [DEBUG] CPDLLDpsdk::DPSDKCallback(): CPDLLDpsdk::DPSDKCallback(...) m_cmd[246] m_sequence[62]
[1110 08:32:15.080][PDLLDpsdk_fun.cpp:597] TID 13444 [DEBUG] CPDLLDpsdk::DPSDKCallback(): CPDLLDpsdk::DPSDKCallback(...) m_cmd[459] m_sequence[63]
[1110 08:32:15.080][PDLLDpsdk_fun.cpp:597] TID 13444 [DEBUG] CPDLLDpsdk::DPSDKCallback(): CPDLLDpsdk::DPSDKCallback(...) m_cmd[480] m_sequence[64]
[1110 08:32:15.080][PDLLMessageQueue.cpp:901] TID 1576 [DEBUG] CPDLLMessageQueue::OnDpsdkCallBackAlarm(): [DPSDK_CORE]OnDpsdkCallBackAlarm()alarmtype = 5, strDeviceID = 1000004, nChannel = 0, cameraId = 1000004$1$0$0 alarmID = [{71F6E198-FDCF-134E-AF22-CD1ECF5618B5}] eventType = [2] time = [1604968876]
[1110 08:32:15.080][PDLLMessageQueue.cpp:5537] TID 1576 [DEBUG] CPDLLMessageQueue::OnNewAlarmReprot(): [DPSDK_CORE]OnNewAlarmReprot():deviceID[1000004], channelNo[0]
