[1106 13:34:13.671][DPSDK_Core.cpp:394] TID 14016 [INFO] DPSDK_Login(): [DPSDK]IP=192.168.2.64 port=9000 name=test password=test123456 iType=1
[1106 13:34:13.671][DPSDK_Core.cpp:406] TID 14016 [INFO] DPSDK_Login(): nPDLLHandle = 1, IP = 192.168.2.64, Port = 9000, name = test, password = test123456,nProtocol = 2, iType = 1, szCheckBit = 
[1106 13:34:13.671][CMSClientMdl_for_general.cpp:199] TID 8244 [INFO] DPSdk::CMSClientMdl::HandlePreLogin(): CMSClientMdl::HandlePreLogin()
[1106 13:34:13.672][ServerSession.cpp:87] TID 8244 [INFO] DPSdk::ServerSession::ConnectServer(): [PSDK] ServerSession::ConnectServer() sid = 0, ip = 192.168.2.64, port = 9000
[1106 13:34:13.672][CMSClientMdl_for_general.cpp:257] TID 8244 [INFO] DPSdk::CMSClientMdl::HandlePreLogin(): CMSClientMdl::HandlePreLogin() SEND_AND_STORE_MSG
[1106 13:34:13.691][CMSClientMdl.cpp:1105] TID 8244 [INFO] DPSdk::CMSClientMdl::onMessage(): [PSDK] CMSClientMdl::onMessage error nResult[443] at operation[41]
[1106 13:34:13.691][CMSClientMdl_for_general.cpp:264] TID 8244 [INFO] DPSdk::CMSClientMdl::HandleLoginWithEncryption(): CMSClientMdl::HandleLoginWithEncryption()
[1106 13:34:13.701][CMSClientMdl_for_general.cpp:349] TID 8244 [INFO] DPSdk::CMSClientMdl::OnLoginResponse(): [PSDK] CMSClientMdl::OnLoginResponse()  m_loginSeq=3
[1106 13:34:13.701][CMSClientMdl_for_general.cpp:440] TID 8244 [INFO] DPSdk::CMSClientMdl::OnLoginResponse(): [PSDK] CMSClientMdl::OnLoginResponse(), m_timerHeartBeat->SetTimer, id = 2 , ms = 15000
[1106 13:34:13.701][CMSClientMdl_for_general.cpp:461] TID 8244 [INFO] DPSdk::CMSClientMdl::OnLoginResponse(): [PSDK] CMSClientMdl::OnLoginResponse(), m_timerHeartBeatResp->SetTimer, id = 1 , ms = 60s
[1106 13:34:13.701][PDLLDpsdk_fun.cpp:597] TID 16388 [DEBUG] CPDLLDpsdk::DPSDKCallback(): CPDLLDpsdk::DPSDKCallback(...) m_cmd[6] m_sequence[1]
[1106 13:34:13.701][PDLLMessageQueue.cpp:524] TID 22676 [DEBUG] CPDLLMessageQueue::OnDpsdkCallBack(): CPDLLMessageQueue::OnDpsdkCallBack(...) pInfo->m_nCmd[6] pInfo->m_nSeq[1]
[1106 13:34:13.702][CMSClientMdl_for_general.cpp:607] TID 8244 [DEBUG] DPSdk::CMSClientMdl::HandleGetGroup(): CMSClientMdl::HandleGetGroup: bReload = 0 ,m_bSaveGroupFile = false
[1106 13:34:13.702][CMSClientMdl_for_general.cpp:721] TID 8244 [INFO] DPSdk::CMSClientMdl::GetGroupInfo(): 0---send get org cmd to CMS! = [1604640853]
[1106 13:34:13.703][CMSClientMdl_for_func.cpp:216] TID 8244 [INFO] DPSdk::CMSClientMdl::OnMessageRequest(): CU_MESSAGE pRequest->_code = 11315
[1106 13:34:13.703][CMSClientMdl_for_func.cpp:216] TID 8244 [INFO] DPSdk::CMSClientMdl::OnMessageRequest(): CU_MESSAGE pRequest->_code = 400
[1106 13:34:13.703][CMSClientMdl_for_func.cpp:593] TID 8244 [INFO] DPSdk::CMSClientMdl::OnMessageRequest(): [PSDK] OnMessageRequest CU_USER_LOGIN nUserId[2] nState[1] cmd[26]
[1106 13:34:13.703][PDLLDpsdk_fun.cpp:597] TID 16388 [DEBUG] CPDLLDpsdk::DPSDKCallback(): CPDLLDpsdk::DPSDKCallback(...) m_cmd[71] m_sequence[0]
[1106 13:34:13.703][CMSClientMdl_for_func.cpp:216] TID 8244 [INFO] DPSdk::CMSClientMdl::OnMessageRequest(): CU_MESSAGE pRequest->_code = 78
[1106 13:34:13.703][PDLLDpsdk_fun.cpp:597] TID 16388 [DEBUG] CPDLLDpsdk::DPSDKCallback(): CPDLLDpsdk::DPSDKCallback(...) m_cmd[26] m_sequence[0]
[1106 13:34:13.714][CMSClientMdl_for_general.cpp:1165] TID 8244 [INFO] DPSdk::CMSClientMdl::OnGetAllTreeResponse(): 1---orgXml start = [1604640853]
[1106 13:34:13.714][DPSDKXmlParse.cpp:693] TID 8244 [INFO] DPSdk::GetAllOrgInfo(): 
[1106 13:34:13.714][CMSClientMdl_for_general.cpp:1173] TID 8244 [INFO] DPSdk::CMSClientMdl::OnGetAllTreeResponse(): 2---orgXml end = [1604640853]
[1106 13:34:13.730][CMSClientMdl_for_general.cpp:1325] TID 8244 [INFO] DPSdk::CMSClientMdl::OnGetAllTreeResponse(): 3---DevXml start = [1604640853]
[1106 13:34:13.730][CMSClientMdl_for_general.cpp:1332] TID 8244 [INFO] DPSdk::CMSClientMdl::OnGetAllTreeResponse(): 4---DevXml end = [1604640853]
[1106 13:34:13.730][PDLLDpsdk_fun.cpp:597] TID 16388 [DEBUG] CPDLLDpsdk::DPSDKCallback(): CPDLLDpsdk::DPSDKCallback(...) m_cmd[3102] m_sequence[4]
[1106 13:34:13.730][PDLLMessageQueue.cpp:524] TID 22676 [DEBUG] CPDLLMessageQueue::OnDpsdkCallBack(): CPDLLMessageQueue::OnDpsdkCallBack(...) pInfo->m_nCmd[3102] pInfo->m_nSeq[4]
[1106 13:34:13.747][CMSClientMdl_for_func.cpp:110] TID 8244 [INFO] DPSdk::CMSClientMdl::OnGetServerListResponse(): UNIT_MGW mgwIP = [192.168.2.64] mgwPort = [9090]
[1106 13:34:13.747][CMSClientMdl.cpp:1105] TID 8244 [INFO] DPSdk::CMSClientMdl::onMessage(): [PSDK] CMSClientMdl::onMessage error nResult[570] at operation[156]
[1106 13:34:13.747][SCSClientMdl.cpp:236] TID 8656 [INFO] DPSdk::SCSClientMdl::DealWithOneResponse(): SCSClientMdl::DealWithOneResponse: CMD[5107]
[1106 13:34:13.747][SCSClientMdl.cpp:243] TID 8656 [INFO] DPSdk::SCSClientMdl::DealWithOneResponse(): msgRes->serverMap.empty() = 
[1106 13:34:13.747][CMSClientMdl.cpp:1063] TID 8244 [INFO] DPSdk::CMSClientMdl::onError(): [DPSDK] engineId:0, connId:0, error:3
[1106 13:34:13.747][PDLLDpsdk_fun.cpp:597] TID 16388 [DEBUG] CPDLLDpsdk::DPSDKCallback(): CPDLLDpsdk::DPSDKCallback(...) m_cmd[72] m_sequence[14]
[1106 13:34:13.747][PDLLDpsdk_fun.cpp:651] TID 16388 [INFO] CPDLLDpsdk::DPSDKCallback(): DPSDK_CMD_GET_RELATIVE_FPT_PATH begin
[1106 13:34:13.747][PDLLDpsdk_fun.cpp:662] TID 16388 [INFO] CPDLLDpsdk::DPSDKCallback(): DPSDK_CMD_GET_RELATIVE_FPT_PATH end
[1106 13:34:13.747][PDLLMessageQueue.cpp:5526] TID 22676 [INFO] CPDLLMessageQueue::OnGetFtpPath(): UpdateFtpInfo() begin
[1106 13:34:13.747][DMSClientSession.cpp:303] TID 20464 [INFO] DPSdk::DMSClientSession::ConnectToDmsServer(): Dms Server ip list(0)=>192.168.2.64:9200
[1106 13:34:13.747][DMSClientSession.cpp:303] TID 20464 [INFO] DPSdk::DMSClientSession::ConnectToDmsServer(): Dms Server ip list(1)=>112.25.210.130:9200
[1106 13:34:13.809][PCSClientMdl.cpp:374] TID 16328 [INFO] DPSdk::PCSClientMdl::ConnectToPcsServer(): CheckTcpConnect ip[192.168.2.64] port[9001]
[1106 13:34:13.820][ServerSession.cpp:87] TID 16328 [INFO] DPSdk::ServerSession::ConnectServer(): [PSDK] ServerSession::ConnectServer() sid = 1, ip = 192.168.2.64, port = 9001
[1106 13:34:13.834][PCSClientMdl_for_func.cpp:170] TID 16328 [INFO] DPSdk::PCSClientMdl::OnLoginResponse(): [PSDK] PCSClientMdl::OnLoginResponse(), m_timerHeartBeat->SetTimer, id = 21, ms=7500
[1106 13:34:13.834][PDLLDpsdk_fun.cpp:597] TID 16388 [DEBUG] CPDLLDpsdk::DPSDKCallback(): CPDLLDpsdk::DPSDKCallback(...) m_cmd[701] m_sequence[0]
[1106 13:34:16.742][ServerSession.cpp:87] TID 14148 [INFO] DPSdk::ServerSession::ConnectServer(): [PSDK] ServerSession::ConnectServer() sid = 2, ip = 192.168.2.64, port = 9600
[1106 13:34:16.742][ADSClientSession.cpp:298] TID 14148 [INFO] DPSdk::ADSClientSession::SendLoginADSPdu(): [PSDK] ADSClientSession::SendLoginADSPdu sequence[18] serverId[11001] ip[192.168.2.64]
[1106 13:34:16.748][ServerSession.cpp:87] TID 20464 [INFO] DPSdk::ServerSession::ConnectServer(): [PSDK] ServerSession::ConnectServer() sid = 3, ip = 192.168.2.64, port = 9200
[1106 13:34:16.748][ServerSession.cpp:87] TID 18860 [INFO] DPSdk::ServerSession::ConnectServer(): [PSDK] ServerSession::ConnectServer() sid = 4, ip = 192.168.2.64, port = 9400
[1106 13:34:16.748][PDLLMessageQueue.cpp:5528] TID 22676 [INFO] CPDLLMessageQueue::OnGetFtpPath(): UpdateFtpInfo() begin
[1106 13:34:16.748][DMSClientSession.cpp:316] TID 20464 [INFO] DPSdk::DMSClientSession::ConnectToDmsServer(): Dms ConnectServer=>192.168.2.64:9200
[1106 13:34:16.748][DMSClientMdl.cpp:1594] TID 20464 [INFO] DPSdk::DMSClientMdl::StartReconTimer(): [PSDK] DMSClientMdl::StartReconTimer(), m_timerReconnect->SetTimer, id=22
[1106 13:34:16.760][ADSClientMdl.cpp:820] TID 14148 [INFO] DPSdk::ADSClientMdl::OnLoginAdsResponse(): [PSDK] login ads server success.
[1106 13:34:16.760][ADSClientMdl.cpp:747] TID 14148 [INFO] DPSdk::ADSClientMdl::StartHBTimer(): [PSDK] ADSClientMdl::StartHBTimer(), m_timerHeartBeat->SetTimer, id=23, ms=15000
[1106 13:34:16.760][DMSClientMdl.cpp:1582] TID 20464 [INFO] DPSdk::DMSClientMdl::StartHBTimer(): [PSDK] DMSClientMdl::StartHBTimer(), m_timerHeartBeat->SetTimer, id = 24, ms=15000
[1106 13:34:16.760][ADSClientSession.cpp:1267] TID 14148 [INFO] DPSdk::ADSClientSession::HandleSendEmptyXml(): [PSDK] ADSClientSession::HandleSetAlarmEnable sequence[20] serverId[11001] ip[192.168.2.64]
[1106 13:34:16.760][PDLLDpsdk_fun.cpp:597] TID 16388 [DEBUG] CPDLLDpsdk::DPSDKCallback(): CPDLLDpsdk::DPSDKCallback(...) m_cmd[458] m_sequence[21]
[1106 13:34:16.760][MsgCallbackModule.cpp:198] TID 16388 [ERR] DPSdk::MsgCallbackModule::DealWithOneMsg(): [PSDK] UnDefine CallBack
[1106 13:34:16.760][PDLLDpsdk_fun.cpp:597] TID 16388 [DEBUG] CPDLLDpsdk::DPSDKCallback(): CPDLLDpsdk::DPSDKCallback(...) m_cmd[246] m_sequence[22]
[1106 13:34:16.760][PDLLDpsdk_fun.cpp:597] TID 16388 [DEBUG] CPDLLDpsdk::DPSDKCallback(): CPDLLDpsdk::DPSDKCallback(...) m_cmd[246] m_sequence[23]
[1106 13:34:16.760][PDLLDpsdk_fun.cpp:597] TID 16388 [DEBUG] CPDLLDpsdk::DPSDKCallback(): CPDLLDpsdk::DPSDKCallback(...) m_cmd[246] m_sequence[24]
[1106 13:34:16.760][PDLLDpsdk_fun.cpp:597] TID 16388 [DEBUG] CPDLLDpsdk::DPSDKCallback(): CPDLLDpsdk::DPSDKCallback(...) m_cmd[246] m_sequence[25]
[1106 13:34:16.760][PDLLDpsdk_fun.cpp:597] TID 16388 [DEBUG] CPDLLDpsdk::DPSDKCallback(): CPDLLDpsdk::DPSDKCallback(...) m_cmd[246] m_sequence[26]
[1106 13:34:16.760][PDLLDpsdk_fun.cpp:597] TID 16388 [DEBUG] CPDLLDpsdk::DPSDKCallback(): CPDLLDpsdk::DPSDKCallback(...) m_cmd[246] m_sequence[27]
[1106 13:34:16.760][PDLLDpsdk_fun.cpp:597] TID 16388 [DEBUG] CPDLLDpsdk::DPSDKCallback(): CPDLLDpsdk::DPSDKCallback(...) m_cmd[246] m_sequence[28]
[1106 13:34:16.760][PDLLDpsdk_fun.cpp:597] TID 16388 [DEBUG] CPDLLDpsdk::DPSDKCallback(): CPDLLDpsdk::DPSDKCallback(...) m_cmd[246] m_sequence[29]
[1106 13:34:16.760][PDLLDpsdk_fun.cpp:597] TID 16388 [DEBUG] CPDLLDpsdk::DPSDKCallback(): CPDLLDpsdk::DPSDKCallback(...) m_cmd[246] m_sequence[30]
[1106 13:34:16.760][PDLLDpsdk_fun.cpp:597] TID 16388 [DEBUG] CPDLLDpsdk::DPSDKCallback(): CPDLLDpsdk::DPSDKCallback(...) m_cmd[246] m_sequence[31]
[1106 13:34:16.760][PDLLDpsdk_fun.cpp:597] TID 16388 [DEBUG] CPDLLDpsdk::DPSDKCallback(): CPDLLDpsdk::DPSDKCallback(...) m_cmd[246] m_sequence[32]
[1106 13:34:16.760][PDLLDpsdk_fun.cpp:597] TID 16388 [DEBUG] CPDLLDpsdk::DPSDKCallback(): CPDLLDpsdk::DPSDKCallback(...) m_cmd[246] m_sequence[33]
[1106 13:34:16.760][PDLLDpsdk_fun.cpp:597] TID 16388 [DEBUG] CPDLLDpsdk::DPSDKCallback(): CPDLLDpsdk::DPSDKCallback(...) m_cmd[246] m_sequence[34]
[1106 13:34:16.760][PDLLDpsdk_fun.cpp:597] TID 16388 [DEBUG] CPDLLDpsdk::DPSDKCallback(): CPDLLDpsdk::DPSDKCallback(...) m_cmd[246] m_sequence[35]
[1106 13:34:16.760][PDLLDpsdk_fun.cpp:597] TID 16388 [DEBUG] CPDLLDpsdk::DPSDKCallback(): CPDLLDpsdk::DPSDKCallback(...) m_cmd[246] m_sequence[36]
[1106 13:34:16.760][PDLLDpsdk_fun.cpp:597] TID 16388 [DEBUG] CPDLLDpsdk::DPSDKCallback(): CPDLLDpsdk::DPSDKCallback(...) m_cmd[246] m_sequence[37]
[1106 13:34:18.748][PESClientMdl.cpp:424] TID 18860 [INFO] DPSdk::PESClientMdl::StartReconTimer(): [PSDK] PESClientMdl::StartReconTimer(), m_timerReconnect->SetTimer, id=25, ms=60000
[1106 13:34:18.752][PESClientMdl.cpp:414] TID 18860 [INFO] DPSdk::PESClientMdl::StartHBTimer(): [PSDK] PESClientMdl::StartHBTimer(), m_timerHeartBeat->SetTimer, id = 26, ms=40000
[1106 13:34:20.495][PDLLDpsdk_fun.cpp:597] TID 16388 [DEBUG] CPDLLDpsdk::DPSDKCallback(): CPDLLDpsdk::DPSDKCallback(...) m_cmd[253] m_sequence[0]
[1106 13:34:20.495][PDLLMessageQueue.cpp:5703] TID 22676 [INFO] CPDLLMessageQueue::OnChannelViewInfoReport(): [DPSDK_CORE]OnChannelViewInfoReport():CamearId[1000004$1$0$0],nDistance[127],nAngelH[590],nAzimuthH[462],nInclinationH[0]
[1106 13:34:20.605][PDLLDpsdk_fun.cpp:597] TID 16388 [DEBUG] CPDLLDpsdk::DPSDKCallback(): CPDLLDpsdk::DPSDKCallback(...) m_cmd[253] m_sequence[0]
[1106 13:34:20.605][PDLLMessageQueue.cpp:5703] TID 22676 [INFO] CPDLLMessageQueue::OnChannelViewInfoReport(): [DPSDK_CORE]OnChannelViewInfoReport():CamearId[1000004$1$0$0],nDistance[127],nAngelH[590],nAzimuthH[423],nInclinationH[0]
[1106 13:34:20.736][PDLLDpsdk_fun.cpp:597] TID 16388 [DEBUG] CPDLLDpsdk::DPSDKCallback(): CPDLLDpsdk::DPSDKCallback(...) m_cmd[253] m_sequence[0]
[1106 13:34:20.736][PDLLMessageQueue.cpp:5703] TID 22676 [INFO] CPDLLMessageQueue::OnChannelViewInfoReport(): [DPSDK_CORE]OnChannelViewInfoReport():CamearId[1000004$1$0$0],nDistance[127],nAngelH[590],nAzimuthH[318],nInclinationH[0]
[1106 13:34:20.857][PDLLDpsdk_fun.cpp:597] TID 16388 [DEBUG] CPDLLDpsdk::DPSDKCallback(): CPDLLDpsdk::DPSDKCallback(...) m_cmd[253] m_sequence[0]
[1106 13:34:20.857][PDLLMessageQueue.cpp:5703] TID 22676 [INFO] CPDLLMessageQueue::OnChannelViewInfoReport(): [DPSDK_CORE]OnChannelViewInfoReport():CamearId[1000004$1$0$0],nDistance[127],nAngelH[590],nAzimuthH[213],nInclinationH[0]
[1106 13:34:20.977][PDLLDpsdk_fun.cpp:597] TID 16388 [DEBUG] CPDLLDpsdk::DPSDKCallback(): CPDLLDpsdk::DPSDKCallback(...) m_cmd[253] m_sequence[0]
[1106 13:34:20.977][PDLLMessageQueue.cpp:5703] TID 22676 [INFO] CPDLLMessageQueue::OnChannelViewInfoReport(): [DPSDK_CORE]OnChannelViewInfoReport():CamearId[1000004$1$0$0],nDistance[127],nAngelH[590],nAzimuthH[108],nInclinationH[0]
[1106 13:34:21.098][PDLLDpsdk_fun.cpp:597] TID 16388 [DEBUG] CPDLLDpsdk::DPSDKCallback(): CPDLLDpsdk::DPSDKCallback(...) m_cmd[253] m_sequence[0]
[1106 13:34:21.098][PDLLMessageQueue.cpp:5703] TID 22676 [INFO] CPDLLMessageQueue::OnChannelViewInfoReport(): [DPSDK_CORE]OnChannelViewInfoReport():CamearId[1000004$1$0$0],nDistance[127],nAngelH[590],nAzimuthH[3],nInclinationH[0]
[1106 13:34:21.219][PDLLDpsdk_fun.cpp:597] TID 16388 [DEBUG] CPDLLDpsdk::DPSDKCallback(): CPDLLDpsdk::DPSDKCallback(...) m_cmd[253] m_sequence[0]
[1106 13:34:21.219][PDLLMessageQueue.cpp:5703] TID 22676 [INFO] CPDLLMessageQueue::OnChannelViewInfoReport(): [DPSDK_CORE]OnChannelViewInfoReport():CamearId[1000004$1$0$0],nDistance[127],nAngelH[590],nAzimuthH[349],nInclinationH[0]
[1106 13:34:21.339][PDLLDpsdk_fun.cpp:597] TID 16388 [DEBUG] CPDLLDpsdk::DPSDKCallback(): CPDLLDpsdk::DPSDKCallback(...) m_cmd[253] m_sequence[0]
[1106 13:34:21.339][PDLLMessageQueue.cpp:5703] TID 22676 [INFO] CPDLLMessageQueue::OnChannelViewInfoReport(): [DPSDK_CORE]OnChannelViewInfoReport():CamearId[1000004$1$0$0],nDistance[127],nAngelH[590],nAzimuthH[339],nInclinationH[0]
[1106 13:34:21.530][PDLLDpsdk_fun.cpp:597] TID 16388 [DEBUG] CPDLLDpsdk::DPSDKCallback(): CPDLLDpsdk::DPSDKCallback(...) m_cmd[253] m_sequence[0]
[1106 13:34:21.530][PDLLMessageQueue.cpp:5703] TID 22676 [INFO] CPDLLMessageQueue::OnChannelViewInfoReport(): [DPSDK_CORE]OnChannelViewInfoReport():CamearId[1000004$1$0$0],nDistance[127],nAngelH[590],nAzimuthH[328],nInclinationH[0]
[1106 13:34:21.591][PDLLDpsdk_fun.cpp:597] TID 16388 [DEBUG] CPDLLDpsdk::DPSDKCallback(): CPDLLDpsdk::DPSDKCallback(...) m_cmd[253] m_sequence[0]
[1106 13:34:21.591][PDLLMessageQueue.cpp:5703] TID 22676 [INFO] CPDLLMessageQueue::OnChannelViewInfoReport(): [DPSDK_CORE]OnChannelViewInfoReport():CamearId[1000004$1$0$0],nDistance[127],nAngelH[590],nAzimuthH[318],nInclinationH[0]
[1106 13:34:21.701][PDLLDpsdk_fun.cpp:597] TID 16388 [DEBUG] CPDLLDpsdk::DPSDKCallback(): CPDLLDpsdk::DPSDKCallback(...) m_cmd[253] m_sequence[0]
[1106 13:34:21.701][PDLLMessageQueue.cpp:5703] TID 22676 [INFO] CPDLLMessageQueue::OnChannelViewInfoReport(): [DPSDK_CORE]OnChannelViewInfoReport():CamearId[1000004$1$0$0],nDistance[127],nAngelH[590],nAzimuthH[311],nInclinationH[0]
[1106 13:34:21.822][PDLLDpsdk_fun.cpp:597] TID 16388 [DEBUG] CPDLLDpsdk::DPSDKCallback(): CPDLLDpsdk::DPSDKCallback(...) m_cmd[253] m_sequence[0]
[1106 13:34:21.822][PDLLMessageQueue.cpp:5703] TID 22676 [INFO] CPDLLMessageQueue::OnChannelViewInfoReport(): [DPSDK_CORE]OnChannelViewInfoReport():CamearId[1000004$1$0$0],nDistance[127],nAngelH[590],nAzimuthH[310],nInclinationH[0]
[1106 13:34:35.159][PDLLDpsdk_fun.cpp:597] TID 16388 [DEBUG] CPDLLDpsdk::DPSDKCallback(): CPDLLDpsdk::DPSDKCallback(...) m_cmd[253] m_sequence[0]
[1106 13:34:35.159][PDLLMessageQueue.cpp:5703] TID 22676 [INFO] CPDLLMessageQueue::OnChannelViewInfoReport(): [DPSDK_CORE]OnChannelViewInfoReport():CamearId[1000007$1$0$0],nDistance[127],nAngelH[590],nAzimuthH[310],nInclinationH[0]
[1106 13:34:35.269][PDLLDpsdk_fun.cpp:597] TID 16388 [DEBUG] CPDLLDpsdk::DPSDKCallback(): CPDLLDpsdk::DPSDKCallback(...) m_cmd[253] m_sequence[0]
[1106 13:34:35.269][PDLLMessageQueue.cpp:5703] TID 22676 [INFO] CPDLLMessageQueue::OnChannelViewInfoReport(): [DPSDK_CORE]OnChannelViewInfoReport():CamearId[1000007$1$0$0],nDistance[127],nAngelH[590],nAzimuthH[312],nInclinationH[0]
[1106 13:34:35.380][PDLLDpsdk_fun.cpp:597] TID 16388 [DEBUG] CPDLLDpsdk::DPSDKCallback(): CPDLLDpsdk::DPSDKCallback(...) m_cmd[253] m_sequence[0]
[1106 13:34:35.380][PDLLMessageQueue.cpp:5703] TID 22676 [INFO] CPDLLMessageQueue::OnChannelViewInfoReport(): [DPSDK_CORE]OnChannelViewInfoReport():CamearId[1000007$1$0$0],nDistance[127],nAngelH[590],nAzimuthH[323],nInclinationH[0]
[1106 13:34:35.491][PDLLDpsdk_fun.cpp:597] TID 16388 [DEBUG] CPDLLDpsdk::DPSDKCallback(): CPDLLDpsdk::DPSDKCallback(...) m_cmd[253] m_sequence[0]
[1106 13:34:35.491][PDLLMessageQueue.cpp:5703] TID 22676 [INFO] CPDLLMessageQueue::OnChannelViewInfoReport(): [DPSDK_CORE]OnChannelViewInfoReport():CamearId[1000007$1$0$0],nDistance[127],nAngelH[590],nAzimuthH[333],nInclinationH[0]
[1106 13:34:35.591][PDLLDpsdk_fun.cpp:597] TID 16388 [DEBUG] CPDLLDpsdk::DPSDKCallback(): CPDLLDpsdk::DPSDKCallback(...) m_cmd[253] m_sequence[0]
[1106 13:34:35.591][PDLLMessageQueue.cpp:5703] TID 22676 [INFO] CPDLLMessageQueue::OnChannelViewInfoReport(): [DPSDK_CORE]OnChannelViewInfoReport():CamearId[1000007$1$0$0],nDistance[127],nAngelH[590],nAzimuthH[344],nInclinationH[0]
[1106 13:34:35.652][PDLLDpsdk_fun.cpp:597] TID 16388 [DEBUG] CPDLLDpsdk::DPSDKCallback(): CPDLLDpsdk::DPSDKCallback(...) m_cmd[459] m_sequence[44]
[1106 13:34:35.652][PDLLDpsdk_fun.cpp:597] TID 16388 [DEBUG] CPDLLDpsdk::DPSDKCallback(): CPDLLDpsdk::DPSDKCallback(...) m_cmd[480] m_sequence[45]
[1106 13:34:35.652][PDLLMessageQueue.cpp:901] TID 22676 [DEBUG] CPDLLMessageQueue::OnDpsdkCallBackAlarm(): [DPSDK_CORE]OnDpsdkCallBackAlarm()alarmtype = 584, strDeviceID = 1000005, nChannel = 0, cameraId = 1000005$1$0$0 alarmID = [{329088C8-DEE0-3A47-BC26-F0C3D4FB7944}] eventType = [1] time = [1604641413]
[1106 13:34:35.652][PDLLMessageQueue.cpp:5537] TID 22676 [DEBUG] CPDLLMessageQueue::OnNewAlarmReprot(): [DPSDK_CORE]OnNewAlarmReprot():deviceID[1000005], channelNo[0]
[1106 13:34:35.702][PDLLDpsdk_fun.cpp:597] TID 16388 [DEBUG] CPDLLDpsdk::DPSDKCallback(): CPDLLDpsdk::DPSDKCallback(...) m_cmd[253] m_sequence[0]
[1106 13:34:35.702][PDLLMessageQueue.cpp:5703] TID 22676 [INFO] CPDLLMessageQueue::OnChannelViewInfoReport(): [DPSDK_CORE]OnChannelViewInfoReport():CamearId[1000007$1$0$0],nDistance[127],nAngelH[590],nAzimuthH[354],nInclinationH[0]
[1106 13:34:35.823][PDLLDpsdk_fun.cpp:597] TID 16388 [DEBUG] CPDLLDpsdk::DPSDKCallback(): CPDLLDpsdk::DPSDKCallback(...) m_cmd[253] m_sequence[0]
[1106 13:34:35.823][PDLLMessageQueue.cpp:5703] TID 22676 [INFO] CPDLLMessageQueue::OnChannelViewInfoReport(): [DPSDK_CORE]OnChannelViewInfoReport():CamearId[1000007$1$0$0],nDistance[127],nAngelH[590],nAzimuthH[356],nInclinationH[0]
[1106 13:34:36.846][ServerMgrMdl.cpp:216] TID 22600 [INFO] DPSdk::ServerMgrMdl::DealWithOneRequest(): [PSDK] ServerMgrMdl::DealWithOneRequest cmd[211] nSeq = [47]
[1106 13:34:36.878][PDLLDpsdk_fun.cpp:597] TID 16388 [DEBUG] CPDLLDpsdk::DPSDKCallback(): CPDLLDpsdk::DPSDKCallback(...) m_cmd[211] m_sequence[47]
[1106 13:34:36.878][PDLLMessageQueue.cpp:524] TID 22676 [DEBUG] CPDLLMessageQueue::OnDpsdkCallBack(): CPDLLMessageQueue::OnDpsdkCallBack(...) pInfo->m_nCmd[211] pInfo->m_nSeq[47]
[1106 13:34:36.919][PDLLDpsdk_fun.cpp:597] TID 16388 [DEBUG] CPDLLDpsdk::DPSDKCallback(): CPDLLDpsdk::DPSDKCallback(...) m_cmd[253] m_sequence[0]
[1106 13:34:36.919][PDLLMessageQueue.cpp:5703] TID 22676 [INFO] CPDLLMessageQueue::OnChannelViewInfoReport(): [DPSDK_CORE]OnChannelViewInfoReport():CamearId[1000007$1$0$0],nDistance[127],nAngelH[590],nAzimuthH[357],nInclinationH[0]
[1106 13:34:40.847][ServerMgrMdl.cpp:216] TID 22600 [INFO] DPSdk::ServerMgrMdl::DealWithOneRequest(): [PSDK] ServerMgrMdl::DealWithOneRequest cmd[211] nSeq = [51]
[1106 13:34:40.858][PDLLDpsdk_fun.cpp:597] TID 16388 [DEBUG] CPDLLDpsdk::DPSDKCallback(): CPDLLDpsdk::DPSDKCallback(...) m_cmd[211] m_sequence[51]
[1106 13:34:40.858][PDLLMessageQueue.cpp:524] TID 22676 [DEBUG] CPDLLMessageQueue::OnDpsdkCallBack(): CPDLLMessageQueue::OnDpsdkCallBack(...) pInfo->m_nCmd[211] pInfo->m_nSeq[51]
[1106 13:34:42.952][ServerMgrMdl.cpp:216] TID 22600 [INFO] DPSdk::ServerMgrMdl::DealWithOneRequest(): [PSDK] ServerMgrMdl::DealWithOneRequest cmd[211] nSeq = [53]
[1106 13:34:42.978][PDLLDpsdk_fun.cpp:597] TID 16388 [DEBUG] CPDLLDpsdk::DPSDKCallback(): CPDLLDpsdk::DPSDKCallback(...) m_cmd[211] m_sequence[53]
[1106 13:34:42.978][PDLLMessageQueue.cpp:524] TID 22676 [DEBUG] CPDLLMessageQueue::OnDpsdkCallBack(): CPDLLMessageQueue::OnDpsdkCallBack(...) pInfo->m_nCmd[211] pInfo->m_nSeq[53]
[1106 13:34:43.602][ServerMgrMdl.cpp:216] TID 22600 [INFO] DPSdk::ServerMgrMdl::DealWithOneRequest(): [PSDK] ServerMgrMdl::DealWithOneRequest cmd[211] nSeq = [55]
[1106 13:34:43.618][PDLLDpsdk_fun.cpp:597] TID 16388 [DEBUG] CPDLLDpsdk::DPSDKCallback(): CPDLLDpsdk::DPSDKCallback(...) m_cmd[211] m_sequence[55]
[1106 13:34:43.618][PDLLMessageQueue.cpp:524] TID 22676 [DEBUG] CPDLLMessageQueue::OnDpsdkCallBack(): CPDLLMessageQueue::OnDpsdkCallBack(...) pInfo->m_nCmd[211] pInfo->m_nSeq[55]
[1106 13:34:44.145][ServerMgrMdl.cpp:216] TID 22600 [INFO] DPSdk::ServerMgrMdl::DealWithOneRequest(): [PSDK] ServerMgrMdl::DealWithOneRequest cmd[211] nSeq = [59]
[1106 13:34:44.157][PDLLDpsdk_fun.cpp:597] TID 16388 [DEBUG] CPDLLDpsdk::DPSDKCallback(): CPDLLDpsdk::DPSDKCallback(...) m_cmd[211] m_sequence[59]
[1106 13:34:44.157][PDLLMessageQueue.cpp:524] TID 22676 [DEBUG] CPDLLMessageQueue::OnDpsdkCallBack(): CPDLLMessageQueue::OnDpsdkCallBack(...) pInfo->m_nCmd[211] pInfo->m_nSeq[59]
[1106 13:34:48.075][ServerMgrMdl.cpp:216] TID 22600 [INFO] DPSdk::ServerMgrMdl::DealWithOneRequest(): [PSDK] ServerMgrMdl::DealWithOneRequest cmd[211] nSeq = [63]
[1106 13:34:48.108][PDLLDpsdk_fun.cpp:597] TID 16388 [DEBUG] CPDLLDpsdk::DPSDKCallback(): CPDLLDpsdk::DPSDKCallback(...) m_cmd[211] m_sequence[63]
[1106 13:34:48.108][PDLLMessageQueue.cpp:524] TID 22676 [DEBUG] CPDLLMessageQueue::OnDpsdkCallBack(): CPDLLMessageQueue::OnDpsdkCallBack(...) pInfo->m_nCmd[211] pInfo->m_nSeq[63]
[1106 13:34:49.191][ServerMgrMdl.cpp:216] TID 22600 [INFO] DPSdk::ServerMgrMdl::DealWithOneRequest(): [PSDK] ServerMgrMdl::DealWithOneRequest cmd[211] nSeq = [65]
[1106 13:34:49.208][PDLLDpsdk_fun.cpp:597] TID 16388 [DEBUG] CPDLLDpsdk::DPSDKCallback(): CPDLLDpsdk::DPSDKCallback(...) m_cmd[211] m_sequence[65]
[1106 13:34:49.208][PDLLMessageQueue.cpp:524] TID 22676 [DEBUG] CPDLLMessageQueue::OnDpsdkCallBack(): CPDLLMessageQueue::OnDpsdkCallBack(...) pInfo->m_nCmd[211] pInfo->m_nSeq[65]
[1106 13:35:00.029][PDLLDpsdk_fun.cpp:597] TID 16388 [DEBUG] CPDLLDpsdk::DPSDKCallback(): CPDLLDpsdk::DPSDKCallback(...) m_cmd[253] m_sequence[0]
[1106 13:35:00.029][PDLLMessageQueue.cpp:5703] TID 22676 [INFO] CPDLLMessageQueue::OnChannelViewInfoReport(): [DPSDK_CORE]OnChannelViewInfoReport():CamearId[1000005$1$0$0],nDistance[127],nAngelH[590],nAzimuthH[159],nInclinationH[0]
[1106 13:35:00.120][PDLLDpsdk_fun.cpp:597] TID 16388 [DEBUG] CPDLLDpsdk::DPSDKCallback(): CPDLLDpsdk::DPSDKCallback(...) m_cmd[253] m_sequence[0]
[1106 13:35:00.120][PDLLMessageQueue.cpp:5703] TID 22676 [INFO] CPDLLMessageQueue::OnChannelViewInfoReport(): [DPSDK_CORE]OnChannelViewInfoReport():CamearId[1000005$1$0$0],nDistance[127],nAngelH[590],nAzimuthH[152],nInclinationH[0]
[1106 13:35:00.230][PDLLDpsdk_fun.cpp:597] TID 16388 [DEBUG] CPDLLDpsdk::DPSDKCallback(): CPDLLDpsdk::DPSDKCallback(...) m_cmd[253] m_sequence[0]
[1106 13:35:00.230][PDLLMessageQueue.cpp:5703] TID 22676 [INFO] CPDLLMessageQueue::OnChannelViewInfoReport(): [DPSDK_CORE]OnChannelViewInfoReport():CamearId[1000005$1$0$0],nDistance[127],nAngelH[590],nAzimuthH[90],nInclinationH[0]
[1106 13:35:00.512][PDLLDpsdk_fun.cpp:597] TID 16388 [DEBUG] CPDLLDpsdk::DPSDKCallback(): CPDLLDpsdk::DPSDKCallback(...) m_cmd[253] m_sequence[0]
[1106 13:35:00.512][PDLLMessageQueue.cpp:5703] TID 22676 [INFO] CPDLLMessageQueue::OnChannelViewInfoReport(): [DPSDK_CORE]OnChannelViewInfoReport():CamearId[1000005$1$0$0],nDistance[152],nAngelH[505],nAzimuthH[348],nInclinationH[0]
[1106 13:35:00.592][PDLLDpsdk_fun.cpp:597] TID 16388 [DEBUG] CPDLLDpsdk::DPSDKCallback(): CPDLLDpsdk::DPSDKCallback(...) m_cmd[253] m_sequence[0]
[1106 13:35:00.592][PDLLMessageQueue.cpp:5703] TID 22676 [INFO] CPDLLMessageQueue::OnChannelViewInfoReport(): [DPSDK_CORE]OnChannelViewInfoReport():CamearId[1000005$1$0$0],nDistance[152],nAngelH[505],nAzimuthH[337],nInclinationH[0]
[1106 13:35:00.703][PDLLDpsdk_fun.cpp:597] TID 16388 [DEBUG] CPDLLDpsdk::DPSDKCallback(): CPDLLDpsdk::DPSDKCallback(...) m_cmd[253] m_sequence[0]
[1106 13:35:00.703][PDLLMessageQueue.cpp:5703] TID 22676 [INFO] CPDLLMessageQueue::OnChannelViewInfoReport(): [DPSDK_CORE]OnChannelViewInfoReport():CamearId[1000005$1$0$0],nDistance[165],nAngelH[471],nAzimuthH[327],nInclinationH[0]
[1106 13:35:00.823][PDLLDpsdk_fun.cpp:597] TID 16388 [DEBUG] CPDLLDpsdk::DPSDKCallback(): CPDLLDpsdk::DPSDKCallback(...) m_cmd[253] m_sequence[0]
[1106 13:35:00.824][PDLLMessageQueue.cpp:5703] TID 22676 [INFO] CPDLLMessageQueue::OnChannelViewInfoReport(): [DPSDK_CORE]OnChannelViewInfoReport():CamearId[1000005$1$0$0],nDistance[176],nAngelH[442],nAzimuthH[316],nInclinationH[0]
[1106 13:35:00.944][PDLLDpsdk_fun.cpp:597] TID 16388 [DEBUG] CPDLLDpsdk::DPSDKCallback(): CPDLLDpsdk::DPSDKCallback(...) m_cmd[253] m_sequence[0]
[1106 13:35:00.944][PDLLMessageQueue.cpp:5703] TID 22676 [INFO] CPDLLMessageQueue::OnChannelViewInfoReport(): [DPSDK_CORE]OnChannelViewInfoReport():CamearId[1000005$1$0$0],nDistance[189],nAngelH[416],nAzimuthH[306],nInclinationH[0]
[1106 13:35:01.044][PDLLDpsdk_fun.cpp:597] TID 16388 [DEBUG] CPDLLDpsdk::DPSDKCallback(): CPDLLDpsdk::DPSDKCallback(...) m_cmd[253] m_sequence[0]
[1106 13:35:01.044][PDLLMessageQueue.cpp:5703] TID 22676 [INFO] CPDLLMessageQueue::OnChannelViewInfoReport(): [DPSDK_CORE]OnChannelViewInfoReport():CamearId[1000005$1$0$0],nDistance[199],nAngelH[396],nAzimuthH[295],nInclinationH[0]
[1106 13:35:01.155][PDLLDpsdk_fun.cpp:597] TID 16388 [DEBUG] CPDLLDpsdk::DPSDKCallback(): CPDLLDpsdk::DPSDKCallback(...) m_cmd[253] m_sequence[0]
[1106 13:35:01.155][PDLLMessageQueue.cpp:5703] TID 22676 [INFO] CPDLLMessageQueue::OnChannelViewInfoReport(): [DPSDK_CORE]OnChannelViewInfoReport():CamearId[1000005$1$0$0],nDistance[211],nAngelH[376],nAzimuthH[295],nInclinationH[0]
[1106 13:35:01.406][PDLLDpsdk_fun.cpp:597] TID 16388 [DEBUG] CPDLLDpsdk::DPSDKCallback(): CPDLLDpsdk::DPSDKCallback(...) m_cmd[253] m_sequence[0]
[1106 13:35:01.406][PDLLMessageQueue.cpp:5703] TID 22676 [INFO] CPDLLMessageQueue::OnChannelViewInfoReport(): [DPSDK_CORE]OnChannelViewInfoReport():CamearId[1000005$1$0$0],nDistance[232],nAngelH[343],nAzimuthH[291],nInclinationH[0]
[1106 13:35:01.507][PDLLDpsdk_fun.cpp:597] TID 16388 [DEBUG] CPDLLDpsdk::DPSDKCallback(): CPDLLDpsdk::DPSDKCallback(...) m_cmd[253] m_sequence[0]
[1106 13:35:01.507][PDLLMessageQueue.cpp:5703] TID 22676 [INFO] CPDLLMessageQueue::OnChannelViewInfoReport(): [DPSDK_CORE]OnChannelViewInfoReport():CamearId[1000005$1$0$0],nDistance[244],nAngelH[327],nAzimuthH[291],nInclinationH[0]
[1106 13:35:01.879][PDLLDpsdk_fun.cpp:597] TID 16388 [DEBUG] CPDLLDpsdk::DPSDKCallback(): CPDLLDpsdk::DPSDKCallback(...) m_cmd[253] m_sequence[0]
[1106 13:35:01.879][PDLLMessageQueue.cpp:5703] TID 22676 [INFO] CPDLLMessageQueue::OnChannelViewInfoReport(): [DPSDK_CORE]OnChannelViewInfoReport():CamearId[1000005$1$0$0],nDistance[244],nAngelH[327],nAzimuthH[291],nInclinationH[0]
[1106 13:35:04.409][PDLLDpsdk_fun.cpp:597] TID 16388 [DEBUG] CPDLLDpsdk::DPSDKCallback(): CPDLLDpsdk::DPSDKCallback(...) m_cmd[253] m_sequence[0]
[1106 13:35:04.409][PDLLMessageQueue.cpp:5703] TID 22676 [INFO] CPDLLMessageQueue::OnChannelViewInfoReport(): [DPSDK_CORE]OnChannelViewInfoReport():CamearId[1000006$1$0$0],nDistance[232],nAngelH[343],nAzimuthH[344],nInclinationH[0]
[1106 13:35:04.520][PDLLDpsdk_fun.cpp:597] TID 16388 [DEBUG] CPDLLDpsdk::DPSDKCallback(): CPDLLDpsdk::DPSDKCallback(...) m_cmd[253] m_sequence[0]
[1106 13:35:04.520][PDLLMessageQueue.cpp:5703] TID 22676 [INFO] CPDLLMessageQueue::OnChannelViewInfoReport(): [DPSDK_CORE]OnChannelViewInfoReport():CamearId[1000006$1$0$0],nDistance[222],nAngelH[357],nAzimuthH[348],nInclinationH[0]
[1106 13:35:04.640][PDLLDpsdk_fun.cpp:597] TID 16388 [DEBUG] CPDLLDpsdk::DPSDKCallback(): CPDLLDpsdk::DPSDKCallback(...) m_cmd[253] m_sequence[0]
[1106 13:35:04.640][PDLLMessageQueue.cpp:5703] TID 22676 [INFO] CPDLLMessageQueue::OnChannelViewInfoReport(): [DPSDK_CORE]OnChannelViewInfoReport():CamearId[1000006$1$0$0],nDistance[211],nAngelH[376],nAzimuthH[358],nInclinationH[0]
[1106 13:35:04.780][PDLLDpsdk_fun.cpp:597] TID 16388 [DEBUG] CPDLLDpsdk::DPSDKCallback(): CPDLLDpsdk::DPSDKCallback(...) m_cmd[253] m_sequence[0]
[1106 13:35:04.780][PDLLMessageQueue.cpp:5703] TID 22676 [INFO] CPDLLMessageQueue::OnChannelViewInfoReport(): [DPSDK_CORE]OnChannelViewInfoReport():CamearId[1000006$1$0$0],nDistance[199],nAngelH[396],nAzimuthH[88],nInclinationH[0]
[1106 13:35:04.861][PDLLDpsdk_fun.cpp:597] TID 16388 [DEBUG] CPDLLDpsdk::DPSDKCallback(): CPDLLDpsdk::DPSDKCallback(...) m_cmd[253] m_sequence[0]
[1106 13:35:04.861][PDLLMessageQueue.cpp:5703] TID 22676 [INFO] CPDLLMessageQueue::OnChannelViewInfoReport(): [DPSDK_CORE]OnChannelViewInfoReport():CamearId[1000006$1$0$0],nDistance[189],nAngelH[416],nAzimuthH[193],nInclinationH[0]
[1106 13:35:04.972][PDLLDpsdk_fun.cpp:597] TID 16388 [DEBUG] CPDLLDpsdk::DPSDKCallback(): CPDLLDpsdk::DPSDKCallback(...) m_cmd[253] m_sequence[0]
[1106 13:35:04.972][PDLLMessageQueue.cpp:5703] TID 22676 [INFO] CPDLLMessageQueue::OnChannelViewInfoReport(): [DPSDK_CORE]OnChannelViewInfoReport():CamearId[1000006$1$0$0],nDistance[176],nAngelH[442],nAzimuthH[297],nInclinationH[0]
[1106 13:35:05.092][PDLLDpsdk_fun.cpp:597] TID 16388 [DEBUG] CPDLLDpsdk::DPSDKCallback(): CPDLLDpsdk::DPSDKCallback(...) m_cmd[253] m_sequence[0]
[1106 13:35:05.092][PDLLMessageQueue.cpp:5703] TID 22676 [INFO] CPDLLMessageQueue::OnChannelViewInfoReport(): [DPSDK_CORE]OnChannelViewInfoReport():CamearId[1000006$1$0$0],nDistance[165],nAngelH[471],nAzimuthH[402],nInclinationH[0]
[1106 13:35:05.203][PDLLDpsdk_fun.cpp:597] TID 16388 [DEBUG] CPDLLDpsdk::DPSDKCallback(): CPDLLDpsdk::DPSDKCallback(...) m_cmd[253] m_sequence[0]
[1106 13:35:05.203][PDLLMessageQueue.cpp:5703] TID 22676 [INFO] CPDLLMessageQueue::OnChannelViewInfoReport(): [DPSDK_CORE]OnChannelViewInfoReport():CamearId[1000006$1$0$0],nDistance[152],nAngelH[505],nAzimuthH[505],nInclinationH[0]
[1106 13:35:05.334][PDLLDpsdk_fun.cpp:597] TID 16388 [DEBUG] CPDLLDpsdk::DPSDKCallback(): CPDLLDpsdk::DPSDKCallback(...) m_cmd[253] m_sequence[0]
[1106 13:35:05.334][PDLLMessageQueue.cpp:5703] TID 22676 [INFO] CPDLLMessageQueue::OnChannelViewInfoReport(): [DPSDK_CORE]OnChannelViewInfoReport():CamearId[1000006$1$0$0],nDistance[152],nAngelH[505],nAzimuthH[610],nInclinationH[0]
[1106 13:35:05.444][PDLLDpsdk_fun.cpp:597] TID 16388 [DEBUG] CPDLLDpsdk::DPSDKCallback(): CPDLLDpsdk::DPSDKCallback(...) m_cmd[253] m_sequence[0]
[1106 13:35:05.444][PDLLMessageQueue.cpp:5703] TID 22676 [INFO] CPDLLMessageQueue::OnChannelViewInfoReport(): [DPSDK_CORE]OnChannelViewInfoReport():CamearId[1000006$1$0$0],nDistance[152],nAngelH[505],nAzimuthH[716],nInclinationH[0]
[1106 13:35:05.565][PDLLDpsdk_fun.cpp:597] TID 16388 [DEBUG] CPDLLDpsdk::DPSDKCallback(): CPDLLDpsdk::DPSDKCallback(...) m_cmd[253] m_sequence[0]
[1106 13:35:05.565][PDLLMessageQueue.cpp:5703] TID 22676 [INFO] CPDLLMessageQueue::OnChannelViewInfoReport(): [DPSDK_CORE]OnChannelViewInfoReport():CamearId[1000006$1$0$0],nDistance[152],nAngelH[505],nAzimuthH[765],nInclinationH[0]
[1106 13:35:06.389][PDLLDpsdk_fun.cpp:597] TID 16388 [DEBUG] CPDLLDpsdk::DPSDKCallback(): CPDLLDpsdk::DPSDKCallback(...) m_cmd[253] m_sequence[0]
[1106 13:35:06.389][PDLLMessageQueue.cpp:5703] TID 22676 [INFO] CPDLLMessageQueue::OnChannelViewInfoReport(): [DPSDK_CORE]OnChannelViewInfoReport():CamearId[1000006$1$0$0],nDistance[152],nAngelH[505],nAzimuthH[770],nInclinationH[0]
[1106 13:35:10.818][PDLLDpsdk_fun.cpp:597] TID 16388 [DEBUG] CPDLLDpsdk::DPSDKCallback(): CPDLLDpsdk::DPSDKCallback(...) m_cmd[253] m_sequence[0]
[1106 13:35:10.818][PDLLMessageQueue.cpp:5703] TID 22676 [INFO] CPDLLMessageQueue::OnChannelViewInfoReport(): [DPSDK_CORE]OnChannelViewInfoReport():CamearId[1000008$1$0$0],nDistance[127],nAngelH[590],nAzimuthH[324],nInclinationH[0]
[1106 13:35:10.949][PDLLDpsdk_fun.cpp:597] TID 16388 [DEBUG] CPDLLDpsdk::DPSDKCallback(): CPDLLDpsdk::DPSDKCallback(...) m_cmd[253] m_sequence[0]
[1106 13:35:10.949][PDLLMessageQueue.cpp:5703] TID 22676 [INFO] CPDLLMessageQueue::OnChannelViewInfoReport(): [DPSDK_CORE]OnChannelViewInfoReport():CamearId[1000008$1$0$0],nDistance[127],nAngelH[590],nAzimuthH[323],nInclinationH[0]
[1106 13:35:11.059][PDLLDpsdk_fun.cpp:597] TID 16388 [DEBUG] CPDLLDpsdk::DPSDKCallback(): CPDLLDpsdk::DPSDKCallback(...) m_cmd[253] m_sequence[0]
[1106 13:35:11.059][PDLLMessageQueue.cpp:5703] TID 22676 [INFO] CPDLLMessageQueue::OnChannelViewInfoReport(): [DPSDK_CORE]OnChannelViewInfoReport():CamearId[1000008$1$0$0],nDistance[139],nAngelH[545],nAzimuthH[315],nInclinationH[0]
[1106 13:35:11.170][PDLLDpsdk_fun.cpp:597] TID 16388 [DEBUG] CPDLLDpsdk::DPSDKCallback(): CPDLLDpsdk::DPSDKCallback(...) m_cmd[253] m_sequence[0]
[1106 13:35:11.170][PDLLMessageQueue.cpp:5703] TID 22676 [INFO] CPDLLMessageQueue::OnChannelViewInfoReport(): [DPSDK_CORE]OnChannelViewInfoReport():CamearId[1000008$1$0$0],nDistance[139],nAngelH[545],nAzimuthH[304],nInclinationH[0]
[1106 13:35:11.291][PDLLDpsdk_fun.cpp:597] TID 16388 [DEBUG] CPDLLDpsdk::DPSDKCallback(): CPDLLDpsdk::DPSDKCallback(...) m_cmd[253] m_sequence[0]
[1106 13:35:11.291][PDLLMessageQueue.cpp:5703] TID 22676 [INFO] CPDLLMessageQueue::OnChannelViewInfoReport(): [DPSDK_CORE]OnChannelViewInfoReport():CamearId[1000008$1$0$0],nDistance[152],nAngelH[505],nAzimuthH[294],nInclinationH[0]
[1106 13:35:11.412][PDLLDpsdk_fun.cpp:597] TID 16388 [DEBUG] CPDLLDpsdk::DPSDKCallback(): CPDLLDpsdk::DPSDKCallback(...) m_cmd[253] m_sequence[0]
[1106 13:35:11.412][PDLLMessageQueue.cpp:5703] TID 22676 [INFO] CPDLLMessageQueue::OnChannelViewInfoReport(): [DPSDK_CORE]OnChannelViewInfoReport():CamearId[1000008$1$0$0],nDistance[165],nAngelH[471],nAzimuthH[283],nInclinationH[0]
[1106 13:35:11.572][PDLLDpsdk_fun.cpp:597] TID 16388 [DEBUG] CPDLLDpsdk::DPSDKCallback(): CPDLLDpsdk::DPSDKCallback(...) m_cmd[253] m_sequence[0]
[1106 13:35:11.572][PDLLMessageQueue.cpp:5703] TID 22676 [INFO] CPDLLMessageQueue::OnChannelViewInfoReport(): [DPSDK_CORE]OnChannelViewInfoReport():CamearId[1000008$1$0$0],nDistance[165],nAngelH[471],nAzimuthH[273],nInclinationH[0]
[1106 13:35:11.663][PDLLDpsdk_fun.cpp:597] TID 16388 [DEBUG] CPDLLDpsdk::DPSDKCallback(): CPDLLDpsdk::DPSDKCallback(...) m_cmd[253] m_sequence[0]
[1106 13:35:11.663][PDLLMessageQueue.cpp:5703] TID 22676 [INFO] CPDLLMessageQueue::OnChannelViewInfoReport(): [DPSDK_CORE]OnChannelViewInfoReport():CamearId[1000008$1$0$0],nDistance[165],nAngelH[471],nAzimuthH[262],nInclinationH[0]
[1106 13:35:11.803][PDLLDpsdk_fun.cpp:597] TID 16388 [DEBUG] CPDLLDpsdk::DPSDKCallback(): CPDLLDpsdk::DPSDKCallback(...) m_cmd[253] m_sequence[0]
[1106 13:35:11.803][PDLLMessageQueue.cpp:5703] TID 22676 [INFO] CPDLLMessageQueue::OnChannelViewInfoReport(): [DPSDK_CORE]OnChannelViewInfoReport():CamearId[1000008$1$0$0],nDistance[165],nAngelH[471],nAzimuthH[252],nInclinationH[0]
[1106 13:35:11.894][PDLLDpsdk_fun.cpp:597] TID 16388 [DEBUG] CPDLLDpsdk::DPSDKCallback(): CPDLLDpsdk::DPSDKCallback(...) m_cmd[253] m_sequence[0]
[1106 13:35:11.894][PDLLMessageQueue.cpp:5703] TID 22676 [INFO] CPDLLMessageQueue::OnChannelViewInfoReport(): [DPSDK_CORE]OnChannelViewInfoReport():CamearId[1000008$1$0$0],nDistance[165],nAngelH[471],nAzimuthH[241],nInclinationH[0]
[1106 13:35:12.015][PDLLDpsdk_fun.cpp:597] TID 16388 [DEBUG] CPDLLDpsdk::DPSDKCallback(): CPDLLDpsdk::DPSDKCallback(...) m_cmd[253] m_sequence[0]
[1106 13:35:12.015][PDLLMessageQueue.cpp:5703] TID 22676 [INFO] CPDLLMessageQueue::OnChannelViewInfoReport(): [DPSDK_CORE]OnChannelViewInfoReport():CamearId[1000008$1$0$0],nDistance[165],nAngelH[471],nAzimuthH[231],nInclinationH[0]
[1106 13:35:12.136][PDLLDpsdk_fun.cpp:597] TID 16388 [DEBUG] CPDLLDpsdk::DPSDKCallback(): CPDLLDpsdk::DPSDKCallback(...) m_cmd[253] m_sequence[0]
[1106 13:35:12.136][PDLLMessageQueue.cpp:5703] TID 22676 [INFO] CPDLLMessageQueue::OnChannelViewInfoReport(): [DPSDK_CORE]OnChannelViewInfoReport():CamearId[1000008$1$0$0],nDistance[165],nAngelH[471],nAzimuthH[220],nInclinationH[0]
[1106 13:35:12.256][PDLLDpsdk_fun.cpp:597] TID 16388 [DEBUG] CPDLLDpsdk::DPSDKCallback(): CPDLLDpsdk::DPSDKCallback(...) m_cmd[253] m_sequence[0]
[1106 13:35:12.256][PDLLMessageQueue.cpp:5703] TID 22676 [INFO] CPDLLMessageQueue::OnChannelViewInfoReport(): [DPSDK_CORE]OnChannelViewInfoReport():CamearId[1000008$1$0$0],nDistance[165],nAngelH[471],nAzimuthH[210],nInclinationH[0]
[1106 13:35:12.377][PDLLDpsdk_fun.cpp:597] TID 16388 [DEBUG] CPDLLDpsdk::DPSDKCallback(): CPDLLDpsdk::DPSDKCallback(...) m_cmd[253] m_sequence[0]
[1106 13:35:12.377][PDLLMessageQueue.cpp:5703] TID 22676 [INFO] CPDLLMessageQueue::OnChannelViewInfoReport(): [DPSDK_CORE]OnChannelViewInfoReport():CamearId[1000008$1$0$0],nDistance[165],nAngelH[471],nAzimuthH[199],nInclinationH[0]
[1106 13:35:12.498][PDLLDpsdk_fun.cpp:597] TID 16388 [DEBUG] CPDLLDpsdk::DPSDKCallback(): CPDLLDpsdk::DPSDKCallback(...) m_cmd[253] m_sequence[0]
[1106 13:35:12.498][PDLLMessageQueue.cpp:5703] TID 22676 [INFO] CPDLLMessageQueue::OnChannelViewInfoReport(): [DPSDK_CORE]OnChannelViewInfoReport():CamearId[1000008$1$0$0],nDistance[165],nAngelH[471],nAzimuthH[189],nInclinationH[0]
[1106 13:35:12.704][PDLLDpsdk_fun.cpp:597] TID 16388 [DEBUG] CPDLLDpsdk::DPSDKCallback(): CPDLLDpsdk::DPSDKCallback(...) m_cmd[253] m_sequence[0]
[1106 13:35:12.704][PDLLMessageQueue.cpp:5703] TID 22676 [INFO] CPDLLMessageQueue::OnChannelViewInfoReport(): [DPSDK_CORE]OnChannelViewInfoReport():CamearId[1000008$1$0$0],nDistance[165],nAngelH[471],nAzimuthH[178],nInclinationH[0]
[1106 13:35:12.739][PDLLDpsdk_fun.cpp:597] TID 16388 [DEBUG] CPDLLDpsdk::DPSDKCallback(): CPDLLDpsdk::DPSDKCallback(...) m_cmd[253] m_sequence[0]
[1106 13:35:12.739][PDLLMessageQueue.cpp:5703] TID 22676 [INFO] CPDLLMessageQueue::OnChannelViewInfoReport(): [DPSDK_CORE]OnChannelViewInfoReport():CamearId[1000008$1$0$0],nDistance[165],nAngelH[471],nAzimuthH[168],nInclinationH[0]
[1106 13:35:12.860][PDLLDpsdk_fun.cpp:597] TID 16388 [DEBUG] CPDLLDpsdk::DPSDKCallback(): CPDLLDpsdk::DPSDKCallback(...) m_cmd[253] m_sequence[0]
[1106 13:35:12.860][PDLLMessageQueue.cpp:5703] TID 22676 [INFO] CPDLLMessageQueue::OnChannelViewInfoReport(): [DPSDK_CORE]OnChannelViewInfoReport():CamearId[1000008$1$0$0],nDistance[165],nAngelH[471],nAzimuthH[160],nInclinationH[0]
[1106 13:35:13.141][PDLLDpsdk_fun.cpp:597] TID 16388 [DEBUG] CPDLLDpsdk::DPSDKCallback(): CPDLLDpsdk::DPSDKCallback(...) m_cmd[253] m_sequence[0]
[1106 13:35:13.141][PDLLMessageQueue.cpp:5703] TID 22676 [INFO] CPDLLMessageQueue::OnChannelViewInfoReport(): [DPSDK_CORE]OnChannelViewInfoReport():CamearId[1000008$1$0$0],nDistance[165],nAngelH[471],nAzimuthH[159],nInclinationH[0]
[1106 13:35:15.055][PDLLDpsdk_fun.cpp:597] TID 16388 [DEBUG] CPDLLDpsdk::DPSDKCallback(): CPDLLDpsdk::DPSDKCallback(...) m_cmd[459] m_sequence[76]
[1106 13:35:15.055][PDLLDpsdk_fun.cpp:597] TID 16388 [DEBUG] CPDLLDpsdk::DPSDKCallback(): CPDLLDpsdk::DPSDKCallback(...) m_cmd[480] m_sequence[77]
[1106 13:35:15.055][PDLLMessageQueue.cpp:901] TID 22676 [DEBUG] CPDLLMessageQueue::OnDpsdkCallBackAlarm(): [DPSDK_CORE]OnDpsdkCallBackAlarm()alarmtype = 584, strDeviceID = 1000006, nChannel = 0, cameraId = 1000006$1$0$0 alarmID = [{9AF70BB0-0453-E44D-B2B3-3467962F1496}] eventType = [1] time = [1604641452]
[1106 13:35:15.055][PDLLMessageQueue.cpp:5537] TID 22676 [DEBUG] CPDLLMessageQueue::OnNewAlarmReprot(): [DPSDK_CORE]OnNewAlarmReprot():deviceID[1000006], channelNo[0]
[1106 13:35:16.748][DMSClientMdl.cpp:1497] TID 20464 [INFO] DPSdk::DMSClientMdl::OnDmsReconnect(): [PSDK] DMSClientMdl::OnDmsReconnect(), m_timerReconnect->KillTimer, id=22
[1106 13:35:18.749][PESClientMdl.cpp:364] TID 18860 [INFO] DPSdk::PESClientMdl::OnPESReconnect(): [PSDK] PESClientMdl::OnPESReconnect(), m_timerReconnect->kill, id=25
