[1109 17:17:55.123][DPSDK_Core.cpp:394] TID 12156 [INFO] DPSDK_Login(): [DPSDK]IP=192.168.2.64 port=9000 name=test password=test123456 iType=1
[1109 17:17:55.123][DPSDK_Core.cpp:406] TID 12156 [INFO] DPSDK_Login(): nPDLLHandle = 1, IP = 192.168.2.64, Port = 9000, name = test, password = test123456,nProtocol = 2, iType = 1, szCheckBit = 
[1109 17:17:55.123][CMSClientMdl_for_general.cpp:199] TID 7292 [INFO] DPSdk::CMSClientMdl::HandlePreLogin(): CMSClientMdl::HandlePreLogin()
[1109 17:17:55.123][ServerSession.cpp:87] TID 7292 [INFO] DPSdk::ServerSession::ConnectServer(): [PSDK] ServerSession::ConnectServer() sid = 0, ip = 192.168.2.64, port = 9000
[1109 17:17:55.124][CMSClientMdl_for_general.cpp:257] TID 7292 [INFO] DPSdk::CMSClientMdl::HandlePreLogin(): CMSClientMdl::HandlePreLogin() SEND_AND_STORE_MSG
[1109 17:17:55.145][CMSClientMdl.cpp:1105] TID 7292 [INFO] DPSdk::CMSClientMdl::onMessage(): [PSDK] CMSClientMdl::onMessage error nResult[443] at operation[41]
[1109 17:17:55.145][CMSClientMdl_for_general.cpp:264] TID 7292 [INFO] DPSdk::CMSClientMdl::HandleLoginWithEncryption(): CMSClientMdl::HandleLoginWithEncryption()
[1109 17:17:55.155][CMSClientMdl_for_general.cpp:349] TID 7292 [INFO] DPSdk::CMSClientMdl::OnLoginResponse(): [PSDK] CMSClientMdl::OnLoginResponse()  m_loginSeq=3
[1109 17:17:55.155][CMSClientMdl_for_general.cpp:440] TID 7292 [INFO] DPSdk::CMSClientMdl::OnLoginResponse(): [PSDK] CMSClientMdl::OnLoginResponse(), m_timerHeartBeat->SetTimer, id = 2 , ms = 15000
[1109 17:17:55.155][CMSClientMdl_for_general.cpp:461] TID 7292 [INFO] DPSdk::CMSClientMdl::OnLoginResponse(): [PSDK] CMSClientMdl::OnLoginResponse(), m_timerHeartBeatResp->SetTimer, id = 1 , ms = 60s
[1109 17:17:55.156][PDLLDpsdk_fun.cpp:597] TID 3524 [DEBUG] CPDLLDpsdk::DPSDKCallback(): CPDLLDpsdk::DPSDKCallback(...) m_cmd[6] m_sequence[1]
[1109 17:17:55.156][PDLLMessageQueue.cpp:524] TID 18404 [DEBUG] CPDLLMessageQueue::OnDpsdkCallBack(): CPDLLMessageQueue::OnDpsdkCallBack(...) pInfo->m_nCmd[6] pInfo->m_nSeq[1]
[1109 17:17:55.156][CMSClientMdl_for_general.cpp:607] TID 7292 [DEBUG] DPSdk::CMSClientMdl::HandleGetGroup(): CMSClientMdl::HandleGetGroup: bReload = 0 ,m_bSaveGroupFile = false
[1109 17:17:55.156][CMSClientMdl_for_general.cpp:721] TID 7292 [INFO] DPSdk::CMSClientMdl::GetGroupInfo(): 0---send get org cmd to CMS! = [1604913475]
[1109 17:17:55.157][CMSClientMdl_for_func.cpp:216] TID 7292 [INFO] DPSdk::CMSClientMdl::OnMessageRequest(): CU_MESSAGE pRequest->_code = 11315
[1109 17:17:55.157][PDLLDpsdk_fun.cpp:597] TID 3524 [DEBUG] CPDLLDpsdk::DPSDKCallback(): CPDLLDpsdk::DPSDKCallback(...) m_cmd[71] m_sequence[0]
[1109 17:17:55.157][CMSClientMdl_for_func.cpp:216] TID 7292 [INFO] DPSdk::CMSClientMdl::OnMessageRequest(): CU_MESSAGE pRequest->_code = 400
[1109 17:17:55.157][CMSClientMdl_for_func.cpp:593] TID 7292 [INFO] DPSdk::CMSClientMdl::OnMessageRequest(): [PSDK] OnMessageRequest CU_USER_LOGIN nUserId[2] nState[1] cmd[26]
[1109 17:17:55.157][PDLLDpsdk_fun.cpp:597] TID 3524 [DEBUG] CPDLLDpsdk::DPSDKCallback(): CPDLLDpsdk::DPSDKCallback(...) m_cmd[26] m_sequence[0]
[1109 17:17:55.157][CMSClientMdl_for_func.cpp:216] TID 7292 [INFO] DPSdk::CMSClientMdl::OnMessageRequest(): CU_MESSAGE pRequest->_code = 78
[1109 17:17:55.160][CMSClientMdl.cpp:1063] TID 7292 [INFO] DPSdk::CMSClientMdl::onError(): [DPSDK] engineId:0, connId:0, error:3
[1109 17:17:55.160][CMSClientMdl.cpp:1063] TID 7292 [INFO] DPSdk::CMSClientMdl::onError(): [DPSDK] engineId:0, connId:0, error:3
[1109 17:17:55.160][CMSClientMdl_for_general.cpp:1165] TID 7292 [INFO] DPSdk::CMSClientMdl::OnGetAllTreeResponse(): 1---orgXml start = [1604913475]
[1109 17:17:55.160][DPSDKXmlParse.cpp:693] TID 7292 [INFO] DPSdk::GetAllOrgInfo(): 
[1109 17:17:55.160][CMSClientMdl_for_general.cpp:1173] TID 7292 [INFO] DPSdk::CMSClientMdl::OnGetAllTreeResponse(): 2---orgXml end = [1604913475]
[1109 17:17:55.176][CMSClientMdl_for_general.cpp:1325] TID 7292 [INFO] DPSdk::CMSClientMdl::OnGetAllTreeResponse(): 3---DevXml start = [1604913475]
[1109 17:17:55.177][CMSClientMdl_for_general.cpp:1332] TID 7292 [INFO] DPSdk::CMSClientMdl::OnGetAllTreeResponse(): 4---DevXml end = [1604913475]
[1109 17:17:55.177][PDLLDpsdk_fun.cpp:597] TID 3524 [DEBUG] CPDLLDpsdk::DPSDKCallback(): CPDLLDpsdk::DPSDKCallback(...) m_cmd[3102] m_sequence[4]
[1109 17:17:55.177][PDLLMessageQueue.cpp:524] TID 18404 [DEBUG] CPDLLMessageQueue::OnDpsdkCallBack(): CPDLLMessageQueue::OnDpsdkCallBack(...) pInfo->m_nCmd[3102] pInfo->m_nSeq[4]
[1109 17:17:55.182][CMSClientMdl_for_func.cpp:110] TID 7292 [INFO] DPSdk::CMSClientMdl::OnGetServerListResponse(): UNIT_MGW mgwIP = [192.168.2.64] mgwPort = [9090]
[1109 17:17:55.182][CMSClientMdl.cpp:1105] TID 7292 [INFO] DPSdk::CMSClientMdl::onMessage(): [PSDK] CMSClientMdl::onMessage error nResult[570] at operation[156]
[1109 17:17:55.182][SCSClientMdl.cpp:236] TID 17636 [INFO] DPSdk::SCSClientMdl::DealWithOneResponse(): SCSClientMdl::DealWithOneResponse: CMD[5107]
[1109 17:17:55.182][SCSClientMdl.cpp:243] TID 17636 [INFO] DPSdk::SCSClientMdl::DealWithOneResponse(): msgRes->serverMap.empty() = 
[1109 17:17:55.182][CMSClientMdl.cpp:1063] TID 7292 [INFO] DPSdk::CMSClientMdl::onError(): [DPSDK] engineId:0, connId:0, error:3
[1109 17:17:55.182][PDLLDpsdk_fun.cpp:597] TID 3524 [DEBUG] CPDLLDpsdk::DPSDKCallback(): CPDLLDpsdk::DPSDKCallback(...) m_cmd[72] m_sequence[11]
[1109 17:17:55.182][PDLLDpsdk_fun.cpp:651] TID 3524 [INFO] CPDLLDpsdk::DPSDKCallback(): DPSDK_CMD_GET_RELATIVE_FPT_PATH begin
[1109 17:17:55.182][PDLLDpsdk_fun.cpp:662] TID 3524 [INFO] CPDLLDpsdk::DPSDKCallback(): DPSDK_CMD_GET_RELATIVE_FPT_PATH end
[1109 17:17:55.182][PDLLMessageQueue.cpp:5526] TID 18404 [INFO] CPDLLMessageQueue::OnGetFtpPath(): UpdateFtpInfo() begin
[1109 17:17:55.183][DMSClientSession.cpp:303] TID 21304 [INFO] DPSdk::DMSClientSession::ConnectToDmsServer(): Dms Server ip list(0)=>192.168.2.64:9200
[1109 17:17:55.183][DMSClientSession.cpp:303] TID 21304 [INFO] DPSdk::DMSClientSession::ConnectToDmsServer(): Dms Server ip list(1)=>112.25.210.130:9200
[1109 17:17:55.235][PCSClientMdl.cpp:374] TID 17896 [INFO] DPSdk::PCSClientMdl::ConnectToPcsServer(): CheckTcpConnect ip[192.168.2.64] port[9001]
[1109 17:17:55.246][ServerSession.cpp:87] TID 17896 [INFO] DPSdk::ServerSession::ConnectServer(): [PSDK] ServerSession::ConnectServer() sid = 1, ip = 192.168.2.64, port = 9001
[1109 17:17:55.260][PCSClientMdl_for_func.cpp:170] TID 17896 [INFO] DPSdk::PCSClientMdl::OnLoginResponse(): [PSDK] PCSClientMdl::OnLoginResponse(), m_timerHeartBeat->SetTimer, id = 24, ms=7500
[1109 17:17:55.260][PDLLDpsdk_fun.cpp:597] TID 3524 [DEBUG] CPDLLDpsdk::DPSDKCallback(): CPDLLDpsdk::DPSDKCallback(...) m_cmd[701] m_sequence[0]
[1109 17:17:58.180][ServerSession.cpp:87] TID 9368 [INFO] DPSdk::ServerSession::ConnectServer(): [PSDK] ServerSession::ConnectServer() sid = 2, ip = 192.168.2.64, port = 9600
[1109 17:17:58.180][ADSClientSession.cpp:298] TID 9368 [INFO] DPSdk::ADSClientSession::SendLoginADSPdu(): [PSDK] ADSClientSession::SendLoginADSPdu sequence[18] serverId[11001] ip[192.168.2.64]
[1109 17:17:58.183][ADSClientMdl.cpp:820] TID 9368 [INFO] DPSdk::ADSClientMdl::OnLoginAdsResponse(): [PSDK] login ads server success.
[1109 17:17:58.183][ADSClientMdl.cpp:747] TID 9368 [INFO] DPSdk::ADSClientMdl::StartHBTimer(): [PSDK] ADSClientMdl::StartHBTimer(), m_timerHeartBeat->SetTimer, id=25, ms=15000
[1109 17:17:58.184][ADSClientSession.cpp:1267] TID 9368 [INFO] DPSdk::ADSClientSession::HandleSendEmptyXml(): [PSDK] ADSClientSession::HandleSetAlarmEnable sequence[19] serverId[11001] ip[192.168.2.64]
[1109 17:17:58.184][PDLLMessageQueue.cpp:5528] TID 18404 [INFO] CPDLLMessageQueue::OnGetFtpPath(): UpdateFtpInfo() begin
[1109 17:17:58.184][PDLLDpsdk_fun.cpp:597] TID 3524 [DEBUG] CPDLLDpsdk::DPSDKCallback(): CPDLLDpsdk::DPSDKCallback(...) m_cmd[458] m_sequence[20]
[1109 17:17:58.184][MsgCallbackModule.cpp:198] TID 3524 [ERR] DPSdk::MsgCallbackModule::DealWithOneMsg(): [PSDK] UnDefine CallBack
[1109 17:17:58.184][ServerSession.cpp:87] TID 21304 [INFO] DPSdk::ServerSession::ConnectServer(): [PSDK] ServerSession::ConnectServer() sid = 3, ip = 192.168.2.64, port = 9200
[1109 17:17:58.184][ServerSession.cpp:87] TID 4328 [INFO] DPSdk::ServerSession::ConnectServer(): [PSDK] ServerSession::ConnectServer() sid = 4, ip = 192.168.2.64, port = 9400
[1109 17:17:58.184][DMSClientSession.cpp:316] TID 21304 [INFO] DPSdk::DMSClientSession::ConnectToDmsServer(): Dms ConnectServer=>192.168.2.64:9200
[1109 17:17:58.184][DMSClientMdl.cpp:1594] TID 21304 [INFO] DPSdk::DMSClientMdl::StartReconTimer(): [PSDK] DMSClientMdl::StartReconTimer(), m_timerReconnect->SetTimer, id=26
[1109 17:17:58.185][DMSClientMdl.cpp:1582] TID 21304 [INFO] DPSdk::DMSClientMdl::StartHBTimer(): [PSDK] DMSClientMdl::StartHBTimer(), m_timerHeartBeat->SetTimer, id = 27, ms=15000
[1109 17:17:58.185][PDLLDpsdk_fun.cpp:597] TID 3524 [DEBUG] CPDLLDpsdk::DPSDKCallback(): CPDLLDpsdk::DPSDKCallback(...) m_cmd[246] m_sequence[22]
[1109 17:17:58.185][PDLLDpsdk_fun.cpp:597] TID 3524 [DEBUG] CPDLLDpsdk::DPSDKCallback(): CPDLLDpsdk::DPSDKCallback(...) m_cmd[246] m_sequence[23]
[1109 17:17:58.185][PDLLDpsdk_fun.cpp:597] TID 3524 [DEBUG] CPDLLDpsdk::DPSDKCallback(): CPDLLDpsdk::DPSDKCallback(...) m_cmd[246] m_sequence[24]
[1109 17:17:58.185][PDLLDpsdk_fun.cpp:597] TID 3524 [DEBUG] CPDLLDpsdk::DPSDKCallback(): CPDLLDpsdk::DPSDKCallback(...) m_cmd[246] m_sequence[25]
[1109 17:17:58.185][PDLLDpsdk_fun.cpp:597] TID 3524 [DEBUG] CPDLLDpsdk::DPSDKCallback(): CPDLLDpsdk::DPSDKCallback(...) m_cmd[246] m_sequence[26]
[1109 17:17:58.185][PDLLDpsdk_fun.cpp:597] TID 3524 [DEBUG] CPDLLDpsdk::DPSDKCallback(): CPDLLDpsdk::DPSDKCallback(...) m_cmd[246] m_sequence[27]
[1109 17:17:58.185][PDLLDpsdk_fun.cpp:597] TID 3524 [DEBUG] CPDLLDpsdk::DPSDKCallback(): CPDLLDpsdk::DPSDKCallback(...) m_cmd[246] m_sequence[28]
[1109 17:17:58.185][PDLLDpsdk_fun.cpp:597] TID 3524 [DEBUG] CPDLLDpsdk::DPSDKCallback(): CPDLLDpsdk::DPSDKCallback(...) m_cmd[246] m_sequence[29]
[1109 17:17:58.185][PDLLDpsdk_fun.cpp:597] TID 3524 [DEBUG] CPDLLDpsdk::DPSDKCallback(): CPDLLDpsdk::DPSDKCallback(...) m_cmd[246] m_sequence[30]
[1109 17:17:58.185][PDLLDpsdk_fun.cpp:597] TID 3524 [DEBUG] CPDLLDpsdk::DPSDKCallback(): CPDLLDpsdk::DPSDKCallback(...) m_cmd[246] m_sequence[31]
[1109 17:17:58.185][PDLLDpsdk_fun.cpp:597] TID 3524 [DEBUG] CPDLLDpsdk::DPSDKCallback(): CPDLLDpsdk::DPSDKCallback(...) m_cmd[246] m_sequence[32]
[1109 17:17:58.185][PDLLDpsdk_fun.cpp:597] TID 3524 [DEBUG] CPDLLDpsdk::DPSDKCallback(): CPDLLDpsdk::DPSDKCallback(...) m_cmd[246] m_sequence[33]
[1109 17:17:58.185][PDLLDpsdk_fun.cpp:597] TID 3524 [DEBUG] CPDLLDpsdk::DPSDKCallback(): CPDLLDpsdk::DPSDKCallback(...) m_cmd[246] m_sequence[34]
[1109 17:17:58.185][PDLLDpsdk_fun.cpp:597] TID 3524 [DEBUG] CPDLLDpsdk::DPSDKCallback(): CPDLLDpsdk::DPSDKCallback(...) m_cmd[246] m_sequence[35]
[1109 17:17:58.185][PDLLDpsdk_fun.cpp:597] TID 3524 [DEBUG] CPDLLDpsdk::DPSDKCallback(): CPDLLDpsdk::DPSDKCallback(...) m_cmd[246] m_sequence[36]
[1109 17:17:58.185][PDLLDpsdk_fun.cpp:597] TID 3524 [DEBUG] CPDLLDpsdk::DPSDKCallback(): CPDLLDpsdk::DPSDKCallback(...) m_cmd[246] m_sequence[37]
[1109 17:18:00.185][PESClientMdl.cpp:424] TID 4328 [INFO] DPSdk::PESClientMdl::StartReconTimer(): [PSDK] PESClientMdl::StartReconTimer(), m_timerReconnect->SetTimer, id=28, ms=60000
[1109 17:18:00.189][PESClientMdl.cpp:414] TID 4328 [INFO] DPSdk::PESClientMdl::StartHBTimer(): [PSDK] PESClientMdl::StartHBTimer(), m_timerHeartBeat->SetTimer, id = 29, ms=40000
[1109 17:18:10.270][CMSClientMdl_for_ptz.cpp:68] TID 7292 [INFO] DPSdk::CMSClientMdl::HandlePtzQueryPoint(): innerMsg->cameraId=1000019$1$0$0£¬pPDU->_deviceId=1000019, Channelnum=0
[1109 17:18:10.277][PDLLDpsdk_fun.cpp:597] TID 3524 [DEBUG] CPDLLDpsdk::DPSDKCallback(): CPDLLDpsdk::DPSDKCallback(...) m_cmd[204] m_sequence[41]
[1109 17:18:58.184][DMSClientMdl.cpp:1497] TID 21304 [INFO] DPSdk::DMSClientMdl::OnDmsReconnect(): [PSDK] DMSClientMdl::OnDmsReconnect(), m_timerReconnect->KillTimer, id=26
[1109 17:19:00.185][PESClientMdl.cpp:364] TID 4328 [INFO] DPSdk::PESClientMdl::OnPESReconnect(): [PSDK] PESClientMdl::OnPESReconnect(), m_timerReconnect->kill, id=28
