[1109 17:14:22.227][DPSDK_Core.cpp:394] TID 7492 [INFO] DPSDK_Login(): [DPSDK]IP=192.168.2.64 port=9000 name=test password=test123456 iType=1
[1109 17:14:22.227][DPSDK_Core.cpp:406] TID 7492 [INFO] DPSDK_Login(): nPDLLHandle = 1, IP = 192.168.2.64, Port = 9000, name = test, password = test123456,nProtocol = 2, iType = 1, szCheckBit = 
[1109 17:14:22.227][CMSClientMdl_for_general.cpp:199] TID 12568 [INFO] DPSdk::CMSClientMdl::HandlePreLogin(): CMSClientMdl::HandlePreLogin()
[1109 17:14:22.228][ServerSession.cpp:87] TID 12568 [INFO] DPSdk::ServerSession::ConnectServer(): [PSDK] ServerSession::ConnectServer() sid = 0, ip = 192.168.2.64, port = 9000
[1109 17:14:22.228][CMSClientMdl_for_general.cpp:257] TID 12568 [INFO] DPSdk::CMSClientMdl::HandlePreLogin(): CMSClientMdl::HandlePreLogin() SEND_AND_STORE_MSG
[1109 17:14:22.241][CMSClientMdl.cpp:1105] TID 12568 [INFO] DPSdk::CMSClientMdl::onMessage(): [PSDK] CMSClientMdl::onMessage error nResult[443] at operation[41]
[1109 17:14:22.241][CMSClientMdl_for_general.cpp:264] TID 12568 [INFO] DPSdk::CMSClientMdl::HandleLoginWithEncryption(): CMSClientMdl::HandleLoginWithEncryption()
[1109 17:14:22.251][CMSClientMdl_for_general.cpp:349] TID 12568 [INFO] DPSdk::CMSClientMdl::OnLoginResponse(): [PSDK] CMSClientMdl::OnLoginResponse()  m_loginSeq=3
[1109 17:14:22.251][CMSClientMdl_for_general.cpp:440] TID 12568 [INFO] DPSdk::CMSClientMdl::OnLoginResponse(): [PSDK] CMSClientMdl::OnLoginResponse(), m_timerHeartBeat->SetTimer, id = 2 , ms = 15000
[1109 17:14:22.251][CMSClientMdl_for_general.cpp:461] TID 12568 [INFO] DPSdk::CMSClientMdl::OnLoginResponse(): [PSDK] CMSClientMdl::OnLoginResponse(), m_timerHeartBeatResp->SetTimer, id = 1 , ms = 60s
[1109 17:14:22.251][PDLLDpsdk_fun.cpp:597] TID 13460 [DEBUG] CPDLLDpsdk::DPSDKCallback(): CPDLLDpsdk::DPSDKCallback(...) m_cmd[6] m_sequence[1]
[1109 17:14:22.251][PDLLMessageQueue.cpp:524] TID 2760 [DEBUG] CPDLLMessageQueue::OnDpsdkCallBack(): CPDLLMessageQueue::OnDpsdkCallBack(...) pInfo->m_nCmd[6] pInfo->m_nSeq[1]
[1109 17:14:22.251][CMSClientMdl_for_general.cpp:607] TID 12568 [DEBUG] DPSdk::CMSClientMdl::HandleGetGroup(): CMSClientMdl::HandleGetGroup: bReload = 0 ,m_bSaveGroupFile = false
[1109 17:14:22.251][CMSClientMdl_for_general.cpp:721] TID 12568 [INFO] DPSdk::CMSClientMdl::GetGroupInfo(): 0---send get org cmd to CMS! = [1604913262]
[1109 17:14:22.252][CMSClientMdl_for_func.cpp:216] TID 12568 [INFO] DPSdk::CMSClientMdl::OnMessageRequest(): CU_MESSAGE pRequest->_code = 11315
[1109 17:14:22.252][CMSClientMdl_for_func.cpp:216] TID 12568 [INFO] DPSdk::CMSClientMdl::OnMessageRequest(): CU_MESSAGE pRequest->_code = 400
[1109 17:14:22.252][CMSClientMdl_for_func.cpp:593] TID 12568 [INFO] DPSdk::CMSClientMdl::OnMessageRequest(): [PSDK] OnMessageRequest CU_USER_LOGIN nUserId[2] nState[1] cmd[26]
[1109 17:14:22.252][PDLLDpsdk_fun.cpp:597] TID 13460 [DEBUG] CPDLLDpsdk::DPSDKCallback(): CPDLLDpsdk::DPSDKCallback(...) m_cmd[71] m_sequence[0]
[1109 17:14:22.252][CMSClientMdl_for_func.cpp:216] TID 12568 [INFO] DPSdk::CMSClientMdl::OnMessageRequest(): CU_MESSAGE pRequest->_code = 78
[1109 17:14:22.252][PDLLDpsdk_fun.cpp:597] TID 13460 [DEBUG] CPDLLDpsdk::DPSDKCallback(): CPDLLDpsdk::DPSDKCallback(...) m_cmd[26] m_sequence[0]
[1109 17:14:22.263][CMSClientMdl.cpp:1063] TID 12568 [INFO] DPSdk::CMSClientMdl::onError(): [DPSDK] engineId:0, connId:0, error:3
[1109 17:14:22.263][CMSClientMdl.cpp:1063] TID 12568 [INFO] DPSdk::CMSClientMdl::onError(): [DPSDK] engineId:0, connId:0, error:3
[1109 17:14:22.263][CMSClientMdl_for_general.cpp:1165] TID 12568 [INFO] DPSdk::CMSClientMdl::OnGetAllTreeResponse(): 1---orgXml start = [1604913262]
[1109 17:14:22.263][DPSDKXmlParse.cpp:693] TID 12568 [INFO] DPSdk::GetAllOrgInfo(): 
[1109 17:14:22.263][CMSClientMdl_for_general.cpp:1173] TID 12568 [INFO] DPSdk::CMSClientMdl::OnGetAllTreeResponse(): 2---orgXml end = [1604913262]
[1109 17:14:22.280][CMSClientMdl_for_general.cpp:1325] TID 12568 [INFO] DPSdk::CMSClientMdl::OnGetAllTreeResponse(): 3---DevXml start = [1604913262]
[1109 17:14:22.281][CMSClientMdl_for_general.cpp:1332] TID 12568 [INFO] DPSdk::CMSClientMdl::OnGetAllTreeResponse(): 4---DevXml end = [1604913262]
[1109 17:14:22.281][PDLLDpsdk_fun.cpp:597] TID 13460 [DEBUG] CPDLLDpsdk::DPSDKCallback(): CPDLLDpsdk::DPSDKCallback(...) m_cmd[3102] m_sequence[4]
[1109 17:14:22.281][PDLLMessageQueue.cpp:524] TID 2760 [DEBUG] CPDLLMessageQueue::OnDpsdkCallBack(): CPDLLMessageQueue::OnDpsdkCallBack(...) pInfo->m_nCmd[3102] pInfo->m_nSeq[4]
[1109 17:14:22.294][CMSClientMdl_for_func.cpp:110] TID 12568 [INFO] DPSdk::CMSClientMdl::OnGetServerListResponse(): UNIT_MGW mgwIP = [192.168.2.64] mgwPort = [9090]
[1109 17:14:22.294][CMSClientMdl.cpp:1105] TID 12568 [INFO] DPSdk::CMSClientMdl::onMessage(): [PSDK] CMSClientMdl::onMessage error nResult[570] at operation[156]
[1109 17:14:22.294][SCSClientMdl.cpp:236] TID 23068 [INFO] DPSdk::SCSClientMdl::DealWithOneResponse(): SCSClientMdl::DealWithOneResponse: CMD[5107]
[1109 17:14:22.295][CMSClientMdl.cpp:1063] TID 12568 [INFO] DPSdk::CMSClientMdl::onError(): [DPSDK] engineId:0, connId:0, error:3
[1109 17:14:22.295][SCSClientMdl.cpp:243] TID 23068 [INFO] DPSdk::SCSClientMdl::DealWithOneResponse(): msgRes->serverMap.empty() = 
[1109 17:14:22.295][PDLLDpsdk_fun.cpp:597] TID 13460 [DEBUG] CPDLLDpsdk::DPSDKCallback(): CPDLLDpsdk::DPSDKCallback(...) m_cmd[72] m_sequence[13]
[1109 17:14:22.295][PDLLDpsdk_fun.cpp:651] TID 13460 [INFO] CPDLLDpsdk::DPSDKCallback(): DPSDK_CMD_GET_RELATIVE_FPT_PATH begin
[1109 17:14:22.295][PDLLDpsdk_fun.cpp:662] TID 13460 [INFO] CPDLLDpsdk::DPSDKCallback(): DPSDK_CMD_GET_RELATIVE_FPT_PATH end
[1109 17:14:22.295][PDLLMessageQueue.cpp:5526] TID 2760 [INFO] CPDLLMessageQueue::OnGetFtpPath(): UpdateFtpInfo() begin
[1109 17:14:22.295][DMSClientSession.cpp:303] TID 14296 [INFO] DPSdk::DMSClientSession::ConnectToDmsServer(): Dms Server ip list(0)=>192.168.2.64:9200
[1109 17:14:22.295][DMSClientSession.cpp:303] TID 14296 [INFO] DPSdk::DMSClientSession::ConnectToDmsServer(): Dms Server ip list(1)=>112.25.210.130:9200
[1109 17:14:22.348][PCSClientMdl.cpp:374] TID 13084 [INFO] DPSdk::PCSClientMdl::ConnectToPcsServer(): CheckTcpConnect ip[192.168.2.64] port[9001]
[1109 17:14:22.358][ServerSession.cpp:87] TID 13084 [INFO] DPSdk::ServerSession::ConnectServer(): [PSDK] ServerSession::ConnectServer() sid = 1, ip = 192.168.2.64, port = 9001
[1109 17:14:22.370][PCSClientMdl_for_func.cpp:170] TID 13084 [INFO] DPSdk::PCSClientMdl::OnLoginResponse(): [PSDK] PCSClientMdl::OnLoginResponse(), m_timerHeartBeat->SetTimer, id = 25, ms=7500
[1109 17:14:22.370][PDLLDpsdk_fun.cpp:597] TID 13460 [DEBUG] CPDLLDpsdk::DPSDKCallback(): CPDLLDpsdk::DPSDKCallback(...) m_cmd[701] m_sequence[0]
[1109 17:14:25.291][ServerSession.cpp:87] TID 21168 [INFO] DPSdk::ServerSession::ConnectServer(): [PSDK] ServerSession::ConnectServer() sid = 2, ip = 192.168.2.64, port = 9600
[1109 17:14:25.291][ADSClientSession.cpp:298] TID 21168 [INFO] DPSdk::ADSClientSession::SendLoginADSPdu(): [PSDK] ADSClientSession::SendLoginADSPdu sequence[18] serverId[11001] ip[192.168.2.64]
[1109 17:14:25.295][ServerSession.cpp:87] TID 12364 [INFO] DPSdk::ServerSession::ConnectServer(): [PSDK] ServerSession::ConnectServer() sid = 3, ip = 192.168.2.64, port = 9400
[1109 17:14:25.296][ServerSession.cpp:87] TID 14296 [INFO] DPSdk::ServerSession::ConnectServer(): [PSDK] ServerSession::ConnectServer() sid = 4, ip = 192.168.2.64, port = 9200
[1109 17:14:25.296][PDLLMessageQueue.cpp:5528] TID 2760 [INFO] CPDLLMessageQueue::OnGetFtpPath(): UpdateFtpInfo() begin
[1109 17:14:25.296][DMSClientSession.cpp:316] TID 14296 [INFO] DPSdk::DMSClientSession::ConnectToDmsServer(): Dms ConnectServer=>192.168.2.64:9200
[1109 17:14:25.296][DMSClientMdl.cpp:1594] TID 14296 [INFO] DPSdk::DMSClientMdl::StartReconTimer(): [PSDK] DMSClientMdl::StartReconTimer(), m_timerReconnect->SetTimer, id=26
[1109 17:14:25.301][DMSClientMdl.cpp:1582] TID 14296 [INFO] DPSdk::DMSClientMdl::StartHBTimer(): [PSDK] DMSClientMdl::StartHBTimer(), m_timerHeartBeat->SetTimer, id = 27, ms=15000
[1109 17:14:25.301][ADSClientMdl.cpp:820] TID 21168 [INFO] DPSdk::ADSClientMdl::OnLoginAdsResponse(): [PSDK] login ads server success.
[1109 17:14:25.301][ADSClientMdl.cpp:747] TID 21168 [INFO] DPSdk::ADSClientMdl::StartHBTimer(): [PSDK] ADSClientMdl::StartHBTimer(), m_timerHeartBeat->SetTimer, id=28, ms=15000
[1109 17:14:25.301][ADSClientSession.cpp:1267] TID 21168 [INFO] DPSdk::ADSClientSession::HandleSendEmptyXml(): [PSDK] ADSClientSession::HandleSetAlarmEnable sequence[20] serverId[11001] ip[192.168.2.64]
[1109 17:14:25.302][PDLLDpsdk_fun.cpp:597] TID 13460 [DEBUG] CPDLLDpsdk::DPSDKCallback(): CPDLLDpsdk::DPSDKCallback(...) m_cmd[458] m_sequence[21]
[1109 17:14:25.302][MsgCallbackModule.cpp:198] TID 13460 [ERR] DPSdk::MsgCallbackModule::DealWithOneMsg(): [PSDK] UnDefine CallBack
[1109 17:14:25.302][PDLLDpsdk_fun.cpp:597] TID 13460 [DEBUG] CPDLLDpsdk::DPSDKCallback(): CPDLLDpsdk::DPSDKCallback(...) m_cmd[246] m_sequence[22]
[1109 17:14:25.302][PDLLDpsdk_fun.cpp:597] TID 13460 [DEBUG] CPDLLDpsdk::DPSDKCallback(): CPDLLDpsdk::DPSDKCallback(...) m_cmd[246] m_sequence[23]
[1109 17:14:25.302][PDLLDpsdk_fun.cpp:597] TID 13460 [DEBUG] CPDLLDpsdk::DPSDKCallback(): CPDLLDpsdk::DPSDKCallback(...) m_cmd[246] m_sequence[24]
[1109 17:14:25.302][PDLLDpsdk_fun.cpp:597] TID 13460 [DEBUG] CPDLLDpsdk::DPSDKCallback(): CPDLLDpsdk::DPSDKCallback(...) m_cmd[246] m_sequence[25]
[1109 17:14:25.302][PDLLDpsdk_fun.cpp:597] TID 13460 [DEBUG] CPDLLDpsdk::DPSDKCallback(): CPDLLDpsdk::DPSDKCallback(...) m_cmd[246] m_sequence[26]
[1109 17:14:25.302][PDLLDpsdk_fun.cpp:597] TID 13460 [DEBUG] CPDLLDpsdk::DPSDKCallback(): CPDLLDpsdk::DPSDKCallback(...) m_cmd[246] m_sequence[27]
[1109 17:14:25.302][PDLLDpsdk_fun.cpp:597] TID 13460 [DEBUG] CPDLLDpsdk::DPSDKCallback(): CPDLLDpsdk::DPSDKCallback(...) m_cmd[246] m_sequence[28]
[1109 17:14:25.302][PDLLDpsdk_fun.cpp:597] TID 13460 [DEBUG] CPDLLDpsdk::DPSDKCallback(): CPDLLDpsdk::DPSDKCallback(...) m_cmd[246] m_sequence[29]
[1109 17:14:25.302][PDLLDpsdk_fun.cpp:597] TID 13460 [DEBUG] CPDLLDpsdk::DPSDKCallback(): CPDLLDpsdk::DPSDKCallback(...) m_cmd[246] m_sequence[30]
[1109 17:14:25.302][PDLLDpsdk_fun.cpp:597] TID 13460 [DEBUG] CPDLLDpsdk::DPSDKCallback(): CPDLLDpsdk::DPSDKCallback(...) m_cmd[246] m_sequence[31]
[1109 17:14:25.302][PDLLDpsdk_fun.cpp:597] TID 13460 [DEBUG] CPDLLDpsdk::DPSDKCallback(): CPDLLDpsdk::DPSDKCallback(...) m_cmd[246] m_sequence[32]
[1109 17:14:25.302][PDLLDpsdk_fun.cpp:597] TID 13460 [DEBUG] CPDLLDpsdk::DPSDKCallback(): CPDLLDpsdk::DPSDKCallback(...) m_cmd[246] m_sequence[33]
[1109 17:14:25.302][PDLLDpsdk_fun.cpp:597] TID 13460 [DEBUG] CPDLLDpsdk::DPSDKCallback(): CPDLLDpsdk::DPSDKCallback(...) m_cmd[246] m_sequence[34]
[1109 17:14:25.302][PDLLDpsdk_fun.cpp:597] TID 13460 [DEBUG] CPDLLDpsdk::DPSDKCallback(): CPDLLDpsdk::DPSDKCallback(...) m_cmd[246] m_sequence[35]
[1109 17:14:25.302][PDLLDpsdk_fun.cpp:597] TID 13460 [DEBUG] CPDLLDpsdk::DPSDKCallback(): CPDLLDpsdk::DPSDKCallback(...) m_cmd[246] m_sequence[36]
[1109 17:14:25.302][PDLLDpsdk_fun.cpp:597] TID 13460 [DEBUG] CPDLLDpsdk::DPSDKCallback(): CPDLLDpsdk::DPSDKCallback(...) m_cmd[246] m_sequence[37]
[1109 17:14:27.295][PESClientMdl.cpp:424] TID 12364 [INFO] DPSdk::PESClientMdl::StartReconTimer(): [PSDK] PESClientMdl::StartReconTimer(), m_timerReconnect->SetTimer, id=29, ms=60000
[1109 17:14:27.299][PESClientMdl.cpp:414] TID 12364 [INFO] DPSdk::PESClientMdl::StartHBTimer(): [PSDK] PESClientMdl::StartHBTimer(), m_timerHeartBeat->SetTimer, id = 30, ms=40000
[1109 17:14:30.088][PDLLDpsdk_fun.cpp:597] TID 13460 [DEBUG] CPDLLDpsdk::DPSDKCallback(): CPDLLDpsdk::DPSDKCallback(...) m_cmd[459] m_sequence[40]
[1109 17:14:30.088][PDLLDpsdk_fun.cpp:597] TID 13460 [DEBUG] CPDLLDpsdk::DPSDKCallback(): CPDLLDpsdk::DPSDKCallback(...) m_cmd[480] m_sequence[41]
[1109 17:14:30.088][PDLLMessageQueue.cpp:901] TID 2760 [DEBUG] CPDLLMessageQueue::OnDpsdkCallBackAlarm(): [DPSDK_CORE]OnDpsdkCallBackAlarm()alarmtype = 584, strDeviceID = 1000006, nChannel = 0, cameraId = 1000006$1$0$0 alarmID = [{CF4283C5-D3FC-E04E-902F-1D729229E3CE}] eventType = [1] time = [1604913810]
[1109 17:14:30.088][PDLLMessageQueue.cpp:5537] TID 2760 [DEBUG] CPDLLMessageQueue::OnNewAlarmReprot(): [DPSDK_CORE]OnNewAlarmReprot():deviceID[1000006], channelNo[0]
[1109 17:14:53.261][PDLLDpsdk_fun.cpp:597] TID 13460 [DEBUG] CPDLLDpsdk::DPSDKCallback(): CPDLLDpsdk::DPSDKCallback(...) m_cmd[459] m_sequence[49]
[1109 17:14:53.261][PDLLDpsdk_fun.cpp:597] TID 13460 [DEBUG] CPDLLDpsdk::DPSDKCallback(): CPDLLDpsdk::DPSDKCallback(...) m_cmd[480] m_sequence[50]
[1109 17:14:53.261][PDLLMessageQueue.cpp:901] TID 2760 [DEBUG] CPDLLMessageQueue::OnDpsdkCallBackAlarm(): [DPSDK_CORE]OnDpsdkCallBackAlarm()alarmtype = 4405, strDeviceID = 1000007, nChannel = 0, cameraId = 1000007 alarmID = [{687AE506-D3EC-5646-99E4-61BC531C2EF5}] eventType = [1] time = [1604913833]
[1109 17:14:53.261][PDLLMessageQueue.cpp:5537] TID 2760 [DEBUG] CPDLLMessageQueue::OnNewAlarmReprot(): [DPSDK_CORE]OnNewAlarmReprot():deviceID[1000007], channelNo[0]
[1109 17:15:00.475][PDLLDpsdk_fun.cpp:597] TID 13460 [DEBUG] CPDLLDpsdk::DPSDKCallback(): CPDLLDpsdk::DPSDKCallback(...) m_cmd[253] m_sequence[0]
[1109 17:15:00.475][PDLLMessageQueue.cpp:5703] TID 2760 [INFO] CPDLLMessageQueue::OnChannelViewInfoReport(): [DPSDK_CORE]OnChannelViewInfoReport():CamearId[1000005$1$0$0],nDistance[127],nAngelH[590],nAzimuthH[157],nInclinationH[0]
[1109 17:15:00.595][PDLLDpsdk_fun.cpp:597] TID 13460 [DEBUG] CPDLLDpsdk::DPSDKCallback(): CPDLLDpsdk::DPSDKCallback(...) m_cmd[253] m_sequence[0]
[1109 17:15:00.595][PDLLMessageQueue.cpp:5703] TID 2760 [INFO] CPDLLMessageQueue::OnChannelViewInfoReport(): [DPSDK_CORE]OnChannelViewInfoReport():CamearId[1000005$1$0$0],nDistance[127],nAngelH[590],nAzimuthH[134],nInclinationH[0]
[1109 17:15:00.827][PDLLDpsdk_fun.cpp:597] TID 13460 [DEBUG] CPDLLDpsdk::DPSDKCallback(): CPDLLDpsdk::DPSDKCallback(...) m_cmd[253] m_sequence[0]
[1109 17:15:00.827][PDLLMessageQueue.cpp:5703] TID 2760 [INFO] CPDLLMessageQueue::OnChannelViewInfoReport(): [DPSDK_CORE]OnChannelViewInfoReport():CamearId[1000005$1$0$0],nDistance[139],nAngelH[545],nAzimuthH[353],nInclinationH[0]
[1109 17:15:00.927][PDLLDpsdk_fun.cpp:597] TID 13460 [DEBUG] CPDLLDpsdk::DPSDKCallback(): CPDLLDpsdk::DPSDKCallback(...) m_cmd[253] m_sequence[0]
[1109 17:15:00.927][PDLLMessageQueue.cpp:5703] TID 2760 [INFO] CPDLLMessageQueue::OnChannelViewInfoReport(): [DPSDK_CORE]OnChannelViewInfoReport():CamearId[1000005$1$0$0],nDistance[152],nAngelH[505],nAzimuthH[342],nInclinationH[0]
[1109 17:15:01.047][PDLLDpsdk_fun.cpp:597] TID 13460 [DEBUG] CPDLLDpsdk::DPSDKCallback(): CPDLLDpsdk::DPSDKCallback(...) m_cmd[253] m_sequence[0]
[1109 17:15:01.047][PDLLMessageQueue.cpp:5703] TID 2760 [INFO] CPDLLMessageQueue::OnChannelViewInfoReport(): [DPSDK_CORE]OnChannelViewInfoReport():CamearId[1000005$1$0$0],nDistance[152],nAngelH[505],nAzimuthH[332],nInclinationH[0]
[1109 17:15:01.178][PDLLDpsdk_fun.cpp:597] TID 13460 [DEBUG] CPDLLDpsdk::DPSDKCallback(): CPDLLDpsdk::DPSDKCallback(...) m_cmd[253] m_sequence[0]
[1109 17:15:01.179][PDLLMessageQueue.cpp:5703] TID 2760 [INFO] CPDLLMessageQueue::OnChannelViewInfoReport(): [DPSDK_CORE]OnChannelViewInfoReport():CamearId[1000005$1$0$0],nDistance[165],nAngelH[471],nAzimuthH[322],nInclinationH[0]
[1109 17:15:01.289][PDLLDpsdk_fun.cpp:597] TID 13460 [DEBUG] CPDLLDpsdk::DPSDKCallback(): CPDLLDpsdk::DPSDKCallback(...) m_cmd[253] m_sequence[0]
[1109 17:15:01.289][PDLLMessageQueue.cpp:5703] TID 2760 [INFO] CPDLLMessageQueue::OnChannelViewInfoReport(): [DPSDK_CORE]OnChannelViewInfoReport():CamearId[1000005$1$0$0],nDistance[176],nAngelH[442],nAzimuthH[311],nInclinationH[0]
[1109 17:15:01.410][PDLLDpsdk_fun.cpp:597] TID 13460 [DEBUG] CPDLLDpsdk::DPSDKCallback(): CPDLLDpsdk::DPSDKCallback(...) m_cmd[253] m_sequence[0]
[1109 17:15:01.410][PDLLMessageQueue.cpp:5703] TID 2760 [INFO] CPDLLMessageQueue::OnChannelViewInfoReport(): [DPSDK_CORE]OnChannelViewInfoReport():CamearId[1000005$1$0$0],nDistance[189],nAngelH[416],nAzimuthH[301],nInclinationH[0]
[1109 17:15:01.540][PDLLDpsdk_fun.cpp:597] TID 13460 [DEBUG] CPDLLDpsdk::DPSDKCallback(): CPDLLDpsdk::DPSDKCallback(...) m_cmd[253] m_sequence[0]
[1109 17:15:01.540][PDLLMessageQueue.cpp:5703] TID 2760 [INFO] CPDLLMessageQueue::OnChannelViewInfoReport(): [DPSDK_CORE]OnChannelViewInfoReport():CamearId[1000005$1$0$0],nDistance[199],nAngelH[396],nAzimuthH[292],nInclinationH[0]
[1109 17:15:01.641][PDLLDpsdk_fun.cpp:597] TID 13460 [DEBUG] CPDLLDpsdk::DPSDKCallback(): CPDLLDpsdk::DPSDKCallback(...) m_cmd[253] m_sequence[0]
[1109 17:15:01.641][PDLLMessageQueue.cpp:5703] TID 2760 [INFO] CPDLLMessageQueue::OnChannelViewInfoReport(): [DPSDK_CORE]OnChannelViewInfoReport():CamearId[1000005$1$0$0],nDistance[211],nAngelH[376],nAzimuthH[291],nInclinationH[0]
[1109 17:15:01.791][PDLLDpsdk_fun.cpp:597] TID 13460 [DEBUG] CPDLLDpsdk::DPSDKCallback(): CPDLLDpsdk::DPSDKCallback(...) m_cmd[253] m_sequence[0]
[1109 17:15:01.791][PDLLMessageQueue.cpp:5703] TID 2760 [INFO] CPDLLMessageQueue::OnChannelViewInfoReport(): [DPSDK_CORE]OnChannelViewInfoReport():CamearId[1000005$1$0$0],nDistance[232],nAngelH[343],nAzimuthH[291],nInclinationH[0]
[1109 17:15:01.902][PDLLDpsdk_fun.cpp:597] TID 13460 [DEBUG] CPDLLDpsdk::DPSDKCallback(): CPDLLDpsdk::DPSDKCallback(...) m_cmd[253] m_sequence[0]
[1109 17:15:01.902][PDLLMessageQueue.cpp:5703] TID 2760 [INFO] CPDLLMessageQueue::OnChannelViewInfoReport(): [DPSDK_CORE]OnChannelViewInfoReport():CamearId[1000005$1$0$0],nDistance[244],nAngelH[327],nAzimuthH[291],nInclinationH[0]
[1109 17:15:02.365][PDLLDpsdk_fun.cpp:597] TID 13460 [DEBUG] CPDLLDpsdk::DPSDKCallback(): CPDLLDpsdk::DPSDKCallback(...) m_cmd[253] m_sequence[0]
[1109 17:15:02.365][PDLLMessageQueue.cpp:5703] TID 2760 [INFO] CPDLLMessageQueue::OnChannelViewInfoReport(): [DPSDK_CORE]OnChannelViewInfoReport():CamearId[1000005$1$0$0],nDistance[244],nAngelH[327],nAzimuthH[291],nInclinationH[0]
[1109 17:15:04.836][PDLLDpsdk_fun.cpp:597] TID 13460 [DEBUG] CPDLLDpsdk::DPSDKCallback(): CPDLLDpsdk::DPSDKCallback(...) m_cmd[253] m_sequence[0]
[1109 17:15:04.836][PDLLMessageQueue.cpp:5703] TID 2760 [INFO] CPDLLMessageQueue::OnChannelViewInfoReport(): [DPSDK_CORE]OnChannelViewInfoReport():CamearId[1000006$1$0$0],nDistance[244],nAngelH[327],nAzimuthH[344],nInclinationH[0]
[1109 17:15:04.977][PDLLDpsdk_fun.cpp:597] TID 13460 [DEBUG] CPDLLDpsdk::DPSDKCallback(): CPDLLDpsdk::DPSDKCallback(...) m_cmd[253] m_sequence[0]
[1109 17:15:04.977][PDLLMessageQueue.cpp:5703] TID 2760 [INFO] CPDLLMessageQueue::OnChannelViewInfoReport(): [DPSDK_CORE]OnChannelViewInfoReport():CamearId[1000006$1$0$0],nDistance[232],nAngelH[343],nAzimuthH[345],nInclinationH[0]
[1109 17:15:05.077][PDLLDpsdk_fun.cpp:597] TID 13460 [DEBUG] CPDLLDpsdk::DPSDKCallback(): CPDLLDpsdk::DPSDKCallback(...) m_cmd[253] m_sequence[0]
[1109 17:15:05.077][PDLLMessageQueue.cpp:5703] TID 2760 [INFO] CPDLLMessageQueue::OnChannelViewInfoReport(): [DPSDK_CORE]OnChannelViewInfoReport():CamearId[1000006$1$0$0],nDistance[222],nAngelH[357],nAzimuthH[351],nInclinationH[0]
[1109 17:15:05.208][PDLLDpsdk_fun.cpp:597] TID 13460 [DEBUG] CPDLLDpsdk::DPSDKCallback(): CPDLLDpsdk::DPSDKCallback(...) m_cmd[253] m_sequence[0]
[1109 17:15:05.208][PDLLMessageQueue.cpp:5703] TID 2760 [INFO] CPDLLMessageQueue::OnChannelViewInfoReport(): [DPSDK_CORE]OnChannelViewInfoReport():CamearId[1000006$1$0$0],nDistance[211],nAngelH[376],nAzimuthH[18],nInclinationH[0]
[1109 17:15:05.329][PDLLDpsdk_fun.cpp:597] TID 13460 [DEBUG] CPDLLDpsdk::DPSDKCallback(): CPDLLDpsdk::DPSDKCallback(...) m_cmd[253] m_sequence[0]
[1109 17:15:05.329][PDLLMessageQueue.cpp:5703] TID 2760 [INFO] CPDLLMessageQueue::OnChannelViewInfoReport(): [DPSDK_CORE]OnChannelViewInfoReport():CamearId[1000006$1$0$0],nDistance[189],nAngelH[416],nAzimuthH[123],nInclinationH[0]
[1109 17:15:05.449][PDLLDpsdk_fun.cpp:597] TID 13460 [DEBUG] CPDLLDpsdk::DPSDKCallback(): CPDLLDpsdk::DPSDKCallback(...) m_cmd[253] m_sequence[0]
[1109 17:15:05.449][PDLLMessageQueue.cpp:5703] TID 2760 [INFO] CPDLLMessageQueue::OnChannelViewInfoReport(): [DPSDK_CORE]OnChannelViewInfoReport():CamearId[1000006$1$0$0],nDistance[189],nAngelH[416],nAzimuthH[228],nInclinationH[0]
[1109 17:15:05.590][PDLLDpsdk_fun.cpp:597] TID 13460 [DEBUG] CPDLLDpsdk::DPSDKCallback(): CPDLLDpsdk::DPSDKCallback(...) m_cmd[253] m_sequence[0]
[1109 17:15:05.590][PDLLMessageQueue.cpp:5703] TID 2760 [INFO] CPDLLMessageQueue::OnChannelViewInfoReport(): [DPSDK_CORE]OnChannelViewInfoReport():CamearId[1000006$1$0$0],nDistance[176],nAngelH[442],nAzimuthH[331],nInclinationH[0]
[1109 17:15:05.701][PDLLDpsdk_fun.cpp:597] TID 13460 [DEBUG] CPDLLDpsdk::DPSDKCallback(): CPDLLDpsdk::DPSDKCallback(...) m_cmd[253] m_sequence[0]
[1109 17:15:05.701][PDLLMessageQueue.cpp:5703] TID 2760 [INFO] CPDLLMessageQueue::OnChannelViewInfoReport(): [DPSDK_CORE]OnChannelViewInfoReport():CamearId[1000006$1$0$0],nDistance[165],nAngelH[471],nAzimuthH[437],nInclinationH[0]
[1109 17:15:05.822][PDLLDpsdk_fun.cpp:597] TID 13460 [DEBUG] CPDLLDpsdk::DPSDKCallback(): CPDLLDpsdk::DPSDKCallback(...) m_cmd[253] m_sequence[0]
[1109 17:15:05.822][PDLLMessageQueue.cpp:5703] TID 2760 [INFO] CPDLLMessageQueue::OnChannelViewInfoReport(): [DPSDK_CORE]OnChannelViewInfoReport():CamearId[1000006$1$0$0],nDistance[152],nAngelH[505],nAzimuthH[540],nInclinationH[0]
[1109 17:15:05.932][PDLLDpsdk_fun.cpp:597] TID 13460 [DEBUG] CPDLLDpsdk::DPSDKCallback(): CPDLLDpsdk::DPSDKCallback(...) m_cmd[253] m_sequence[0]
[1109 17:15:05.932][PDLLMessageQueue.cpp:5703] TID 2760 [INFO] CPDLLMessageQueue::OnChannelViewInfoReport(): [DPSDK_CORE]OnChannelViewInfoReport():CamearId[1000006$1$0$0],nDistance[152],nAngelH[505],nAzimuthH[645],nInclinationH[0]
[1109 17:15:06.103][PDLLDpsdk_fun.cpp:597] TID 13460 [DEBUG] CPDLLDpsdk::DPSDKCallback(): CPDLLDpsdk::DPSDKCallback(...) m_cmd[253] m_sequence[0]
[1109 17:15:06.103][PDLLMessageQueue.cpp:5703] TID 2760 [INFO] CPDLLMessageQueue::OnChannelViewInfoReport(): [DPSDK_CORE]OnChannelViewInfoReport():CamearId[1000006$1$0$0],nDistance[152],nAngelH[505],nAzimuthH[745],nInclinationH[0]
[1109 17:15:06.183][PDLLDpsdk_fun.cpp:597] TID 13460 [DEBUG] CPDLLDpsdk::DPSDKCallback(): CPDLLDpsdk::DPSDKCallback(...) m_cmd[253] m_sequence[0]
[1109 17:15:06.183][PDLLMessageQueue.cpp:5703] TID 2760 [INFO] CPDLLMessageQueue::OnChannelViewInfoReport(): [DPSDK_CORE]OnChannelViewInfoReport():CamearId[1000006$1$0$0],nDistance[152],nAngelH[505],nAzimuthH[768],nInclinationH[0]
[1109 17:15:06.304][PDLLDpsdk_fun.cpp:597] TID 13460 [DEBUG] CPDLLDpsdk::DPSDKCallback(): CPDLLDpsdk::DPSDKCallback(...) m_cmd[253] m_sequence[0]
[1109 17:15:06.304][PDLLMessageQueue.cpp:5703] TID 2760 [INFO] CPDLLMessageQueue::OnChannelViewInfoReport(): [DPSDK_CORE]OnChannelViewInfoReport():CamearId[1000006$1$0$0],nDistance[152],nAngelH[505],nAzimuthH[770],nInclinationH[0]
[1109 17:15:12.070][PDLLDpsdk_fun.cpp:597] TID 13460 [DEBUG] CPDLLDpsdk::DPSDKCallback(): CPDLLDpsdk::DPSDKCallback(...) m_cmd[253] m_sequence[0]
[1109 17:15:12.070][PDLLMessageQueue.cpp:5703] TID 2760 [INFO] CPDLLMessageQueue::OnChannelViewInfoReport(): [DPSDK_CORE]OnChannelViewInfoReport():CamearId[1000008$1$0$0],nDistance[127],nAngelH[590],nAzimuthH[324],nInclinationH[0]
[1109 17:15:12.190][PDLLDpsdk_fun.cpp:597] TID 13460 [DEBUG] CPDLLDpsdk::DPSDKCallback(): CPDLLDpsdk::DPSDKCallback(...) m_cmd[253] m_sequence[0]
[1109 17:15:12.190][PDLLMessageQueue.cpp:5703] TID 2760 [INFO] CPDLLMessageQueue::OnChannelViewInfoReport(): [DPSDK_CORE]OnChannelViewInfoReport():CamearId[1000008$1$0$0],nDistance[127],nAngelH[590],nAzimuthH[320],nInclinationH[0]
[1109 17:15:12.312][PDLLDpsdk_fun.cpp:597] TID 13460 [DEBUG] CPDLLDpsdk::DPSDKCallback(): CPDLLDpsdk::DPSDKCallback(...) m_cmd[253] m_sequence[0]
[1109 17:15:12.312][PDLLMessageQueue.cpp:5703] TID 2760 [INFO] CPDLLMessageQueue::OnChannelViewInfoReport(): [DPSDK_CORE]OnChannelViewInfoReport():CamearId[1000008$1$0$0],nDistance[139],nAngelH[545],nAzimuthH[310],nInclinationH[0]
[1109 17:15:12.422][PDLLDpsdk_fun.cpp:597] TID 13460 [DEBUG] CPDLLDpsdk::DPSDKCallback(): CPDLLDpsdk::DPSDKCallback(...) m_cmd[253] m_sequence[0]
[1109 17:15:12.422][PDLLMessageQueue.cpp:5703] TID 2760 [INFO] CPDLLMessageQueue::OnChannelViewInfoReport(): [DPSDK_CORE]OnChannelViewInfoReport():CamearId[1000008$1$0$0],nDistance[152],nAngelH[505],nAzimuthH[300],nInclinationH[0]
[1109 17:15:12.552][PDLLDpsdk_fun.cpp:597] TID 13460 [DEBUG] CPDLLDpsdk::DPSDKCallback(): CPDLLDpsdk::DPSDKCallback(...) m_cmd[253] m_sequence[0]
[1109 17:15:12.552][PDLLMessageQueue.cpp:5703] TID 2760 [INFO] CPDLLMessageQueue::OnChannelViewInfoReport(): [DPSDK_CORE]OnChannelViewInfoReport():CamearId[1000008$1$0$0],nDistance[152],nAngelH[505],nAzimuthH[289],nInclinationH[0]
[1109 17:15:12.666][PDLLDpsdk_fun.cpp:597] TID 13460 [DEBUG] CPDLLDpsdk::DPSDKCallback(): CPDLLDpsdk::DPSDKCallback(...) m_cmd[253] m_sequence[0]
[1109 17:15:12.674][PDLLMessageQueue.cpp:5703] TID 2760 [INFO] CPDLLMessageQueue::OnChannelViewInfoReport(): [DPSDK_CORE]OnChannelViewInfoReport():CamearId[1000008$1$0$0],nDistance[165],nAngelH[471],nAzimuthH[279],nInclinationH[0]
[1109 17:15:12.784][PDLLDpsdk_fun.cpp:597] TID 13460 [DEBUG] CPDLLDpsdk::DPSDKCallback(): CPDLLDpsdk::DPSDKCallback(...) m_cmd[253] m_sequence[0]
[1109 17:15:12.784][PDLLMessageQueue.cpp:5703] TID 2760 [INFO] CPDLLMessageQueue::OnChannelViewInfoReport(): [DPSDK_CORE]OnChannelViewInfoReport():CamearId[1000008$1$0$0],nDistance[165],nAngelH[471],nAzimuthH[268],nInclinationH[0]
[1109 17:15:12.893][PDLLDpsdk_fun.cpp:597] TID 13460 [DEBUG] CPDLLDpsdk::DPSDKCallback(): CPDLLDpsdk::DPSDKCallback(...) m_cmd[253] m_sequence[0]
[1109 17:15:12.894][PDLLMessageQueue.cpp:5703] TID 2760 [INFO] CPDLLMessageQueue::OnChannelViewInfoReport(): [DPSDK_CORE]OnChannelViewInfoReport():CamearId[1000008$1$0$0],nDistance[165],nAngelH[471],nAzimuthH[258],nInclinationH[0]
[1109 17:15:13.025][PDLLDpsdk_fun.cpp:597] TID 13460 [DEBUG] CPDLLDpsdk::DPSDKCallback(): CPDLLDpsdk::DPSDKCallback(...) m_cmd[253] m_sequence[0]
[1109 17:15:13.025][PDLLMessageQueue.cpp:5703] TID 2760 [INFO] CPDLLMessageQueue::OnChannelViewInfoReport(): [DPSDK_CORE]OnChannelViewInfoReport():CamearId[1000008$1$0$0],nDistance[165],nAngelH[471],nAzimuthH[247],nInclinationH[0]
[1109 17:15:13.135][PDLLDpsdk_fun.cpp:597] TID 13460 [DEBUG] CPDLLDpsdk::DPSDKCallback(): CPDLLDpsdk::DPSDKCallback(...) m_cmd[253] m_sequence[0]
[1109 17:15:13.136][PDLLMessageQueue.cpp:5703] TID 2760 [INFO] CPDLLMessageQueue::OnChannelViewInfoReport(): [DPSDK_CORE]OnChannelViewInfoReport():CamearId[1000008$1$0$0],nDistance[165],nAngelH[471],nAzimuthH[237],nInclinationH[0]
[1109 17:15:13.266][PDLLDpsdk_fun.cpp:597] TID 13460 [DEBUG] CPDLLDpsdk::DPSDKCallback(): CPDLLDpsdk::DPSDKCallback(...) m_cmd[253] m_sequence[0]
[1109 17:15:13.266][PDLLMessageQueue.cpp:5703] TID 2760 [INFO] CPDLLMessageQueue::OnChannelViewInfoReport(): [DPSDK_CORE]OnChannelViewInfoReport():CamearId[1000008$1$0$0],nDistance[165],nAngelH[471],nAzimuthH[226],nInclinationH[0]
[1109 17:15:13.376][PDLLDpsdk_fun.cpp:597] TID 13460 [DEBUG] CPDLLDpsdk::DPSDKCallback(): CPDLLDpsdk::DPSDKCallback(...) m_cmd[253] m_sequence[0]
[1109 17:15:13.376][PDLLMessageQueue.cpp:5703] TID 2760 [INFO] CPDLLMessageQueue::OnChannelViewInfoReport(): [DPSDK_CORE]OnChannelViewInfoReport():CamearId[1000008$1$0$0],nDistance[165],nAngelH[471],nAzimuthH[216],nInclinationH[0]
[1109 17:15:13.507][PDLLDpsdk_fun.cpp:597] TID 13460 [DEBUG] CPDLLDpsdk::DPSDKCallback(): CPDLLDpsdk::DPSDKCallback(...) m_cmd[253] m_sequence[0]
[1109 17:15:13.507][PDLLMessageQueue.cpp:5703] TID 2760 [INFO] CPDLLMessageQueue::OnChannelViewInfoReport(): [DPSDK_CORE]OnChannelViewInfoReport():CamearId[1000008$1$0$0],nDistance[165],nAngelH[471],nAzimuthH[205],nInclinationH[0]
[1109 17:15:13.608][PDLLDpsdk_fun.cpp:597] TID 13460 [DEBUG] CPDLLDpsdk::DPSDKCallback(): CPDLLDpsdk::DPSDKCallback(...) m_cmd[253] m_sequence[0]
[1109 17:15:13.608][PDLLMessageQueue.cpp:5703] TID 2760 [INFO] CPDLLMessageQueue::OnChannelViewInfoReport(): [DPSDK_CORE]OnChannelViewInfoReport():CamearId[1000008$1$0$0],nDistance[165],nAngelH[471],nAzimuthH[195],nInclinationH[0]
[1109 17:15:13.749][PDLLDpsdk_fun.cpp:597] TID 13460 [DEBUG] CPDLLDpsdk::DPSDKCallback(): CPDLLDpsdk::DPSDKCallback(...) m_cmd[253] m_sequence[0]
[1109 17:15:13.749][PDLLMessageQueue.cpp:5703] TID 2760 [INFO] CPDLLMessageQueue::OnChannelViewInfoReport(): [DPSDK_CORE]OnChannelViewInfoReport():CamearId[1000008$1$0$0],nDistance[165],nAngelH[471],nAzimuthH[184],nInclinationH[0]
[1109 17:15:13.849][PDLLDpsdk_fun.cpp:597] TID 13460 [DEBUG] CPDLLDpsdk::DPSDKCallback(): CPDLLDpsdk::DPSDKCallback(...) m_cmd[253] m_sequence[0]
[1109 17:15:13.849][PDLLMessageQueue.cpp:5703] TID 2760 [INFO] CPDLLMessageQueue::OnChannelViewInfoReport(): [DPSDK_CORE]OnChannelViewInfoReport():CamearId[1000008$1$0$0],nDistance[165],nAngelH[471],nAzimuthH[174],nInclinationH[0]
[1109 17:15:14.151][PDLLDpsdk_fun.cpp:597] TID 13460 [DEBUG] CPDLLDpsdk::DPSDKCallback(): CPDLLDpsdk::DPSDKCallback(...) m_cmd[253] m_sequence[0]
[1109 17:15:14.151][PDLLMessageQueue.cpp:5703] TID 2760 [INFO] CPDLLMessageQueue::OnChannelViewInfoReport(): [DPSDK_CORE]OnChannelViewInfoReport():CamearId[1000008$1$0$0],nDistance[165],nAngelH[471],nAzimuthH[164],nInclinationH[0]
[1109 17:15:14.191][PDLLDpsdk_fun.cpp:597] TID 13460 [DEBUG] CPDLLDpsdk::DPSDKCallback(): CPDLLDpsdk::DPSDKCallback(...) m_cmd[253] m_sequence[0]
[1109 17:15:14.191][PDLLMessageQueue.cpp:5703] TID 2760 [INFO] CPDLLMessageQueue::OnChannelViewInfoReport(): [DPSDK_CORE]OnChannelViewInfoReport():CamearId[1000008$1$0$0],nDistance[165],nAngelH[471],nAzimuthH[160],nInclinationH[0]
[1109 17:15:14.684][PDLLDpsdk_fun.cpp:597] TID 13460 [DEBUG] CPDLLDpsdk::DPSDKCallback(): CPDLLDpsdk::DPSDKCallback(...) m_cmd[253] m_sequence[0]
[1109 17:15:14.684][PDLLMessageQueue.cpp:5703] TID 2760 [INFO] CPDLLMessageQueue::OnChannelViewInfoReport(): [DPSDK_CORE]OnChannelViewInfoReport():CamearId[1000008$1$0$0],nDistance[165],nAngelH[471],nAzimuthH[159],nInclinationH[0]
[1109 17:15:15.670][PDLLDpsdk_fun.cpp:597] TID 13460 [DEBUG] CPDLLDpsdk::DPSDKCallback(): CPDLLDpsdk::DPSDKCallback(...) m_cmd[459] m_sequence[60]
[1109 17:15:15.670][PDLLDpsdk_fun.cpp:597] TID 13460 [DEBUG] CPDLLDpsdk::DPSDKCallback(): CPDLLDpsdk::DPSDKCallback(...) m_cmd[480] m_sequence[61]
[1109 17:15:15.670][PDLLMessageQueue.cpp:901] TID 2760 [DEBUG] CPDLLMessageQueue::OnDpsdkCallBackAlarm(): [DPSDK_CORE]OnDpsdkCallBackAlarm()alarmtype = 584, strDeviceID = 1000006, nChannel = 0, cameraId = 1000006$1$0$0 alarmID = [{005B1021-E8F2-9F40-86EC-B293C005FA99}] eventType = [1] time = [1604913856]
[1109 17:15:15.670][PDLLMessageQueue.cpp:5537] TID 2760 [DEBUG] CPDLLMessageQueue::OnNewAlarmReprot(): [DPSDK_CORE]OnNewAlarmReprot():deviceID[1000006], channelNo[0]
[1109 17:15:25.046][PDLLDpsdk_fun.cpp:597] TID 13460 [DEBUG] CPDLLDpsdk::DPSDKCallback(): CPDLLDpsdk::DPSDKCallback(...) m_cmd[253] m_sequence[0]
[1109 17:15:25.047][PDLLMessageQueue.cpp:5703] TID 2760 [INFO] CPDLLMessageQueue::OnChannelViewInfoReport(): [DPSDK_CORE]OnChannelViewInfoReport():CamearId[1000004$1$0$0],nDistance[127],nAngelH[590],nAzimuthH[310],nInclinationH[0]
[1109 17:15:25.198][PDLLDpsdk_fun.cpp:597] TID 13460 [DEBUG] CPDLLDpsdk::DPSDKCallback(): CPDLLDpsdk::DPSDKCallback(...) m_cmd[253] m_sequence[0]
[1109 17:15:25.198][PDLLMessageQueue.cpp:5703] TID 2760 [INFO] CPDLLMessageQueue::OnChannelViewInfoReport(): [DPSDK_CORE]OnChannelViewInfoReport():CamearId[1000004$1$0$0],nDistance[127],nAngelH[590],nAzimuthH[301],nInclinationH[0]
[1109 17:15:25.295][DMSClientMdl.cpp:1497] TID 14296 [INFO] DPSdk::DMSClientMdl::OnDmsReconnect(): [PSDK] DMSClientMdl::OnDmsReconnect(), m_timerReconnect->KillTimer, id=26
[1109 17:15:25.343][PDLLDpsdk_fun.cpp:597] TID 13460 [DEBUG] CPDLLDpsdk::DPSDKCallback(): CPDLLDpsdk::DPSDKCallback(...) m_cmd[253] m_sequence[0]
[1109 17:15:25.343][PDLLMessageQueue.cpp:5703] TID 2760 [INFO] CPDLLMessageQueue::OnChannelViewInfoReport(): [DPSDK_CORE]OnChannelViewInfoReport():CamearId[1000004$1$0$0],nDistance[127],nAngelH[590],nAzimuthH[290],nInclinationH[0]
[1109 17:15:25.429][PDLLDpsdk_fun.cpp:597] TID 13460 [DEBUG] CPDLLDpsdk::DPSDKCallback(): CPDLLDpsdk::DPSDKCallback(...) m_cmd[253] m_sequence[0]
[1109 17:15:25.429][PDLLMessageQueue.cpp:5703] TID 2760 [INFO] CPDLLMessageQueue::OnChannelViewInfoReport(): [DPSDK_CORE]OnChannelViewInfoReport():CamearId[1000004$1$0$0],nDistance[127],nAngelH[590],nAzimuthH[280],nInclinationH[0]
[1109 17:15:25.540][PDLLDpsdk_fun.cpp:597] TID 13460 [DEBUG] CPDLLDpsdk::DPSDKCallback(): CPDLLDpsdk::DPSDKCallback(...) m_cmd[253] m_sequence[0]
[1109 17:15:25.540][PDLLMessageQueue.cpp:5703] TID 2760 [INFO] CPDLLMessageQueue::OnChannelViewInfoReport(): [DPSDK_CORE]OnChannelViewInfoReport():CamearId[1000004$1$0$0],nDistance[127],nAngelH[590],nAzimuthH[269],nInclinationH[0]
[1109 17:15:25.670][PDLLDpsdk_fun.cpp:597] TID 13460 [DEBUG] CPDLLDpsdk::DPSDKCallback(): CPDLLDpsdk::DPSDKCallback(...) m_cmd[253] m_sequence[0]
[1109 17:15:25.670][PDLLMessageQueue.cpp:5703] TID 2760 [INFO] CPDLLMessageQueue::OnChannelViewInfoReport(): [DPSDK_CORE]OnChannelViewInfoReport():CamearId[1000004$1$0$0],nDistance[127],nAngelH[590],nAzimuthH[259],nInclinationH[0]
[1109 17:15:25.791][PDLLDpsdk_fun.cpp:597] TID 13460 [DEBUG] CPDLLDpsdk::DPSDKCallback(): CPDLLDpsdk::DPSDKCallback(...) m_cmd[253] m_sequence[0]
[1109 17:15:25.791][PDLLMessageQueue.cpp:5703] TID 2760 [INFO] CPDLLMessageQueue::OnChannelViewInfoReport(): [DPSDK_CORE]OnChannelViewInfoReport():CamearId[1000004$1$0$0],nDistance[127],nAngelH[590],nAzimuthH[248],nInclinationH[0]
[1109 17:15:25.911][PDLLDpsdk_fun.cpp:597] TID 13460 [DEBUG] CPDLLDpsdk::DPSDKCallback(): CPDLLDpsdk::DPSDKCallback(...) m_cmd[253] m_sequence[0]
[1109 17:15:25.911][PDLLMessageQueue.cpp:5703] TID 2760 [INFO] CPDLLMessageQueue::OnChannelViewInfoReport(): [DPSDK_CORE]OnChannelViewInfoReport():CamearId[1000004$1$0$0],nDistance[127],nAngelH[590],nAzimuthH[238],nInclinationH[0]
[1109 17:15:26.022][PDLLDpsdk_fun.cpp:597] TID 13460 [DEBUG] CPDLLDpsdk::DPSDKCallback(): CPDLLDpsdk::DPSDKCallback(...) m_cmd[253] m_sequence[0]
[1109 17:15:26.022][PDLLMessageQueue.cpp:5703] TID 2760 [INFO] CPDLLMessageQueue::OnChannelViewInfoReport(): [DPSDK_CORE]OnChannelViewInfoReport():CamearId[1000004$1$0$0],nDistance[127],nAngelH[590],nAzimuthH[227],nInclinationH[0]
[1109 17:15:26.143][PDLLDpsdk_fun.cpp:597] TID 13460 [DEBUG] CPDLLDpsdk::DPSDKCallback(): CPDLLDpsdk::DPSDKCallback(...) m_cmd[253] m_sequence[0]
[1109 17:15:26.143][PDLLMessageQueue.cpp:5703] TID 2760 [INFO] CPDLLMessageQueue::OnChannelViewInfoReport(): [DPSDK_CORE]OnChannelViewInfoReport():CamearId[1000004$1$0$0],nDistance[127],nAngelH[590],nAzimuthH[217],nInclinationH[0]
[1109 17:15:26.263][PDLLDpsdk_fun.cpp:597] TID 13460 [DEBUG] CPDLLDpsdk::DPSDKCallback(): CPDLLDpsdk::DPSDKCallback(...) m_cmd[253] m_sequence[0]
[1109 17:15:26.264][PDLLMessageQueue.cpp:5703] TID 2760 [INFO] CPDLLMessageQueue::OnChannelViewInfoReport(): [DPSDK_CORE]OnChannelViewInfoReport():CamearId[1000004$1$0$0],nDistance[127],nAngelH[590],nAzimuthH[206],nInclinationH[0]
[1109 17:15:26.404][PDLLDpsdk_fun.cpp:597] TID 13460 [DEBUG] CPDLLDpsdk::DPSDKCallback(): CPDLLDpsdk::DPSDKCallback(...) m_cmd[253] m_sequence[0]
[1109 17:15:26.404][PDLLMessageQueue.cpp:5703] TID 2760 [INFO] CPDLLMessageQueue::OnChannelViewInfoReport(): [DPSDK_CORE]OnChannelViewInfoReport():CamearId[1000004$1$0$0],nDistance[127],nAngelH[590],nAzimuthH[196],nInclinationH[0]
[1109 17:15:26.505][PDLLDpsdk_fun.cpp:597] TID 13460 [DEBUG] CPDLLDpsdk::DPSDKCallback(): CPDLLDpsdk::DPSDKCallback(...) m_cmd[253] m_sequence[0]
[1109 17:15:26.505][PDLLMessageQueue.cpp:5703] TID 2760 [INFO] CPDLLMessageQueue::OnChannelViewInfoReport(): [DPSDK_CORE]OnChannelViewInfoReport():CamearId[1000004$1$0$0],nDistance[127],nAngelH[590],nAzimuthH[185],nInclinationH[0]
[1109 17:15:26.635][PDLLDpsdk_fun.cpp:597] TID 13460 [DEBUG] CPDLLDpsdk::DPSDKCallback(): CPDLLDpsdk::DPSDKCallback(...) m_cmd[253] m_sequence[0]
[1109 17:15:26.635][PDLLMessageQueue.cpp:5703] TID 2760 [INFO] CPDLLMessageQueue::OnChannelViewInfoReport(): [DPSDK_CORE]OnChannelViewInfoReport():CamearId[1000004$1$0$0],nDistance[127],nAngelH[590],nAzimuthH[175],nInclinationH[0]
[1109 17:15:26.745][PDLLDpsdk_fun.cpp:597] TID 13460 [DEBUG] CPDLLDpsdk::DPSDKCallback(): CPDLLDpsdk::DPSDKCallback(...) m_cmd[253] m_sequence[0]
[1109 17:15:26.745][PDLLMessageQueue.cpp:5703] TID 2760 [INFO] CPDLLMessageQueue::OnChannelViewInfoReport(): [DPSDK_CORE]OnChannelViewInfoReport():CamearId[1000004$1$0$0],nDistance[127],nAngelH[590],nAzimuthH[164],nInclinationH[0]
[1109 17:15:26.877][PDLLDpsdk_fun.cpp:597] TID 13460 [DEBUG] CPDLLDpsdk::DPSDKCallback(): CPDLLDpsdk::DPSDKCallback(...) m_cmd[253] m_sequence[0]
[1109 17:15:26.877][PDLLMessageQueue.cpp:5703] TID 2760 [INFO] CPDLLMessageQueue::OnChannelViewInfoReport(): [DPSDK_CORE]OnChannelViewInfoReport():CamearId[1000004$1$0$0],nDistance[127],nAngelH[590],nAzimuthH[154],nInclinationH[0]
[1109 17:15:26.977][PDLLDpsdk_fun.cpp:597] TID 13460 [DEBUG] CPDLLDpsdk::DPSDKCallback(): CPDLLDpsdk::DPSDKCallback(...) m_cmd[253] m_sequence[0]
[1109 17:15:26.977][PDLLMessageQueue.cpp:5703] TID 2760 [INFO] CPDLLMessageQueue::OnChannelViewInfoReport(): [DPSDK_CORE]OnChannelViewInfoReport():CamearId[1000004$1$0$0],nDistance[127],nAngelH[590],nAzimuthH[145],nInclinationH[0]
[1109 17:15:27.108][PDLLDpsdk_fun.cpp:597] TID 13460 [DEBUG] CPDLLDpsdk::DPSDKCallback(): CPDLLDpsdk::DPSDKCallback(...) m_cmd[253] m_sequence[0]
[1109 17:15:27.108][PDLLMessageQueue.cpp:5703] TID 2760 [INFO] CPDLLMessageQueue::OnChannelViewInfoReport(): [DPSDK_CORE]OnChannelViewInfoReport():CamearId[1000004$1$0$0],nDistance[127],nAngelH[590],nAzimuthH[144],nInclinationH[0]
[1109 17:15:27.296][PESClientMdl.cpp:364] TID 12364 [INFO] DPSdk::PESClientMdl::OnPESReconnect(): [PSDK] PESClientMdl::OnPESReconnect(), m_timerReconnect->kill, id=29
[1109 17:15:28.072][PDLLDpsdk_fun.cpp:597] TID 13460 [DEBUG] CPDLLDpsdk::DPSDKCallback(): CPDLLDpsdk::DPSDKCallback(...) m_cmd[253] m_sequence[0]
[1109 17:15:28.072][PDLLMessageQueue.cpp:5703] TID 2760 [INFO] CPDLLMessageQueue::OnChannelViewInfoReport(): [DPSDK_CORE]OnChannelViewInfoReport():CamearId[1000004$1$0$0],nDistance[127],nAngelH[590],nAzimuthH[144],nInclinationH[0]
[1109 17:15:47.261][PDLLDpsdk_fun.cpp:597] TID 13460 [DEBUG] CPDLLDpsdk::DPSDKCallback(): CPDLLDpsdk::DPSDKCallback(...) m_cmd[459] m_sequence[72]
[1109 17:15:47.261][PDLLDpsdk_fun.cpp:597] TID 13460 [DEBUG] CPDLLDpsdk::DPSDKCallback(): CPDLLDpsdk::DPSDKCallback(...) m_cmd[480] m_sequence[73]
[1109 17:15:47.261][PDLLMessageQueue.cpp:901] TID 2760 [DEBUG] CPDLLMessageQueue::OnDpsdkCallBackAlarm(): [DPSDK_CORE]OnDpsdkCallBackAlarm()alarmtype = 4405, strDeviceID = 1000005, nChannel = 0, cameraId = 1000005 alarmID = [{19B5A742-137B-2D46-87D7-66E2C56F18E6}] eventType = [1] time = [1604913887]
[1109 17:15:47.261][PDLLMessageQueue.cpp:5537] TID 2760 [DEBUG] CPDLLMessageQueue::OnNewAlarmReprot(): [DPSDK_CORE]OnNewAlarmReprot():deviceID[1000005], channelNo[0]
