[1110 08:26:32.800][DPSDK_Core.cpp:394] TID 12804 [INFO] DPSDK_Login(): [DPSDK]IP=192.168.2.64 port=9000 name=test password=test123456 iType=1
[1110 08:26:32.800][DPSDK_Core.cpp:406] TID 12804 [INFO] DPSDK_Login(): nPDLLHandle = 1, IP = 192.168.2.64, Port = 9000, name = test, password = test123456,nProtocol = 2, iType = 1, szCheckBit = 
[1110 08:26:32.800][CMSClientMdl_for_general.cpp:199] TID 13960 [INFO] DPSdk::CMSClientMdl::HandlePreLogin(): CMSClientMdl::HandlePreLogin()
[1110 08:26:32.800][ServerSession.cpp:87] TID 13960 [INFO] DPSdk::ServerSession::ConnectServer(): [PSDK] ServerSession::ConnectServer() sid = 0, ip = 192.168.2.64, port = 9000
[1110 08:26:32.801][CMSClientMdl_for_general.cpp:257] TID 13960 [INFO] DPSdk::CMSClientMdl::HandlePreLogin(): CMSClientMdl::HandlePreLogin() SEND_AND_STORE_MSG
[1110 08:26:32.820][CMSClientMdl.cpp:1105] TID 13960 [INFO] DPSdk::CMSClientMdl::onMessage(): [PSDK] CMSClientMdl::onMessage error nResult[443] at operation[41]
[1110 08:26:32.820][CMSClientMdl_for_general.cpp:264] TID 13960 [INFO] DPSdk::CMSClientMdl::HandleLoginWithEncryption(): CMSClientMdl::HandleLoginWithEncryption()
[1110 08:26:32.830][CMSClientMdl_for_general.cpp:349] TID 13960 [INFO] DPSdk::CMSClientMdl::OnLoginResponse(): [PSDK] CMSClientMdl::OnLoginResponse()  m_loginSeq=3
[1110 08:26:32.831][CMSClientMdl_for_general.cpp:440] TID 13960 [INFO] DPSdk::CMSClientMdl::OnLoginResponse(): [PSDK] CMSClientMdl::OnLoginResponse(), m_timerHeartBeat->SetTimer, id = 2 , ms = 15000
[1110 08:26:32.831][CMSClientMdl_for_general.cpp:461] TID 13960 [INFO] DPSdk::CMSClientMdl::OnLoginResponse(): [PSDK] CMSClientMdl::OnLoginResponse(), m_timerHeartBeatResp->SetTimer, id = 1 , ms = 60s
[1110 08:26:32.831][PDLLDpsdk_fun.cpp:597] TID 12432 [DEBUG] CPDLLDpsdk::DPSDKCallback(): CPDLLDpsdk::DPSDKCallback(...) m_cmd[6] m_sequence[1]
[1110 08:26:32.831][PDLLMessageQueue.cpp:524] TID 10940 [DEBUG] CPDLLMessageQueue::OnDpsdkCallBack(): CPDLLMessageQueue::OnDpsdkCallBack(...) pInfo->m_nCmd[6] pInfo->m_nSeq[1]
[1110 08:26:32.831][CMSClientMdl_for_general.cpp:607] TID 13960 [DEBUG] DPSdk::CMSClientMdl::HandleGetGroup(): CMSClientMdl::HandleGetGroup: bReload = 0 ,m_bSaveGroupFile = false
[1110 08:26:32.831][CMSClientMdl_for_general.cpp:721] TID 13960 [INFO] DPSdk::CMSClientMdl::GetGroupInfo(): 0---send get org cmd to CMS! = [1604967992]
[1110 08:26:32.832][CMSClientMdl_for_func.cpp:216] TID 13960 [INFO] DPSdk::CMSClientMdl::OnMessageRequest(): CU_MESSAGE pRequest->_code = 11315
[1110 08:26:32.832][PDLLDpsdk_fun.cpp:597] TID 12432 [DEBUG] CPDLLDpsdk::DPSDKCallback(): CPDLLDpsdk::DPSDKCallback(...) m_cmd[71] m_sequence[0]
[1110 08:26:32.832][CMSClientMdl_for_func.cpp:216] TID 13960 [INFO] DPSdk::CMSClientMdl::OnMessageRequest(): CU_MESSAGE pRequest->_code = 400
[1110 08:26:32.832][CMSClientMdl_for_func.cpp:593] TID 13960 [INFO] DPSdk::CMSClientMdl::OnMessageRequest(): [PSDK] OnMessageRequest CU_USER_LOGIN nUserId[2] nState[1] cmd[26]
[1110 08:26:32.832][PDLLDpsdk_fun.cpp:597] TID 12432 [DEBUG] CPDLLDpsdk::DPSDKCallback(): CPDLLDpsdk::DPSDKCallback(...) m_cmd[26] m_sequence[0]
[1110 08:26:32.832][CMSClientMdl_for_func.cpp:216] TID 13960 [INFO] DPSdk::CMSClientMdl::OnMessageRequest(): CU_MESSAGE pRequest->_code = 78
[1110 08:26:32.845][CMSClientMdl.cpp:1063] TID 13960 [INFO] DPSdk::CMSClientMdl::onError(): [DPSDK] engineId:0, connId:0, error:3
[1110 08:26:32.845][CMSClientMdl_for_general.cpp:1165] TID 13960 [INFO] DPSdk::CMSClientMdl::OnGetAllTreeResponse(): 1---orgXml start = [1604967992]
[1110 08:26:32.845][DPSDKXmlParse.cpp:693] TID 13960 [INFO] DPSdk::GetAllOrgInfo(): 
[1110 08:26:32.845][CMSClientMdl_for_general.cpp:1173] TID 13960 [INFO] DPSdk::CMSClientMdl::OnGetAllTreeResponse(): 2---orgXml end = [1604967992]
[1110 08:26:32.862][CMSClientMdl_for_general.cpp:1325] TID 13960 [INFO] DPSdk::CMSClientMdl::OnGetAllTreeResponse(): 3---DevXml start = [1604967992]
[1110 08:26:32.864][CMSClientMdl_for_general.cpp:1332] TID 13960 [INFO] DPSdk::CMSClientMdl::OnGetAllTreeResponse(): 4---DevXml end = [1604967992]
[1110 08:26:32.864][PDLLDpsdk_fun.cpp:597] TID 12432 [DEBUG] CPDLLDpsdk::DPSDKCallback(): CPDLLDpsdk::DPSDKCallback(...) m_cmd[3102] m_sequence[4]
[1110 08:26:32.865][PDLLMessageQueue.cpp:524] TID 10940 [DEBUG] CPDLLMessageQueue::OnDpsdkCallBack(): CPDLLMessageQueue::OnDpsdkCallBack(...) pInfo->m_nCmd[3102] pInfo->m_nSeq[4]
[1110 08:26:32.874][CMSClientMdl_for_func.cpp:110] TID 13960 [INFO] DPSdk::CMSClientMdl::OnGetServerListResponse(): UNIT_MGW mgwIP = [192.168.2.64] mgwPort = [9090]
[1110 08:26:32.874][CMSClientMdl.cpp:1105] TID 13960 [INFO] DPSdk::CMSClientMdl::onMessage(): [PSDK] CMSClientMdl::onMessage error nResult[570] at operation[156]
[1110 08:26:32.874][SCSClientMdl.cpp:236] TID 1408 [INFO] DPSdk::SCSClientMdl::DealWithOneResponse(): SCSClientMdl::DealWithOneResponse: CMD[5107]
[1110 08:26:32.874][SCSClientMdl.cpp:243] TID 1408 [INFO] DPSdk::SCSClientMdl::DealWithOneResponse(): msgRes->serverMap.empty() = 
[1110 08:26:32.874][CMSClientMdl.cpp:1063] TID 13960 [INFO] DPSdk::CMSClientMdl::onError(): [DPSDK] engineId:0, connId:0, error:3
[1110 08:26:32.874][PDLLDpsdk_fun.cpp:597] TID 12432 [DEBUG] CPDLLDpsdk::DPSDKCallback(): CPDLLDpsdk::DPSDKCallback(...) m_cmd[72] m_sequence[14]
[1110 08:26:32.874][PDLLDpsdk_fun.cpp:651] TID 12432 [INFO] CPDLLDpsdk::DPSDKCallback(): DPSDK_CMD_GET_RELATIVE_FPT_PATH begin
[1110 08:26:32.874][PDLLDpsdk_fun.cpp:662] TID 12432 [INFO] CPDLLDpsdk::DPSDKCallback(): DPSDK_CMD_GET_RELATIVE_FPT_PATH end
[1110 08:26:32.874][PDLLMessageQueue.cpp:5526] TID 10940 [INFO] CPDLLMessageQueue::OnGetFtpPath(): UpdateFtpInfo() begin
[1110 08:26:32.874][DMSClientSession.cpp:303] TID 5956 [INFO] DPSdk::DMSClientSession::ConnectToDmsServer(): Dms Server ip list(0)=>192.168.2.64:9200
[1110 08:26:32.874][DMSClientSession.cpp:303] TID 5956 [INFO] DPSdk::DMSClientSession::ConnectToDmsServer(): Dms Server ip list(1)=>112.25.210.130:9200
[1110 08:26:32.927][PCSClientMdl.cpp:374] TID 13496 [INFO] DPSdk::PCSClientMdl::ConnectToPcsServer(): CheckTcpConnect ip[192.168.2.64] port[9001]
[1110 08:26:32.928][ServerSession.cpp:87] TID 13496 [INFO] DPSdk::ServerSession::ConnectServer(): [PSDK] ServerSession::ConnectServer() sid = 1, ip = 192.168.2.64, port = 9001
[1110 08:26:32.948][PCSClientMdl_for_func.cpp:170] TID 13496 [INFO] DPSdk::PCSClientMdl::OnLoginResponse(): [PSDK] PCSClientMdl::OnLoginResponse(), m_timerHeartBeat->SetTimer, id = 20, ms=7500
[1110 08:26:32.948][PDLLDpsdk_fun.cpp:597] TID 12432 [DEBUG] CPDLLDpsdk::DPSDKCallback(): CPDLLDpsdk::DPSDKCallback(...) m_cmd[701] m_sequence[0]
[1110 08:26:35.874][ServerSession.cpp:87] TID 8348 [INFO] DPSdk::ServerSession::ConnectServer(): [PSDK] ServerSession::ConnectServer() sid = 2, ip = 192.168.2.64, port = 9600
[1110 08:26:35.874][ADSClientSession.cpp:298] TID 8348 [INFO] DPSdk::ADSClientSession::SendLoginADSPdu(): [PSDK] ADSClientSession::SendLoginADSPdu sequence[18] serverId[11001] ip[192.168.2.64]
[1110 08:26:35.875][ServerSession.cpp:87] TID 5956 [INFO] DPSdk::ServerSession::ConnectServer(): [PSDK] ServerSession::ConnectServer() sid = 3, ip = 192.168.2.64, port = 9200
[1110 08:26:35.875][PDLLMessageQueue.cpp:5528] TID 10940 [INFO] CPDLLMessageQueue::OnGetFtpPath(): UpdateFtpInfo() begin
[1110 08:26:35.875][ServerSession.cpp:87] TID 9520 [INFO] DPSdk::ServerSession::ConnectServer(): [PSDK] ServerSession::ConnectServer() sid = 4, ip = 192.168.2.64, port = 9400
[1110 08:26:35.875][DMSClientSession.cpp:316] TID 5956 [INFO] DPSdk::DMSClientSession::ConnectToDmsServer(): Dms ConnectServer=>192.168.2.64:9200
[1110 08:26:35.875][DMSClientMdl.cpp:1594] TID 5956 [INFO] DPSdk::DMSClientMdl::StartReconTimer(): [PSDK] DMSClientMdl::StartReconTimer(), m_timerReconnect->SetTimer, id=21
[1110 08:26:35.897][ADSClientMdl.cpp:820] TID 8348 [INFO] DPSdk::ADSClientMdl::OnLoginAdsResponse(): [PSDK] login ads server success.
[1110 08:26:35.897][ADSClientMdl.cpp:747] TID 8348 [INFO] DPSdk::ADSClientMdl::StartHBTimer(): [PSDK] ADSClientMdl::StartHBTimer(), m_timerHeartBeat->SetTimer, id=22, ms=15000
[1110 08:26:35.897][ADSClientSession.cpp:1267] TID 8348 [INFO] DPSdk::ADSClientSession::HandleSendEmptyXml(): [PSDK] ADSClientSession::HandleSetAlarmEnable sequence[20] serverId[11001] ip[192.168.2.64]
[1110 08:26:35.897][PDLLDpsdk_fun.cpp:597] TID 12432 [DEBUG] CPDLLDpsdk::DPSDKCallback(): CPDLLDpsdk::DPSDKCallback(...) m_cmd[458] m_sequence[21]
[1110 08:26:35.897][MsgCallbackModule.cpp:198] TID 12432 [ERR] DPSdk::MsgCallbackModule::DealWithOneMsg(): [PSDK] UnDefine CallBack
[1110 08:26:35.898][DMSClientMdl.cpp:1582] TID 5956 [INFO] DPSdk::DMSClientMdl::StartHBTimer(): [PSDK] DMSClientMdl::StartHBTimer(), m_timerHeartBeat->SetTimer, id = 23, ms=15000
[1110 08:26:35.898][PDLLDpsdk_fun.cpp:597] TID 12432 [DEBUG] CPDLLDpsdk::DPSDKCallback(): CPDLLDpsdk::DPSDKCallback(...) m_cmd[246] m_sequence[22]
[1110 08:26:35.898][PDLLDpsdk_fun.cpp:597] TID 12432 [DEBUG] CPDLLDpsdk::DPSDKCallback(): CPDLLDpsdk::DPSDKCallback(...) m_cmd[246] m_sequence[23]
[1110 08:26:35.898][PDLLDpsdk_fun.cpp:597] TID 12432 [DEBUG] CPDLLDpsdk::DPSDKCallback(): CPDLLDpsdk::DPSDKCallback(...) m_cmd[246] m_sequence[24]
[1110 08:26:35.898][PDLLDpsdk_fun.cpp:597] TID 12432 [DEBUG] CPDLLDpsdk::DPSDKCallback(): CPDLLDpsdk::DPSDKCallback(...) m_cmd[246] m_sequence[25]
[1110 08:26:35.898][PDLLDpsdk_fun.cpp:597] TID 12432 [DEBUG] CPDLLDpsdk::DPSDKCallback(): CPDLLDpsdk::DPSDKCallback(...) m_cmd[246] m_sequence[26]
[1110 08:26:35.898][PDLLDpsdk_fun.cpp:597] TID 12432 [DEBUG] CPDLLDpsdk::DPSDKCallback(): CPDLLDpsdk::DPSDKCallback(...) m_cmd[246] m_sequence[27]
[1110 08:26:35.898][PDLLDpsdk_fun.cpp:597] TID 12432 [DEBUG] CPDLLDpsdk::DPSDKCallback(): CPDLLDpsdk::DPSDKCallback(...) m_cmd[246] m_sequence[28]
[1110 08:26:35.898][PDLLDpsdk_fun.cpp:597] TID 12432 [DEBUG] CPDLLDpsdk::DPSDKCallback(): CPDLLDpsdk::DPSDKCallback(...) m_cmd[246] m_sequence[29]
[1110 08:26:35.898][PDLLDpsdk_fun.cpp:597] TID 12432 [DEBUG] CPDLLDpsdk::DPSDKCallback(): CPDLLDpsdk::DPSDKCallback(...) m_cmd[246] m_sequence[30]
[1110 08:26:35.898][PDLLDpsdk_fun.cpp:597] TID 12432 [DEBUG] CPDLLDpsdk::DPSDKCallback(): CPDLLDpsdk::DPSDKCallback(...) m_cmd[246] m_sequence[31]
[1110 08:26:35.898][PDLLDpsdk_fun.cpp:597] TID 12432 [DEBUG] CPDLLDpsdk::DPSDKCallback(): CPDLLDpsdk::DPSDKCallback(...) m_cmd[246] m_sequence[32]
[1110 08:26:35.898][PDLLDpsdk_fun.cpp:597] TID 12432 [DEBUG] CPDLLDpsdk::DPSDKCallback(): CPDLLDpsdk::DPSDKCallback(...) m_cmd[246] m_sequence[33]
[1110 08:26:35.898][PDLLDpsdk_fun.cpp:597] TID 12432 [DEBUG] CPDLLDpsdk::DPSDKCallback(): CPDLLDpsdk::DPSDKCallback(...) m_cmd[246] m_sequence[34]
[1110 08:26:35.898][PDLLDpsdk_fun.cpp:597] TID 12432 [DEBUG] CPDLLDpsdk::DPSDKCallback(): CPDLLDpsdk::DPSDKCallback(...) m_cmd[246] m_sequence[35]
[1110 08:26:35.898][PDLLDpsdk_fun.cpp:597] TID 12432 [DEBUG] CPDLLDpsdk::DPSDKCallback(): CPDLLDpsdk::DPSDKCallback(...) m_cmd[246] m_sequence[36]
[1110 08:26:35.898][PDLLDpsdk_fun.cpp:597] TID 12432 [DEBUG] CPDLLDpsdk::DPSDKCallback(): CPDLLDpsdk::DPSDKCallback(...) m_cmd[246] m_sequence[37]
[1110 08:26:37.876][PESClientMdl.cpp:424] TID 9520 [INFO] DPSdk::PESClientMdl::StartReconTimer(): [PSDK] PESClientMdl::StartReconTimer(), m_timerReconnect->SetTimer, id=24, ms=60000
[1110 08:26:37.877][PESClientMdl.cpp:414] TID 9520 [INFO] DPSdk::PESClientMdl::StartHBTimer(): [PSDK] PESClientMdl::StartHBTimer(), m_timerHeartBeat->SetTimer, id = 25, ms=40000
[1110 08:26:55.202][CMSClientMdl_for_ptz.cpp:68] TID 13960 [INFO] DPSdk::CMSClientMdl::HandlePtzQueryPoint(): innerMsg->cameraId=1000019$1$0$0£¬pPDU->_deviceId=1000019, Channelnum=0
[1110 08:26:55.209][PDLLDpsdk_fun.cpp:597] TID 12432 [DEBUG] CPDLLDpsdk::DPSDKCallback(): CPDLLDpsdk::DPSDKCallback(...) m_cmd[204] m_sequence[44]
[1110 08:27:05.590][PDLLDpsdk_fun.cpp:597] TID 12432 [DEBUG] CPDLLDpsdk::DPSDKCallback(): CPDLLDpsdk::DPSDKCallback(...) m_cmd[246] m_sequence[49]
[1110 08:27:05.631][PDLLDpsdk_fun.cpp:597] TID 12432 [DEBUG] CPDLLDpsdk::DPSDKCallback(): CPDLLDpsdk::DPSDKCallback(...) m_cmd[246] m_sequence[50]
[1110 08:27:15.799][PDLLDpsdk_fun.cpp:597] TID 12432 [DEBUG] CPDLLDpsdk::DPSDKCallback(): CPDLLDpsdk::DPSDKCallback(...) m_cmd[246] m_sequence[54]
[1110 08:27:26.010][PDLLDpsdk_fun.cpp:597] TID 12432 [DEBUG] CPDLLDpsdk::DPSDKCallback(): CPDLLDpsdk::DPSDKCallback(...) m_cmd[246] m_sequence[61]
[1110 08:27:35.874][DMSClientMdl.cpp:1497] TID 5956 [INFO] DPSdk::DMSClientMdl::OnDmsReconnect(): [PSDK] DMSClientMdl::OnDmsReconnect(), m_timerReconnect->KillTimer, id=21
[1110 08:27:37.876][PESClientMdl.cpp:364] TID 9520 [INFO] DPSdk::PESClientMdl::OnPESReconnect(): [PSDK] PESClientMdl::OnPESReconnect(), m_timerReconnect->kill, id=24
