[1106 13:36:45.397][DPSDK_Core.cpp:394] TID 14876 [INFO] DPSDK_Login(): [DPSDK]IP=192.168.2.64 port=9000 name=test password=test123456 iType=1
[1106 13:36:45.398][DPSDK_Core.cpp:406] TID 14876 [INFO] DPSDK_Login(): nPDLLHandle = 1, IP = 192.168.2.64, Port = 9000, name = test, password = test123456,nProtocol = 2, iType = 1, szCheckBit = 
[1106 13:36:45.398][CMSClientMdl_for_general.cpp:199] TID 11972 [INFO] DPSdk::CMSClientMdl::HandlePreLogin(): CMSClientMdl::HandlePreLogin()
[1106 13:36:45.398][ServerSession.cpp:87] TID 11972 [INFO] DPSdk::ServerSession::ConnectServer(): [PSDK] ServerSession::ConnectServer() sid = 0, ip = 192.168.2.64, port = 9000
[1106 13:36:45.398][CMSClientMdl_for_general.cpp:257] TID 11972 [INFO] DPSdk::CMSClientMdl::HandlePreLogin(): CMSClientMdl::HandlePreLogin() SEND_AND_STORE_MSG
[1106 13:36:45.420][CMSClientMdl.cpp:1105] TID 11972 [INFO] DPSdk::CMSClientMdl::onMessage(): [PSDK] CMSClientMdl::onMessage error nResult[443] at operation[41]
[1106 13:36:45.420][CMSClientMdl_for_general.cpp:264] TID 11972 [INFO] DPSdk::CMSClientMdl::HandleLoginWithEncryption(): CMSClientMdl::HandleLoginWithEncryption()
[1106 13:36:45.430][CMSClientMdl_for_general.cpp:349] TID 11972 [INFO] DPSdk::CMSClientMdl::OnLoginResponse(): [PSDK] CMSClientMdl::OnLoginResponse()  m_loginSeq=3
[1106 13:36:45.430][CMSClientMdl_for_general.cpp:440] TID 11972 [INFO] DPSdk::CMSClientMdl::OnLoginResponse(): [PSDK] CMSClientMdl::OnLoginResponse(), m_timerHeartBeat->SetTimer, id = 2 , ms = 15000
[1106 13:36:45.430][CMSClientMdl_for_general.cpp:461] TID 11972 [INFO] DPSdk::CMSClientMdl::OnLoginResponse(): [PSDK] CMSClientMdl::OnLoginResponse(), m_timerHeartBeatResp->SetTimer, id = 1 , ms = 60s
[1106 13:36:45.430][PDLLDpsdk_fun.cpp:597] TID 6568 [DEBUG] CPDLLDpsdk::DPSDKCallback(): CPDLLDpsdk::DPSDKCallback(...) m_cmd[6] m_sequence[1]
[1106 13:36:45.430][PDLLMessageQueue.cpp:524] TID 5824 [DEBUG] CPDLLMessageQueue::OnDpsdkCallBack(): CPDLLMessageQueue::OnDpsdkCallBack(...) pInfo->m_nCmd[6] pInfo->m_nSeq[1]
[1106 13:36:45.430][CMSClientMdl_for_general.cpp:607] TID 11972 [DEBUG] DPSdk::CMSClientMdl::HandleGetGroup(): CMSClientMdl::HandleGetGroup: bReload = 0 ,m_bSaveGroupFile = false
[1106 13:36:45.430][CMSClientMdl_for_general.cpp:721] TID 11972 [INFO] DPSdk::CMSClientMdl::GetGroupInfo(): 0---send get org cmd to CMS! = [1604641005]
[1106 13:36:45.431][CMSClientMdl_for_func.cpp:216] TID 11972 [INFO] DPSdk::CMSClientMdl::OnMessageRequest(): CU_MESSAGE pRequest->_code = 11315
[1106 13:36:45.431][CMSClientMdl_for_func.cpp:216] TID 11972 [INFO] DPSdk::CMSClientMdl::OnMessageRequest(): CU_MESSAGE pRequest->_code = 400
[1106 13:36:45.431][CMSClientMdl_for_func.cpp:593] TID 11972 [INFO] DPSdk::CMSClientMdl::OnMessageRequest(): [PSDK] OnMessageRequest CU_USER_LOGIN nUserId[2] nState[1] cmd[26]
[1106 13:36:45.431][PDLLDpsdk_fun.cpp:597] TID 6568 [DEBUG] CPDLLDpsdk::DPSDKCallback(): CPDLLDpsdk::DPSDKCallback(...) m_cmd[71] m_sequence[0]
[1106 13:36:45.431][CMSClientMdl_for_func.cpp:216] TID 11972 [INFO] DPSdk::CMSClientMdl::OnMessageRequest(): CU_MESSAGE pRequest->_code = 78
[1106 13:36:45.431][PDLLDpsdk_fun.cpp:597] TID 6568 [DEBUG] CPDLLDpsdk::DPSDKCallback(): CPDLLDpsdk::DPSDKCallback(...) m_cmd[26] m_sequence[0]
[1106 13:36:45.440][CMSClientMdl.cpp:1063] TID 11972 [INFO] DPSdk::CMSClientMdl::onError(): [DPSDK] engineId:0, connId:0, error:3
[1106 13:36:45.440][CMSClientMdl_for_general.cpp:1165] TID 11972 [INFO] DPSdk::CMSClientMdl::OnGetAllTreeResponse(): 1---orgXml start = [1604641005]
[1106 13:36:45.440][DPSDKXmlParse.cpp:693] TID 11972 [INFO] DPSdk::GetAllOrgInfo(): 
[1106 13:36:45.440][CMSClientMdl_for_general.cpp:1173] TID 11972 [INFO] DPSdk::CMSClientMdl::OnGetAllTreeResponse(): 2---orgXml end = [1604641005]
[1106 13:36:45.454][CMSClientMdl_for_general.cpp:1325] TID 11972 [INFO] DPSdk::CMSClientMdl::OnGetAllTreeResponse(): 3---DevXml start = [1604641005]
[1106 13:36:45.455][CMSClientMdl_for_general.cpp:1332] TID 11972 [INFO] DPSdk::CMSClientMdl::OnGetAllTreeResponse(): 4---DevXml end = [1604641005]
[1106 13:36:45.455][PDLLDpsdk_fun.cpp:597] TID 6568 [DEBUG] CPDLLDpsdk::DPSDKCallback(): CPDLLDpsdk::DPSDKCallback(...) m_cmd[3102] m_sequence[4]
[1106 13:36:45.455][PDLLMessageQueue.cpp:524] TID 5824 [DEBUG] CPDLLMessageQueue::OnDpsdkCallBack(): CPDLLMessageQueue::OnDpsdkCallBack(...) pInfo->m_nCmd[3102] pInfo->m_nSeq[4]
[1106 13:36:45.467][CMSClientMdl_for_func.cpp:110] TID 11972 [INFO] DPSdk::CMSClientMdl::OnGetServerListResponse(): UNIT_MGW mgwIP = [192.168.2.64] mgwPort = [9090]
[1106 13:36:45.468][CMSClientMdl.cpp:1105] TID 11972 [INFO] DPSdk::CMSClientMdl::onMessage(): [PSDK] CMSClientMdl::onMessage error nResult[570] at operation[156]
[1106 13:36:45.468][SCSClientMdl.cpp:236] TID 23004 [INFO] DPSdk::SCSClientMdl::DealWithOneResponse(): SCSClientMdl::DealWithOneResponse: CMD[5107]
[1106 13:36:45.468][SCSClientMdl.cpp:243] TID 23004 [INFO] DPSdk::SCSClientMdl::DealWithOneResponse(): msgRes->serverMap.empty() = 
[1106 13:36:45.479][CMSClientMdl.cpp:1063] TID 11972 [INFO] DPSdk::CMSClientMdl::onError(): [DPSDK] engineId:0, connId:0, error:3
[1106 13:36:45.479][PCSClientMdl.cpp:374] TID 16828 [INFO] DPSdk::PCSClientMdl::ConnectToPcsServer(): CheckTcpConnect ip[192.168.2.64] port[9001]
[1106 13:36:45.479][DMSClientSession.cpp:303] TID 11968 [INFO] DPSdk::DMSClientSession::ConnectToDmsServer(): Dms Server ip list(0)=>192.168.2.64:9200
[1106 13:36:45.479][DMSClientSession.cpp:303] TID 11968 [INFO] DPSdk::DMSClientSession::ConnectToDmsServer(): Dms Server ip list(1)=>112.25.210.130:9200
[1106 13:36:45.479][ServerSession.cpp:87] TID 16828 [INFO] DPSdk::ServerSession::ConnectServer(): [PSDK] ServerSession::ConnectServer() sid = 1, ip = 192.168.2.64, port = 9001
[1106 13:36:45.505][PCSClientMdl_for_func.cpp:170] TID 16828 [INFO] DPSdk::PCSClientMdl::OnLoginResponse(): [PSDK] PCSClientMdl::OnLoginResponse(), m_timerHeartBeat->SetTimer, id = 22, ms=7500
[1106 13:36:45.505][PDLLDpsdk_fun.cpp:597] TID 6568 [DEBUG] CPDLLDpsdk::DPSDKCallback(): CPDLLDpsdk::DPSDKCallback(...) m_cmd[701] m_sequence[0]
[1106 13:36:45.508][PDLLDpsdk_fun.cpp:597] TID 6568 [DEBUG] CPDLLDpsdk::DPSDKCallback(): CPDLLDpsdk::DPSDKCallback(...) m_cmd[72] m_sequence[14]
[1106 13:36:45.508][PDLLDpsdk_fun.cpp:651] TID 6568 [INFO] CPDLLDpsdk::DPSDKCallback(): DPSDK_CMD_GET_RELATIVE_FPT_PATH begin
[1106 13:36:45.508][PDLLDpsdk_fun.cpp:662] TID 6568 [INFO] CPDLLDpsdk::DPSDKCallback(): DPSDK_CMD_GET_RELATIVE_FPT_PATH end
[1106 13:36:45.508][PDLLMessageQueue.cpp:5526] TID 5824 [INFO] CPDLLMessageQueue::OnGetFtpPath(): UpdateFtpInfo() begin
[1106 13:36:48.459][ServerSession.cpp:87] TID 22540 [INFO] DPSdk::ServerSession::ConnectServer(): [PSDK] ServerSession::ConnectServer() sid = 2, ip = 192.168.2.64, port = 9600
[1106 13:36:48.459][ADSClientSession.cpp:298] TID 22540 [INFO] DPSdk::ADSClientSession::SendLoginADSPdu(): [PSDK] ADSClientSession::SendLoginADSPdu sequence[18] serverId[11001] ip[192.168.2.64]
[1106 13:36:48.461][ADSClientMdl.cpp:820] TID 22540 [INFO] DPSdk::ADSClientMdl::OnLoginAdsResponse(): [PSDK] login ads server success.
[1106 13:36:48.461][ADSClientMdl.cpp:747] TID 22540 [INFO] DPSdk::ADSClientMdl::StartHBTimer(): [PSDK] ADSClientMdl::StartHBTimer(), m_timerHeartBeat->SetTimer, id=24, ms=15000
[1106 13:36:48.461][ADSClientSession.cpp:1267] TID 22540 [INFO] DPSdk::ADSClientSession::HandleSendEmptyXml(): [PSDK] ADSClientSession::HandleSetAlarmEnable sequence[19] serverId[11001] ip[192.168.2.64]
[1106 13:36:48.461][PDLLDpsdk_fun.cpp:597] TID 6568 [DEBUG] CPDLLDpsdk::DPSDKCallback(): CPDLLDpsdk::DPSDKCallback(...) m_cmd[458] m_sequence[20]
[1106 13:36:48.461][MsgCallbackModule.cpp:198] TID 6568 [ERR] DPSdk::MsgCallbackModule::DealWithOneMsg(): [PSDK] UnDefine CallBack
[1106 13:36:48.468][ServerSession.cpp:87] TID 8932 [INFO] DPSdk::ServerSession::ConnectServer(): [PSDK] ServerSession::ConnectServer() sid = 3, ip = 192.168.2.64, port = 9400
[1106 13:36:48.480][ServerSession.cpp:87] TID 11968 [INFO] DPSdk::ServerSession::ConnectServer(): [PSDK] ServerSession::ConnectServer() sid = 4, ip = 192.168.2.64, port = 9200
[1106 13:36:48.480][DMSClientSession.cpp:316] TID 11968 [INFO] DPSdk::DMSClientSession::ConnectToDmsServer(): Dms ConnectServer=>192.168.2.64:9200
[1106 13:36:48.480][DMSClientMdl.cpp:1594] TID 11968 [INFO] DPSdk::DMSClientMdl::StartReconTimer(): [PSDK] DMSClientMdl::StartReconTimer(), m_timerReconnect->SetTimer, id=25
[1106 13:36:48.493][DMSClientMdl.cpp:1582] TID 11968 [INFO] DPSdk::DMSClientMdl::StartHBTimer(): [PSDK] DMSClientMdl::StartHBTimer(), m_timerHeartBeat->SetTimer, id = 26, ms=15000
[1106 13:36:48.493][PDLLDpsdk_fun.cpp:597] TID 6568 [DEBUG] CPDLLDpsdk::DPSDKCallback(): CPDLLDpsdk::DPSDKCallback(...) m_cmd[246] m_sequence[22]
[1106 13:36:48.493][PDLLDpsdk_fun.cpp:597] TID 6568 [DEBUG] CPDLLDpsdk::DPSDKCallback(): CPDLLDpsdk::DPSDKCallback(...) m_cmd[246] m_sequence[23]
[1106 13:36:48.493][PDLLDpsdk_fun.cpp:597] TID 6568 [DEBUG] CPDLLDpsdk::DPSDKCallback(): CPDLLDpsdk::DPSDKCallback(...) m_cmd[246] m_sequence[24]
[1106 13:36:48.493][PDLLDpsdk_fun.cpp:597] TID 6568 [DEBUG] CPDLLDpsdk::DPSDKCallback(): CPDLLDpsdk::DPSDKCallback(...) m_cmd[246] m_sequence[25]
[1106 13:36:48.493][PDLLDpsdk_fun.cpp:597] TID 6568 [DEBUG] CPDLLDpsdk::DPSDKCallback(): CPDLLDpsdk::DPSDKCallback(...) m_cmd[246] m_sequence[26]
[1106 13:36:48.493][PDLLDpsdk_fun.cpp:597] TID 6568 [DEBUG] CPDLLDpsdk::DPSDKCallback(): CPDLLDpsdk::DPSDKCallback(...) m_cmd[246] m_sequence[27]
[1106 13:36:48.493][PDLLDpsdk_fun.cpp:597] TID 6568 [DEBUG] CPDLLDpsdk::DPSDKCallback(): CPDLLDpsdk::DPSDKCallback(...) m_cmd[246] m_sequence[28]
[1106 13:36:48.493][PDLLDpsdk_fun.cpp:597] TID 6568 [DEBUG] CPDLLDpsdk::DPSDKCallback(): CPDLLDpsdk::DPSDKCallback(...) m_cmd[246] m_sequence[29]
[1106 13:36:48.493][PDLLDpsdk_fun.cpp:597] TID 6568 [DEBUG] CPDLLDpsdk::DPSDKCallback(): CPDLLDpsdk::DPSDKCallback(...) m_cmd[246] m_sequence[30]
[1106 13:36:48.493][PDLLDpsdk_fun.cpp:597] TID 6568 [DEBUG] CPDLLDpsdk::DPSDKCallback(): CPDLLDpsdk::DPSDKCallback(...) m_cmd[246] m_sequence[31]
[1106 13:36:48.493][PDLLDpsdk_fun.cpp:597] TID 6568 [DEBUG] CPDLLDpsdk::DPSDKCallback(): CPDLLDpsdk::DPSDKCallback(...) m_cmd[246] m_sequence[32]
[1106 13:36:48.493][PDLLDpsdk_fun.cpp:597] TID 6568 [DEBUG] CPDLLDpsdk::DPSDKCallback(): CPDLLDpsdk::DPSDKCallback(...) m_cmd[246] m_sequence[33]
[1106 13:36:48.493][PDLLDpsdk_fun.cpp:597] TID 6568 [DEBUG] CPDLLDpsdk::DPSDKCallback(): CPDLLDpsdk::DPSDKCallback(...) m_cmd[246] m_sequence[34]
[1106 13:36:48.493][PDLLDpsdk_fun.cpp:597] TID 6568 [DEBUG] CPDLLDpsdk::DPSDKCallback(): CPDLLDpsdk::DPSDKCallback(...) m_cmd[246] m_sequence[35]
[1106 13:36:48.493][PDLLDpsdk_fun.cpp:597] TID 6568 [DEBUG] CPDLLDpsdk::DPSDKCallback(): CPDLLDpsdk::DPSDKCallback(...) m_cmd[246] m_sequence[36]
[1106 13:36:48.493][PDLLDpsdk_fun.cpp:597] TID 6568 [DEBUG] CPDLLDpsdk::DPSDKCallback(): CPDLLDpsdk::DPSDKCallback(...) m_cmd[246] m_sequence[37]
[1106 13:36:48.508][PDLLMessageQueue.cpp:5528] TID 5824 [INFO] CPDLLMessageQueue::OnGetFtpPath(): UpdateFtpInfo() begin
[1106 13:36:50.468][PESClientMdl.cpp:424] TID 8932 [INFO] DPSdk::PESClientMdl::StartReconTimer(): [PSDK] PESClientMdl::StartReconTimer(), m_timerReconnect->SetTimer, id=27, ms=60000
[1106 13:36:50.469][PESClientMdl.cpp:414] TID 8932 [INFO] DPSdk::PESClientMdl::StartHBTimer(): [PSDK] PESClientMdl::StartHBTimer(), m_timerHeartBeat->SetTimer, id = 28, ms=40000
[1106 13:36:51.572][ServerMgrMdl.cpp:216] TID 1300 [INFO] DPSdk::ServerMgrMdl::DealWithOneRequest(): [PSDK] ServerMgrMdl::DealWithOneRequest cmd[211] nSeq = [39]
[1106 13:36:51.610][PDLLDpsdk_fun.cpp:597] TID 6568 [DEBUG] CPDLLDpsdk::DPSDKCallback(): CPDLLDpsdk::DPSDKCallback(...) m_cmd[211] m_sequence[39]
[1106 13:36:51.610][PDLLMessageQueue.cpp:524] TID 5824 [DEBUG] CPDLLMessageQueue::OnDpsdkCallBack(): CPDLLMessageQueue::OnDpsdkCallBack(...) pInfo->m_nCmd[211] pInfo->m_nSeq[39]
[1106 13:36:57.547][ServerMgrMdl.cpp:216] TID 1300 [INFO] DPSdk::ServerMgrMdl::DealWithOneRequest(): [PSDK] ServerMgrMdl::DealWithOneRequest cmd[211] nSeq = [44]
[1106 13:36:57.579][PDLLDpsdk_fun.cpp:597] TID 6568 [DEBUG] CPDLLDpsdk::DPSDKCallback(): CPDLLDpsdk::DPSDKCallback(...) m_cmd[211] m_sequence[44]
[1106 13:36:57.579][PDLLMessageQueue.cpp:524] TID 5824 [DEBUG] CPDLLMessageQueue::OnDpsdkCallBack(): CPDLLMessageQueue::OnDpsdkCallBack(...) pInfo->m_nCmd[211] pInfo->m_nSeq[44]
[1106 13:37:01.069][PDLLDpsdk_fun.cpp:597] TID 6568 [DEBUG] CPDLLDpsdk::DPSDKCallback(): CPDLLDpsdk::DPSDKCallback(...) m_cmd[246] m_sequence[48]
[1106 13:37:06.274][PDLLDpsdk_fun.cpp:597] TID 6568 [DEBUG] CPDLLDpsdk::DPSDKCallback(): CPDLLDpsdk::DPSDKCallback(...) m_cmd[246] m_sequence[51]
[1106 13:37:11.479][PDLLDpsdk_fun.cpp:597] TID 6568 [DEBUG] CPDLLDpsdk::DPSDKCallback(): CPDLLDpsdk::DPSDKCallback(...) m_cmd[246] m_sequence[53]
[1106 13:37:26.693][PDLLDpsdk_fun.cpp:597] TID 6568 [DEBUG] CPDLLDpsdk::DPSDKCallback(): CPDLLDpsdk::DPSDKCallback(...) m_cmd[246] m_sequence[59]
[1106 13:37:48.480][DMSClientMdl.cpp:1497] TID 11968 [INFO] DPSdk::DMSClientMdl::OnDmsReconnect(): [PSDK] DMSClientMdl::OnDmsReconnect(), m_timerReconnect->KillTimer, id=25
[1106 13:37:50.469][PESClientMdl.cpp:364] TID 8932 [INFO] DPSdk::PESClientMdl::OnPESReconnect(): [PSDK] PESClientMdl::OnPESReconnect(), m_timerReconnect->kill, id=27
[1106 13:38:24.413][PDLLDpsdk_ptz.cpp:21] TID 21780 [INFO] CPDLLDpsdk::PtzDirection(): PtzDirection nSeq = [82]
[1106 13:38:24.413][ServerMgrMdl.cpp:216] TID 1300 [INFO] DPSdk::ServerMgrMdl::DealWithOneRequest(): [PSDK] ServerMgrMdl::DealWithOneRequest cmd[203] nSeq = [82]
[1106 13:38:24.413][DMSClientSession.cpp:377] TID 11968 [DEBUG] DPSdk::DMSClientSession::SendPtzDirectionPdu(): PtzDirection pduSeq = [83] cameraId = [1000019$1$0$0] direct =[4]
[1106 13:38:24.458][PDLLDpsdk_fun.cpp:597] TID 6568 [DEBUG] CPDLLDpsdk::DPSDKCallback(): CPDLLDpsdk::DPSDKCallback(...) m_cmd[203] m_sequence[82]
[1106 13:38:24.458][PDLLMessageQueue.cpp:524] TID 5824 [DEBUG] CPDLLMessageQueue::OnDpsdkCallBack(): CPDLLMessageQueue::OnDpsdkCallBack(...) pInfo->m_nCmd[203] pInfo->m_nSeq[82]
[1106 13:38:31.735][PDLLDpsdk_ptz.cpp:21] TID 8080 [INFO] CPDLLDpsdk::PtzDirection(): PtzDirection nSeq = [86]
[1106 13:38:31.735][ServerMgrMdl.cpp:216] TID 1300 [INFO] DPSdk::ServerMgrMdl::DealWithOneRequest(): [PSDK] ServerMgrMdl::DealWithOneRequest cmd[203] nSeq = [86]
[1106 13:38:31.735][DMSClientSession.cpp:377] TID 11968 [DEBUG] DPSdk::DMSClientSession::SendPtzDirectionPdu(): PtzDirection pduSeq = [87] cameraId = [1000019$1$0$0] direct =[0]
[1106 13:38:31.858][PDLLDpsdk_fun.cpp:597] TID 6568 [DEBUG] CPDLLDpsdk::DPSDKCallback(): CPDLLDpsdk::DPSDKCallback(...) m_cmd[203] m_sequence[86]
[1106 13:38:31.858][PDLLMessageQueue.cpp:524] TID 5824 [DEBUG] CPDLLMessageQueue::OnDpsdkCallBack(): CPDLLMessageQueue::OnDpsdkCallBack(...) pInfo->m_nCmd[203] pInfo->m_nSeq[86]
[1106 13:40:35.586][CMSClientMdl_for_func.cpp:216] TID 11972 [INFO] DPSdk::CMSClientMdl::OnMessageRequest(): CU_MESSAGE pRequest->_code = 6
[1106 13:40:35.586][PDLLDpsdk_fun.cpp:597] TID 6568 [DEBUG] CPDLLDpsdk::DPSDKCallback(): CPDLLDpsdk::DPSDKCallback(...) m_cmd[3108] m_sequence[0]
