[1109 17:22:06.703][DPSDK_Core.cpp:394] TID 16552 [INFO] DPSDK_Login(): [DPSDK]IP=192.168.2.64 port=9000 name=test password=test123456 iType=1
[1109 17:22:06.704][DPSDK_Core.cpp:406] TID 16552 [INFO] DPSDK_Login(): nPDLLHandle = 1, IP = 192.168.2.64, Port = 9000, name = test, password = test123456,nProtocol = 2, iType = 1, szCheckBit = 
[1109 17:22:06.704][CMSClientMdl_for_general.cpp:199] TID 22868 [INFO] DPSdk::CMSClientMdl::HandlePreLogin(): CMSClientMdl::HandlePreLogin()
[1109 17:22:06.704][ServerSession.cpp:87] TID 22868 [INFO] DPSdk::ServerSession::ConnectServer(): [PSDK] ServerSession::ConnectServer() sid = 0, ip = 192.168.2.64, port = 9000
[1109 17:22:06.705][CMSClientMdl_for_general.cpp:257] TID 22868 [INFO] DPSdk::CMSClientMdl::HandlePreLogin(): CMSClientMdl::HandlePreLogin() SEND_AND_STORE_MSG
[1109 17:22:06.717][CMSClientMdl.cpp:1105] TID 22868 [INFO] DPSdk::CMSClientMdl::onMessage(): [PSDK] CMSClientMdl::onMessage error nResult[443] at operation[41]
[1109 17:22:06.718][CMSClientMdl_for_general.cpp:264] TID 22868 [INFO] DPSdk::CMSClientMdl::HandleLoginWithEncryption(): CMSClientMdl::HandleLoginWithEncryption()
[1109 17:22:06.727][CMSClientMdl_for_general.cpp:349] TID 22868 [INFO] DPSdk::CMSClientMdl::OnLoginResponse(): [PSDK] CMSClientMdl::OnLoginResponse()  m_loginSeq=3
[1109 17:22:06.728][CMSClientMdl_for_general.cpp:440] TID 22868 [INFO] DPSdk::CMSClientMdl::OnLoginResponse(): [PSDK] CMSClientMdl::OnLoginResponse(), m_timerHeartBeat->SetTimer, id = 2 , ms = 15000
[1109 17:22:06.728][CMSClientMdl_for_general.cpp:461] TID 22868 [INFO] DPSdk::CMSClientMdl::OnLoginResponse(): [PSDK] CMSClientMdl::OnLoginResponse(), m_timerHeartBeatResp->SetTimer, id = 1 , ms = 60s
[1109 17:22:06.728][PDLLDpsdk_fun.cpp:597] TID 22032 [DEBUG] CPDLLDpsdk::DPSDKCallback(): CPDLLDpsdk::DPSDKCallback(...) m_cmd[6] m_sequence[1]
[1109 17:22:06.728][PDLLMessageQueue.cpp:524] TID 7828 [DEBUG] CPDLLMessageQueue::OnDpsdkCallBack(): CPDLLMessageQueue::OnDpsdkCallBack(...) pInfo->m_nCmd[6] pInfo->m_nSeq[1]
[1109 17:22:06.728][CMSClientMdl_for_general.cpp:607] TID 22868 [DEBUG] DPSdk::CMSClientMdl::HandleGetGroup(): CMSClientMdl::HandleGetGroup: bReload = 0 ,m_bSaveGroupFile = false
[1109 17:22:06.728][CMSClientMdl_for_general.cpp:721] TID 22868 [INFO] DPSdk::CMSClientMdl::GetGroupInfo(): 0---send get org cmd to CMS! = [1604913726]
[1109 17:22:06.729][CMSClientMdl_for_func.cpp:216] TID 22868 [INFO] DPSdk::CMSClientMdl::OnMessageRequest(): CU_MESSAGE pRequest->_code = 11315
[1109 17:22:06.729][PDLLDpsdk_fun.cpp:597] TID 22032 [DEBUG] CPDLLDpsdk::DPSDKCallback(): CPDLLDpsdk::DPSDKCallback(...) m_cmd[71] m_sequence[0]
[1109 17:22:06.729][CMSClientMdl_for_func.cpp:216] TID 22868 [INFO] DPSdk::CMSClientMdl::OnMessageRequest(): CU_MESSAGE pRequest->_code = 400
[1109 17:22:06.729][CMSClientMdl_for_func.cpp:593] TID 22868 [INFO] DPSdk::CMSClientMdl::OnMessageRequest(): [PSDK] OnMessageRequest CU_USER_LOGIN nUserId[2] nState[1] cmd[26]
[1109 17:22:06.729][PDLLDpsdk_fun.cpp:597] TID 22032 [DEBUG] CPDLLDpsdk::DPSDKCallback(): CPDLLDpsdk::DPSDKCallback(...) m_cmd[26] m_sequence[0]
[1109 17:22:06.729][CMSClientMdl_for_func.cpp:216] TID 22868 [INFO] DPSdk::CMSClientMdl::OnMessageRequest(): CU_MESSAGE pRequest->_code = 78
[1109 17:22:06.736][CMSClientMdl.cpp:1063] TID 22868 [INFO] DPSdk::CMSClientMdl::onError(): [DPSDK] engineId:0, connId:0, error:3
[1109 17:22:06.736][CMSClientMdl_for_general.cpp:1165] TID 22868 [INFO] DPSdk::CMSClientMdl::OnGetAllTreeResponse(): 1---orgXml start = [1604913726]
[1109 17:22:06.736][DPSDKXmlParse.cpp:693] TID 22868 [INFO] DPSdk::GetAllOrgInfo(): 
[1109 17:22:06.736][CMSClientMdl_for_general.cpp:1173] TID 22868 [INFO] DPSdk::CMSClientMdl::OnGetAllTreeResponse(): 2---orgXml end = [1604913726]
[1109 17:22:06.755][CMSClientMdl_for_general.cpp:1325] TID 22868 [INFO] DPSdk::CMSClientMdl::OnGetAllTreeResponse(): 3---DevXml start = [1604913726]
[1109 17:22:06.756][CMSClientMdl_for_general.cpp:1332] TID 22868 [INFO] DPSdk::CMSClientMdl::OnGetAllTreeResponse(): 4---DevXml end = [1604913726]
[1109 17:22:06.756][PDLLDpsdk_fun.cpp:597] TID 22032 [DEBUG] CPDLLDpsdk::DPSDKCallback(): CPDLLDpsdk::DPSDKCallback(...) m_cmd[3102] m_sequence[4]
[1109 17:22:06.756][PDLLMessageQueue.cpp:524] TID 7828 [DEBUG] CPDLLMessageQueue::OnDpsdkCallBack(): CPDLLMessageQueue::OnDpsdkCallBack(...) pInfo->m_nCmd[3102] pInfo->m_nSeq[4]
[1109 17:22:06.768][CMSClientMdl_for_func.cpp:110] TID 22868 [INFO] DPSdk::CMSClientMdl::OnGetServerListResponse(): UNIT_MGW mgwIP = [192.168.2.64] mgwPort = [9090]
[1109 17:22:06.768][CMSClientMdl.cpp:1105] TID 22868 [INFO] DPSdk::CMSClientMdl::onMessage(): [PSDK] CMSClientMdl::onMessage error nResult[570] at operation[156]
[1109 17:22:06.768][CMSClientMdl.cpp:1063] TID 22868 [INFO] DPSdk::CMSClientMdl::onError(): [DPSDK] engineId:0, connId:0, error:3
[1109 17:22:06.768][PDLLDpsdk_fun.cpp:597] TID 22032 [DEBUG] CPDLLDpsdk::DPSDKCallback(): CPDLLDpsdk::DPSDKCallback(...) m_cmd[72] m_sequence[14]
[1109 17:22:06.768][PDLLDpsdk_fun.cpp:651] TID 22032 [INFO] CPDLLDpsdk::DPSDKCallback(): DPSDK_CMD_GET_RELATIVE_FPT_PATH begin
[1109 17:22:06.768][PDLLDpsdk_fun.cpp:662] TID 22032 [INFO] CPDLLDpsdk::DPSDKCallback(): DPSDK_CMD_GET_RELATIVE_FPT_PATH end
[1109 17:22:06.768][SCSClientMdl.cpp:236] TID 10648 [INFO] DPSdk::SCSClientMdl::DealWithOneResponse(): SCSClientMdl::DealWithOneResponse: CMD[5107]
[1109 17:22:06.768][SCSClientMdl.cpp:243] TID 10648 [INFO] DPSdk::SCSClientMdl::DealWithOneResponse(): msgRes->serverMap.empty() = 
[1109 17:22:06.768][PDLLMessageQueue.cpp:5526] TID 7828 [INFO] CPDLLMessageQueue::OnGetFtpPath(): UpdateFtpInfo() begin
[1109 17:22:06.768][DMSClientSession.cpp:303] TID 19620 [INFO] DPSdk::DMSClientSession::ConnectToDmsServer(): Dms Server ip list(0)=>192.168.2.64:9200
[1109 17:22:06.768][DMSClientSession.cpp:303] TID 19620 [INFO] DPSdk::DMSClientSession::ConnectToDmsServer(): Dms Server ip list(1)=>112.25.210.130:9200
[1109 17:22:06.820][PCSClientMdl.cpp:374] TID 21180 [INFO] DPSdk::PCSClientMdl::ConnectToPcsServer(): CheckTcpConnect ip[192.168.2.64] port[9001]
[1109 17:22:06.820][ServerSession.cpp:87] TID 21180 [INFO] DPSdk::ServerSession::ConnectServer(): [PSDK] ServerSession::ConnectServer() sid = 1, ip = 192.168.2.64, port = 9001
[1109 17:22:06.845][PCSClientMdl_for_func.cpp:170] TID 21180 [INFO] DPSdk::PCSClientMdl::OnLoginResponse(): [PSDK] PCSClientMdl::OnLoginResponse(), m_timerHeartBeat->SetTimer, id = 23, ms=7500
[1109 17:22:06.845][PDLLDpsdk_fun.cpp:597] TID 22032 [DEBUG] CPDLLDpsdk::DPSDKCallback(): CPDLLDpsdk::DPSDKCallback(...) m_cmd[701] m_sequence[0]
[1109 17:22:08.888][CMSClientMdl_for_ptz.cpp:68] TID 22868 [INFO] DPSdk::CMSClientMdl::HandlePtzQueryPoint(): innerMsg->cameraId=1000019$1$0$0£¬pPDU->_deviceId=1000019, Channelnum=0
[1109 17:22:08.895][PDLLDpsdk_fun.cpp:597] TID 22032 [DEBUG] CPDLLDpsdk::DPSDKCallback(): CPDLLDpsdk::DPSDKCallback(...) m_cmd[204] m_sequence[18]
[1109 17:22:09.766][ServerSession.cpp:87] TID 4848 [INFO] DPSdk::ServerSession::ConnectServer(): [PSDK] ServerSession::ConnectServer() sid = 2, ip = 192.168.2.64, port = 9600
[1109 17:22:09.766][ADSClientSession.cpp:298] TID 4848 [INFO] DPSdk::ADSClientSession::SendLoginADSPdu(): [PSDK] ADSClientSession::SendLoginADSPdu sequence[20] serverId[11001] ip[192.168.2.64]
[1109 17:22:09.768][ServerSession.cpp:87] TID 16864 [INFO] DPSdk::ServerSession::ConnectServer(): [PSDK] ServerSession::ConnectServer() sid = 3, ip = 192.168.2.64, port = 9400
[1109 17:22:09.768][ServerSession.cpp:87] TID 19620 [INFO] DPSdk::ServerSession::ConnectServer(): [PSDK] ServerSession::ConnectServer() sid = 4, ip = 192.168.2.64, port = 9200
[1109 17:22:09.768][PDLLMessageQueue.cpp:5528] TID 7828 [INFO] CPDLLMessageQueue::OnGetFtpPath(): UpdateFtpInfo() begin
[1109 17:22:09.768][DMSClientSession.cpp:316] TID 19620 [INFO] DPSdk::DMSClientSession::ConnectToDmsServer(): Dms ConnectServer=>192.168.2.64:9200
[1109 17:22:09.768][DMSClientMdl.cpp:1594] TID 19620 [INFO] DPSdk::DMSClientMdl::StartReconTimer(): [PSDK] DMSClientMdl::StartReconTimer(), m_timerReconnect->SetTimer, id=25
[1109 17:22:09.786][ADSClientMdl.cpp:820] TID 4848 [INFO] DPSdk::ADSClientMdl::OnLoginAdsResponse(): [PSDK] login ads server success.
[1109 17:22:09.786][DMSClientMdl.cpp:1582] TID 19620 [INFO] DPSdk::DMSClientMdl::StartHBTimer(): [PSDK] DMSClientMdl::StartHBTimer(), m_timerHeartBeat->SetTimer, id = 26, ms=15000
[1109 17:22:09.786][ADSClientMdl.cpp:747] TID 4848 [INFO] DPSdk::ADSClientMdl::StartHBTimer(): [PSDK] ADSClientMdl::StartHBTimer(), m_timerHeartBeat->SetTimer, id=27, ms=15000
[1109 17:22:09.786][ADSClientSession.cpp:1267] TID 4848 [INFO] DPSdk::ADSClientSession::HandleSendEmptyXml(): [PSDK] ADSClientSession::HandleSetAlarmEnable sequence[22] serverId[11001] ip[192.168.2.64]
[1109 17:22:09.786][PDLLDpsdk_fun.cpp:597] TID 22032 [DEBUG] CPDLLDpsdk::DPSDKCallback(): CPDLLDpsdk::DPSDKCallback(...) m_cmd[458] m_sequence[23]
[1109 17:22:09.786][MsgCallbackModule.cpp:198] TID 22032 [ERR] DPSdk::MsgCallbackModule::DealWithOneMsg(): [PSDK] UnDefine CallBack
[1109 17:22:09.787][PDLLDpsdk_fun.cpp:597] TID 22032 [DEBUG] CPDLLDpsdk::DPSDKCallback(): CPDLLDpsdk::DPSDKCallback(...) m_cmd[246] m_sequence[24]
[1109 17:22:09.787][PDLLDpsdk_fun.cpp:597] TID 22032 [DEBUG] CPDLLDpsdk::DPSDKCallback(): CPDLLDpsdk::DPSDKCallback(...) m_cmd[246] m_sequence[25]
[1109 17:22:09.787][PDLLDpsdk_fun.cpp:597] TID 22032 [DEBUG] CPDLLDpsdk::DPSDKCallback(): CPDLLDpsdk::DPSDKCallback(...) m_cmd[246] m_sequence[26]
[1109 17:22:09.787][PDLLDpsdk_fun.cpp:597] TID 22032 [DEBUG] CPDLLDpsdk::DPSDKCallback(): CPDLLDpsdk::DPSDKCallback(...) m_cmd[246] m_sequence[27]
[1109 17:22:09.787][PDLLDpsdk_fun.cpp:597] TID 22032 [DEBUG] CPDLLDpsdk::DPSDKCallback(): CPDLLDpsdk::DPSDKCallback(...) m_cmd[246] m_sequence[28]
[1109 17:22:09.787][PDLLDpsdk_fun.cpp:597] TID 22032 [DEBUG] CPDLLDpsdk::DPSDKCallback(): CPDLLDpsdk::DPSDKCallback(...) m_cmd[246] m_sequence[29]
[1109 17:22:09.787][PDLLDpsdk_fun.cpp:597] TID 22032 [DEBUG] CPDLLDpsdk::DPSDKCallback(): CPDLLDpsdk::DPSDKCallback(...) m_cmd[246] m_sequence[30]
[1109 17:22:09.787][PDLLDpsdk_fun.cpp:597] TID 22032 [DEBUG] CPDLLDpsdk::DPSDKCallback(): CPDLLDpsdk::DPSDKCallback(...) m_cmd[246] m_sequence[31]
[1109 17:22:09.787][PDLLDpsdk_fun.cpp:597] TID 22032 [DEBUG] CPDLLDpsdk::DPSDKCallback(): CPDLLDpsdk::DPSDKCallback(...) m_cmd[246] m_sequence[32]
[1109 17:22:09.787][PDLLDpsdk_fun.cpp:597] TID 22032 [DEBUG] CPDLLDpsdk::DPSDKCallback(): CPDLLDpsdk::DPSDKCallback(...) m_cmd[246] m_sequence[33]
[1109 17:22:09.787][PDLLDpsdk_fun.cpp:597] TID 22032 [DEBUG] CPDLLDpsdk::DPSDKCallback(): CPDLLDpsdk::DPSDKCallback(...) m_cmd[246] m_sequence[34]
[1109 17:22:09.787][PDLLDpsdk_fun.cpp:597] TID 22032 [DEBUG] CPDLLDpsdk::DPSDKCallback(): CPDLLDpsdk::DPSDKCallback(...) m_cmd[246] m_sequence[35]
[1109 17:22:09.787][PDLLDpsdk_fun.cpp:597] TID 22032 [DEBUG] CPDLLDpsdk::DPSDKCallback(): CPDLLDpsdk::DPSDKCallback(...) m_cmd[246] m_sequence[36]
[1109 17:22:09.787][PDLLDpsdk_fun.cpp:597] TID 22032 [DEBUG] CPDLLDpsdk::DPSDKCallback(): CPDLLDpsdk::DPSDKCallback(...) m_cmd[246] m_sequence[37]
[1109 17:22:09.787][PDLLDpsdk_fun.cpp:597] TID 22032 [DEBUG] CPDLLDpsdk::DPSDKCallback(): CPDLLDpsdk::DPSDKCallback(...) m_cmd[246] m_sequence[38]
[1109 17:22:09.787][PDLLDpsdk_fun.cpp:597] TID 22032 [DEBUG] CPDLLDpsdk::DPSDKCallback(): CPDLLDpsdk::DPSDKCallback(...) m_cmd[246] m_sequence[39]
[1109 17:22:11.769][PESClientMdl.cpp:424] TID 16864 [INFO] DPSdk::PESClientMdl::StartReconTimer(): [PSDK] PESClientMdl::StartReconTimer(), m_timerReconnect->SetTimer, id=28, ms=60000
[1109 17:22:11.773][PESClientMdl.cpp:414] TID 16864 [INFO] DPSdk::PESClientMdl::StartHBTimer(): [PSDK] PESClientMdl::StartHBTimer(), m_timerHeartBeat->SetTimer, id = 29, ms=40000
[1109 17:22:16.358][PDLLDpsdk_fun.cpp:597] TID 22032 [DEBUG] CPDLLDpsdk::DPSDKCallback(): CPDLLDpsdk::DPSDKCallback(...) m_cmd[246] m_sequence[42]
[1109 17:22:16.439][PDLLDpsdk_fun.cpp:597] TID 22032 [DEBUG] CPDLLDpsdk::DPSDKCallback(): CPDLLDpsdk::DPSDKCallback(...) m_cmd[459] m_sequence[43]
[1109 17:22:16.439][PDLLDpsdk_fun.cpp:597] TID 22032 [DEBUG] CPDLLDpsdk::DPSDKCallback(): CPDLLDpsdk::DPSDKCallback(...) m_cmd[480] m_sequence[44]
[1109 17:22:29.696][PDLLMessageQueue.cpp:901] TID 7828 [DEBUG] CPDLLMessageQueue::OnDpsdkCallBackAlarm(): [DPSDK_CORE]OnDpsdkCallBackAlarm()alarmtype = 5, strDeviceID = 1000004, nChannel = 0, cameraId = 1000004$1$0$0 alarmID = [{8E4424C2-F5D1-0749-9C7F-1E5B24BAF58A}] eventType = [2] time = [1604914277]
[1109 17:22:29.696][PDLLMessageQueue.cpp:5537] TID 7828 [DEBUG] CPDLLMessageQueue::OnNewAlarmReprot(): [DPSDK_CORE]OnNewAlarmReprot():deviceID[1000004], channelNo[0]
[1109 17:22:54.342][PDLLDpsdk_fun.cpp:597] TID 22032 [DEBUG] CPDLLDpsdk::DPSDKCallback(): CPDLLDpsdk::DPSDKCallback(...) m_cmd[253] m_sequence[0]
[1109 17:22:54.342][PDLLMessageQueue.cpp:5703] TID 7828 [INFO] CPDLLMessageQueue::OnChannelViewInfoReport(): [DPSDK_CORE]OnChannelViewInfoReport():CamearId[1000005$1$0$0],nDistance[127],nAngelH[590],nAzimuthH[190],nInclinationH[0]
[1109 17:22:54.714][PDLLDpsdk_fun.cpp:597] TID 22032 [DEBUG] CPDLLDpsdk::DPSDKCallback(): CPDLLDpsdk::DPSDKCallback(...) m_cmd[253] m_sequence[0]
[1109 17:22:54.714][PDLLMessageQueue.cpp:5703] TID 7828 [INFO] CPDLLMessageQueue::OnChannelViewInfoReport(): [DPSDK_CORE]OnChannelViewInfoReport():CamearId[1000005$1$0$0],nDistance[127],nAngelH[590],nAzimuthH[174],nInclinationH[0]
[1109 17:22:54.829][PDLLDpsdk_fun.cpp:597] TID 22032 [DEBUG] CPDLLDpsdk::DPSDKCallback(): CPDLLDpsdk::DPSDKCallback(...) m_cmd[253] m_sequence[0]
[1109 17:22:54.829][PDLLMessageQueue.cpp:5703] TID 7828 [INFO] CPDLLMessageQueue::OnChannelViewInfoReport(): [DPSDK_CORE]OnChannelViewInfoReport():CamearId[1000005$1$0$0],nDistance[127],nAngelH[590],nAzimuthH[163],nInclinationH[0]
[1109 17:22:54.925][PDLLDpsdk_fun.cpp:597] TID 22032 [DEBUG] CPDLLDpsdk::DPSDKCallback(): CPDLLDpsdk::DPSDKCallback(...) m_cmd[253] m_sequence[0]
[1109 17:22:54.925][PDLLMessageQueue.cpp:5703] TID 7828 [INFO] CPDLLMessageQueue::OnChannelViewInfoReport(): [DPSDK_CORE]OnChannelViewInfoReport():CamearId[1000005$1$0$0],nDistance[127],nAngelH[590],nAzimuthH[153],nInclinationH[0]
[1109 17:22:55.035][PDLLDpsdk_fun.cpp:597] TID 22032 [DEBUG] CPDLLDpsdk::DPSDKCallback(): CPDLLDpsdk::DPSDKCallback(...) m_cmd[253] m_sequence[0]
[1109 17:22:55.035][PDLLMessageQueue.cpp:5703] TID 7828 [INFO] CPDLLMessageQueue::OnChannelViewInfoReport(): [DPSDK_CORE]OnChannelViewInfoReport():CamearId[1000005$1$0$0],nDistance[127],nAngelH[590],nAzimuthH[142],nInclinationH[0]
[1109 17:22:55.156][PDLLDpsdk_fun.cpp:597] TID 22032 [DEBUG] CPDLLDpsdk::DPSDKCallback(): CPDLLDpsdk::DPSDKCallback(...) m_cmd[253] m_sequence[0]
[1109 17:22:55.157][PDLLMessageQueue.cpp:5703] TID 7828 [INFO] CPDLLMessageQueue::OnChannelViewInfoReport(): [DPSDK_CORE]OnChannelViewInfoReport():CamearId[1000005$1$0$0],nDistance[127],nAngelH[590],nAzimuthH[132],nInclinationH[0]
[1109 17:22:55.277][PDLLDpsdk_fun.cpp:597] TID 22032 [DEBUG] CPDLLDpsdk::DPSDKCallback(): CPDLLDpsdk::DPSDKCallback(...) m_cmd[253] m_sequence[0]
[1109 17:22:55.278][PDLLMessageQueue.cpp:5703] TID 7828 [INFO] CPDLLMessageQueue::OnChannelViewInfoReport(): [DPSDK_CORE]OnChannelViewInfoReport():CamearId[1000005$1$0$0],nDistance[127],nAngelH[590],nAzimuthH[121],nInclinationH[0]
[1109 17:22:55.397][PDLLDpsdk_fun.cpp:597] TID 22032 [DEBUG] CPDLLDpsdk::DPSDKCallback(): CPDLLDpsdk::DPSDKCallback(...) m_cmd[253] m_sequence[0]
[1109 17:22:55.397][PDLLMessageQueue.cpp:5703] TID 7828 [INFO] CPDLLMessageQueue::OnChannelViewInfoReport(): [DPSDK_CORE]OnChannelViewInfoReport():CamearId[1000005$1$0$0],nDistance[127],nAngelH[590],nAzimuthH[111],nInclinationH[0]
[1109 17:22:55.670][PDLLDpsdk_fun.cpp:597] TID 22032 [DEBUG] CPDLLDpsdk::DPSDKCallback(): CPDLLDpsdk::DPSDKCallback(...) m_cmd[253] m_sequence[0]
[1109 17:22:55.670][PDLLMessageQueue.cpp:5703] TID 7828 [INFO] CPDLLMessageQueue::OnChannelViewInfoReport(): [DPSDK_CORE]OnChannelViewInfoReport():CamearId[1000005$1$0$0],nDistance[127],nAngelH[590],nAzimuthH[903],nInclinationH[0]
[1109 17:22:55.779][PDLLDpsdk_fun.cpp:597] TID 22032 [DEBUG] CPDLLDpsdk::DPSDKCallback(): CPDLLDpsdk::DPSDKCallback(...) m_cmd[253] m_sequence[0]
[1109 17:22:55.779][PDLLMessageQueue.cpp:5703] TID 7828 [INFO] CPDLLMessageQueue::OnChannelViewInfoReport(): [DPSDK_CORE]OnChannelViewInfoReport():CamearId[1000005$1$0$0],nDistance[127],nAngelH[590],nAzimuthH[863],nInclinationH[0]
[1109 17:22:56.031][PDLLDpsdk_fun.cpp:597] TID 22032 [DEBUG] CPDLLDpsdk::DPSDKCallback(): CPDLLDpsdk::DPSDKCallback(...) m_cmd[253] m_sequence[0]
[1109 17:22:56.031][PDLLMessageQueue.cpp:5703] TID 7828 [INFO] CPDLLMessageQueue::OnChannelViewInfoReport(): [DPSDK_CORE]OnChannelViewInfoReport():CamearId[1000005$1$0$0],nDistance[127],nAngelH[590],nAzimuthH[860],nInclinationH[0]
[1109 17:22:58.476][PDLLDpsdk_fun.cpp:597] TID 22032 [DEBUG] CPDLLDpsdk::DPSDKCallback(): CPDLLDpsdk::DPSDKCallback(...) m_cmd[253] m_sequence[0]
[1109 17:22:58.476][PDLLMessageQueue.cpp:5703] TID 7828 [INFO] CPDLLMessageQueue::OnChannelViewInfoReport(): [DPSDK_CORE]OnChannelViewInfoReport():CamearId[1000006$1$0$0],nDistance[244],nAngelH[327],nAzimuthH[313],nInclinationH[0]
[1109 17:22:58.577][PDLLDpsdk_fun.cpp:597] TID 22032 [DEBUG] CPDLLDpsdk::DPSDKCallback(): CPDLLDpsdk::DPSDKCallback(...) m_cmd[253] m_sequence[0]
[1109 17:22:58.577][PDLLMessageQueue.cpp:5703] TID 7828 [INFO] CPDLLMessageQueue::OnChannelViewInfoReport(): [DPSDK_CORE]OnChannelViewInfoReport():CamearId[1000006$1$0$0],nDistance[232],nAngelH[343],nAzimuthH[317],nInclinationH[0]
[1109 17:22:58.707][PDLLDpsdk_fun.cpp:597] TID 22032 [DEBUG] CPDLLDpsdk::DPSDKCallback(): CPDLLDpsdk::DPSDKCallback(...) m_cmd[253] m_sequence[0]
[1109 17:22:58.707][PDLLMessageQueue.cpp:5703] TID 7828 [INFO] CPDLLMessageQueue::OnChannelViewInfoReport(): [DPSDK_CORE]OnChannelViewInfoReport():CamearId[1000006$1$0$0],nDistance[222],nAngelH[357],nAzimuthH[327],nInclinationH[0]
[1109 17:22:58.818][PDLLDpsdk_fun.cpp:597] TID 22032 [DEBUG] CPDLLDpsdk::DPSDKCallback(): CPDLLDpsdk::DPSDKCallback(...) m_cmd[253] m_sequence[0]
[1109 17:22:58.819][PDLLMessageQueue.cpp:5703] TID 7828 [INFO] CPDLLMessageQueue::OnChannelViewInfoReport(): [DPSDK_CORE]OnChannelViewInfoReport():CamearId[1000006$1$0$0],nDistance[199],nAngelH[396],nAzimuthH[337],nInclinationH[0]
[1109 17:22:58.950][PDLLDpsdk_fun.cpp:597] TID 22032 [DEBUG] CPDLLDpsdk::DPSDKCallback(): CPDLLDpsdk::DPSDKCallback(...) m_cmd[253] m_sequence[0]
[1109 17:22:58.950][PDLLMessageQueue.cpp:5703] TID 7828 [INFO] CPDLLMessageQueue::OnChannelViewInfoReport(): [DPSDK_CORE]OnChannelViewInfoReport():CamearId[1000006$1$0$0],nDistance[189],nAngelH[416],nAzimuthH[348],nInclinationH[0]
[1109 17:22:59.049][PDLLDpsdk_fun.cpp:597] TID 22032 [DEBUG] CPDLLDpsdk::DPSDKCallback(): CPDLLDpsdk::DPSDKCallback(...) m_cmd[253] m_sequence[0]
[1109 17:22:59.049][PDLLMessageQueue.cpp:5703] TID 7828 [INFO] CPDLLMessageQueue::OnChannelViewInfoReport(): [DPSDK_CORE]OnChannelViewInfoReport():CamearId[1000006$1$0$0],nDistance[176],nAngelH[442],nAzimuthH[358],nInclinationH[0]
[1109 17:22:59.190][PDLLDpsdk_fun.cpp:597] TID 22032 [DEBUG] CPDLLDpsdk::DPSDKCallback(): CPDLLDpsdk::DPSDKCallback(...) m_cmd[253] m_sequence[0]
[1109 17:22:59.190][PDLLMessageQueue.cpp:5703] TID 7828 [INFO] CPDLLMessageQueue::OnChannelViewInfoReport(): [DPSDK_CORE]OnChannelViewInfoReport():CamearId[1000006$1$0$0],nDistance[176],nAngelH[442],nAzimuthH[93],nInclinationH[0]
[1109 17:22:59.291][PDLLDpsdk_fun.cpp:597] TID 22032 [DEBUG] CPDLLDpsdk::DPSDKCallback(): CPDLLDpsdk::DPSDKCallback(...) m_cmd[253] m_sequence[0]
[1109 17:22:59.291][PDLLMessageQueue.cpp:5703] TID 7828 [INFO] CPDLLMessageQueue::OnChannelViewInfoReport(): [DPSDK_CORE]OnChannelViewInfoReport():CamearId[1000006$1$0$0],nDistance[165],nAngelH[471],nAzimuthH[197],nInclinationH[0]
