[1109 17:21:35.863][DPSDK_Core.cpp:394] TID 16724 [INFO] DPSDK_Login(): [DPSDK]IP=192.168.2.64 port=9000 name=test password=test123456 iType=1
[1109 17:21:35.863][DPSDK_Core.cpp:406] TID 16724 [INFO] DPSDK_Login(): nPDLLHandle = 1, IP = 192.168.2.64, Port = 9000, name = test, password = test123456,nProtocol = 2, iType = 1, szCheckBit = 
[1109 17:21:35.863][CMSClientMdl_for_general.cpp:199] TID 19980 [INFO] DPSdk::CMSClientMdl::HandlePreLogin(): CMSClientMdl::HandlePreLogin()
[1109 17:21:35.863][ServerSession.cpp:87] TID 19980 [INFO] DPSdk::ServerSession::ConnectServer(): [PSDK] ServerSession::ConnectServer() sid = 0, ip = 192.168.2.64, port = 9000
[1109 17:21:35.864][CMSClientMdl_for_general.cpp:257] TID 19980 [INFO] DPSdk::CMSClientMdl::HandlePreLogin(): CMSClientMdl::HandlePreLogin() SEND_AND_STORE_MSG
[1109 17:21:35.883][CMSClientMdl.cpp:1105] TID 19980 [INFO] DPSdk::CMSClientMdl::onMessage(): [PSDK] CMSClientMdl::onMessage error nResult[443] at operation[41]
[1109 17:21:35.883][CMSClientMdl_for_general.cpp:264] TID 19980 [INFO] DPSdk::CMSClientMdl::HandleLoginWithEncryption(): CMSClientMdl::HandleLoginWithEncryption()
[1109 17:21:35.893][CMSClientMdl_for_general.cpp:349] TID 19980 [INFO] DPSdk::CMSClientMdl::OnLoginResponse(): [PSDK] CMSClientMdl::OnLoginResponse()  m_loginSeq=3
[1109 17:21:35.893][CMSClientMdl_for_general.cpp:440] TID 19980 [INFO] DPSdk::CMSClientMdl::OnLoginResponse(): [PSDK] CMSClientMdl::OnLoginResponse(), m_timerHeartBeat->SetTimer, id = 2 , ms = 15000
[1109 17:21:35.893][CMSClientMdl_for_general.cpp:461] TID 19980 [INFO] DPSdk::CMSClientMdl::OnLoginResponse(): [PSDK] CMSClientMdl::OnLoginResponse(), m_timerHeartBeatResp->SetTimer, id = 1 , ms = 60s
[1109 17:21:35.893][PDLLDpsdk_fun.cpp:597] TID 4236 [DEBUG] CPDLLDpsdk::DPSDKCallback(): CPDLLDpsdk::DPSDKCallback(...) m_cmd[6] m_sequence[1]
[1109 17:21:35.894][PDLLMessageQueue.cpp:524] TID 21232 [DEBUG] CPDLLMessageQueue::OnDpsdkCallBack(): CPDLLMessageQueue::OnDpsdkCallBack(...) pInfo->m_nCmd[6] pInfo->m_nSeq[1]
[1109 17:21:35.894][CMSClientMdl_for_general.cpp:607] TID 19980 [DEBUG] DPSdk::CMSClientMdl::HandleGetGroup(): CMSClientMdl::HandleGetGroup: bReload = 0 ,m_bSaveGroupFile = false
[1109 17:21:35.894][CMSClientMdl_for_general.cpp:721] TID 19980 [INFO] DPSdk::CMSClientMdl::GetGroupInfo(): 0---send get org cmd to CMS! = [1604913695]
[1109 17:21:35.895][CMSClientMdl_for_func.cpp:216] TID 19980 [INFO] DPSdk::CMSClientMdl::OnMessageRequest(): CU_MESSAGE pRequest->_code = 11315
[1109 17:21:35.895][CMSClientMdl_for_func.cpp:216] TID 19980 [INFO] DPSdk::CMSClientMdl::OnMessageRequest(): CU_MESSAGE pRequest->_code = 400
[1109 17:21:35.895][CMSClientMdl_for_func.cpp:593] TID 19980 [INFO] DPSdk::CMSClientMdl::OnMessageRequest(): [PSDK] OnMessageRequest CU_USER_LOGIN nUserId[2] nState[1] cmd[26]
[1109 17:21:35.895][PDLLDpsdk_fun.cpp:597] TID 4236 [DEBUG] CPDLLDpsdk::DPSDKCallback(): CPDLLDpsdk::DPSDKCallback(...) m_cmd[71] m_sequence[0]
[1109 17:21:35.895][CMSClientMdl_for_func.cpp:216] TID 19980 [INFO] DPSdk::CMSClientMdl::OnMessageRequest(): CU_MESSAGE pRequest->_code = 78
[1109 17:21:35.895][PDLLDpsdk_fun.cpp:597] TID 4236 [DEBUG] CPDLLDpsdk::DPSDKCallback(): CPDLLDpsdk::DPSDKCallback(...) m_cmd[26] m_sequence[0]
[1109 17:21:35.904][CMSClientMdl.cpp:1063] TID 19980 [INFO] DPSdk::CMSClientMdl::onError(): [DPSDK] engineId:0, connId:0, error:3
[1109 17:21:35.904][CMSClientMdl_for_general.cpp:1165] TID 19980 [INFO] DPSdk::CMSClientMdl::OnGetAllTreeResponse(): 1---orgXml start = [1604913695]
[1109 17:21:35.904][DPSDKXmlParse.cpp:693] TID 19980 [INFO] DPSdk::GetAllOrgInfo(): 
[1109 17:21:35.904][CMSClientMdl_for_general.cpp:1173] TID 19980 [INFO] DPSdk::CMSClientMdl::OnGetAllTreeResponse(): 2---orgXml end = [1604913695]
[1109 17:21:35.918][CMSClientMdl_for_general.cpp:1325] TID 19980 [INFO] DPSdk::CMSClientMdl::OnGetAllTreeResponse(): 3---DevXml start = [1604913695]
[1109 17:21:35.919][CMSClientMdl_for_general.cpp:1332] TID 19980 [INFO] DPSdk::CMSClientMdl::OnGetAllTreeResponse(): 4---DevXml end = [1604913695]
[1109 17:21:35.919][PDLLDpsdk_fun.cpp:597] TID 4236 [DEBUG] CPDLLDpsdk::DPSDKCallback(): CPDLLDpsdk::DPSDKCallback(...) m_cmd[3102] m_sequence[4]
[1109 17:21:35.919][PDLLMessageQueue.cpp:524] TID 21232 [DEBUG] CPDLLMessageQueue::OnDpsdkCallBack(): CPDLLMessageQueue::OnDpsdkCallBack(...) pInfo->m_nCmd[3102] pInfo->m_nSeq[4]
[1109 17:21:35.932][CMSClientMdl_for_func.cpp:110] TID 19980 [INFO] DPSdk::CMSClientMdl::OnGetServerListResponse(): UNIT_MGW mgwIP = [192.168.2.64] mgwPort = [9090]
[1109 17:21:35.932][CMSClientMdl.cpp:1105] TID 19980 [INFO] DPSdk::CMSClientMdl::onMessage(): [PSDK] CMSClientMdl::onMessage error nResult[570] at operation[156]
[1109 17:21:35.932][CMSClientMdl.cpp:1063] TID 19980 [INFO] DPSdk::CMSClientMdl::onError(): [DPSDK] engineId:0, connId:0, error:3
[1109 17:21:35.932][SCSClientMdl.cpp:236] TID 14080 [INFO] DPSdk::SCSClientMdl::DealWithOneResponse(): SCSClientMdl::DealWithOneResponse: CMD[5107]
[1109 17:21:35.932][SCSClientMdl.cpp:243] TID 14080 [INFO] DPSdk::SCSClientMdl::DealWithOneResponse(): msgRes->serverMap.empty() = 
[1109 17:21:35.932][PDLLDpsdk_fun.cpp:597] TID 4236 [DEBUG] CPDLLDpsdk::DPSDKCallback(): CPDLLDpsdk::DPSDKCallback(...) m_cmd[72] m_sequence[14]
[1109 17:21:35.932][PDLLDpsdk_fun.cpp:651] TID 4236 [INFO] CPDLLDpsdk::DPSDKCallback(): DPSDK_CMD_GET_RELATIVE_FPT_PATH begin
[1109 17:21:35.932][PDLLDpsdk_fun.cpp:662] TID 4236 [INFO] CPDLLDpsdk::DPSDKCallback(): DPSDK_CMD_GET_RELATIVE_FPT_PATH end
[1109 17:21:35.932][PDLLMessageQueue.cpp:5526] TID 21232 [INFO] CPDLLMessageQueue::OnGetFtpPath(): UpdateFtpInfo() begin
[1109 17:21:35.932][DMSClientSession.cpp:303] TID 22264 [INFO] DPSdk::DMSClientSession::ConnectToDmsServer(): Dms Server ip list(0)=>192.168.2.64:9200
[1109 17:21:35.932][DMSClientSession.cpp:303] TID 22264 [INFO] DPSdk::DMSClientSession::ConnectToDmsServer(): Dms Server ip list(1)=>112.25.210.130:9200
[1109 17:21:35.973][PCSClientMdl.cpp:374] TID 17012 [INFO] DPSdk::PCSClientMdl::ConnectToPcsServer(): CheckTcpConnect ip[192.168.2.64] port[9001]
[1109 17:21:35.973][ServerSession.cpp:87] TID 17012 [INFO] DPSdk::ServerSession::ConnectServer(): [PSDK] ServerSession::ConnectServer() sid = 1, ip = 192.168.2.64, port = 9001
[1109 17:21:36.004][PCSClientMdl_for_func.cpp:170] TID 17012 [INFO] DPSdk::PCSClientMdl::OnLoginResponse(): [PSDK] PCSClientMdl::OnLoginResponse(), m_timerHeartBeat->SetTimer, id = 23, ms=7500
[1109 17:21:36.005][PDLLDpsdk_fun.cpp:597] TID 4236 [DEBUG] CPDLLDpsdk::DPSDKCallback(): CPDLLDpsdk::DPSDKCallback(...) m_cmd[701] m_sequence[0]
[1109 17:21:38.933][PDLLMessageQueue.cpp:5528] TID 21232 [INFO] CPDLLMessageQueue::OnGetFtpPath(): UpdateFtpInfo() begin
[1109 17:21:38.933][ServerSession.cpp:87] TID 23192 [INFO] DPSdk::ServerSession::ConnectServer(): [PSDK] ServerSession::ConnectServer() sid = 2, ip = 192.168.2.64, port = 9400
[1109 17:21:38.933][ServerSession.cpp:87] TID 22672 [INFO] DPSdk::ServerSession::ConnectServer(): [PSDK] ServerSession::ConnectServer() sid = 3, ip = 192.168.2.64, port = 9600
[1109 17:21:38.933][ADSClientSession.cpp:298] TID 22672 [INFO] DPSdk::ADSClientSession::SendLoginADSPdu(): [PSDK] ADSClientSession::SendLoginADSPdu sequence[18] serverId[11001] ip[192.168.2.64]
[1109 17:21:38.934][ServerSession.cpp:87] TID 22264 [INFO] DPSdk::ServerSession::ConnectServer(): [PSDK] ServerSession::ConnectServer() sid = 4, ip = 192.168.2.64, port = 9200
[1109 17:21:38.934][DMSClientSession.cpp:316] TID 22264 [INFO] DPSdk::DMSClientSession::ConnectToDmsServer(): Dms ConnectServer=>192.168.2.64:9200
[1109 17:21:38.934][DMSClientMdl.cpp:1594] TID 22264 [INFO] DPSdk::DMSClientMdl::StartReconTimer(): [PSDK] DMSClientMdl::StartReconTimer(), m_timerReconnect->SetTimer, id=24
[1109 17:21:38.952][DMSClientMdl.cpp:1582] TID 22264 [INFO] DPSdk::DMSClientMdl::StartHBTimer(): [PSDK] DMSClientMdl::StartHBTimer(), m_timerHeartBeat->SetTimer, id = 25, ms=15000
[1109 17:21:38.952][ADSClientMdl.cpp:820] TID 22672 [INFO] DPSdk::ADSClientMdl::OnLoginAdsResponse(): [PSDK] login ads server success.
[1109 17:21:38.952][ADSClientMdl.cpp:747] TID 22672 [INFO] DPSdk::ADSClientMdl::StartHBTimer(): [PSDK] ADSClientMdl::StartHBTimer(), m_timerHeartBeat->SetTimer, id=26, ms=15000
[1109 17:21:38.952][ADSClientSession.cpp:1267] TID 22672 [INFO] DPSdk::ADSClientSession::HandleSendEmptyXml(): [PSDK] ADSClientSession::HandleSetAlarmEnable sequence[20] serverId[11001] ip[192.168.2.64]
[1109 17:21:38.952][PDLLDpsdk_fun.cpp:597] TID 4236 [DEBUG] CPDLLDpsdk::DPSDKCallback(): CPDLLDpsdk::DPSDKCallback(...) m_cmd[458] m_sequence[21]
[1109 17:21:38.952][MsgCallbackModule.cpp:198] TID 4236 [ERR] DPSdk::MsgCallbackModule::DealWithOneMsg(): [PSDK] UnDefine CallBack
[1109 17:21:38.952][PDLLDpsdk_fun.cpp:597] TID 4236 [DEBUG] CPDLLDpsdk::DPSDKCallback(): CPDLLDpsdk::DPSDKCallback(...) m_cmd[246] m_sequence[22]
[1109 17:21:38.953][PDLLDpsdk_fun.cpp:597] TID 4236 [DEBUG] CPDLLDpsdk::DPSDKCallback(): CPDLLDpsdk::DPSDKCallback(...) m_cmd[246] m_sequence[23]
[1109 17:21:38.953][PDLLDpsdk_fun.cpp:597] TID 4236 [DEBUG] CPDLLDpsdk::DPSDKCallback(): CPDLLDpsdk::DPSDKCallback(...) m_cmd[246] m_sequence[24]
[1109 17:21:38.953][PDLLDpsdk_fun.cpp:597] TID 4236 [DEBUG] CPDLLDpsdk::DPSDKCallback(): CPDLLDpsdk::DPSDKCallback(...) m_cmd[246] m_sequence[25]
[1109 17:21:38.953][PDLLDpsdk_fun.cpp:597] TID 4236 [DEBUG] CPDLLDpsdk::DPSDKCallback(): CPDLLDpsdk::DPSDKCallback(...) m_cmd[246] m_sequence[26]
[1109 17:21:38.953][PDLLDpsdk_fun.cpp:597] TID 4236 [DEBUG] CPDLLDpsdk::DPSDKCallback(): CPDLLDpsdk::DPSDKCallback(...) m_cmd[246] m_sequence[27]
[1109 17:21:38.953][PDLLDpsdk_fun.cpp:597] TID 4236 [DEBUG] CPDLLDpsdk::DPSDKCallback(): CPDLLDpsdk::DPSDKCallback(...) m_cmd[246] m_sequence[28]
[1109 17:21:38.953][PDLLDpsdk_fun.cpp:597] TID 4236 [DEBUG] CPDLLDpsdk::DPSDKCallback(): CPDLLDpsdk::DPSDKCallback(...) m_cmd[246] m_sequence[29]
[1109 17:21:38.953][PDLLDpsdk_fun.cpp:597] TID 4236 [DEBUG] CPDLLDpsdk::DPSDKCallback(): CPDLLDpsdk::DPSDKCallback(...) m_cmd[246] m_sequence[30]
[1109 17:21:38.953][PDLLDpsdk_fun.cpp:597] TID 4236 [DEBUG] CPDLLDpsdk::DPSDKCallback(): CPDLLDpsdk::DPSDKCallback(...) m_cmd[246] m_sequence[31]
[1109 17:21:38.953][PDLLDpsdk_fun.cpp:597] TID 4236 [DEBUG] CPDLLDpsdk::DPSDKCallback(): CPDLLDpsdk::DPSDKCallback(...) m_cmd[246] m_sequence[32]
[1109 17:21:38.953][PDLLDpsdk_fun.cpp:597] TID 4236 [DEBUG] CPDLLDpsdk::DPSDKCallback(): CPDLLDpsdk::DPSDKCallback(...) m_cmd[246] m_sequence[33]
[1109 17:21:38.953][PDLLDpsdk_fun.cpp:597] TID 4236 [DEBUG] CPDLLDpsdk::DPSDKCallback(): CPDLLDpsdk::DPSDKCallback(...) m_cmd[246] m_sequence[34]
[1109 17:21:38.953][PDLLDpsdk_fun.cpp:597] TID 4236 [DEBUG] CPDLLDpsdk::DPSDKCallback(): CPDLLDpsdk::DPSDKCallback(...) m_cmd[246] m_sequence[35]
[1109 17:21:38.953][PDLLDpsdk_fun.cpp:597] TID 4236 [DEBUG] CPDLLDpsdk::DPSDKCallback(): CPDLLDpsdk::DPSDKCallback(...) m_cmd[246] m_sequence[36]
[1109 17:21:38.953][PDLLDpsdk_fun.cpp:597] TID 4236 [DEBUG] CPDLLDpsdk::DPSDKCallback(): CPDLLDpsdk::DPSDKCallback(...) m_cmd[246] m_sequence[37]
[1109 17:21:40.935][PESClientMdl.cpp:424] TID 23192 [INFO] DPSdk::PESClientMdl::StartReconTimer(): [PSDK] PESClientMdl::StartReconTimer(), m_timerReconnect->SetTimer, id=27, ms=60000
[1109 17:21:40.936][PESClientMdl.cpp:414] TID 23192 [INFO] DPSdk::PESClientMdl::StartHBTimer(): [PSDK] PESClientMdl::StartHBTimer(), m_timerHeartBeat->SetTimer, id = 28, ms=40000
[1109 17:21:41.494][CMSClientMdl_for_ptz.cpp:68] TID 19980 [INFO] DPSdk::CMSClientMdl::HandlePtzQueryPoint(): innerMsg->cameraId=1000019$1$0$0£¬pPDU->_deviceId=1000019, Channelnum=0
[1109 17:21:41.506][PDLLDpsdk_fun.cpp:597] TID 4236 [DEBUG] CPDLLDpsdk::DPSDKCallback(): CPDLLDpsdk::DPSDKCallback(...) m_cmd[204] m_sequence[39]
[1109 17:21:42.248][CMSClientMdl_for_func.cpp:216] TID 19980 [INFO] DPSdk::CMSClientMdl::OnMessageRequest(): CU_MESSAGE pRequest->_code = 6
[1109 17:21:42.248][PDLLDpsdk_fun.cpp:597] TID 4236 [DEBUG] CPDLLDpsdk::DPSDKCallback(): CPDLLDpsdk::DPSDKCallback(...) m_cmd[3108] m_sequence[0]
[1109 17:21:48.050][CMSClientMdl_for_ptz.cpp:68] TID 19980 [INFO] DPSdk::CMSClientMdl::HandlePtzQueryPoint(): innerMsg->cameraId=1000019$1$0$0£¬pPDU->_deviceId=1000019, Channelnum=0
[1109 17:21:48.054][PDLLDpsdk_fun.cpp:597] TID 4236 [DEBUG] CPDLLDpsdk::DPSDKCallback(): CPDLLDpsdk::DPSDKCallback(...) m_cmd[204] m_sequence[42]
[1109 17:21:51.258][PDLLDpsdk_fun.cpp:597] TID 4236 [DEBUG] CPDLLDpsdk::DPSDKCallback(): CPDLLDpsdk::DPSDKCallback(...) m_cmd[459] m_sequence[46]
[1109 17:21:51.258][PDLLDpsdk_fun.cpp:597] TID 4236 [DEBUG] CPDLLDpsdk::DPSDKCallback(): CPDLLDpsdk::DPSDKCallback(...) m_cmd[480] m_sequence[47]
[1109 17:21:51.258][PDLLMessageQueue.cpp:901] TID 21232 [DEBUG] CPDLLMessageQueue::OnDpsdkCallBackAlarm(): [DPSDK_CORE]OnDpsdkCallBackAlarm()alarmtype = 5, strDeviceID = 1000005, nChannel = 0, cameraId = 1000005$1$0$0 alarmID = [{49C4F870-E6AE-6D48-ADF3-13CEF10F5318}] eventType = [2] time = [1604914251]
[1109 17:21:51.258][PDLLMessageQueue.cpp:5537] TID 21232 [DEBUG] CPDLLMessageQueue::OnNewAlarmReprot(): [DPSDK_CORE]OnNewAlarmReprot():deviceID[1000005], channelNo[0]
[1109 17:21:51.734][PDLLDpsdk_fun.cpp:597] TID 4236 [DEBUG] CPDLLDpsdk::DPSDKCallback(): CPDLLDpsdk::DPSDKCallback(...) m_cmd[246] m_sequence[48]
[1109 17:21:55.244][CMSClientMdl_for_func.cpp:216] TID 19980 [INFO] DPSdk::CMSClientMdl::OnMessageRequest(): CU_MESSAGE pRequest->_code = 6
[1109 17:21:55.244][PDLLDpsdk_fun.cpp:597] TID 4236 [DEBUG] CPDLLDpsdk::DPSDKCallback(): CPDLLDpsdk::DPSDKCallback(...) m_cmd[3108] m_sequence[0]
[1109 17:21:56.521][PDLLDpsdk_fun.cpp:597] TID 4236 [DEBUG] CPDLLDpsdk::DPSDKCallback(): CPDLLDpsdk::DPSDKCallback(...) m_cmd[459] m_sequence[51]
[1109 17:21:56.521][PDLLDpsdk_fun.cpp:597] TID 4236 [DEBUG] CPDLLDpsdk::DPSDKCallback(): CPDLLDpsdk::DPSDKCallback(...) m_cmd[480] m_sequence[52]
[1109 17:21:56.521][PDLLMessageQueue.cpp:901] TID 21232 [DEBUG] CPDLLMessageQueue::OnDpsdkCallBackAlarm(): [DPSDK_CORE]OnDpsdkCallBackAlarm()alarmtype = 5, strDeviceID = 1000006, nChannel = 0, cameraId = 1000006$1$0$0 alarmID = [{222138DB-FB78-5A48-B96F-CB4336E80CBD}] eventType = [2] time = [1604914257]
[1109 17:21:56.521][PDLLMessageQueue.cpp:5537] TID 21232 [DEBUG] CPDLLMessageQueue::OnNewAlarmReprot(): [DPSDK_CORE]OnNewAlarmReprot():deviceID[1000006], channelNo[0]
[1109 17:21:56.940][PDLLDpsdk_fun.cpp:597] TID 4236 [DEBUG] CPDLLDpsdk::DPSDKCallback(): CPDLLDpsdk::DPSDKCallback(...) m_cmd[246] m_sequence[53]
[1109 17:21:58.410][PDLLDpsdk_fun.cpp:597] TID 4236 [DEBUG] CPDLLDpsdk::DPSDKCallback(): CPDLLDpsdk::DPSDKCallback(...) m_cmd[459] m_sequence[54]
[1109 17:21:58.410][PDLLDpsdk_fun.cpp:597] TID 4236 [DEBUG] CPDLLDpsdk::DPSDKCallback(): CPDLLDpsdk::DPSDKCallback(...) m_cmd[480] m_sequence[55]
[1109 17:21:58.410][PDLLMessageQueue.cpp:901] TID 21232 [DEBUG] CPDLLMessageQueue::OnDpsdkCallBackAlarm(): [DPSDK_CORE]OnDpsdkCallBackAlarm()alarmtype = 584, strDeviceID = 1000006, nChannel = 0, cameraId = 1000006$1$0$0 alarmID = [{3935F721-EE7C-4B4F-9739-421E0ED16614}] eventType = [1] time = [1604914259]
[1109 17:21:58.410][PDLLMessageQueue.cpp:5537] TID 21232 [DEBUG] CPDLLMessageQueue::OnNewAlarmReprot(): [DPSDK_CORE]OnNewAlarmReprot():deviceID[1000006], channelNo[0]
[1109 17:21:59.408][PDLLDpsdk_fun.cpp:597] TID 4236 [DEBUG] CPDLLDpsdk::DPSDKCallback(): CPDLLDpsdk::DPSDKCallback(...) m_cmd[253] m_sequence[0]
[1109 17:21:59.408][PDLLMessageQueue.cpp:5703] TID 21232 [INFO] CPDLLMessageQueue::OnChannelViewInfoReport(): [DPSDK_CORE]OnChannelViewInfoReport():CamearId[1000007$1$0$0],nDistance[127],nAngelH[590],nAzimuthH[356],nInclinationH[0]
[1109 17:21:59.539][PDLLDpsdk_fun.cpp:597] TID 4236 [DEBUG] CPDLLDpsdk::DPSDKCallback(): CPDLLDpsdk::DPSDKCallback(...) m_cmd[253] m_sequence[0]
[1109 17:21:59.539][PDLLMessageQueue.cpp:5703] TID 21232 [INFO] CPDLLMessageQueue::OnChannelViewInfoReport(): [DPSDK_CORE]OnChannelViewInfoReport():CamearId[1000007$1$0$0],nDistance[127],nAngelH[590],nAzimuthH[354],nInclinationH[0]
[1109 17:21:59.639][PDLLDpsdk_fun.cpp:597] TID 4236 [DEBUG] CPDLLDpsdk::DPSDKCallback(): CPDLLDpsdk::DPSDKCallback(...) m_cmd[253] m_sequence[0]
[1109 17:21:59.639][PDLLMessageQueue.cpp:5703] TID 21232 [INFO] CPDLLMessageQueue::OnChannelViewInfoReport(): [DPSDK_CORE]OnChannelViewInfoReport():CamearId[1000007$1$0$0],nDistance[127],nAngelH[590],nAzimuthH[345],nInclinationH[0]
[1109 17:21:59.759][PDLLDpsdk_fun.cpp:597] TID 4236 [DEBUG] CPDLLDpsdk::DPSDKCallback(): CPDLLDpsdk::DPSDKCallback(...) m_cmd[253] m_sequence[0]
[1109 17:21:59.759][PDLLMessageQueue.cpp:5703] TID 21232 [INFO] CPDLLMessageQueue::OnChannelViewInfoReport(): [DPSDK_CORE]OnChannelViewInfoReport():CamearId[1000007$1$0$0],nDistance[127],nAngelH[590],nAzimuthH[335],nInclinationH[0]
[1109 17:21:59.881][PDLLDpsdk_fun.cpp:597] TID 4236 [DEBUG] CPDLLDpsdk::DPSDKCallback(): CPDLLDpsdk::DPSDKCallback(...) m_cmd[253] m_sequence[0]
[1109 17:21:59.881][PDLLMessageQueue.cpp:5703] TID 21232 [INFO] CPDLLMessageQueue::OnChannelViewInfoReport(): [DPSDK_CORE]OnChannelViewInfoReport():CamearId[1000007$1$0$0],nDistance[127],nAngelH[590],nAzimuthH[324],nInclinationH[0]
[1109 17:22:00.000][PDLLDpsdk_fun.cpp:597] TID 4236 [DEBUG] CPDLLDpsdk::DPSDKCallback(): CPDLLDpsdk::DPSDKCallback(...) m_cmd[253] m_sequence[0]
[1109 17:22:00.001][PDLLMessageQueue.cpp:5703] TID 21232 [INFO] CPDLLMessageQueue::OnChannelViewInfoReport(): [DPSDK_CORE]OnChannelViewInfoReport():CamearId[1000007$1$0$0],nDistance[127],nAngelH[590],nAzimuthH[314],nInclinationH[0]
[1109 17:22:00.121][PDLLDpsdk_fun.cpp:597] TID 4236 [DEBUG] CPDLLDpsdk::DPSDKCallback(): CPDLLDpsdk::DPSDKCallback(...) m_cmd[253] m_sequence[0]
[1109 17:22:00.122][PDLLMessageQueue.cpp:5703] TID 21232 [INFO] CPDLLMessageQueue::OnChannelViewInfoReport(): [DPSDK_CORE]OnChannelViewInfoReport():CamearId[1000007$1$0$0],nDistance[127],nAngelH[590],nAzimuthH[310],nInclinationH[0]
