[1106 10:13:33.684][DPSDK_Core.cpp:394] TID 19596 [INFO] DPSDK_Login(): [DPSDK]IP=192.168.2.64 port=9000 name=test password=test123456 iType=1
[1106 10:13:33.684][DPSDK_Core.cpp:406] TID 19596 [INFO] DPSDK_Login(): nPDLLHandle = 1, IP = 192.168.2.64, Port = 9000, name = test, password = test123456,nProtocol = 2, iType = 1, szCheckBit = 
[1106 10:13:33.684][CMSClientMdl_for_general.cpp:199] TID 5108 [INFO] DPSdk::CMSClientMdl::HandlePreLogin(): CMSClientMdl::HandlePreLogin()
[1106 10:13:33.684][ServerSession.cpp:87] TID 5108 [INFO] DPSdk::ServerSession::ConnectServer(): [PSDK] ServerSession::ConnectServer() sid = 0, ip = 192.168.2.64, port = 9000
[1106 10:13:33.685][CMSClientMdl_for_general.cpp:257] TID 5108 [INFO] DPSdk::CMSClientMdl::HandlePreLogin(): CMSClientMdl::HandlePreLogin() SEND_AND_STORE_MSG
[1106 10:13:33.703][CMSClientMdl.cpp:1105] TID 5108 [INFO] DPSdk::CMSClientMdl::onMessage(): [PSDK] CMSClientMdl::onMessage error nResult[443] at operation[41]
[1106 10:13:33.703][CMSClientMdl_for_general.cpp:264] TID 5108 [INFO] DPSdk::CMSClientMdl::HandleLoginWithEncryption(): CMSClientMdl::HandleLoginWithEncryption()
[1106 10:13:33.713][CMSClientMdl_for_general.cpp:349] TID 5108 [INFO] DPSdk::CMSClientMdl::OnLoginResponse(): [PSDK] CMSClientMdl::OnLoginResponse()  m_loginSeq=3
[1106 10:13:33.713][CMSClientMdl_for_general.cpp:440] TID 5108 [INFO] DPSdk::CMSClientMdl::OnLoginResponse(): [PSDK] CMSClientMdl::OnLoginResponse(), m_timerHeartBeat->SetTimer, id = 2 , ms = 15000
[1106 10:13:33.713][CMSClientMdl_for_general.cpp:461] TID 5108 [INFO] DPSdk::CMSClientMdl::OnLoginResponse(): [PSDK] CMSClientMdl::OnLoginResponse(), m_timerHeartBeatResp->SetTimer, id = 1 , ms = 60s
[1106 10:13:33.714][PDLLDpsdk_fun.cpp:597] TID 12296 [DEBUG] CPDLLDpsdk::DPSDKCallback(): CPDLLDpsdk::DPSDKCallback(...) m_cmd[6] m_sequence[1]
[1106 10:13:33.714][PDLLMessageQueue.cpp:524] TID 10828 [DEBUG] CPDLLMessageQueue::OnDpsdkCallBack(): CPDLLMessageQueue::OnDpsdkCallBack(...) pInfo->m_nCmd[6] pInfo->m_nSeq[1]
[1106 10:13:33.715][CMSClientMdl_for_general.cpp:607] TID 5108 [DEBUG] DPSdk::CMSClientMdl::HandleGetGroup(): CMSClientMdl::HandleGetGroup: bReload = 0 ,m_bSaveGroupFile = false
[1106 10:13:33.715][CMSClientMdl_for_general.cpp:721] TID 5108 [INFO] DPSdk::CMSClientMdl::GetGroupInfo(): 0---send get org cmd to CMS! = [1604628813]
[1106 10:13:33.716][CMSClientMdl_for_func.cpp:216] TID 5108 [INFO] DPSdk::CMSClientMdl::OnMessageRequest(): CU_MESSAGE pRequest->_code = 11315
[1106 10:13:33.716][CMSClientMdl_for_func.cpp:216] TID 5108 [INFO] DPSdk::CMSClientMdl::OnMessageRequest(): CU_MESSAGE pRequest->_code = 400
[1106 10:13:33.716][PDLLDpsdk_fun.cpp:597] TID 12296 [DEBUG] CPDLLDpsdk::DPSDKCallback(): CPDLLDpsdk::DPSDKCallback(...) m_cmd[71] m_sequence[0]
[1106 10:13:33.716][CMSClientMdl_for_func.cpp:593] TID 5108 [INFO] DPSdk::CMSClientMdl::OnMessageRequest(): [PSDK] OnMessageRequest CU_USER_LOGIN nUserId[2] nState[1] cmd[26]
[1106 10:13:33.716][PDLLDpsdk_fun.cpp:597] TID 12296 [DEBUG] CPDLLDpsdk::DPSDKCallback(): CPDLLDpsdk::DPSDKCallback(...) m_cmd[26] m_sequence[0]
[1106 10:13:33.716][CMSClientMdl_for_func.cpp:216] TID 5108 [INFO] DPSdk::CMSClientMdl::OnMessageRequest(): CU_MESSAGE pRequest->_code = 78
[1106 10:13:33.724][CMSClientMdl.cpp:1063] TID 5108 [INFO] DPSdk::CMSClientMdl::onError(): [DPSDK] engineId:0, connId:0, error:3
[1106 10:13:33.724][CMSClientMdl_for_general.cpp:1165] TID 5108 [INFO] DPSdk::CMSClientMdl::OnGetAllTreeResponse(): 1---orgXml start = [1604628813]
[1106 10:13:33.724][DPSDKXmlParse.cpp:693] TID 5108 [INFO] DPSdk::GetAllOrgInfo(): 
[1106 10:13:33.724][CMSClientMdl_for_general.cpp:1173] TID 5108 [INFO] DPSdk::CMSClientMdl::OnGetAllTreeResponse(): 2---orgXml end = [1604628813]
[1106 10:13:33.739][CMSClientMdl_for_general.cpp:1325] TID 5108 [INFO] DPSdk::CMSClientMdl::OnGetAllTreeResponse(): 3---DevXml start = [1604628813]
[1106 10:13:33.740][CMSClientMdl_for_general.cpp:1332] TID 5108 [INFO] DPSdk::CMSClientMdl::OnGetAllTreeResponse(): 4---DevXml end = [1604628813]
[1106 10:13:33.740][PDLLDpsdk_fun.cpp:597] TID 12296 [DEBUG] CPDLLDpsdk::DPSDKCallback(): CPDLLDpsdk::DPSDKCallback(...) m_cmd[3102] m_sequence[4]
[1106 10:13:33.740][PDLLMessageQueue.cpp:524] TID 10828 [DEBUG] CPDLLMessageQueue::OnDpsdkCallBack(): CPDLLMessageQueue::OnDpsdkCallBack(...) pInfo->m_nCmd[3102] pInfo->m_nSeq[4]
[1106 10:13:33.754][CMSClientMdl_for_func.cpp:110] TID 5108 [INFO] DPSdk::CMSClientMdl::OnGetServerListResponse(): UNIT_MGW mgwIP = [192.168.2.64] mgwPort = [9090]
[1106 10:13:33.754][CMSClientMdl.cpp:1105] TID 5108 [INFO] DPSdk::CMSClientMdl::onMessage(): [PSDK] CMSClientMdl::onMessage error nResult[570] at operation[156]
[1106 10:13:33.754][SCSClientMdl.cpp:236] TID 3960 [INFO] DPSdk::SCSClientMdl::DealWithOneResponse(): SCSClientMdl::DealWithOneResponse: CMD[5107]
[1106 10:13:33.754][SCSClientMdl.cpp:243] TID 3960 [INFO] DPSdk::SCSClientMdl::DealWithOneResponse(): msgRes->serverMap.empty() = 
[1106 10:13:33.754][CMSClientMdl.cpp:1063] TID 5108 [INFO] DPSdk::CMSClientMdl::onError(): [DPSDK] engineId:0, connId:0, error:3
[1106 10:13:33.754][PDLLDpsdk_fun.cpp:597] TID 12296 [DEBUG] CPDLLDpsdk::DPSDKCallback(): CPDLLDpsdk::DPSDKCallback(...) m_cmd[72] m_sequence[14]
[1106 10:13:33.754][PDLLDpsdk_fun.cpp:651] TID 12296 [INFO] CPDLLDpsdk::DPSDKCallback(): DPSDK_CMD_GET_RELATIVE_FPT_PATH begin
[1106 10:13:33.754][DMSClientSession.cpp:303] TID 22764 [INFO] DPSdk::DMSClientSession::ConnectToDmsServer(): Dms Server ip list(0)=>192.168.2.64:9200
[1106 10:13:33.754][PDLLDpsdk_fun.cpp:662] TID 12296 [INFO] CPDLLDpsdk::DPSDKCallback(): DPSDK_CMD_GET_RELATIVE_FPT_PATH end
[1106 10:13:33.754][DMSClientSession.cpp:303] TID 22764 [INFO] DPSdk::DMSClientSession::ConnectToDmsServer(): Dms Server ip list(1)=>112.25.210.130:9200
[1106 10:13:33.754][PDLLMessageQueue.cpp:5526] TID 10828 [INFO] CPDLLMessageQueue::OnGetFtpPath(): UpdateFtpInfo() begin
[1106 10:13:33.806][PCSClientMdl.cpp:374] TID 2128 [INFO] DPSdk::PCSClientMdl::ConnectToPcsServer(): CheckTcpConnect ip[192.168.2.64] port[9001]
[1106 10:13:33.818][ServerSession.cpp:87] TID 2128 [INFO] DPSdk::ServerSession::ConnectServer(): [PSDK] ServerSession::ConnectServer() sid = 1, ip = 192.168.2.64, port = 9001
[1106 10:13:33.831][PCSClientMdl_for_func.cpp:170] TID 2128 [INFO] DPSdk::PCSClientMdl::OnLoginResponse(): [PSDK] PCSClientMdl::OnLoginResponse(), m_timerHeartBeat->SetTimer, id = 23, ms=7500
[1106 10:13:33.831][PDLLDpsdk_fun.cpp:597] TID 12296 [DEBUG] CPDLLDpsdk::DPSDKCallback(): CPDLLDpsdk::DPSDKCallback(...) m_cmd[701] m_sequence[0]
[1106 10:13:36.754][ServerSession.cpp:87] TID 5252 [INFO] DPSdk::ServerSession::ConnectServer(): [PSDK] ServerSession::ConnectServer() sid = 2, ip = 192.168.2.64, port = 9600
[1106 10:13:36.754][ServerSession.cpp:87] TID 22764 [INFO] DPSdk::ServerSession::ConnectServer(): [PSDK] ServerSession::ConnectServer() sid = 4, ip = 192.168.2.64, port = 9200
[1106 10:13:36.754][ServerSession.cpp:87] TID 4036 [INFO] DPSdk::ServerSession::ConnectServer(): [PSDK] ServerSession::ConnectServer() sid = 3, ip = 192.168.2.64, port = 9400
[1106 10:13:36.754][PDLLMessageQueue.cpp:5528] TID 10828 [INFO] CPDLLMessageQueue::OnGetFtpPath(): UpdateFtpInfo() begin
[1106 10:13:36.754][DMSClientSession.cpp:316] TID 22764 [INFO] DPSdk::DMSClientSession::ConnectToDmsServer(): Dms ConnectServer=>192.168.2.64:9200
[1106 10:13:36.754][ADSClientSession.cpp:298] TID 5252 [INFO] DPSdk::ADSClientSession::SendLoginADSPdu(): [PSDK] ADSClientSession::SendLoginADSPdu sequence[18] serverId[11001] ip[192.168.2.64]
[1106 10:13:36.754][DMSClientMdl.cpp:1594] TID 22764 [INFO] DPSdk::DMSClientMdl::StartReconTimer(): [PSDK] DMSClientMdl::StartReconTimer(), m_timerReconnect->SetTimer, id=24
[1106 10:13:36.759][DMSClientMdl.cpp:1582] TID 22764 [INFO] DPSdk::DMSClientMdl::StartHBTimer(): [PSDK] DMSClientMdl::StartHBTimer(), m_timerHeartBeat->SetTimer, id = 25, ms=15000
[1106 10:13:36.759][ADSClientMdl.cpp:820] TID 5252 [INFO] DPSdk::ADSClientMdl::OnLoginAdsResponse(): [PSDK] login ads server success.
[1106 10:13:36.759][ADSClientMdl.cpp:747] TID 5252 [INFO] DPSdk::ADSClientMdl::StartHBTimer(): [PSDK] ADSClientMdl::StartHBTimer(), m_timerHeartBeat->SetTimer, id=26, ms=15000
[1106 10:13:36.759][ADSClientSession.cpp:1267] TID 5252 [INFO] DPSdk::ADSClientSession::HandleSendEmptyXml(): [PSDK] ADSClientSession::HandleSetAlarmEnable sequence[20] serverId[11001] ip[192.168.2.64]
[1106 10:13:36.759][PDLLDpsdk_fun.cpp:597] TID 12296 [DEBUG] CPDLLDpsdk::DPSDKCallback(): CPDLLDpsdk::DPSDKCallback(...) m_cmd[458] m_sequence[21]
[1106 10:13:36.759][MsgCallbackModule.cpp:198] TID 12296 [ERR] DPSdk::MsgCallbackModule::DealWithOneMsg(): [PSDK] UnDefine CallBack
[1106 10:13:36.760][PDLLDpsdk_fun.cpp:597] TID 12296 [DEBUG] CPDLLDpsdk::DPSDKCallback(): CPDLLDpsdk::DPSDKCallback(...) m_cmd[246] m_sequence[22]
[1106 10:13:36.760][PDLLDpsdk_fun.cpp:597] TID 12296 [DEBUG] CPDLLDpsdk::DPSDKCallback(): CPDLLDpsdk::DPSDKCallback(...) m_cmd[246] m_sequence[23]
[1106 10:13:36.760][PDLLDpsdk_fun.cpp:597] TID 12296 [DEBUG] CPDLLDpsdk::DPSDKCallback(): CPDLLDpsdk::DPSDKCallback(...) m_cmd[246] m_sequence[24]
[1106 10:13:36.760][PDLLDpsdk_fun.cpp:597] TID 12296 [DEBUG] CPDLLDpsdk::DPSDKCallback(): CPDLLDpsdk::DPSDKCallback(...) m_cmd[246] m_sequence[25]
[1106 10:13:36.760][PDLLDpsdk_fun.cpp:597] TID 12296 [DEBUG] CPDLLDpsdk::DPSDKCallback(): CPDLLDpsdk::DPSDKCallback(...) m_cmd[246] m_sequence[26]
[1106 10:13:36.760][PDLLDpsdk_fun.cpp:597] TID 12296 [DEBUG] CPDLLDpsdk::DPSDKCallback(): CPDLLDpsdk::DPSDKCallback(...) m_cmd[246] m_sequence[27]
[1106 10:13:36.760][PDLLDpsdk_fun.cpp:597] TID 12296 [DEBUG] CPDLLDpsdk::DPSDKCallback(): CPDLLDpsdk::DPSDKCallback(...) m_cmd[246] m_sequence[28]
[1106 10:13:36.760][PDLLDpsdk_fun.cpp:597] TID 12296 [DEBUG] CPDLLDpsdk::DPSDKCallback(): CPDLLDpsdk::DPSDKCallback(...) m_cmd[246] m_sequence[29]
[1106 10:13:36.760][PDLLDpsdk_fun.cpp:597] TID 12296 [DEBUG] CPDLLDpsdk::DPSDKCallback(): CPDLLDpsdk::DPSDKCallback(...) m_cmd[246] m_sequence[30]
[1106 10:13:36.760][PDLLDpsdk_fun.cpp:597] TID 12296 [DEBUG] CPDLLDpsdk::DPSDKCallback(): CPDLLDpsdk::DPSDKCallback(...) m_cmd[246] m_sequence[31]
[1106 10:13:36.760][PDLLDpsdk_fun.cpp:597] TID 12296 [DEBUG] CPDLLDpsdk::DPSDKCallback(): CPDLLDpsdk::DPSDKCallback(...) m_cmd[246] m_sequence[32]
[1106 10:13:36.760][PDLLDpsdk_fun.cpp:597] TID 12296 [DEBUG] CPDLLDpsdk::DPSDKCallback(): CPDLLDpsdk::DPSDKCallback(...) m_cmd[246] m_sequence[33]
[1106 10:13:36.760][PDLLDpsdk_fun.cpp:597] TID 12296 [DEBUG] CPDLLDpsdk::DPSDKCallback(): CPDLLDpsdk::DPSDKCallback(...) m_cmd[246] m_sequence[34]
[1106 10:13:36.760][PDLLDpsdk_fun.cpp:597] TID 12296 [DEBUG] CPDLLDpsdk::DPSDKCallback(): CPDLLDpsdk::DPSDKCallback(...) m_cmd[246] m_sequence[35]
[1106 10:13:36.760][PDLLDpsdk_fun.cpp:597] TID 12296 [DEBUG] CPDLLDpsdk::DPSDKCallback(): CPDLLDpsdk::DPSDKCallback(...) m_cmd[246] m_sequence[36]
[1106 10:13:36.760][PDLLDpsdk_fun.cpp:597] TID 12296 [DEBUG] CPDLLDpsdk::DPSDKCallback(): CPDLLDpsdk::DPSDKCallback(...) m_cmd[246] m_sequence[37]
[1106 10:13:38.755][PESClientMdl.cpp:424] TID 4036 [INFO] DPSdk::PESClientMdl::StartReconTimer(): [PSDK] PESClientMdl::StartReconTimer(), m_timerReconnect->SetTimer, id=27, ms=60000
[1106 10:13:38.759][PESClientMdl.cpp:414] TID 4036 [INFO] DPSdk::PESClientMdl::StartHBTimer(): [PSDK] PESClientMdl::StartHBTimer(), m_timerHeartBeat->SetTimer, id = 28, ms=40000
[1106 10:13:39.788][ServerMgrMdl.cpp:216] TID 19428 [INFO] DPSdk::ServerMgrMdl::DealWithOneRequest(): [PSDK] ServerMgrMdl::DealWithOneRequest cmd[211] nSeq = [39]
[1106 10:13:39.825][PDLLDpsdk_fun.cpp:597] TID 12296 [DEBUG] CPDLLDpsdk::DPSDKCallback(): CPDLLDpsdk::DPSDKCallback(...) m_cmd[211] m_sequence[39]
[1106 10:13:39.825][PDLLMessageQueue.cpp:524] TID 10828 [DEBUG] CPDLLMessageQueue::OnDpsdkCallBack(): CPDLLMessageQueue::OnDpsdkCallBack(...) pInfo->m_nCmd[211] pInfo->m_nSeq[39]
[1106 10:13:40.826][ServerMgrMdl.cpp:216] TID 19428 [INFO] DPSdk::ServerMgrMdl::DealWithOneRequest(): [PSDK] ServerMgrMdl::DealWithOneRequest cmd[211] nSeq = [43]
[1106 10:13:41.005][PDLLDpsdk_fun.cpp:597] TID 12296 [DEBUG] CPDLLDpsdk::DPSDKCallback(): CPDLLDpsdk::DPSDKCallback(...) m_cmd[211] m_sequence[43]
[1106 10:13:41.005][PDLLMessageQueue.cpp:524] TID 10828 [DEBUG] CPDLLMessageQueue::OnDpsdkCallBack(): CPDLLMessageQueue::OnDpsdkCallBack(...) pInfo->m_nCmd[211] pInfo->m_nSeq[43]
[1106 10:13:42.311][PDLLDpsdk_fun.cpp:597] TID 12296 [DEBUG] CPDLLDpsdk::DPSDKCallback(): CPDLLDpsdk::DPSDKCallback(...) m_cmd[459] m_sequence[46]
[1106 10:13:42.311][PDLLDpsdk_fun.cpp:597] TID 12296 [DEBUG] CPDLLDpsdk::DPSDKCallback(): CPDLLDpsdk::DPSDKCallback(...) m_cmd[480] m_sequence[47]
[1106 10:13:42.311][PDLLMessageQueue.cpp:901] TID 10828 [DEBUG] CPDLLMessageQueue::OnDpsdkCallBackAlarm(): [DPSDK_CORE]OnDpsdkCallBackAlarm()alarmtype = 584, strDeviceID = 1000006, nChannel = 0, cameraId = 1000006$1$0$0 alarmID = [{4517BB1C-059A-5446-85EC-23F527B9DA98}] eventType = [1] time = [1604629360]
[1106 10:13:42.311][PDLLMessageQueue.cpp:5537] TID 10828 [DEBUG] CPDLLMessageQueue::OnNewAlarmReprot(): [DPSDK_CORE]OnNewAlarmReprot():deviceID[1000006], channelNo[0]
[1106 10:13:46.347][ServerMgrMdl.cpp:216] TID 19428 [INFO] DPSdk::ServerMgrMdl::DealWithOneRequest(): [PSDK] ServerMgrMdl::DealWithOneRequest cmd[211] nSeq = [48]
[1106 10:13:46.385][PDLLDpsdk_fun.cpp:597] TID 12296 [DEBUG] CPDLLDpsdk::DPSDKCallback(): CPDLLDpsdk::DPSDKCallback(...) m_cmd[211] m_sequence[48]
[1106 10:13:46.385][PDLLMessageQueue.cpp:524] TID 10828 [DEBUG] CPDLLMessageQueue::OnDpsdkCallBack(): CPDLLMessageQueue::OnDpsdkCallBack(...) pInfo->m_nCmd[211] pInfo->m_nSeq[48]
[1106 10:13:47.385][ServerMgrMdl.cpp:216] TID 19428 [INFO] DPSdk::ServerMgrMdl::DealWithOneRequest(): [PSDK] ServerMgrMdl::DealWithOneRequest cmd[211] nSeq = [50]
[1106 10:13:47.496][PDLLDpsdk_fun.cpp:597] TID 12296 [DEBUG] CPDLLDpsdk::DPSDKCallback(): CPDLLDpsdk::DPSDKCallback(...) m_cmd[211] m_sequence[50]
[1106 10:13:47.496][PDLLMessageQueue.cpp:524] TID 10828 [DEBUG] CPDLLMessageQueue::OnDpsdkCallBack(): CPDLLMessageQueue::OnDpsdkCallBack(...) pInfo->m_nCmd[211] pInfo->m_nSeq[50]
[1106 10:13:48.847][ServerMgrMdl.cpp:216] TID 19428 [INFO] DPSdk::ServerMgrMdl::DealWithOneRequest(): [PSDK] ServerMgrMdl::DealWithOneRequest cmd[211] nSeq = [54]
[1106 10:13:48.885][PDLLDpsdk_fun.cpp:597] TID 12296 [DEBUG] CPDLLDpsdk::DPSDKCallback(): CPDLLDpsdk::DPSDKCallback(...) m_cmd[211] m_sequence[54]
[1106 10:13:48.885][PDLLMessageQueue.cpp:524] TID 10828 [DEBUG] CPDLLMessageQueue::OnDpsdkCallBack(): CPDLLMessageQueue::OnDpsdkCallBack(...) pInfo->m_nCmd[211] pInfo->m_nSeq[54]
[1106 10:13:49.885][ServerMgrMdl.cpp:216] TID 19428 [INFO] DPSdk::ServerMgrMdl::DealWithOneRequest(): [PSDK] ServerMgrMdl::DealWithOneRequest cmd[211] nSeq = [56]
[1106 10:13:50.005][PDLLDpsdk_fun.cpp:597] TID 12296 [DEBUG] CPDLLDpsdk::DPSDKCallback(): CPDLLDpsdk::DPSDKCallback(...) m_cmd[211] m_sequence[56]
[1106 10:13:50.005][PDLLMessageQueue.cpp:524] TID 10828 [DEBUG] CPDLLMessageQueue::OnDpsdkCallBack(): CPDLLMessageQueue::OnDpsdkCallBack(...) pInfo->m_nCmd[211] pInfo->m_nSeq[56]
[1106 10:13:51.926][ServerMgrMdl.cpp:216] TID 19428 [INFO] DPSdk::ServerMgrMdl::DealWithOneRequest(): [PSDK] ServerMgrMdl::DealWithOneRequest cmd[211] nSeq = [60]
[1106 10:13:51.975][PDLLDpsdk_fun.cpp:597] TID 12296 [DEBUG] CPDLLDpsdk::DPSDKCallback(): CPDLLDpsdk::DPSDKCallback(...) m_cmd[211] m_sequence[60]
[1106 10:13:51.975][PDLLMessageQueue.cpp:524] TID 10828 [DEBUG] CPDLLMessageQueue::OnDpsdkCallBack(): CPDLLMessageQueue::OnDpsdkCallBack(...) pInfo->m_nCmd[211] pInfo->m_nSeq[60]
[1106 10:13:52.975][ServerMgrMdl.cpp:216] TID 19428 [INFO] DPSdk::ServerMgrMdl::DealWithOneRequest(): [PSDK] ServerMgrMdl::DealWithOneRequest cmd[211] nSeq = [62]
[1106 10:13:53.095][PDLLDpsdk_fun.cpp:597] TID 12296 [DEBUG] CPDLLDpsdk::DPSDKCallback(): CPDLLDpsdk::DPSDKCallback(...) m_cmd[211] m_sequence[62]
[1106 10:13:53.095][PDLLMessageQueue.cpp:524] TID 10828 [DEBUG] CPDLLMessageQueue::OnDpsdkCallBack(): CPDLLMessageQueue::OnDpsdkCallBack(...) pInfo->m_nCmd[211] pInfo->m_nSeq[62]
[1106 10:13:53.766][PDLLDpsdk_fun.cpp:597] TID 12296 [DEBUG] CPDLLDpsdk::DPSDKCallback(): CPDLLDpsdk::DPSDKCallback(...) m_cmd[459] m_sequence[64]
[1106 10:13:53.766][PDLLDpsdk_fun.cpp:597] TID 12296 [DEBUG] CPDLLDpsdk::DPSDKCallback(): CPDLLDpsdk::DPSDKCallback(...) m_cmd[480] m_sequence[65]
[1106 10:13:53.766][PDLLMessageQueue.cpp:901] TID 10828 [DEBUG] CPDLLMessageQueue::OnDpsdkCallBackAlarm(): [DPSDK_CORE]OnDpsdkCallBackAlarm()alarmtype = 584, strDeviceID = 1000006, nChannel = 0, cameraId = 1000006$1$0$0 alarmID = [{EF790D9B-B633-D842-8873-2EF4F2801A2B}] eventType = [1] time = [1604629371]
[1106 10:13:53.766][PDLLMessageQueue.cpp:5537] TID 10828 [DEBUG] CPDLLMessageQueue::OnNewAlarmReprot(): [DPSDK_CORE]OnNewAlarmReprot():deviceID[1000006], channelNo[0]
[1106 10:13:55.860][PDLLDpsdk_fun.cpp:597] TID 12296 [DEBUG] CPDLLDpsdk::DPSDKCallback(): CPDLLDpsdk::DPSDKCallback(...) m_cmd[253] m_sequence[0]
[1106 10:13:55.860][PDLLMessageQueue.cpp:5703] TID 10828 [INFO] CPDLLMessageQueue::OnChannelViewInfoReport(): [DPSDK_CORE]OnChannelViewInfoReport():CamearId[1000005$1$0$0],nDistance[127],nAngelH[590],nAzimuthH[855],nInclinationH[0]
[1106 10:13:55.961][PDLLDpsdk_fun.cpp:597] TID 12296 [DEBUG] CPDLLDpsdk::DPSDKCallback(): CPDLLDpsdk::DPSDKCallback(...) m_cmd[253] m_sequence[0]
[1106 10:13:55.961][PDLLMessageQueue.cpp:5703] TID 10828 [INFO] CPDLLMessageQueue::OnChannelViewInfoReport(): [DPSDK_CORE]OnChannelViewInfoReport():CamearId[1000005$1$0$0],nDistance[127],nAngelH[590],nAzimuthH[808],nInclinationH[0]
[1106 10:13:56.276][PDLLDpsdk_fun.cpp:597] TID 12296 [DEBUG] CPDLLDpsdk::DPSDKCallback(): CPDLLDpsdk::DPSDKCallback(...) m_cmd[253] m_sequence[0]
[1106 10:13:56.276][PDLLMessageQueue.cpp:5703] TID 10828 [INFO] CPDLLMessageQueue::OnChannelViewInfoReport(): [DPSDK_CORE]OnChannelViewInfoReport():CamearId[1000005$1$0$0],nDistance[127],nAngelH[590],nAzimuthH[599],nInclinationH[0]
[1106 10:13:56.357][PDLLDpsdk_fun.cpp:597] TID 12296 [DEBUG] CPDLLDpsdk::DPSDKCallback(): CPDLLDpsdk::DPSDKCallback(...) m_cmd[253] m_sequence[0]
[1106 10:13:56.357][PDLLMessageQueue.cpp:5703] TID 10828 [INFO] CPDLLMessageQueue::OnChannelViewInfoReport(): [DPSDK_CORE]OnChannelViewInfoReport():CamearId[1000005$1$0$0],nDistance[127],nAngelH[590],nAzimuthH[494],nInclinationH[0]
[1106 10:13:56.478][PDLLDpsdk_fun.cpp:597] TID 12296 [DEBUG] CPDLLDpsdk::DPSDKCallback(): CPDLLDpsdk::DPSDKCallback(...) m_cmd[253] m_sequence[0]
[1106 10:13:56.478][PDLLMessageQueue.cpp:5703] TID 10828 [INFO] CPDLLMessageQueue::OnChannelViewInfoReport(): [DPSDK_CORE]OnChannelViewInfoReport():CamearId[1000005$1$0$0],nDistance[127],nAngelH[590],nAzimuthH[389],nInclinationH[0]
[1106 10:13:56.618][PDLLDpsdk_fun.cpp:597] TID 12296 [DEBUG] CPDLLDpsdk::DPSDKCallback(): CPDLLDpsdk::DPSDKCallback(...) m_cmd[253] m_sequence[0]
[1106 10:13:56.618][PDLLMessageQueue.cpp:5703] TID 10828 [INFO] CPDLLMessageQueue::OnChannelViewInfoReport(): [DPSDK_CORE]OnChannelViewInfoReport():CamearId[1000005$1$0$0],nDistance[127],nAngelH[590],nAzimuthH[285],nInclinationH[0]
[1106 10:13:56.729][PDLLDpsdk_fun.cpp:597] TID 12296 [DEBUG] CPDLLDpsdk::DPSDKCallback(): CPDLLDpsdk::DPSDKCallback(...) m_cmd[253] m_sequence[0]
[1106 10:13:56.729][PDLLMessageQueue.cpp:5703] TID 10828 [INFO] CPDLLMessageQueue::OnChannelViewInfoReport(): [DPSDK_CORE]OnChannelViewInfoReport():CamearId[1000005$1$0$0],nDistance[127],nAngelH[590],nAzimuthH[185],nInclinationH[0]
[1106 10:13:56.840][PDLLDpsdk_fun.cpp:597] TID 12296 [DEBUG] CPDLLDpsdk::DPSDKCallback(): CPDLLDpsdk::DPSDKCallback(...) m_cmd[253] m_sequence[0]
[1106 10:13:56.840][PDLLMessageQueue.cpp:5703] TID 10828 [INFO] CPDLLMessageQueue::OnChannelViewInfoReport(): [DPSDK_CORE]OnChannelViewInfoReport():CamearId[1000005$1$0$0],nDistance[127],nAngelH[590],nAzimuthH[162],nInclinationH[0]
[1106 10:13:57.516][PDLLDpsdk_fun.cpp:597] TID 12296 [DEBUG] CPDLLDpsdk::DPSDKCallback(): CPDLLDpsdk::DPSDKCallback(...) m_cmd[253] m_sequence[0]
[1106 10:13:57.516][PDLLMessageQueue.cpp:5703] TID 10828 [INFO] CPDLLMessageQueue::OnChannelViewInfoReport(): [DPSDK_CORE]OnChannelViewInfoReport():CamearId[1000005$1$0$0],nDistance[127],nAngelH[590],nAzimuthH[160],nInclinationH[0]
[1106 10:14:00.858][PDLLDpsdk_fun.cpp:597] TID 12296 [DEBUG] CPDLLDpsdk::DPSDKCallback(): CPDLLDpsdk::DPSDKCallback(...) m_cmd[253] m_sequence[0]
[1106 10:14:00.858][PDLLMessageQueue.cpp:5703] TID 10828 [INFO] CPDLLMessageQueue::OnChannelViewInfoReport(): [DPSDK_CORE]OnChannelViewInfoReport():CamearId[1000006$1$0$0],nDistance[127],nAngelH[590],nAzimuthH[119],nInclinationH[0]
[1106 10:14:00.989][PDLLDpsdk_fun.cpp:597] TID 12296 [DEBUG] CPDLLDpsdk::DPSDKCallback(): CPDLLDpsdk::DPSDKCallback(...) m_cmd[253] m_sequence[0]
[1106 10:14:00.989][PDLLMessageQueue.cpp:5703] TID 10828 [INFO] CPDLLMessageQueue::OnChannelViewInfoReport(): [DPSDK_CORE]OnChannelViewInfoReport():CamearId[1000006$1$0$0],nDistance[127],nAngelH[590],nAzimuthH[117],nInclinationH[0]
[1106 10:14:01.109][PDLLDpsdk_fun.cpp:597] TID 12296 [DEBUG] CPDLLDpsdk::DPSDKCallback(): CPDLLDpsdk::DPSDKCallback(...) m_cmd[253] m_sequence[0]
[1106 10:14:01.109][PDLLMessageQueue.cpp:5703] TID 10828 [INFO] CPDLLMessageQueue::OnChannelViewInfoReport(): [DPSDK_CORE]OnChannelViewInfoReport():CamearId[1000006$1$0$0],nDistance[139],nAngelH[545],nAzimuthH[108],nInclinationH[0]
[1106 10:14:01.260][PDLLDpsdk_fun.cpp:597] TID 12296 [DEBUG] CPDLLDpsdk::DPSDKCallback(): CPDLLDpsdk::DPSDKCallback(...) m_cmd[253] m_sequence[0]
[1106 10:14:01.260][PDLLMessageQueue.cpp:5703] TID 10828 [INFO] CPDLLMessageQueue::OnChannelViewInfoReport(): [DPSDK_CORE]OnChannelViewInfoReport():CamearId[1000006$1$0$0],nDistance[139],nAngelH[545],nAzimuthH[979],nInclinationH[0]
[1106 10:14:01.374][PDLLDpsdk_fun.cpp:597] TID 12296 [DEBUG] CPDLLDpsdk::DPSDKCallback(): CPDLLDpsdk::DPSDKCallback(...) m_cmd[253] m_sequence[0]
[1106 10:14:01.374][PDLLMessageQueue.cpp:5703] TID 10828 [INFO] CPDLLMessageQueue::OnChannelViewInfoReport(): [DPSDK_CORE]OnChannelViewInfoReport():CamearId[1000006$1$0$0],nDistance[152],nAngelH[505],nAzimuthH[875],nInclinationH[0]
[1106 10:14:01.494][PDLLDpsdk_fun.cpp:597] TID 12296 [DEBUG] CPDLLDpsdk::DPSDKCallback(): CPDLLDpsdk::DPSDKCallback(...) m_cmd[253] m_sequence[0]
[1106 10:14:01.494][PDLLMessageQueue.cpp:5703] TID 10828 [INFO] CPDLLMessageQueue::OnChannelViewInfoReport(): [DPSDK_CORE]OnChannelViewInfoReport():CamearId[1000006$1$0$0],nDistance[165],nAngelH[471],nAzimuthH[770],nInclinationH[0]
[1106 10:14:01.615][PDLLDpsdk_fun.cpp:597] TID 12296 [DEBUG] CPDLLDpsdk::DPSDKCallback(): CPDLLDpsdk::DPSDKCallback(...) m_cmd[253] m_sequence[0]
[1106 10:14:01.615][PDLLMessageQueue.cpp:5703] TID 10828 [INFO] CPDLLMessageQueue::OnChannelViewInfoReport(): [DPSDK_CORE]OnChannelViewInfoReport():CamearId[1000006$1$0$0],nDistance[176],nAngelH[442],nAzimuthH[666],nInclinationH[0]
[1106 10:14:01.735][PDLLDpsdk_fun.cpp:597] TID 12296 [DEBUG] CPDLLDpsdk::DPSDKCallback(): CPDLLDpsdk::DPSDKCallback(...) m_cmd[253] m_sequence[0]
[1106 10:14:01.735][PDLLMessageQueue.cpp:5703] TID 10828 [INFO] CPDLLMessageQueue::OnChannelViewInfoReport(): [DPSDK_CORE]OnChannelViewInfoReport():CamearId[1000006$1$0$0],nDistance[176],nAngelH[442],nAzimuthH[561],nInclinationH[0]
[1106 10:14:01.856][PDLLDpsdk_fun.cpp:597] TID 12296 [DEBUG] CPDLLDpsdk::DPSDKCallback(): CPDLLDpsdk::DPSDKCallback(...) m_cmd[253] m_sequence[0]
[1106 10:14:01.856][PDLLMessageQueue.cpp:5703] TID 10828 [INFO] CPDLLMessageQueue::OnChannelViewInfoReport(): [DPSDK_CORE]OnChannelViewInfoReport():CamearId[1000006$1$0$0],nDistance[199],nAngelH[396],nAzimuthH[456],nInclinationH[0]
[1106 10:14:01.977][PDLLDpsdk_fun.cpp:597] TID 12296 [DEBUG] CPDLLDpsdk::DPSDKCallback(): CPDLLDpsdk::DPSDKCallback(...) m_cmd[253] m_sequence[0]
[1106 10:14:01.977][PDLLMessageQueue.cpp:5703] TID 10828 [INFO] CPDLLMessageQueue::OnChannelViewInfoReport(): [DPSDK_CORE]OnChannelViewInfoReport():CamearId[1000006$1$0$0],nDistance[211],nAngelH[376],nAzimuthH[351],nInclinationH[0]
[1106 10:14:02.098][PDLLDpsdk_fun.cpp:597] TID 12296 [DEBUG] CPDLLDpsdk::DPSDKCallback(): CPDLLDpsdk::DPSDKCallback(...) m_cmd[253] m_sequence[0]
[1106 10:14:02.098][PDLLMessageQueue.cpp:5703] TID 10828 [INFO] CPDLLMessageQueue::OnChannelViewInfoReport(): [DPSDK_CORE]OnChannelViewInfoReport():CamearId[1000006$1$0$0],nDistance[222],nAngelH[357],nAzimuthH[246],nInclinationH[0]
[1106 10:14:02.208][PDLLDpsdk_fun.cpp:597] TID 12296 [DEBUG] CPDLLDpsdk::DPSDKCallback(): CPDLLDpsdk::DPSDKCallback(...) m_cmd[253] m_sequence[0]
[1106 10:14:02.208][PDLLMessageQueue.cpp:5703] TID 10828 [INFO] CPDLLMessageQueue::OnChannelViewInfoReport(): [DPSDK_CORE]OnChannelViewInfoReport():CamearId[1000006$1$0$0],nDistance[232],nAngelH[343],nAzimuthH[141],nInclinationH[0]
[1106 10:14:02.389][PDLLDpsdk_fun.cpp:597] TID 12296 [DEBUG] CPDLLDpsdk::DPSDKCallback(): CPDLLDpsdk::DPSDKCallback(...) m_cmd[253] m_sequence[0]
[1106 10:14:02.389][PDLLMessageQueue.cpp:5703] TID 10828 [INFO] CPDLLMessageQueue::OnChannelViewInfoReport(): [DPSDK_CORE]OnChannelViewInfoReport():CamearId[1000006$1$0$0],nDistance[244],nAngelH[327],nAzimuthH[353],nInclinationH[0]
[1106 10:14:02.670][PDLLDpsdk_fun.cpp:597] TID 12296 [DEBUG] CPDLLDpsdk::DPSDKCallback(): CPDLLDpsdk::DPSDKCallback(...) m_cmd[253] m_sequence[0]
[1106 10:14:02.670][PDLLMessageQueue.cpp:5703] TID 10828 [INFO] CPDLLMessageQueue::OnChannelViewInfoReport(): [DPSDK_CORE]OnChannelViewInfoReport():CamearId[1000006$1$0$0],nDistance[244],nAngelH[327],nAzimuthH[345],nInclinationH[0]
[1106 10:14:03.344][PDLLDpsdk_fun.cpp:597] TID 12296 [DEBUG] CPDLLDpsdk::DPSDKCallback(): CPDLLDpsdk::DPSDKCallback(...) m_cmd[253] m_sequence[0]
[1106 10:14:03.344][PDLLMessageQueue.cpp:5703] TID 10828 [INFO] CPDLLMessageQueue::OnChannelViewInfoReport(): [DPSDK_CORE]OnChannelViewInfoReport():CamearId[1000006$1$0$0],nDistance[244],nAngelH[327],nAzimuthH[344],nInclinationH[0]
[1106 10:14:04.630][PDLLDpsdk_fun.cpp:597] TID 12296 [DEBUG] CPDLLDpsdk::DPSDKCallback(): CPDLLDpsdk::DPSDKCallback(...) m_cmd[459] m_sequence[69]
[1106 10:14:04.630][PDLLDpsdk_fun.cpp:597] TID 12296 [DEBUG] CPDLLDpsdk::DPSDKCallback(): CPDLLDpsdk::DPSDKCallback(...) m_cmd[480] m_sequence[70]
[1106 10:14:04.631][PDLLMessageQueue.cpp:901] TID 10828 [DEBUG] CPDLLMessageQueue::OnDpsdkCallBackAlarm(): [DPSDK_CORE]OnDpsdkCallBackAlarm()alarmtype = 584, strDeviceID = 1000006, nChannel = 0, cameraId = 1000006$1$0$0 alarmID = [{7AD2AA5A-2332-B848-8D11-4972BF3AE13C}] eventType = [1] time = [1604629382]
[1106 10:14:04.631][PDLLMessageQueue.cpp:5537] TID 10828 [DEBUG] CPDLLMessageQueue::OnNewAlarmReprot(): [DPSDK_CORE]OnNewAlarmReprot():deviceID[1000006], channelNo[0]
[1106 10:14:04.877][PDLLDpsdk_fun.cpp:597] TID 12296 [DEBUG] CPDLLDpsdk::DPSDKCallback(): CPDLLDpsdk::DPSDKCallback(...) m_cmd[253] m_sequence[0]
[1106 10:14:04.877][PDLLMessageQueue.cpp:5703] TID 10828 [INFO] CPDLLMessageQueue::OnChannelViewInfoReport(): [DPSDK_CORE]OnChannelViewInfoReport():CamearId[1000007$1$0$0],nDistance[127],nAngelH[590],nAzimuthH[263],nInclinationH[0]
[1106 10:14:04.919][PDLLDpsdk_fun.cpp:597] TID 12296 [DEBUG] CPDLLDpsdk::DPSDKCallback(): CPDLLDpsdk::DPSDKCallback(...) m_cmd[253] m_sequence[0]
[1106 10:14:04.919][PDLLMessageQueue.cpp:5703] TID 10828 [INFO] CPDLLMessageQueue::OnChannelViewInfoReport(): [DPSDK_CORE]OnChannelViewInfoReport():CamearId[1000007$1$0$0],nDistance[127],nAngelH[590],nAzimuthH[259],nInclinationH[0]
[1106 10:14:04.960][PDLLDpsdk_fun.cpp:597] TID 12296 [DEBUG] CPDLLDpsdk::DPSDKCallback(): CPDLLDpsdk::DPSDKCallback(...) m_cmd[253] m_sequence[0]
[1106 10:14:04.960][PDLLMessageQueue.cpp:5703] TID 10828 [INFO] CPDLLMessageQueue::OnChannelViewInfoReport(): [DPSDK_CORE]OnChannelViewInfoReport():CamearId[1000007$1$0$0],nDistance[127],nAngelH[590],nAzimuthH[249],nInclinationH[0]
[1106 10:14:05.049][PDLLDpsdk_fun.cpp:597] TID 12296 [DEBUG] CPDLLDpsdk::DPSDKCallback(): CPDLLDpsdk::DPSDKCallback(...) m_cmd[253] m_sequence[0]
[1106 10:14:05.049][PDLLMessageQueue.cpp:5703] TID 10828 [INFO] CPDLLMessageQueue::OnChannelViewInfoReport(): [DPSDK_CORE]OnChannelViewInfoReport():CamearId[1000007$1$0$0],nDistance[127],nAngelH[590],nAzimuthH[238],nInclinationH[0]
[1106 10:14:05.169][PDLLDpsdk_fun.cpp:597] TID 12296 [DEBUG] CPDLLDpsdk::DPSDKCallback(): CPDLLDpsdk::DPSDKCallback(...) m_cmd[253] m_sequence[0]
[1106 10:14:05.169][PDLLMessageQueue.cpp:5703] TID 10828 [INFO] CPDLLMessageQueue::OnChannelViewInfoReport(): [DPSDK_CORE]OnChannelViewInfoReport():CamearId[1000007$1$0$0],nDistance[127],nAngelH[590],nAzimuthH[228],nInclinationH[0]
[1106 10:14:05.290][PDLLDpsdk_fun.cpp:597] TID 12296 [DEBUG] CPDLLDpsdk::DPSDKCallback(): CPDLLDpsdk::DPSDKCallback(...) m_cmd[253] m_sequence[0]
[1106 10:14:05.290][PDLLMessageQueue.cpp:5703] TID 10828 [INFO] CPDLLMessageQueue::OnChannelViewInfoReport(): [DPSDK_CORE]OnChannelViewInfoReport():CamearId[1000007$1$0$0],nDistance[127],nAngelH[590],nAzimuthH[225],nInclinationH[0]
[1106 10:14:06.234][PDLLDpsdk_fun.cpp:597] TID 12296 [DEBUG] CPDLLDpsdk::DPSDKCallback(): CPDLLDpsdk::DPSDKCallback(...) m_cmd[253] m_sequence[0]
[1106 10:14:06.234][PDLLMessageQueue.cpp:5703] TID 10828 [INFO] CPDLLMessageQueue::OnChannelViewInfoReport(): [DPSDK_CORE]OnChannelViewInfoReport():CamearId[1000007$1$0$0],nDistance[127],nAngelH[590],nAzimuthH[224],nInclinationH[0]
[1106 10:14:07.713][PDLLDpsdk_fun.cpp:597] TID 12296 [DEBUG] CPDLLDpsdk::DPSDKCallback(): CPDLLDpsdk::DPSDKCallback(...) m_cmd[459] m_sequence[73]
[1106 10:14:07.713][PDLLDpsdk_fun.cpp:597] TID 12296 [DEBUG] CPDLLDpsdk::DPSDKCallback(): CPDLLDpsdk::DPSDKCallback(...) m_cmd[480] m_sequence[74]
[1106 10:14:07.714][PDLLMessageQueue.cpp:901] TID 10828 [DEBUG] CPDLLMessageQueue::OnDpsdkCallBackAlarm(): [DPSDK_CORE]OnDpsdkCallBackAlarm()alarmtype = 584, strDeviceID = 1000005, nChannel = 0, cameraId = 1000005$1$0$0 alarmID = [{89031F40-1325-5943-A284-1D2F6BC2E1D2}] eventType = [1] time = [1604629385]
[1106 10:14:07.714][PDLLMessageQueue.cpp:5537] TID 10828 [DEBUG] CPDLLMessageQueue::OnNewAlarmReprot(): [DPSDK_CORE]OnNewAlarmReprot():deviceID[1000005], channelNo[0]
[1106 10:14:07.841][PDLLDpsdk_fun.cpp:597] TID 12296 [DEBUG] CPDLLDpsdk::DPSDKCallback(): CPDLLDpsdk::DPSDKCallback(...) m_cmd[253] m_sequence[0]
[1106 10:14:07.841][PDLLMessageQueue.cpp:5703] TID 10828 [INFO] CPDLLMessageQueue::OnChannelViewInfoReport(): [DPSDK_CORE]OnChannelViewInfoReport():CamearId[1000008$1$0$0],nDistance[127],nAngelH[590],nAzimuthH[245],nInclinationH[0]
[1106 10:14:07.865][PDLLDpsdk_fun.cpp:597] TID 12296 [DEBUG] CPDLLDpsdk::DPSDKCallback(): CPDLLDpsdk::DPSDKCallback(...) m_cmd[459] m_sequence[75]
[1106 10:14:07.865][PDLLDpsdk_fun.cpp:597] TID 12296 [DEBUG] CPDLLDpsdk::DPSDKCallback(): CPDLLDpsdk::DPSDKCallback(...) m_cmd[480] m_sequence[76]
[1106 10:14:07.865][PDLLMessageQueue.cpp:901] TID 10828 [DEBUG] CPDLLMessageQueue::OnDpsdkCallBackAlarm(): [DPSDK_CORE]OnDpsdkCallBackAlarm()alarmtype = 303, strDeviceID = 1000008, nChannel = 0, cameraId = 1000008$1$0$0 alarmID = [{C9B70962-9726-664D-98EB-923D0161A354}] eventType = [1] time = [1604629385]
[1106 10:14:07.865][PDLLMessageQueue.cpp:5537] TID 10828 [DEBUG] CPDLLMessageQueue::OnNewAlarmReprot(): [DPSDK_CORE]OnNewAlarmReprot():deviceID[1000008], channelNo[0]
[1106 10:14:07.963][PDLLDpsdk_fun.cpp:597] TID 12296 [DEBUG] CPDLLDpsdk::DPSDKCallback(): CPDLLDpsdk::DPSDKCallback(...) m_cmd[253] m_sequence[0]
[1106 10:14:07.963][PDLLMessageQueue.cpp:5703] TID 10828 [INFO] CPDLLMessageQueue::OnChannelViewInfoReport(): [DPSDK_CORE]OnChannelViewInfoReport():CamearId[1000008$1$0$0],nDistance[127],nAngelH[590],nAzimuthH[247],nInclinationH[0]
[1106 10:14:07.979][PDLLDpsdk_fun.cpp:597] TID 12296 [DEBUG] CPDLLDpsdk::DPSDKCallback(): CPDLLDpsdk::DPSDKCallback(...) m_cmd[459] m_sequence[77]
[1106 10:14:07.979][PDLLDpsdk_fun.cpp:597] TID 12296 [DEBUG] CPDLLDpsdk::DPSDKCallback(): CPDLLDpsdk::DPSDKCallback(...) m_cmd[480] m_sequence[78]
[1106 10:14:07.979][PDLLMessageQueue.cpp:901] TID 10828 [DEBUG] CPDLLMessageQueue::OnDpsdkCallBackAlarm(): [DPSDK_CORE]OnDpsdkCallBackAlarm()alarmtype = 302, strDeviceID = 1000008, nChannel = 0, cameraId = 1000008$1$0$0 alarmID = [{65F19412-2236-E14E-948B-B1703D48BCDE}] eventType = [1] time = [1604629385]
[1106 10:14:07.979][PDLLMessageQueue.cpp:5537] TID 10828 [DEBUG] CPDLLMessageQueue::OnNewAlarmReprot(): [DPSDK_CORE]OnNewAlarmReprot():deviceID[1000008], channelNo[0]
[1106 10:14:08.213][PDLLDpsdk_fun.cpp:597] TID 12296 [DEBUG] CPDLLDpsdk::DPSDKCallback(): CPDLLDpsdk::DPSDKCallback(...) m_cmd[253] m_sequence[0]
[1106 10:14:08.213][PDLLMessageQueue.cpp:5703] TID 10828 [INFO] CPDLLMessageQueue::OnChannelViewInfoReport(): [DPSDK_CORE]OnChannelViewInfoReport():CamearId[1000008$1$0$0],nDistance[127],nAngelH[590],nAzimuthH[249],nInclinationH[0]
[1106 10:14:08.283][PDLLDpsdk_fun.cpp:597] TID 12296 [DEBUG] CPDLLDpsdk::DPSDKCallback(): CPDLLDpsdk::DPSDKCallback(...) m_cmd[253] m_sequence[0]
[1106 10:14:08.283][PDLLMessageQueue.cpp:5703] TID 10828 [INFO] CPDLLMessageQueue::OnChannelViewInfoReport(): [DPSDK_CORE]OnChannelViewInfoReport():CamearId[1000008$1$0$0],nDistance[127],nAngelH[590],nAzimuthH[250],nInclinationH[0]
[1106 10:14:08.364][PDLLDpsdk_fun.cpp:597] TID 12296 [DEBUG] CPDLLDpsdk::DPSDKCallback(): CPDLLDpsdk::DPSDKCallback(...) m_cmd[253] m_sequence[0]
[1106 10:14:08.364][PDLLMessageQueue.cpp:5703] TID 10828 [INFO] CPDLLMessageQueue::OnChannelViewInfoReport(): [DPSDK_CORE]OnChannelViewInfoReport():CamearId[1000008$1$0$0],nDistance[127],nAngelH[590],nAzimuthH[251],nInclinationH[0]
[1106 10:14:08.454][PDLLDpsdk_fun.cpp:597] TID 12296 [DEBUG] CPDLLDpsdk::DPSDKCallback(): CPDLLDpsdk::DPSDKCallback(...) m_cmd[253] m_sequence[0]
[1106 10:14:08.455][PDLLMessageQueue.cpp:5703] TID 10828 [INFO] CPDLLMessageQueue::OnChannelViewInfoReport(): [DPSDK_CORE]OnChannelViewInfoReport():CamearId[1000008$1$0$0],nDistance[127],nAngelH[590],nAzimuthH[252],nInclinationH[0]
[1106 10:14:08.574][PDLLDpsdk_fun.cpp:597] TID 12296 [DEBUG] CPDLLDpsdk::DPSDKCallback(): CPDLLDpsdk::DPSDKCallback(...) m_cmd[253] m_sequence[0]
[1106 10:14:08.574][PDLLMessageQueue.cpp:5703] TID 10828 [INFO] CPDLLMessageQueue::OnChannelViewInfoReport(): [DPSDK_CORE]OnChannelViewInfoReport():CamearId[1000008$1$0$0],nDistance[127],nAngelH[590],nAzimuthH[252],nInclinationH[0]
[1106 10:14:08.766][PDLLDpsdk_fun.cpp:597] TID 12296 [DEBUG] CPDLLDpsdk::DPSDKCallback(): CPDLLDpsdk::DPSDKCallback(...) m_cmd[253] m_sequence[0]
[1106 10:14:08.766][PDLLMessageQueue.cpp:5703] TID 10828 [INFO] CPDLLMessageQueue::OnChannelViewInfoReport(): [DPSDK_CORE]OnChannelViewInfoReport():CamearId[1000008$1$0$0],nDistance[127],nAngelH[590],nAzimuthH[252],nInclinationH[0]
[1106 10:14:08.886][PDLLDpsdk_fun.cpp:597] TID 12296 [DEBUG] CPDLLDpsdk::DPSDKCallback(): CPDLLDpsdk::DPSDKCallback(...) m_cmd[253] m_sequence[0]
[1106 10:14:08.886][PDLLMessageQueue.cpp:5703] TID 10828 [INFO] CPDLLMessageQueue::OnChannelViewInfoReport(): [DPSDK_CORE]OnChannelViewInfoReport():CamearId[1000008$1$0$0],nDistance[127],nAngelH[590],nAzimuthH[253],nInclinationH[0]
[1106 10:14:08.947][PDLLDpsdk_fun.cpp:597] TID 12296 [DEBUG] CPDLLDpsdk::DPSDKCallback(): CPDLLDpsdk::DPSDKCallback(...) m_cmd[253] m_sequence[0]
[1106 10:14:08.947][PDLLMessageQueue.cpp:5703] TID 10828 [INFO] CPDLLMessageQueue::OnChannelViewInfoReport(): [DPSDK_CORE]OnChannelViewInfoReport():CamearId[1000008$1$0$0],nDistance[127],nAngelH[590],nAzimuthH[253],nInclinationH[0]
[1106 10:14:09.088][PDLLDpsdk_fun.cpp:597] TID 12296 [DEBUG] CPDLLDpsdk::DPSDKCallback(): CPDLLDpsdk::DPSDKCallback(...) m_cmd[253] m_sequence[0]
[1106 10:14:09.088][PDLLMessageQueue.cpp:5703] TID 10828 [INFO] CPDLLMessageQueue::OnChannelViewInfoReport(): [DPSDK_CORE]OnChannelViewInfoReport():CamearId[1000008$1$0$0],nDistance[127],nAngelH[590],nAzimuthH[253],nInclinationH[0]
[1106 10:14:09.208][PDLLDpsdk_fun.cpp:597] TID 12296 [DEBUG] CPDLLDpsdk::DPSDKCallback(): CPDLLDpsdk::DPSDKCallback(...) m_cmd[253] m_sequence[0]
[1106 10:14:09.208][PDLLMessageQueue.cpp:5703] TID 10828 [INFO] CPDLLMessageQueue::OnChannelViewInfoReport(): [DPSDK_CORE]OnChannelViewInfoReport():CamearId[1000008$1$0$0],nDistance[127],nAngelH[590],nAzimuthH[253],nInclinationH[0]
[1106 10:14:09.298][PDLLDpsdk_fun.cpp:597] TID 12296 [DEBUG] CPDLLDpsdk::DPSDKCallback(): CPDLLDpsdk::DPSDKCallback(...) m_cmd[253] m_sequence[0]
[1106 10:14:09.299][PDLLMessageQueue.cpp:5703] TID 10828 [INFO] CPDLLMessageQueue::OnChannelViewInfoReport(): [DPSDK_CORE]OnChannelViewInfoReport():CamearId[1000008$1$0$0],nDistance[127],nAngelH[590],nAzimuthH[253],nInclinationH[0]
[1106 10:14:09.500][PDLLDpsdk_fun.cpp:597] TID 12296 [DEBUG] CPDLLDpsdk::DPSDKCallback(): CPDLLDpsdk::DPSDKCallback(...) m_cmd[253] m_sequence[0]
[1106 10:14:09.500][PDLLMessageQueue.cpp:5703] TID 10828 [INFO] CPDLLMessageQueue::OnChannelViewInfoReport(): [DPSDK_CORE]OnChannelViewInfoReport():CamearId[1000008$1$0$0],nDistance[127],nAngelH[590],nAzimuthH[253],nInclinationH[0]
[1106 10:14:09.610][PDLLDpsdk_fun.cpp:597] TID 12296 [DEBUG] CPDLLDpsdk::DPSDKCallback(): CPDLLDpsdk::DPSDKCallback(...) m_cmd[253] m_sequence[0]
[1106 10:14:09.610][PDLLMessageQueue.cpp:5703] TID 10828 [INFO] CPDLLMessageQueue::OnChannelViewInfoReport(): [DPSDK_CORE]OnChannelViewInfoReport():CamearId[1000008$1$0$0],nDistance[127],nAngelH[590],nAzimuthH[253],nInclinationH[0]
[1106 10:14:09.691][PDLLDpsdk_fun.cpp:597] TID 12296 [DEBUG] CPDLLDpsdk::DPSDKCallback(): CPDLLDpsdk::DPSDKCallback(...) m_cmd[253] m_sequence[0]
[1106 10:14:09.691][PDLLMessageQueue.cpp:5703] TID 10828 [INFO] CPDLLMessageQueue::OnChannelViewInfoReport(): [DPSDK_CORE]OnChannelViewInfoReport():CamearId[1000008$1$0$0],nDistance[139],nAngelH[545],nAzimuthH[253],nInclinationH[0]
[1106 10:14:09.822][PDLLDpsdk_fun.cpp:597] TID 12296 [DEBUG] CPDLLDpsdk::DPSDKCallback(): CPDLLDpsdk::DPSDKCallback(...) m_cmd[253] m_sequence[0]
[1106 10:14:09.822][PDLLMessageQueue.cpp:5703] TID 10828 [INFO] CPDLLMessageQueue::OnChannelViewInfoReport(): [DPSDK_CORE]OnChannelViewInfoReport():CamearId[1000008$1$0$0],nDistance[139],nAngelH[545],nAzimuthH[253],nInclinationH[0]
[1106 10:14:09.892][PDLLDpsdk_fun.cpp:597] TID 12296 [DEBUG] CPDLLDpsdk::DPSDKCallback(): CPDLLDpsdk::DPSDKCallback(...) m_cmd[253] m_sequence[0]
[1106 10:14:09.892][PDLLMessageQueue.cpp:5703] TID 10828 [INFO] CPDLLMessageQueue::OnChannelViewInfoReport(): [DPSDK_CORE]OnChannelViewInfoReport():CamearId[1000008$1$0$0],nDistance[152],nAngelH[505],nAzimuthH[253],nInclinationH[0]
[1106 10:14:09.933][PDLLDpsdk_fun.cpp:597] TID 12296 [DEBUG] CPDLLDpsdk::DPSDKCallback(): CPDLLDpsdk::DPSDKCallback(...) m_cmd[253] m_sequence[0]
[1106 10:14:09.933][PDLLMessageQueue.cpp:5703] TID 10828 [INFO] CPDLLMessageQueue::OnChannelViewInfoReport(): [DPSDK_CORE]OnChannelViewInfoReport():CamearId[1000008$1$0$0],nDistance[152],nAngelH[505],nAzimuthH[253],nInclinationH[0]
[1106 10:14:10.083][PDLLDpsdk_fun.cpp:597] TID 12296 [DEBUG] CPDLLDpsdk::DPSDKCallback(): CPDLLDpsdk::DPSDKCallback(...) m_cmd[253] m_sequence[0]
[1106 10:14:10.083][PDLLMessageQueue.cpp:5703] TID 10828 [INFO] CPDLLMessageQueue::OnChannelViewInfoReport(): [DPSDK_CORE]OnChannelViewInfoReport():CamearId[1000008$1$0$0],nDistance[165],nAngelH[471],nAzimuthH[253],nInclinationH[0]
[1106 10:14:10.214][PDLLDpsdk_fun.cpp:597] TID 12296 [DEBUG] CPDLLDpsdk::DPSDKCallback(): CPDLLDpsdk::DPSDKCallback(...) m_cmd[253] m_sequence[0]
[1106 10:14:10.214][PDLLMessageQueue.cpp:5703] TID 10828 [INFO] CPDLLMessageQueue::OnChannelViewInfoReport(): [DPSDK_CORE]OnChannelViewInfoReport():CamearId[1000008$1$0$0],nDistance[176],nAngelH[442],nAzimuthH[253],nInclinationH[0]
[1106 10:14:10.294][PDLLDpsdk_fun.cpp:597] TID 12296 [DEBUG] CPDLLDpsdk::DPSDKCallback(): CPDLLDpsdk::DPSDKCallback(...) m_cmd[253] m_sequence[0]
[1106 10:14:10.294][PDLLMessageQueue.cpp:5703] TID 10828 [INFO] CPDLLMessageQueue::OnChannelViewInfoReport(): [DPSDK_CORE]OnChannelViewInfoReport():CamearId[1000008$1$0$0],nDistance[189],nAngelH[416],nAzimuthH[253],nInclinationH[0]
[1106 10:14:10.404][PDLLDpsdk_fun.cpp:597] TID 12296 [DEBUG] CPDLLDpsdk::DPSDKCallback(): CPDLLDpsdk::DPSDKCallback(...) m_cmd[253] m_sequence[0]
[1106 10:14:10.404][PDLLMessageQueue.cpp:5703] TID 10828 [INFO] CPDLLMessageQueue::OnChannelViewInfoReport(): [DPSDK_CORE]OnChannelViewInfoReport():CamearId[1000008$1$0$0],nDistance[199],nAngelH[396],nAzimuthH[253],nInclinationH[0]
[1106 10:14:10.485][PDLLDpsdk_fun.cpp:597] TID 12296 [DEBUG] CPDLLDpsdk::DPSDKCallback(): CPDLLDpsdk::DPSDKCallback(...) m_cmd[253] m_sequence[0]
[1106 10:14:10.485][PDLLMessageQueue.cpp:5703] TID 10828 [INFO] CPDLLMessageQueue::OnChannelViewInfoReport(): [DPSDK_CORE]OnChannelViewInfoReport():CamearId[1000008$1$0$0],nDistance[199],nAngelH[396],nAzimuthH[253],nInclinationH[0]
[1106 10:14:10.535][PDLLDpsdk_fun.cpp:597] TID 12296 [DEBUG] CPDLLDpsdk::DPSDKCallback(): CPDLLDpsdk::DPSDKCallback(...) m_cmd[253] m_sequence[0]
[1106 10:14:10.536][PDLLMessageQueue.cpp:5703] TID 10828 [INFO] CPDLLMessageQueue::OnChannelViewInfoReport(): [DPSDK_CORE]OnChannelViewInfoReport():CamearId[1000008$1$0$0],nDistance[211],nAngelH[376],nAzimuthH[253],nInclinationH[0]
[1106 10:14:10.697][PDLLDpsdk_fun.cpp:597] TID 12296 [DEBUG] CPDLLDpsdk::DPSDKCallback(): CPDLLDpsdk::DPSDKCallback(...) m_cmd[253] m_sequence[0]
[1106 10:14:10.697][PDLLMessageQueue.cpp:5703] TID 10828 [INFO] CPDLLMessageQueue::OnChannelViewInfoReport(): [DPSDK_CORE]OnChannelViewInfoReport():CamearId[1000008$1$0$0],nDistance[222],nAngelH[357],nAzimuthH[253],nInclinationH[0]
[1106 10:14:10.887][PDLLDpsdk_fun.cpp:597] TID 12296 [DEBUG] CPDLLDpsdk::DPSDKCallback(): CPDLLDpsdk::DPSDKCallback(...) m_cmd[253] m_sequence[0]
[1106 10:14:10.887][PDLLMessageQueue.cpp:5703] TID 10828 [INFO] CPDLLMessageQueue::OnChannelViewInfoReport(): [DPSDK_CORE]OnChannelViewInfoReport():CamearId[1000008$1$0$0],nDistance[244],nAngelH[327],nAzimuthH[253],nInclinationH[0]
[1106 10:14:10.929][PDLLDpsdk_fun.cpp:597] TID 12296 [DEBUG] CPDLLDpsdk::DPSDKCallback(): CPDLLDpsdk::DPSDKCallback(...) m_cmd[253] m_sequence[0]
[1106 10:14:10.929][PDLLMessageQueue.cpp:5703] TID 10828 [INFO] CPDLLMessageQueue::OnChannelViewInfoReport(): [DPSDK_CORE]OnChannelViewInfoReport():CamearId[1000008$1$0$0],nDistance[244],nAngelH[327],nAzimuthH[253],nInclinationH[0]
[1106 10:14:11.139][PDLLDpsdk_fun.cpp:597] TID 12296 [DEBUG] CPDLLDpsdk::DPSDKCallback(): CPDLLDpsdk::DPSDKCallback(...) m_cmd[253] m_sequence[0]
[1106 10:14:11.139][PDLLMessageQueue.cpp:5703] TID 10828 [INFO] CPDLLMessageQueue::OnChannelViewInfoReport(): [DPSDK_CORE]OnChannelViewInfoReport():CamearId[1000008$1$0$0],nDistance[265],nAngelH[303],nAzimuthH[253],nInclinationH[0]
[1106 10:14:11.179][PDLLDpsdk_fun.cpp:597] TID 12296 [DEBUG] CPDLLDpsdk::DPSDKCallback(): CPDLLDpsdk::DPSDKCallback(...) m_cmd[253] m_sequence[0]
[1106 10:14:11.179][PDLLMessageQueue.cpp:5703] TID 10828 [INFO] CPDLLMessageQueue::OnChannelViewInfoReport(): [DPSDK_CORE]OnChannelViewInfoReport():CamearId[1000008$1$0$0],nDistance[277],nAngelH[291],nAzimuthH[253],nInclinationH[0]
[1106 10:14:11.221][PDLLDpsdk_fun.cpp:597] TID 12296 [DEBUG] CPDLLDpsdk::DPSDKCallback(): CPDLLDpsdk::DPSDKCallback(...) m_cmd[253] m_sequence[0]
[1106 10:14:11.221][PDLLMessageQueue.cpp:5703] TID 10828 [INFO] CPDLLMessageQueue::OnChannelViewInfoReport(): [DPSDK_CORE]OnChannelViewInfoReport():CamearId[1000008$1$0$0],nDistance[310],nAngelH[261],nAzimuthH[253],nInclinationH[0]
[1106 10:14:11.280][PDLLDpsdk_fun.cpp:597] TID 12296 [DEBUG] CPDLLDpsdk::DPSDKCallback(): CPDLLDpsdk::DPSDKCallback(...) m_cmd[253] m_sequence[0]
[1106 10:14:11.280][PDLLMessageQueue.cpp:5703] TID 10828 [INFO] CPDLLMessageQueue::OnChannelViewInfoReport(): [DPSDK_CORE]OnChannelViewInfoReport():CamearId[1000008$1$0$0],nDistance[320],nAngelH[253],nAzimuthH[253],nInclinationH[0]
[1106 10:14:11.411][PDLLDpsdk_fun.cpp:597] TID 12296 [DEBUG] CPDLLDpsdk::DPSDKCallback(): CPDLLDpsdk::DPSDKCallback(...) m_cmd[253] m_sequence[0]
[1106 10:14:11.411][PDLLMessageQueue.cpp:5703] TID 10828 [INFO] CPDLLMessageQueue::OnChannelViewInfoReport(): [DPSDK_CORE]OnChannelViewInfoReport():CamearId[1000008$1$0$0],nDistance[341],nAngelH[238],nAzimuthH[253],nInclinationH[0]
[1106 10:14:11.511][PDLLDpsdk_fun.cpp:597] TID 12296 [DEBUG] CPDLLDpsdk::DPSDKCallback(): CPDLLDpsdk::DPSDKCallback(...) m_cmd[253] m_sequence[0]
[1106 10:14:11.511][PDLLMessageQueue.cpp:5703] TID 10828 [INFO] CPDLLMessageQueue::OnChannelViewInfoReport(): [DPSDK_CORE]OnChannelViewInfoReport():CamearId[1000008$1$0$0],nDistance[363],nAngelH[223],nAzimuthH[253],nInclinationH[0]
[1106 10:14:11.552][PDLLDpsdk_fun.cpp:597] TID 12296 [DEBUG] CPDLLDpsdk::DPSDKCallback(): CPDLLDpsdk::DPSDKCallback(...) m_cmd[253] m_sequence[0]
[1106 10:14:11.552][PDLLMessageQueue.cpp:5703] TID 10828 [INFO] CPDLLMessageQueue::OnChannelViewInfoReport(): [DPSDK_CORE]OnChannelViewInfoReport():CamearId[1000008$1$0$0],nDistance[363],nAngelH[223],nAzimuthH[253],nInclinationH[0]
[1106 10:14:11.723][PDLLDpsdk_fun.cpp:597] TID 12296 [DEBUG] CPDLLDpsdk::DPSDKCallback(): CPDLLDpsdk::DPSDKCallback(...) m_cmd[253] m_sequence[0]
[1106 10:14:11.723][PDLLMessageQueue.cpp:5703] TID 10828 [INFO] CPDLLMessageQueue::OnChannelViewInfoReport(): [DPSDK_CORE]OnChannelViewInfoReport():CamearId[1000008$1$0$0],nDistance[416],nAngelH[196],nAzimuthH[253],nInclinationH[0]
[1106 10:14:11.764][PDLLDpsdk_fun.cpp:597] TID 12296 [DEBUG] CPDLLDpsdk::DPSDKCallback(): CPDLLDpsdk::DPSDKCallback(...) m_cmd[253] m_sequence[0]
[1106 10:14:11.764][PDLLMessageQueue.cpp:5703] TID 10828 [INFO] CPDLLMessageQueue::OnChannelViewInfoReport(): [DPSDK_CORE]OnChannelViewInfoReport():CamearId[1000008$1$0$0],nDistance[406],nAngelH[201],nAzimuthH[253],nInclinationH[0]
[1106 10:14:11.913][PDLLDpsdk_fun.cpp:597] TID 12296 [DEBUG] CPDLLDpsdk::DPSDKCallback(): CPDLLDpsdk::DPSDKCallback(...) m_cmd[253] m_sequence[0]
[1106 10:14:11.913][PDLLMessageQueue.cpp:5703] TID 10828 [INFO] CPDLLMessageQueue::OnChannelViewInfoReport(): [DPSDK_CORE]OnChannelViewInfoReport():CamearId[1000008$1$0$0],nDistance[439],nAngelH[186],nAzimuthH[251],nInclinationH[0]
[1106 10:14:12.125][PDLLDpsdk_fun.cpp:597] TID 12296 [DEBUG] CPDLLDpsdk::DPSDKCallback(): CPDLLDpsdk::DPSDKCallback(...) m_cmd[253] m_sequence[0]
[1106 10:14:12.125][PDLLMessageQueue.cpp:5703] TID 10828 [INFO] CPDLLMessageQueue::OnChannelViewInfoReport(): [DPSDK_CORE]OnChannelViewInfoReport():CamearId[1000008$1$0$0],nDistance[439],nAngelH[186],nAzimuthH[251],nInclinationH[0]
[1106 10:14:12.315][PDLLDpsdk_fun.cpp:597] TID 12296 [DEBUG] CPDLLDpsdk::DPSDKCallback(): CPDLLDpsdk::DPSDKCallback(...) m_cmd[253] m_sequence[0]
[1106 10:14:12.315][PDLLMessageQueue.cpp:5703] TID 10828 [INFO] CPDLLMessageQueue::OnChannelViewInfoReport(): [DPSDK_CORE]OnChannelViewInfoReport():CamearId[1000008$1$0$0],nDistance[439],nAngelH[186],nAzimuthH[251],nInclinationH[0]
[1106 10:14:12.506][PDLLDpsdk_fun.cpp:597] TID 12296 [DEBUG] CPDLLDpsdk::DPSDKCallback(): CPDLLDpsdk::DPSDKCallback(...) m_cmd[253] m_sequence[0]
[1106 10:14:12.506][PDLLMessageQueue.cpp:5703] TID 10828 [INFO] CPDLLMessageQueue::OnChannelViewInfoReport(): [DPSDK_CORE]OnChannelViewInfoReport():CamearId[1000008$1$0$0],nDistance[439],nAngelH[186],nAzimuthH[250],nInclinationH[0]
[1106 10:14:12.717][PDLLDpsdk_fun.cpp:597] TID 12296 [DEBUG] CPDLLDpsdk::DPSDKCallback(): CPDLLDpsdk::DPSDKCallback(...) m_cmd[253] m_sequence[0]
[1106 10:14:12.717][PDLLMessageQueue.cpp:5703] TID 10828 [INFO] CPDLLMessageQueue::OnChannelViewInfoReport(): [DPSDK_CORE]OnChannelViewInfoReport():CamearId[1000008$1$0$0],nDistance[439],nAngelH[186],nAzimuthH[250],nInclinationH[0]
[1106 10:14:13.129][PDLLDpsdk_fun.cpp:597] TID 12296 [DEBUG] CPDLLDpsdk::DPSDKCallback(): CPDLLDpsdk::DPSDKCallback(...) m_cmd[253] m_sequence[0]
[1106 10:14:13.129][PDLLMessageQueue.cpp:5703] TID 10828 [INFO] CPDLLMessageQueue::OnChannelViewInfoReport(): [DPSDK_CORE]OnChannelViewInfoReport():CamearId[1000008$1$0$0],nDistance[439],nAngelH[186],nAzimuthH[250],nInclinationH[0]
[1106 10:14:16.936][PDLLDpsdk_fun.cpp:597] TID 12296 [DEBUG] CPDLLDpsdk::DPSDKCallback(): CPDLLDpsdk::DPSDKCallback(...) m_cmd[459] m_sequence[80]
[1106 10:14:16.936][PDLLDpsdk_fun.cpp:597] TID 12296 [DEBUG] CPDLLDpsdk::DPSDKCallback(): CPDLLDpsdk::DPSDKCallback(...) m_cmd[480] m_sequence[81]
[1106 10:14:16.936][PDLLMessageQueue.cpp:901] TID 10828 [DEBUG] CPDLLMessageQueue::OnDpsdkCallBackAlarm(): [DPSDK_CORE]OnDpsdkCallBackAlarm()alarmtype = 584, strDeviceID = 1000006, nChannel = 0, cameraId = 1000006$1$0$0 alarmID = [{3A1A694A-8FFF-404E-9ADC-1001DC12000B}] eventType = [1] time = [1604629394]
[1106 10:14:16.936][PDLLMessageQueue.cpp:5537] TID 10828 [DEBUG] CPDLLMessageQueue::OnNewAlarmReprot(): [DPSDK_CORE]OnNewAlarmReprot():deviceID[1000006], channelNo[0]
[1106 10:14:20.332][PDLLDpsdk_fun.cpp:597] TID 12296 [DEBUG] CPDLLDpsdk::DPSDKCallback(): CPDLLDpsdk::DPSDKCallback(...) m_cmd[253] m_sequence[0]
[1106 10:14:20.332][PDLLMessageQueue.cpp:5703] TID 10828 [INFO] CPDLLMessageQueue::OnChannelViewInfoReport(): [DPSDK_CORE]OnChannelViewInfoReport():CamearId[1000004$1$0$0],nDistance[127],nAngelH[590],nAzimuthH[461],nInclinationH[0]
[1106 10:14:20.452][PDLLDpsdk_fun.cpp:597] TID 12296 [DEBUG] CPDLLDpsdk::DPSDKCallback(): CPDLLDpsdk::DPSDKCallback(...) m_cmd[253] m_sequence[0]
[1106 10:14:20.452][PDLLMessageQueue.cpp:5703] TID 10828 [INFO] CPDLLMessageQueue::OnChannelViewInfoReport(): [DPSDK_CORE]OnChannelViewInfoReport():CamearId[1000004$1$0$0],nDistance[127],nAngelH[590],nAzimuthH[414],nInclinationH[0]
[1106 10:14:20.552][PDLLDpsdk_fun.cpp:597] TID 12296 [DEBUG] CPDLLDpsdk::DPSDKCallback(): CPDLLDpsdk::DPSDKCallback(...) m_cmd[253] m_sequence[0]
[1106 10:14:20.552][PDLLMessageQueue.cpp:5703] TID 10828 [INFO] CPDLLMessageQueue::OnChannelViewInfoReport(): [DPSDK_CORE]OnChannelViewInfoReport():CamearId[1000004$1$0$0],nDistance[127],nAngelH[590],nAzimuthH[310],nInclinationH[0]
[1106 10:14:20.653][PDLLDpsdk_fun.cpp:597] TID 12296 [DEBUG] CPDLLDpsdk::DPSDKCallback(): CPDLLDpsdk::DPSDKCallback(...) m_cmd[253] m_sequence[0]
[1106 10:14:20.654][PDLLMessageQueue.cpp:5703] TID 10828 [INFO] CPDLLMessageQueue::OnChannelViewInfoReport(): [DPSDK_CORE]OnChannelViewInfoReport():CamearId[1000004$1$0$0],nDistance[127],nAngelH[590],nAzimuthH[205],nInclinationH[0]
[1106 10:14:20.764][PDLLDpsdk_fun.cpp:597] TID 12296 [DEBUG] CPDLLDpsdk::DPSDKCallback(): CPDLLDpsdk::DPSDKCallback(...) m_cmd[253] m_sequence[0]
[1106 10:14:20.764][PDLLMessageQueue.cpp:5703] TID 10828 [INFO] CPDLLMessageQueue::OnChannelViewInfoReport(): [DPSDK_CORE]OnChannelViewInfoReport():CamearId[1000004$1$0$0],nDistance[127],nAngelH[590],nAzimuthH[100],nInclinationH[0]
[1106 10:14:20.874][PDLLDpsdk_fun.cpp:597] TID 12296 [DEBUG] CPDLLDpsdk::DPSDKCallback(): CPDLLDpsdk::DPSDKCallback(...) m_cmd[253] m_sequence[0]
[1106 10:14:20.874][PDLLMessageQueue.cpp:5703] TID 10828 [INFO] CPDLLMessageQueue::OnChannelViewInfoReport(): [DPSDK_CORE]OnChannelViewInfoReport():CamearId[1000004$1$0$0],nDistance[127],nAngelH[590],nAzimuthH[359],nInclinationH[0]
[1106 10:14:21.096][PDLLDpsdk_fun.cpp:597] TID 12296 [DEBUG] CPDLLDpsdk::DPSDKCallback(): CPDLLDpsdk::DPSDKCallback(...) m_cmd[253] m_sequence[0]
[1106 10:14:21.096][PDLLMessageQueue.cpp:5703] TID 10828 [INFO] CPDLLMessageQueue::OnChannelViewInfoReport(): [DPSDK_CORE]OnChannelViewInfoReport():CamearId[1000004$1$0$0],nDistance[127],nAngelH[590],nAzimuthH[349],nInclinationH[0]
[1106 10:14:21.206][PDLLDpsdk_fun.cpp:597] TID 12296 [DEBUG] CPDLLDpsdk::DPSDKCallback(): CPDLLDpsdk::DPSDKCallback(...) m_cmd[253] m_sequence[0]
[1106 10:14:21.206][PDLLMessageQueue.cpp:5703] TID 10828 [INFO] CPDLLMessageQueue::OnChannelViewInfoReport(): [DPSDK_CORE]OnChannelViewInfoReport():CamearId[1000004$1$0$0],nDistance[127],nAngelH[590],nAzimuthH[338],nInclinationH[0]
[1106 10:14:21.327][PDLLDpsdk_fun.cpp:597] TID 12296 [DEBUG] CPDLLDpsdk::DPSDKCallback(): CPDLLDpsdk::DPSDKCallback(...) m_cmd[253] m_sequence[0]
[1106 10:14:21.327][PDLLMessageQueue.cpp:5703] TID 10828 [INFO] CPDLLMessageQueue::OnChannelViewInfoReport(): [DPSDK_CORE]OnChannelViewInfoReport():CamearId[1000004$1$0$0],nDistance[127],nAngelH[590],nAzimuthH[328],nInclinationH[0]
[1106 10:14:21.427][PDLLDpsdk_fun.cpp:597] TID 12296 [DEBUG] CPDLLDpsdk::DPSDKCallback(): CPDLLDpsdk::DPSDKCallback(...) m_cmd[253] m_sequence[0]
[1106 10:14:21.427][PDLLMessageQueue.cpp:5703] TID 10828 [INFO] CPDLLMessageQueue::OnChannelViewInfoReport(): [DPSDK_CORE]OnChannelViewInfoReport():CamearId[1000004$1$0$0],nDistance[127],nAngelH[590],nAzimuthH[317],nInclinationH[0]
[1106 10:14:21.538][PDLLDpsdk_fun.cpp:597] TID 12296 [DEBUG] CPDLLDpsdk::DPSDKCallback(): CPDLLDpsdk::DPSDKCallback(...) m_cmd[253] m_sequence[0]
[1106 10:14:21.538][PDLLMessageQueue.cpp:5703] TID 10828 [INFO] CPDLLMessageQueue::OnChannelViewInfoReport(): [DPSDK_CORE]OnChannelViewInfoReport():CamearId[1000004$1$0$0],nDistance[127],nAngelH[590],nAzimuthH[311],nInclinationH[0]
[1106 10:14:21.759][PDLLDpsdk_fun.cpp:597] TID 12296 [DEBUG] CPDLLDpsdk::DPSDKCallback(): CPDLLDpsdk::DPSDKCallback(...) m_cmd[253] m_sequence[0]
[1106 10:14:21.759][PDLLMessageQueue.cpp:5703] TID 10828 [INFO] CPDLLMessageQueue::OnChannelViewInfoReport(): [DPSDK_CORE]OnChannelViewInfoReport():CamearId[1000004$1$0$0],nDistance[127],nAngelH[590],nAzimuthH[310],nInclinationH[0]
[1106 10:14:27.392][PDLLDpsdk_fun.cpp:597] TID 12296 [DEBUG] CPDLLDpsdk::DPSDKCallback(): CPDLLDpsdk::DPSDKCallback(...) m_cmd[459] m_sequence[88]
[1106 10:14:27.392][PDLLDpsdk_fun.cpp:597] TID 12296 [DEBUG] CPDLLDpsdk::DPSDKCallback(): CPDLLDpsdk::DPSDKCallback(...) m_cmd[480] m_sequence[89]
[1106 10:14:27.392][PDLLMessageQueue.cpp:901] TID 10828 [DEBUG] CPDLLMessageQueue::OnDpsdkCallBackAlarm(): [DPSDK_CORE]OnDpsdkCallBackAlarm()alarmtype = 584, strDeviceID = 1000006, nChannel = 0, cameraId = 1000006$1$0$0 alarmID = [{965E8BF6-E386-8E4E-B1C4-4161FA53326A}] eventType = [1] time = [1604629405]
[1106 10:14:27.392][PDLLMessageQueue.cpp:5537] TID 10828 [DEBUG] CPDLLMessageQueue::OnNewAlarmReprot(): [DPSDK_CORE]OnNewAlarmReprot():deviceID[1000006], channelNo[0]
[1106 10:14:36.755][DMSClientMdl.cpp:1497] TID 22764 [INFO] DPSdk::DMSClientMdl::OnDmsReconnect(): [PSDK] DMSClientMdl::OnDmsReconnect(), m_timerReconnect->KillTimer, id=24
[1106 10:14:38.755][PESClientMdl.cpp:364] TID 4036 [INFO] DPSdk::PESClientMdl::OnPESReconnect(): [PSDK] PESClientMdl::OnPESReconnect(), m_timerReconnect->kill, id=27
[1106 10:14:58.953][PDLLDpsdk_fun.cpp:597] TID 12296 [DEBUG] CPDLLDpsdk::DPSDKCallback(): CPDLLDpsdk::DPSDKCallback(...) m_cmd[253] m_sequence[0]
[1106 10:14:58.953][PDLLMessageQueue.cpp:5703] TID 10828 [INFO] CPDLLMessageQueue::OnChannelViewInfoReport(): [DPSDK_CORE]OnChannelViewInfoReport():CamearId[1000005$1$0$0],nDistance[127],nAngelH[590],nAzimuthH[157],nInclinationH[0]
[1106 10:14:59.063][PDLLDpsdk_fun.cpp:597] TID 12296 [DEBUG] CPDLLDpsdk::DPSDKCallback(): CPDLLDpsdk::DPSDKCallback(...) m_cmd[253] m_sequence[0]
[1106 10:14:59.063][PDLLMessageQueue.cpp:5703] TID 10828 [INFO] CPDLLMessageQueue::OnChannelViewInfoReport(): [DPSDK_CORE]OnChannelViewInfoReport():CamearId[1000005$1$0$0],nDistance[127],nAngelH[590],nAzimuthH[124],nInclinationH[0]
[1106 10:14:59.334][PDLLDpsdk_fun.cpp:597] TID 12296 [DEBUG] CPDLLDpsdk::DPSDKCallback(): CPDLLDpsdk::DPSDKCallback(...) m_cmd[253] m_sequence[0]
[1106 10:14:59.334][PDLLMessageQueue.cpp:5703] TID 10828 [INFO] CPDLLMessageQueue::OnChannelViewInfoReport(): [DPSDK_CORE]OnChannelViewInfoReport():CamearId[1000005$1$0$0],nDistance[152],nAngelH[505],nAzimuthH[351],nInclinationH[0]
[1106 10:14:59.405][PDLLDpsdk_fun.cpp:597] TID 12296 [DEBUG] CPDLLDpsdk::DPSDKCallback(): CPDLLDpsdk::DPSDKCallback(...) m_cmd[253] m_sequence[0]
[1106 10:14:59.405][PDLLMessageQueue.cpp:5703] TID 10828 [INFO] CPDLLMessageQueue::OnChannelViewInfoReport(): [DPSDK_CORE]OnChannelViewInfoReport():CamearId[1000005$1$0$0],nDistance[152],nAngelH[505],nAzimuthH[341],nInclinationH[0]
[1106 10:14:59.536][PDLLDpsdk_fun.cpp:597] TID 12296 [DEBUG] CPDLLDpsdk::DPSDKCallback(): CPDLLDpsdk::DPSDKCallback(...) m_cmd[253] m_sequence[0]
[1106 10:14:59.536][PDLLMessageQueue.cpp:5703] TID 10828 [INFO] CPDLLMessageQueue::OnChannelViewInfoReport(): [DPSDK_CORE]OnChannelViewInfoReport():CamearId[1000005$1$0$0],nDistance[165],nAngelH[471],nAzimuthH[330],nInclinationH[0]
[1106 10:14:59.657][PDLLDpsdk_fun.cpp:597] TID 12296 [DEBUG] CPDLLDpsdk::DPSDKCallback(): CPDLLDpsdk::DPSDKCallback(...) m_cmd[253] m_sequence[0]
[1106 10:14:59.657][PDLLMessageQueue.cpp:5703] TID 10828 [INFO] CPDLLMessageQueue::OnChannelViewInfoReport(): [DPSDK_CORE]OnChannelViewInfoReport():CamearId[1000005$1$0$0],nDistance[176],nAngelH[442],nAzimuthH[320],nInclinationH[0]
[1106 10:14:59.777][PDLLDpsdk_fun.cpp:597] TID 12296 [DEBUG] CPDLLDpsdk::DPSDKCallback(): CPDLLDpsdk::DPSDKCallback(...) m_cmd[253] m_sequence[0]
[1106 10:14:59.777][PDLLMessageQueue.cpp:5703] TID 10828 [INFO] CPDLLMessageQueue::OnChannelViewInfoReport(): [DPSDK_CORE]OnChannelViewInfoReport():CamearId[1000005$1$0$0],nDistance[189],nAngelH[416],nAzimuthH[309],nInclinationH[0]
[1106 10:14:59.898][PDLLDpsdk_fun.cpp:597] TID 12296 [DEBUG] CPDLLDpsdk::DPSDKCallback(): CPDLLDpsdk::DPSDKCallback(...) m_cmd[253] m_sequence[0]
[1106 10:14:59.898][PDLLMessageQueue.cpp:5703] TID 10828 [INFO] CPDLLMessageQueue::OnChannelViewInfoReport(): [DPSDK_CORE]OnChannelViewInfoReport():CamearId[1000005$1$0$0],nDistance[199],nAngelH[396],nAzimuthH[299],nInclinationH[0]
[1106 10:15:00.019][PDLLDpsdk_fun.cpp:597] TID 12296 [DEBUG] CPDLLDpsdk::DPSDKCallback(): CPDLLDpsdk::DPSDKCallback(...) m_cmd[253] m_sequence[0]
[1106 10:15:00.019][PDLLMessageQueue.cpp:5703] TID 10828 [INFO] CPDLLMessageQueue::OnChannelViewInfoReport(): [DPSDK_CORE]OnChannelViewInfoReport():CamearId[1000005$1$0$0],nDistance[211],nAngelH[376],nAzimuthH[291],nInclinationH[0]
[1106 10:15:00.361][PDLLDpsdk_fun.cpp:597] TID 12296 [DEBUG] CPDLLDpsdk::DPSDKCallback(): CPDLLDpsdk::DPSDKCallback(...) m_cmd[253] m_sequence[0]
[1106 10:15:00.361][PDLLMessageQueue.cpp:5703] TID 10828 [INFO] CPDLLMessageQueue::OnChannelViewInfoReport(): [DPSDK_CORE]OnChannelViewInfoReport():CamearId[1000005$1$0$0],nDistance[244],nAngelH[327],nAzimuthH[291],nInclinationH[0]
[1106 10:15:00.571][PDLLDpsdk_fun.cpp:597] TID 12296 [DEBUG] CPDLLDpsdk::DPSDKCallback(): CPDLLDpsdk::DPSDKCallback(...) m_cmd[253] m_sequence[0]
[1106 10:15:00.571][PDLLMessageQueue.cpp:5703] TID 10828 [INFO] CPDLLMessageQueue::OnChannelViewInfoReport(): [DPSDK_CORE]OnChannelViewInfoReport():CamearId[1000005$1$0$0],nDistance[244],nAngelH[327],nAzimuthH[291],nInclinationH[0]
[1106 10:15:05.363][PDLLDpsdk_fun.cpp:597] TID 12296 [DEBUG] CPDLLDpsdk::DPSDKCallback(): CPDLLDpsdk::DPSDKCallback(...) m_cmd[253] m_sequence[0]
[1106 10:15:05.363][PDLLMessageQueue.cpp:5703] TID 10828 [INFO] CPDLLMessageQueue::OnChannelViewInfoReport(): [DPSDK_CORE]OnChannelViewInfoReport():CamearId[1000006$1$0$0],nDistance[244],nAngelH[327],nAzimuthH[344],nInclinationH[0]
[1106 10:15:05.363][PDLLDpsdk_fun.cpp:597] TID 12296 [DEBUG] CPDLLDpsdk::DPSDKCallback(): CPDLLDpsdk::DPSDKCallback(...) m_cmd[253] m_sequence[0]
[1106 10:15:05.363][PDLLDpsdk_fun.cpp:597] TID 12296 [DEBUG] CPDLLDpsdk::DPSDKCallback(): CPDLLDpsdk::DPSDKCallback(...) m_cmd[253] m_sequence[0]
[1106 10:15:05.363][PDLLDpsdk_fun.cpp:597] TID 12296 [DEBUG] CPDLLDpsdk::DPSDKCallback(): CPDLLDpsdk::DPSDKCallback(...) m_cmd[253] m_sequence[0]
[1106 10:15:05.363][PDLLMessageQueue.cpp:5703] TID 10828 [INFO] CPDLLMessageQueue::OnChannelViewInfoReport(): [DPSDK_CORE]OnChannelViewInfoReport():CamearId[1000006$1$0$0],nDistance[222],nAngelH[357],nAzimuthH[346],nInclinationH[0]
[1106 10:15:05.363][PDLLMessageQueue.cpp:5703] TID 10828 [INFO] CPDLLMessageQueue::OnChannelViewInfoReport(): [DPSDK_CORE]OnChannelViewInfoReport():CamearId[1000006$1$0$0],nDistance[211],nAngelH[376],nAzimuthH[354],nInclinationH[0]
[1106 10:15:05.363][PDLLMessageQueue.cpp:5703] TID 10828 [INFO] CPDLLMessageQueue::OnChannelViewInfoReport(): [DPSDK_CORE]OnChannelViewInfoReport():CamearId[1000006$1$0$0],nDistance[199],nAngelH[396],nAzimuthH[52],nInclinationH[0]
[1106 10:15:05.364][PDLLDpsdk_fun.cpp:597] TID 12296 [DEBUG] CPDLLDpsdk::DPSDKCallback(): CPDLLDpsdk::DPSDKCallback(...) m_cmd[253] m_sequence[0]
[1106 10:15:05.364][PDLLDpsdk_fun.cpp:597] TID 12296 [DEBUG] CPDLLDpsdk::DPSDKCallback(): CPDLLDpsdk::DPSDKCallback(...) m_cmd[253] m_sequence[0]
[1106 10:15:05.364][PDLLMessageQueue.cpp:5703] TID 10828 [INFO] CPDLLMessageQueue::OnChannelViewInfoReport(): [DPSDK_CORE]OnChannelViewInfoReport():CamearId[1000006$1$0$0],nDistance[189],nAngelH[416],nAzimuthH[157],nInclinationH[0]
[1106 10:15:05.364][PDLLMessageQueue.cpp:5703] TID 10828 [INFO] CPDLLMessageQueue::OnChannelViewInfoReport(): [DPSDK_CORE]OnChannelViewInfoReport():CamearId[1000006$1$0$0],nDistance[176],nAngelH[442],nAzimuthH[262],nInclinationH[0]
[1106 10:15:05.404][PDLLDpsdk_fun.cpp:597] TID 12296 [DEBUG] CPDLLDpsdk::DPSDKCallback(): CPDLLDpsdk::DPSDKCallback(...) m_cmd[253] m_sequence[0]
[1106 10:15:05.404][PDLLMessageQueue.cpp:5703] TID 10828 [INFO] CPDLLMessageQueue::OnChannelViewInfoReport(): [DPSDK_CORE]OnChannelViewInfoReport():CamearId[1000006$1$0$0],nDistance[165],nAngelH[471],nAzimuthH[366],nInclinationH[0]
[1106 10:15:05.446][PDLLDpsdk_fun.cpp:597] TID 12296 [DEBUG] CPDLLDpsdk::DPSDKCallback(): CPDLLDpsdk::DPSDKCallback(...) m_cmd[253] m_sequence[0]
[1106 10:15:05.446][PDLLMessageQueue.cpp:5703] TID 10828 [INFO] CPDLLMessageQueue::OnChannelViewInfoReport(): [DPSDK_CORE]OnChannelViewInfoReport():CamearId[1000006$1$0$0],nDistance[165],nAngelH[471],nAzimuthH[471],nInclinationH[0]
[1106 10:15:05.565][PDLLDpsdk_fun.cpp:597] TID 12296 [DEBUG] CPDLLDpsdk::DPSDKCallback(): CPDLLDpsdk::DPSDKCallback(...) m_cmd[253] m_sequence[0]
[1106 10:15:05.565][PDLLMessageQueue.cpp:5703] TID 10828 [INFO] CPDLLMessageQueue::OnChannelViewInfoReport(): [DPSDK_CORE]OnChannelViewInfoReport():CamearId[1000006$1$0$0],nDistance[152],nAngelH[505],nAzimuthH[576],nInclinationH[0]
[1106 10:15:05.675][PDLLDpsdk_fun.cpp:597] TID 12296 [DEBUG] CPDLLDpsdk::DPSDKCallback(): CPDLLDpsdk::DPSDKCallback(...) m_cmd[253] m_sequence[0]
[1106 10:15:05.675][PDLLMessageQueue.cpp:5703] TID 10828 [INFO] CPDLLMessageQueue::OnChannelViewInfoReport(): [DPSDK_CORE]OnChannelViewInfoReport():CamearId[1000006$1$0$0],nDistance[152],nAngelH[505],nAzimuthH[681],nInclinationH[0]
[1106 10:15:05.806][PDLLDpsdk_fun.cpp:597] TID 12296 [DEBUG] CPDLLDpsdk::DPSDKCallback(): CPDLLDpsdk::DPSDKCallback(...) m_cmd[253] m_sequence[0]
[1106 10:15:05.806][PDLLMessageQueue.cpp:5703] TID 10828 [INFO] CPDLLMessageQueue::OnChannelViewInfoReport(): [DPSDK_CORE]OnChannelViewInfoReport():CamearId[1000006$1$0$0],nDistance[152],nAngelH[505],nAzimuthH[758],nInclinationH[0]
[1106 10:15:06.259][PDLLDpsdk_fun.cpp:597] TID 12296 [DEBUG] CPDLLDpsdk::DPSDKCallback(): CPDLLDpsdk::DPSDKCallback(...) m_cmd[253] m_sequence[0]
[1106 10:15:06.259][PDLLMessageQueue.cpp:5703] TID 10828 [INFO] CPDLLMessageQueue::OnChannelViewInfoReport(): [DPSDK_CORE]OnChannelViewInfoReport():CamearId[1000006$1$0$0],nDistance[152],nAngelH[505],nAzimuthH[770],nInclinationH[0]
[1106 10:15:08.158][PDLLDpsdk_fun.cpp:597] TID 12296 [DEBUG] CPDLLDpsdk::DPSDKCallback(): CPDLLDpsdk::DPSDKCallback(...) m_cmd[253] m_sequence[0]
[1106 10:15:08.158][PDLLMessageQueue.cpp:5703] TID 10828 [INFO] CPDLLMessageQueue::OnChannelViewInfoReport(): [DPSDK_CORE]OnChannelViewInfoReport():CamearId[1000008$1$0$0],nDistance[439],nAngelH[186],nAzimuthH[250],nInclinationH[0]
[1106 10:15:08.269][PDLLDpsdk_fun.cpp:597] TID 12296 [DEBUG] CPDLLDpsdk::DPSDKCallback(): CPDLLDpsdk::DPSDKCallback(...) m_cmd[253] m_sequence[0]
[1106 10:15:08.269][PDLLMessageQueue.cpp:5703] TID 10828 [INFO] CPDLLMessageQueue::OnChannelViewInfoReport(): [DPSDK_CORE]OnChannelViewInfoReport():CamearId[1000008$1$0$0],nDistance[406],nAngelH[201],nAzimuthH[252],nInclinationH[0]
[1106 10:15:08.379][PDLLDpsdk_fun.cpp:597] TID 12296 [DEBUG] CPDLLDpsdk::DPSDKCallback(): CPDLLDpsdk::DPSDKCallback(...) m_cmd[253] m_sequence[0]
[1106 10:15:08.379][PDLLMessageQueue.cpp:5703] TID 10828 [INFO] CPDLLMessageQueue::OnChannelViewInfoReport(): [DPSDK_CORE]OnChannelViewInfoReport():CamearId[1000008$1$0$0],nDistance[373],nAngelH[218],nAzimuthH[259],nInclinationH[0]
[1106 10:15:08.490][PDLLDpsdk_fun.cpp:597] TID 12296 [DEBUG] CPDLLDpsdk::DPSDKCallback(): CPDLLDpsdk::DPSDKCallback(...) m_cmd[253] m_sequence[0]
[1106 10:15:08.490][PDLLMessageQueue.cpp:5703] TID 10828 [INFO] CPDLLMessageQueue::OnChannelViewInfoReport(): [DPSDK_CORE]OnChannelViewInfoReport():CamearId[1000008$1$0$0],nDistance[341],nAngelH[238],nAzimuthH[270],nInclinationH[0]
[1106 10:15:08.621][PDLLDpsdk_fun.cpp:597] TID 12296 [DEBUG] CPDLLDpsdk::DPSDKCallback(): CPDLLDpsdk::DPSDKCallback(...) m_cmd[253] m_sequence[0]
[1106 10:15:08.621][PDLLMessageQueue.cpp:5703] TID 10828 [INFO] CPDLLMessageQueue::OnChannelViewInfoReport(): [DPSDK_CORE]OnChannelViewInfoReport():CamearId[1000008$1$0$0],nDistance[320],nAngelH[253],nAzimuthH[280],nInclinationH[0]
[1106 10:15:08.731][PDLLDpsdk_fun.cpp:597] TID 12296 [DEBUG] CPDLLDpsdk::DPSDKCallback(): CPDLLDpsdk::DPSDKCallback(...) m_cmd[253] m_sequence[0]
[1106 10:15:08.731][PDLLMessageQueue.cpp:5703] TID 10828 [INFO] CPDLLMessageQueue::OnChannelViewInfoReport(): [DPSDK_CORE]OnChannelViewInfoReport():CamearId[1000008$1$0$0],nDistance[299],nAngelH[270],nAzimuthH[291],nInclinationH[0]
[1106 10:15:08.851][PDLLDpsdk_fun.cpp:597] TID 12296 [DEBUG] CPDLLDpsdk::DPSDKCallback(): CPDLLDpsdk::DPSDKCallback(...) m_cmd[253] m_sequence[0]
[1106 10:15:08.851][PDLLMessageQueue.cpp:5703] TID 10828 [INFO] CPDLLMessageQueue::OnChannelViewInfoReport(): [DPSDK_CORE]OnChannelViewInfoReport():CamearId[1000008$1$0$0],nDistance[277],nAngelH[291],nAzimuthH[301],nInclinationH[0]
[1106 10:15:08.932][PDLLDpsdk_fun.cpp:597] TID 12296 [DEBUG] CPDLLDpsdk::DPSDKCallback(): CPDLLDpsdk::DPSDKCallback(...) m_cmd[253] m_sequence[0]
[1106 10:15:08.932][PDLLMessageQueue.cpp:5703] TID 10828 [INFO] CPDLLMessageQueue::OnChannelViewInfoReport(): [DPSDK_CORE]OnChannelViewInfoReport():CamearId[1000008$1$0$0],nDistance[265],nAngelH[303],nAzimuthH[312],nInclinationH[0]
[1106 10:15:09.042][PDLLDpsdk_fun.cpp:597] TID 12296 [DEBUG] CPDLLDpsdk::DPSDKCallback(): CPDLLDpsdk::DPSDKCallback(...) m_cmd[253] m_sequence[0]
[1106 10:15:09.042][PDLLMessageQueue.cpp:5703] TID 10828 [INFO] CPDLLMessageQueue::OnChannelViewInfoReport(): [DPSDK_CORE]OnChannelViewInfoReport():CamearId[1000008$1$0$0],nDistance[244],nAngelH[327],nAzimuthH[322],nInclinationH[0]
[1106 10:15:09.173][PDLLDpsdk_fun.cpp:597] TID 12296 [DEBUG] CPDLLDpsdk::DPSDKCallback(): CPDLLDpsdk::DPSDKCallback(...) m_cmd[253] m_sequence[0]
[1106 10:15:09.173][PDLLMessageQueue.cpp:5703] TID 10828 [INFO] CPDLLMessageQueue::OnChannelViewInfoReport(): [DPSDK_CORE]OnChannelViewInfoReport():CamearId[1000008$1$0$0],nDistance[232],nAngelH[343],nAzimuthH[333],nInclinationH[0]
[1106 10:15:09.284][PDLLDpsdk_fun.cpp:597] TID 12296 [DEBUG] CPDLLDpsdk::DPSDKCallback(): CPDLLDpsdk::DPSDKCallback(...) m_cmd[253] m_sequence[0]
[1106 10:15:09.284][PDLLMessageQueue.cpp:5703] TID 10828 [INFO] CPDLLMessageQueue::OnChannelViewInfoReport(): [DPSDK_CORE]OnChannelViewInfoReport():CamearId[1000008$1$0$0],nDistance[222],nAngelH[357],nAzimuthH[343],nInclinationH[0]
[1106 10:15:09.414][PDLLDpsdk_fun.cpp:597] TID 12296 [DEBUG] CPDLLDpsdk::DPSDKCallback(): CPDLLDpsdk::DPSDKCallback(...) m_cmd[253] m_sequence[0]
[1106 10:15:09.414][PDLLMessageQueue.cpp:5703] TID 10828 [INFO] CPDLLMessageQueue::OnChannelViewInfoReport(): [DPSDK_CORE]OnChannelViewInfoReport():CamearId[1000008$1$0$0],nDistance[211],nAngelH[376],nAzimuthH[353],nInclinationH[0]
[1106 10:15:09.505][PDLLDpsdk_fun.cpp:597] TID 12296 [DEBUG] CPDLLDpsdk::DPSDKCallback(): CPDLLDpsdk::DPSDKCallback(...) m_cmd[253] m_sequence[0]
[1106 10:15:09.505][PDLLMessageQueue.cpp:5703] TID 10828 [INFO] CPDLLMessageQueue::OnChannelViewInfoReport(): [DPSDK_CORE]OnChannelViewInfoReport():CamearId[1000008$1$0$0],nDistance[199],nAngelH[396],nAzimuthH[353],nInclinationH[0]
[1106 10:15:09.646][PDLLDpsdk_fun.cpp:597] TID 12296 [DEBUG] CPDLLDpsdk::DPSDKCallback(): CPDLLDpsdk::DPSDKCallback(...) m_cmd[253] m_sequence[0]
[1106 10:15:09.646][PDLLMessageQueue.cpp:5703] TID 10828 [INFO] CPDLLMessageQueue::OnChannelViewInfoReport(): [DPSDK_CORE]OnChannelViewInfoReport():CamearId[1000008$1$0$0],nDistance[189],nAngelH[416],nAzimuthH[149],nInclinationH[0]
[1106 10:15:09.731][PDLLDpsdk_fun.cpp:597] TID 12296 [DEBUG] CPDLLDpsdk::DPSDKCallback(): CPDLLDpsdk::DPSDKCallback(...) m_cmd[459] m_sequence[105]
[1106 10:15:09.731][PDLLDpsdk_fun.cpp:597] TID 12296 [DEBUG] CPDLLDpsdk::DPSDKCallback(): CPDLLDpsdk::DPSDKCallback(...) m_cmd[480] m_sequence[106]
[1106 10:15:09.731][PDLLMessageQueue.cpp:901] TID 10828 [DEBUG] CPDLLMessageQueue::OnDpsdkCallBackAlarm(): [DPSDK_CORE]OnDpsdkCallBackAlarm()alarmtype = 584, strDeviceID = 1000005, nChannel = 0, cameraId = 1000005$1$0$0 alarmID = [{5B7FCC54-167B-A642-AADD-813679B94036}] eventType = [1] time = [1604629447]
[1106 10:15:09.731][PDLLMessageQueue.cpp:5537] TID 10828 [DEBUG] CPDLLMessageQueue::OnNewAlarmReprot(): [DPSDK_CORE]OnNewAlarmReprot():deviceID[1000005], channelNo[0]
[1106 10:15:09.757][PDLLDpsdk_fun.cpp:597] TID 12296 [DEBUG] CPDLLDpsdk::DPSDKCallback(): CPDLLDpsdk::DPSDKCallback(...) m_cmd[253] m_sequence[0]
[1106 10:15:09.757][PDLLMessageQueue.cpp:5703] TID 10828 [INFO] CPDLLMessageQueue::OnChannelViewInfoReport(): [DPSDK_CORE]OnChannelViewInfoReport():CamearId[1000008$1$0$0],nDistance[176],nAngelH[442],nAzimuthH[254],nInclinationH[0]
[1106 10:15:09.857][PDLLDpsdk_fun.cpp:597] TID 12296 [DEBUG] CPDLLDpsdk::DPSDKCallback(): CPDLLDpsdk::DPSDKCallback(...) m_cmd[253] m_sequence[0]
[1106 10:15:09.857][PDLLMessageQueue.cpp:5703] TID 10828 [INFO] CPDLLMessageQueue::OnChannelViewInfoReport(): [DPSDK_CORE]OnChannelViewInfoReport():CamearId[1000008$1$0$0],nDistance[165],nAngelH[471],nAzimuthH[254],nInclinationH[0]
[1106 10:15:09.988][PDLLDpsdk_fun.cpp:597] TID 12296 [DEBUG] CPDLLDpsdk::DPSDKCallback(): CPDLLDpsdk::DPSDKCallback(...) m_cmd[253] m_sequence[0]
[1106 10:15:09.988][PDLLMessageQueue.cpp:5703] TID 10828 [INFO] CPDLLMessageQueue::OnChannelViewInfoReport(): [DPSDK_CORE]OnChannelViewInfoReport():CamearId[1000008$1$0$0],nDistance[152],nAngelH[505],nAzimuthH[359],nInclinationH[0]
[1106 10:15:10.079][PDLLDpsdk_fun.cpp:597] TID 12296 [DEBUG] CPDLLDpsdk::DPSDKCallback(): CPDLLDpsdk::DPSDKCallback(...) m_cmd[253] m_sequence[0]
[1106 10:15:10.079][PDLLMessageQueue.cpp:5703] TID 10828 [INFO] CPDLLMessageQueue::OnChannelViewInfoReport(): [DPSDK_CORE]OnChannelViewInfoReport():CamearId[1000008$1$0$0],nDistance[152],nAngelH[505],nAzimuthH[464],nInclinationH[0]
[1106 10:15:10.219][PDLLDpsdk_fun.cpp:597] TID 12296 [DEBUG] CPDLLDpsdk::DPSDKCallback(): CPDLLDpsdk::DPSDKCallback(...) m_cmd[253] m_sequence[0]
[1106 10:15:10.219][PDLLMessageQueue.cpp:5703] TID 10828 [INFO] CPDLLMessageQueue::OnChannelViewInfoReport(): [DPSDK_CORE]OnChannelViewInfoReport():CamearId[1000008$1$0$0],nDistance[139],nAngelH[545],nAzimuthH[533],nInclinationH[0]
[1106 10:15:10.319][PDLLDpsdk_fun.cpp:597] TID 12296 [DEBUG] CPDLLDpsdk::DPSDKCallback(): CPDLLDpsdk::DPSDKCallback(...) m_cmd[253] m_sequence[0]
[1106 10:15:10.320][PDLLMessageQueue.cpp:5703] TID 10828 [INFO] CPDLLMessageQueue::OnChannelViewInfoReport(): [DPSDK_CORE]OnChannelViewInfoReport():CamearId[1000008$1$0$0],nDistance[127],nAngelH[590],nAzimuthH[533],nInclinationH[0]
[1106 10:15:10.450][PDLLDpsdk_fun.cpp:597] TID 12296 [DEBUG] CPDLLDpsdk::DPSDKCallback(): CPDLLDpsdk::DPSDKCallback(...) m_cmd[253] m_sequence[0]
[1106 10:15:10.451][PDLLMessageQueue.cpp:5703] TID 10828 [INFO] CPDLLMessageQueue::OnChannelViewInfoReport(): [DPSDK_CORE]OnChannelViewInfoReport():CamearId[1000008$1$0$0],nDistance[127],nAngelH[590],nAzimuthH[533],nInclinationH[0]
[1106 10:15:10.550][PDLLDpsdk_fun.cpp:597] TID 12296 [DEBUG] CPDLLDpsdk::DPSDKCallback(): CPDLLDpsdk::DPSDKCallback(...) m_cmd[253] m_sequence[0]
[1106 10:15:10.550][PDLLMessageQueue.cpp:5703] TID 10828 [INFO] CPDLLMessageQueue::OnChannelViewInfoReport(): [DPSDK_CORE]OnChannelViewInfoReport():CamearId[1000008$1$0$0],nDistance[127],nAngelH[590],nAzimuthH[533],nInclinationH[0]
[1106 10:15:11.124][PDLLDpsdk_fun.cpp:597] TID 12296 [DEBUG] CPDLLDpsdk::DPSDKCallback(): CPDLLDpsdk::DPSDKCallback(...) m_cmd[253] m_sequence[0]
[1106 10:15:11.124][PDLLMessageQueue.cpp:5703] TID 10828 [INFO] CPDLLMessageQueue::OnChannelViewInfoReport(): [DPSDK_CORE]OnChannelViewInfoReport():CamearId[1000008$1$0$0],nDistance[127],nAngelH[590],nAzimuthH[541],nInclinationH[0]
[1106 10:15:15.336][PDLLDpsdk_fun.cpp:597] TID 12296 [DEBUG] CPDLLDpsdk::DPSDKCallback(): CPDLLDpsdk::DPSDKCallback(...) m_cmd[459] m_sequence[108]
[1106 10:15:15.336][PDLLDpsdk_fun.cpp:597] TID 12296 [DEBUG] CPDLLDpsdk::DPSDKCallback(): CPDLLDpsdk::DPSDKCallback(...) m_cmd[480] m_sequence[109]
[1106 10:15:15.336][PDLLMessageQueue.cpp:901] TID 10828 [DEBUG] CPDLLMessageQueue::OnDpsdkCallBackAlarm(): [DPSDK_CORE]OnDpsdkCallBackAlarm()alarmtype = 584, strDeviceID = 1000006, nChannel = 0, cameraId = 1000006$1$0$0 alarmID = [{262CE341-F548-AA49-81B5-4A1068CD68A3}] eventType = [1] time = [1604629453]
[1106 10:15:15.336][PDLLMessageQueue.cpp:5537] TID 10828 [DEBUG] CPDLLMessageQueue::OnNewAlarmReprot(): [DPSDK_CORE]OnNewAlarmReprot():deviceID[1000006], channelNo[0]
[1106 10:15:23.258][PDLLDpsdk_fun.cpp:597] TID 12296 [DEBUG] CPDLLDpsdk::DPSDKCallback(): CPDLLDpsdk::DPSDKCallback(...) m_cmd[253] m_sequence[0]
[1106 10:15:23.258][PDLLMessageQueue.cpp:5703] TID 10828 [INFO] CPDLLMessageQueue::OnChannelViewInfoReport(): [DPSDK_CORE]OnChannelViewInfoReport():CamearId[1000004$1$0$0],nDistance[127],nAngelH[590],nAzimuthH[310],nInclinationH[0]
[1106 10:15:23.359][PDLLDpsdk_fun.cpp:597] TID 12296 [DEBUG] CPDLLDpsdk::DPSDKCallback(): CPDLLDpsdk::DPSDKCallback(...) m_cmd[253] m_sequence[0]
[1106 10:15:23.359][PDLLMessageQueue.cpp:5703] TID 10828 [INFO] CPDLLMessageQueue::OnChannelViewInfoReport(): [DPSDK_CORE]OnChannelViewInfoReport():CamearId[1000004$1$0$0],nDistance[127],nAngelH[590],nAzimuthH[310],nInclinationH[0]
[1106 10:15:23.460][PDLLDpsdk_fun.cpp:597] TID 12296 [DEBUG] CPDLLDpsdk::DPSDKCallback(): CPDLLDpsdk::DPSDKCallback(...) m_cmd[253] m_sequence[0]
[1106 10:15:23.460][PDLLMessageQueue.cpp:5703] TID 10828 [INFO] CPDLLMessageQueue::OnChannelViewInfoReport(): [DPSDK_CORE]OnChannelViewInfoReport():CamearId[1000004$1$0$0],nDistance[127],nAngelH[590],nAzimuthH[304],nInclinationH[0]
[1106 10:15:23.571][PDLLDpsdk_fun.cpp:597] TID 12296 [DEBUG] CPDLLDpsdk::DPSDKCallback(): CPDLLDpsdk::DPSDKCallback(...) m_cmd[253] m_sequence[0]
[1106 10:15:23.571][PDLLMessageQueue.cpp:5703] TID 10828 [INFO] CPDLLMessageQueue::OnChannelViewInfoReport(): [DPSDK_CORE]OnChannelViewInfoReport():CamearId[1000004$1$0$0],nDistance[127],nAngelH[590],nAzimuthH[293],nInclinationH[0]
[1106 10:15:23.691][PDLLDpsdk_fun.cpp:597] TID 12296 [DEBUG] CPDLLDpsdk::DPSDKCallback(): CPDLLDpsdk::DPSDKCallback(...) m_cmd[253] m_sequence[0]
[1106 10:15:23.691][PDLLMessageQueue.cpp:5703] TID 10828 [INFO] CPDLLMessageQueue::OnChannelViewInfoReport(): [DPSDK_CORE]OnChannelViewInfoReport():CamearId[1000004$1$0$0],nDistance[127],nAngelH[590],nAzimuthH[283],nInclinationH[0]
[1106 10:15:23.812][PDLLDpsdk_fun.cpp:597] TID 12296 [DEBUG] CPDLLDpsdk::DPSDKCallback(): CPDLLDpsdk::DPSDKCallback(...) m_cmd[253] m_sequence[0]
[1106 10:15:23.812][PDLLMessageQueue.cpp:5703] TID 10828 [INFO] CPDLLMessageQueue::OnChannelViewInfoReport(): [DPSDK_CORE]OnChannelViewInfoReport():CamearId[1000004$1$0$0],nDistance[127],nAngelH[590],nAzimuthH[273],nInclinationH[0]
[1106 10:15:23.933][PDLLDpsdk_fun.cpp:597] TID 12296 [DEBUG] CPDLLDpsdk::DPSDKCallback(): CPDLLDpsdk::DPSDKCallback(...) m_cmd[253] m_sequence[0]
[1106 10:15:23.933][PDLLMessageQueue.cpp:5703] TID 10828 [INFO] CPDLLMessageQueue::OnChannelViewInfoReport(): [DPSDK_CORE]OnChannelViewInfoReport():CamearId[1000004$1$0$0],nDistance[127],nAngelH[590],nAzimuthH[262],nInclinationH[0]
[1106 10:15:24.054][PDLLDpsdk_fun.cpp:597] TID 12296 [DEBUG] CPDLLDpsdk::DPSDKCallback(): CPDLLDpsdk::DPSDKCallback(...) m_cmd[253] m_sequence[0]
[1106 10:15:24.054][PDLLMessageQueue.cpp:5703] TID 10828 [INFO] CPDLLMessageQueue::OnChannelViewInfoReport(): [DPSDK_CORE]OnChannelViewInfoReport():CamearId[1000004$1$0$0],nDistance[127],nAngelH[590],nAzimuthH[252],nInclinationH[0]
[1106 10:15:24.144][PDLLDpsdk_fun.cpp:597] TID 12296 [DEBUG] CPDLLDpsdk::DPSDKCallback(): CPDLLDpsdk::DPSDKCallback(...) m_cmd[253] m_sequence[0]
[1106 10:15:24.144][PDLLMessageQueue.cpp:5703] TID 10828 [INFO] CPDLLMessageQueue::OnChannelViewInfoReport(): [DPSDK_CORE]OnChannelViewInfoReport():CamearId[1000004$1$0$0],nDistance[127],nAngelH[590],nAzimuthH[241],nInclinationH[0]
[1106 10:15:24.282][PDLLDpsdk_fun.cpp:597] TID 12296 [DEBUG] CPDLLDpsdk::DPSDKCallback(): CPDLLDpsdk::DPSDKCallback(...) m_cmd[253] m_sequence[0]
[1106 10:15:24.282][PDLLMessageQueue.cpp:5703] TID 10828 [INFO] CPDLLMessageQueue::OnChannelViewInfoReport(): [DPSDK_CORE]OnChannelViewInfoReport():CamearId[1000004$1$0$0],nDistance[127],nAngelH[590],nAzimuthH[231],nInclinationH[0]
[1106 10:15:24.372][PDLLDpsdk_fun.cpp:597] TID 12296 [DEBUG] CPDLLDpsdk::DPSDKCallback(): CPDLLDpsdk::DPSDKCallback(...) m_cmd[253] m_sequence[0]
[1106 10:15:24.372][PDLLMessageQueue.cpp:5703] TID 10828 [INFO] CPDLLMessageQueue::OnChannelViewInfoReport(): [DPSDK_CORE]OnChannelViewInfoReport():CamearId[1000004$1$0$0],nDistance[127],nAngelH[590],nAzimuthH[220],nInclinationH[0]
[1106 10:15:24.482][PDLLDpsdk_fun.cpp:597] TID 12296 [DEBUG] CPDLLDpsdk::DPSDKCallback(): CPDLLDpsdk::DPSDKCallback(...) m_cmd[253] m_sequence[0]
[1106 10:15:24.482][PDLLMessageQueue.cpp:5703] TID 10828 [INFO] CPDLLMessageQueue::OnChannelViewInfoReport(): [DPSDK_CORE]OnChannelViewInfoReport():CamearId[1000004$1$0$0],nDistance[127],nAngelH[590],nAzimuthH[210],nInclinationH[0]
[1106 10:15:24.613][PDLLDpsdk_fun.cpp:597] TID 12296 [DEBUG] CPDLLDpsdk::DPSDKCallback(): CPDLLDpsdk::DPSDKCallback(...) m_cmd[253] m_sequence[0]
[1106 10:15:24.613][PDLLMessageQueue.cpp:5703] TID 10828 [INFO] CPDLLMessageQueue::OnChannelViewInfoReport(): [DPSDK_CORE]OnChannelViewInfoReport():CamearId[1000004$1$0$0],nDistance[127],nAngelH[590],nAzimuthH[199],nInclinationH[0]
[1106 10:15:24.714][PDLLDpsdk_fun.cpp:597] TID 12296 [DEBUG] CPDLLDpsdk::DPSDKCallback(): CPDLLDpsdk::DPSDKCallback(...) m_cmd[253] m_sequence[0]
[1106 10:15:24.714][PDLLMessageQueue.cpp:5703] TID 10828 [INFO] CPDLLMessageQueue::OnChannelViewInfoReport(): [DPSDK_CORE]OnChannelViewInfoReport():CamearId[1000004$1$0$0],nDistance[127],nAngelH[590],nAzimuthH[189],nInclinationH[0]
[1106 10:15:24.935][PDLLDpsdk_fun.cpp:597] TID 12296 [DEBUG] CPDLLDpsdk::DPSDKCallback(): CPDLLDpsdk::DPSDKCallback(...) m_cmd[253] m_sequence[0]
[1106 10:15:24.935][PDLLMessageQueue.cpp:5703] TID 10828 [INFO] CPDLLMessageQueue::OnChannelViewInfoReport(): [DPSDK_CORE]OnChannelViewInfoReport():CamearId[1000004$1$0$0],nDistance[127],nAngelH[590],nAzimuthH[178],nInclinationH[0]
[1106 10:15:25.046][PDLLDpsdk_fun.cpp:597] TID 12296 [DEBUG] CPDLLDpsdk::DPSDKCallback(): CPDLLDpsdk::DPSDKCallback(...) m_cmd[253] m_sequence[0]
[1106 10:15:25.046][PDLLMessageQueue.cpp:5703] TID 10828 [INFO] CPDLLMessageQueue::OnChannelViewInfoReport(): [DPSDK_CORE]OnChannelViewInfoReport():CamearId[1000004$1$0$0],nDistance[127],nAngelH[590],nAzimuthH[168],nInclinationH[0]
[1106 10:15:25.166][PDLLDpsdk_fun.cpp:597] TID 12296 [DEBUG] CPDLLDpsdk::DPSDKCallback(): CPDLLDpsdk::DPSDKCallback(...) m_cmd[253] m_sequence[0]
[1106 10:15:25.166][PDLLMessageQueue.cpp:5703] TID 10828 [INFO] CPDLLMessageQueue::OnChannelViewInfoReport(): [DPSDK_CORE]OnChannelViewInfoReport():CamearId[1000004$1$0$0],nDistance[127],nAngelH[590],nAzimuthH[157],nInclinationH[0]
[1106 10:15:25.267][PDLLDpsdk_fun.cpp:597] TID 12296 [DEBUG] CPDLLDpsdk::DPSDKCallback(): CPDLLDpsdk::DPSDKCallback(...) m_cmd[253] m_sequence[0]
[1106 10:15:25.267][PDLLMessageQueue.cpp:5703] TID 10828 [INFO] CPDLLMessageQueue::OnChannelViewInfoReport(): [DPSDK_CORE]OnChannelViewInfoReport():CamearId[1000004$1$0$0],nDistance[127],nAngelH[590],nAzimuthH[147],nInclinationH[0]
[1106 10:15:25.378][PDLLDpsdk_fun.cpp:597] TID 12296 [DEBUG] CPDLLDpsdk::DPSDKCallback(): CPDLLDpsdk::DPSDKCallback(...) m_cmd[253] m_sequence[0]
[1106 10:15:25.378][PDLLMessageQueue.cpp:5703] TID 10828 [INFO] CPDLLMessageQueue::OnChannelViewInfoReport(): [DPSDK_CORE]OnChannelViewInfoReport():CamearId[1000004$1$0$0],nDistance[127],nAngelH[590],nAzimuthH[144],nInclinationH[0]
[1106 10:15:25.820][PDLLDpsdk_fun.cpp:597] TID 12296 [DEBUG] CPDLLDpsdk::DPSDKCallback(): CPDLLDpsdk::DPSDKCallback(...) m_cmd[253] m_sequence[0]
[1106 10:15:25.820][PDLLMessageQueue.cpp:5703] TID 10828 [INFO] CPDLLMessageQueue::OnChannelViewInfoReport(): [DPSDK_CORE]OnChannelViewInfoReport():CamearId[1000004$1$0$0],nDistance[127],nAngelH[590],nAzimuthH[144],nInclinationH[0]
[1106 10:15:26.785][PDLLDpsdk_fun.cpp:597] TID 12296 [DEBUG] CPDLLDpsdk::DPSDKCallback(): CPDLLDpsdk::DPSDKCallback(...) m_cmd[459] m_sequence[115]
[1106 10:15:26.785][PDLLDpsdk_fun.cpp:597] TID 12296 [DEBUG] CPDLLDpsdk::DPSDKCallback(): CPDLLDpsdk::DPSDKCallback(...) m_cmd[480] m_sequence[116]
[1106 10:15:26.785][PDLLMessageQueue.cpp:901] TID 10828 [DEBUG] CPDLLMessageQueue::OnDpsdkCallBackAlarm(): [DPSDK_CORE]OnDpsdkCallBackAlarm()alarmtype = 584, strDeviceID = 1000006, nChannel = 0, cameraId = 1000006$1$0$0 alarmID = [{0BBFC693-3586-324D-9238-BFA7323F4612}] eventType = [1] time = [1604629464]
[1106 10:15:26.785][PDLLMessageQueue.cpp:5537] TID 10828 [DEBUG] CPDLLMessageQueue::OnNewAlarmReprot(): [DPSDK_CORE]OnNewAlarmReprot():deviceID[1000006], channelNo[0]
