[1109 17:19:31.081][DPSDK_Core.cpp:394] TID 22680 [INFO] DPSDK_Login(): [DPSDK]IP=192.168.2.64 port=9000 name=test password=test123456 iType=1
[1109 17:19:31.082][DPSDK_Core.cpp:406] TID 22680 [INFO] DPSDK_Login(): nPDLLHandle = 1, IP = 192.168.2.64, Port = 9000, name = test, password = test123456,nProtocol = 2, iType = 1, szCheckBit = 
[1109 17:19:31.082][CMSClientMdl_for_general.cpp:199] TID 5848 [INFO] DPSdk::CMSClientMdl::HandlePreLogin(): CMSClientMdl::HandlePreLogin()
[1109 17:19:31.082][ServerSession.cpp:87] TID 5848 [INFO] DPSdk::ServerSession::ConnectServer(): [PSDK] ServerSession::ConnectServer() sid = 0, ip = 192.168.2.64, port = 9000
[1109 17:19:31.083][CMSClientMdl_for_general.cpp:257] TID 5848 [INFO] DPSdk::CMSClientMdl::HandlePreLogin(): CMSClientMdl::HandlePreLogin() SEND_AND_STORE_MSG
[1109 17:19:31.102][CMSClientMdl.cpp:1105] TID 5848 [INFO] DPSdk::CMSClientMdl::onMessage(): [PSDK] CMSClientMdl::onMessage error nResult[443] at operation[41]
[1109 17:19:31.102][CMSClientMdl_for_general.cpp:264] TID 5848 [INFO] DPSdk::CMSClientMdl::HandleLoginWithEncryption(): CMSClientMdl::HandleLoginWithEncryption()
[1109 17:19:31.112][CMSClientMdl_for_general.cpp:349] TID 5848 [INFO] DPSdk::CMSClientMdl::OnLoginResponse(): [PSDK] CMSClientMdl::OnLoginResponse()  m_loginSeq=3
[1109 17:19:31.112][CMSClientMdl_for_general.cpp:440] TID 5848 [INFO] DPSdk::CMSClientMdl::OnLoginResponse(): [PSDK] CMSClientMdl::OnLoginResponse(), m_timerHeartBeat->SetTimer, id = 2 , ms = 15000
[1109 17:19:31.112][CMSClientMdl_for_general.cpp:461] TID 5848 [INFO] DPSdk::CMSClientMdl::OnLoginResponse(): [PSDK] CMSClientMdl::OnLoginResponse(), m_timerHeartBeatResp->SetTimer, id = 1 , ms = 60s
[1109 17:19:31.112][PDLLDpsdk_fun.cpp:597] TID 20756 [DEBUG] CPDLLDpsdk::DPSDKCallback(): CPDLLDpsdk::DPSDKCallback(...) m_cmd[6] m_sequence[1]
[1109 17:19:31.112][PDLLMessageQueue.cpp:524] TID 19404 [DEBUG] CPDLLMessageQueue::OnDpsdkCallBack(): CPDLLMessageQueue::OnDpsdkCallBack(...) pInfo->m_nCmd[6] pInfo->m_nSeq[1]
[1109 17:19:31.113][CMSClientMdl_for_general.cpp:607] TID 5848 [DEBUG] DPSdk::CMSClientMdl::HandleGetGroup(): CMSClientMdl::HandleGetGroup: bReload = 0 ,m_bSaveGroupFile = false
[1109 17:19:31.113][CMSClientMdl_for_general.cpp:721] TID 5848 [INFO] DPSdk::CMSClientMdl::GetGroupInfo(): 0---send get org cmd to CMS! = [1604913571]
[1109 17:19:31.113][CMSClientMdl_for_func.cpp:216] TID 5848 [INFO] DPSdk::CMSClientMdl::OnMessageRequest(): CU_MESSAGE pRequest->_code = 11315
[1109 17:19:31.113][PDLLDpsdk_fun.cpp:597] TID 20756 [DEBUG] CPDLLDpsdk::DPSDKCallback(): CPDLLDpsdk::DPSDKCallback(...) m_cmd[71] m_sequence[0]
[1109 17:19:31.113][CMSClientMdl_for_func.cpp:216] TID 5848 [INFO] DPSdk::CMSClientMdl::OnMessageRequest(): CU_MESSAGE pRequest->_code = 400
[1109 17:19:31.113][CMSClientMdl_for_func.cpp:593] TID 5848 [INFO] DPSdk::CMSClientMdl::OnMessageRequest(): [PSDK] OnMessageRequest CU_USER_LOGIN nUserId[2] nState[1] cmd[26]
[1109 17:19:31.113][PDLLDpsdk_fun.cpp:597] TID 20756 [DEBUG] CPDLLDpsdk::DPSDKCallback(): CPDLLDpsdk::DPSDKCallback(...) m_cmd[26] m_sequence[0]
[1109 17:19:31.113][CMSClientMdl_for_func.cpp:216] TID 5848 [INFO] DPSdk::CMSClientMdl::OnMessageRequest(): CU_MESSAGE pRequest->_code = 78
[1109 17:19:31.131][CMSClientMdl.cpp:1063] TID 5848 [INFO] DPSdk::CMSClientMdl::onError(): [DPSDK] engineId:0, connId:0, error:3
[1109 17:19:31.131][CMSClientMdl.cpp:1063] TID 5848 [INFO] DPSdk::CMSClientMdl::onError(): [DPSDK] engineId:0, connId:0, error:3
[1109 17:19:31.131][CMSClientMdl_for_general.cpp:1165] TID 5848 [INFO] DPSdk::CMSClientMdl::OnGetAllTreeResponse(): 1---orgXml start = [1604913571]
[1109 17:19:31.131][DPSDKXmlParse.cpp:693] TID 5848 [INFO] DPSdk::GetAllOrgInfo(): 
[1109 17:19:31.131][CMSClientMdl_for_general.cpp:1173] TID 5848 [INFO] DPSdk::CMSClientMdl::OnGetAllTreeResponse(): 2---orgXml end = [1604913571]
[1109 17:19:31.148][CMSClientMdl_for_general.cpp:1325] TID 5848 [INFO] DPSdk::CMSClientMdl::OnGetAllTreeResponse(): 3---DevXml start = [1604913571]
[1109 17:19:31.148][CMSClientMdl_for_general.cpp:1332] TID 5848 [INFO] DPSdk::CMSClientMdl::OnGetAllTreeResponse(): 4---DevXml end = [1604913571]
[1109 17:19:31.149][PDLLDpsdk_fun.cpp:597] TID 20756 [DEBUG] CPDLLDpsdk::DPSDKCallback(): CPDLLDpsdk::DPSDKCallback(...) m_cmd[3102] m_sequence[4]
[1109 17:19:31.149][PDLLMessageQueue.cpp:524] TID 19404 [DEBUG] CPDLLMessageQueue::OnDpsdkCallBack(): CPDLLMessageQueue::OnDpsdkCallBack(...) pInfo->m_nCmd[3102] pInfo->m_nSeq[4]
[1109 17:19:31.160][CMSClientMdl_for_func.cpp:110] TID 5848 [INFO] DPSdk::CMSClientMdl::OnGetServerListResponse(): UNIT_MGW mgwIP = [192.168.2.64] mgwPort = [9090]
[1109 17:19:31.160][CMSClientMdl.cpp:1105] TID 5848 [INFO] DPSdk::CMSClientMdl::onMessage(): [PSDK] CMSClientMdl::onMessage error nResult[570] at operation[156]
[1109 17:19:31.160][SCSClientMdl.cpp:236] TID 6132 [INFO] DPSdk::SCSClientMdl::DealWithOneResponse(): SCSClientMdl::DealWithOneResponse: CMD[5107]
[1109 17:19:31.160][SCSClientMdl.cpp:243] TID 6132 [INFO] DPSdk::SCSClientMdl::DealWithOneResponse(): msgRes->serverMap.empty() = 
[1109 17:19:31.160][CMSClientMdl.cpp:1063] TID 5848 [INFO] DPSdk::CMSClientMdl::onError(): [DPSDK] engineId:0, connId:0, error:3
[1109 17:19:31.160][PDLLDpsdk_fun.cpp:597] TID 20756 [DEBUG] CPDLLDpsdk::DPSDKCallback(): CPDLLDpsdk::DPSDKCallback(...) m_cmd[72] m_sequence[14]
[1109 17:19:31.160][PDLLDpsdk_fun.cpp:651] TID 20756 [INFO] CPDLLDpsdk::DPSDKCallback(): DPSDK_CMD_GET_RELATIVE_FPT_PATH begin
[1109 17:19:31.160][PDLLDpsdk_fun.cpp:662] TID 20756 [INFO] CPDLLDpsdk::DPSDKCallback(): DPSDK_CMD_GET_RELATIVE_FPT_PATH end
[1109 17:19:31.160][PDLLMessageQueue.cpp:5526] TID 19404 [INFO] CPDLLMessageQueue::OnGetFtpPath(): UpdateFtpInfo() begin
[1109 17:19:31.160][DMSClientSession.cpp:303] TID 15564 [INFO] DPSdk::DMSClientSession::ConnectToDmsServer(): Dms Server ip list(0)=>192.168.2.64:9200
[1109 17:19:31.160][DMSClientSession.cpp:303] TID 15564 [INFO] DPSdk::DMSClientSession::ConnectToDmsServer(): Dms Server ip list(1)=>112.25.210.130:9200
[1109 17:19:31.361][PCSClientMdl.cpp:374] TID 100 [INFO] DPSdk::PCSClientMdl::ConnectToPcsServer(): CheckTcpConnect ip[192.168.2.64] port[9001]
[1109 17:19:31.362][ServerSession.cpp:87] TID 100 [INFO] DPSdk::ServerSession::ConnectServer(): [PSDK] ServerSession::ConnectServer() sid = 1, ip = 192.168.2.64, port = 9001
[1109 17:19:31.396][PCSClientMdl_for_func.cpp:170] TID 100 [INFO] DPSdk::PCSClientMdl::OnLoginResponse(): [PSDK] PCSClientMdl::OnLoginResponse(), m_timerHeartBeat->SetTimer, id = 25, ms=7500
[1109 17:19:31.396][PDLLDpsdk_fun.cpp:597] TID 20756 [DEBUG] CPDLLDpsdk::DPSDKCallback(): CPDLLDpsdk::DPSDKCallback(...) m_cmd[701] m_sequence[0]
[1109 17:19:31.437][CMSClientMdl_for_ptz.cpp:68] TID 5848 [INFO] DPSdk::CMSClientMdl::HandlePtzQueryPoint(): innerMsg->cameraId=1000019$1$0$0£¬pPDU->_deviceId=1000019, Channelnum=0
[1109 17:19:31.449][PDLLDpsdk_fun.cpp:597] TID 20756 [DEBUG] CPDLLDpsdk::DPSDKCallback(): CPDLLDpsdk::DPSDKCallback(...) m_cmd[204] m_sequence[18]
[1109 17:19:34.159][ServerSession.cpp:87] TID 14844 [INFO] DPSdk::ServerSession::ConnectServer(): [PSDK] ServerSession::ConnectServer() sid = 2, ip = 192.168.2.64, port = 9600
[1109 17:19:34.159][ADSClientSession.cpp:298] TID 14844 [INFO] DPSdk::ADSClientSession::SendLoginADSPdu(): [PSDK] ADSClientSession::SendLoginADSPdu sequence[20] serverId[11001] ip[192.168.2.64]
[1109 17:19:34.161][ServerSession.cpp:87] TID 15564 [INFO] DPSdk::ServerSession::ConnectServer(): [PSDK] ServerSession::ConnectServer() sid = 3, ip = 192.168.2.64, port = 9200
[1109 17:19:34.161][ServerSession.cpp:87] TID 19328 [INFO] DPSdk::ServerSession::ConnectServer(): [PSDK] ServerSession::ConnectServer() sid = 4, ip = 192.168.2.64, port = 9400
[1109 17:19:34.161][PDLLMessageQueue.cpp:5528] TID 19404 [INFO] CPDLLMessageQueue::OnGetFtpPath(): UpdateFtpInfo() begin
[1109 17:19:34.161][DMSClientSession.cpp:316] TID 15564 [INFO] DPSdk::DMSClientSession::ConnectToDmsServer(): Dms ConnectServer=>192.168.2.64:9200
[1109 17:19:34.161][DMSClientMdl.cpp:1594] TID 15564 [INFO] DPSdk::DMSClientMdl::StartReconTimer(): [PSDK] DMSClientMdl::StartReconTimer(), m_timerReconnect->SetTimer, id=27
[1109 17:19:34.190][ADSClientMdl.cpp:820] TID 14844 [INFO] DPSdk::ADSClientMdl::OnLoginAdsResponse(): [PSDK] login ads server success.
[1109 17:19:34.190][ADSClientMdl.cpp:747] TID 14844 [INFO] DPSdk::ADSClientMdl::StartHBTimer(): [PSDK] ADSClientMdl::StartHBTimer(), m_timerHeartBeat->SetTimer, id=29, ms=15000
[1109 17:19:34.190][DMSClientMdl.cpp:1582] TID 15564 [INFO] DPSdk::DMSClientMdl::StartHBTimer(): [PSDK] DMSClientMdl::StartHBTimer(), m_timerHeartBeat->SetTimer, id = 28, ms=15000
[1109 17:19:34.191][ADSClientSession.cpp:1267] TID 14844 [INFO] DPSdk::ADSClientSession::HandleSendEmptyXml(): [PSDK] ADSClientSession::HandleSetAlarmEnable sequence[22] serverId[11001] ip[192.168.2.64]
[1109 17:19:34.191][PDLLDpsdk_fun.cpp:597] TID 20756 [DEBUG] CPDLLDpsdk::DPSDKCallback(): CPDLLDpsdk::DPSDKCallback(...) m_cmd[458] m_sequence[23]
[1109 17:19:34.191][MsgCallbackModule.cpp:198] TID 20756 [ERR] DPSdk::MsgCallbackModule::DealWithOneMsg(): [PSDK] UnDefine CallBack
[1109 17:19:34.191][PDLLDpsdk_fun.cpp:597] TID 20756 [DEBUG] CPDLLDpsdk::DPSDKCallback(): CPDLLDpsdk::DPSDKCallback(...) m_cmd[246] m_sequence[24]
[1109 17:19:34.191][PDLLDpsdk_fun.cpp:597] TID 20756 [DEBUG] CPDLLDpsdk::DPSDKCallback(): CPDLLDpsdk::DPSDKCallback(...) m_cmd[246] m_sequence[25]
[1109 17:19:34.191][PDLLDpsdk_fun.cpp:597] TID 20756 [DEBUG] CPDLLDpsdk::DPSDKCallback(): CPDLLDpsdk::DPSDKCallback(...) m_cmd[246] m_sequence[26]
[1109 17:19:34.191][PDLLDpsdk_fun.cpp:597] TID 20756 [DEBUG] CPDLLDpsdk::DPSDKCallback(): CPDLLDpsdk::DPSDKCallback(...) m_cmd[246] m_sequence[27]
[1109 17:19:34.191][PDLLDpsdk_fun.cpp:597] TID 20756 [DEBUG] CPDLLDpsdk::DPSDKCallback(): CPDLLDpsdk::DPSDKCallback(...) m_cmd[246] m_sequence[28]
[1109 17:19:34.191][PDLLDpsdk_fun.cpp:597] TID 20756 [DEBUG] CPDLLDpsdk::DPSDKCallback(): CPDLLDpsdk::DPSDKCallback(...) m_cmd[246] m_sequence[29]
[1109 17:19:34.191][PDLLDpsdk_fun.cpp:597] TID 20756 [DEBUG] CPDLLDpsdk::DPSDKCallback(): CPDLLDpsdk::DPSDKCallback(...) m_cmd[246] m_sequence[30]
[1109 17:19:34.191][PDLLDpsdk_fun.cpp:597] TID 20756 [DEBUG] CPDLLDpsdk::DPSDKCallback(): CPDLLDpsdk::DPSDKCallback(...) m_cmd[246] m_sequence[31]
[1109 17:19:34.191][PDLLDpsdk_fun.cpp:597] TID 20756 [DEBUG] CPDLLDpsdk::DPSDKCallback(): CPDLLDpsdk::DPSDKCallback(...) m_cmd[246] m_sequence[32]
[1109 17:19:34.191][PDLLDpsdk_fun.cpp:597] TID 20756 [DEBUG] CPDLLDpsdk::DPSDKCallback(): CPDLLDpsdk::DPSDKCallback(...) m_cmd[246] m_sequence[33]
[1109 17:19:34.191][PDLLDpsdk_fun.cpp:597] TID 20756 [DEBUG] CPDLLDpsdk::DPSDKCallback(): CPDLLDpsdk::DPSDKCallback(...) m_cmd[246] m_sequence[34]
[1109 17:19:34.191][PDLLDpsdk_fun.cpp:597] TID 20756 [DEBUG] CPDLLDpsdk::DPSDKCallback(): CPDLLDpsdk::DPSDKCallback(...) m_cmd[246] m_sequence[35]
[1109 17:19:34.191][PDLLDpsdk_fun.cpp:597] TID 20756 [DEBUG] CPDLLDpsdk::DPSDKCallback(): CPDLLDpsdk::DPSDKCallback(...) m_cmd[246] m_sequence[36]
[1109 17:19:34.191][PDLLDpsdk_fun.cpp:597] TID 20756 [DEBUG] CPDLLDpsdk::DPSDKCallback(): CPDLLDpsdk::DPSDKCallback(...) m_cmd[246] m_sequence[37]
[1109 17:19:34.191][PDLLDpsdk_fun.cpp:597] TID 20756 [DEBUG] CPDLLDpsdk::DPSDKCallback(): CPDLLDpsdk::DPSDKCallback(...) m_cmd[246] m_sequence[38]
[1109 17:19:34.191][PDLLDpsdk_fun.cpp:597] TID 20756 [DEBUG] CPDLLDpsdk::DPSDKCallback(): CPDLLDpsdk::DPSDKCallback(...) m_cmd[246] m_sequence[39]
[1109 17:19:36.161][PESClientMdl.cpp:424] TID 19328 [INFO] DPSdk::PESClientMdl::StartReconTimer(): [PSDK] PESClientMdl::StartReconTimer(), m_timerReconnect->SetTimer, id=30, ms=60000
[1109 17:19:36.165][PESClientMdl.cpp:414] TID 19328 [INFO] DPSdk::PESClientMdl::StartHBTimer(): [PSDK] PESClientMdl::StartHBTimer(), m_timerHeartBeat->SetTimer, id = 31, ms=40000
[1109 17:20:34.162][DMSClientMdl.cpp:1497] TID 15564 [INFO] DPSdk::DMSClientMdl::OnDmsReconnect(): [PSDK] DMSClientMdl::OnDmsReconnect(), m_timerReconnect->KillTimer, id=27
[1109 17:20:35.244][CMSClientMdl_for_func.cpp:216] TID 5848 [INFO] DPSdk::CMSClientMdl::OnMessageRequest(): CU_MESSAGE pRequest->_code = 6
[1109 17:20:35.244][PDLLDpsdk_fun.cpp:597] TID 20756 [DEBUG] CPDLLDpsdk::DPSDKCallback(): CPDLLDpsdk::DPSDKCallback(...) m_cmd[3108] m_sequence[0]
[1109 17:20:36.162][PESClientMdl.cpp:364] TID 19328 [INFO] DPSdk::PESClientMdl::OnPESReconnect(): [PSDK] PESClientMdl::OnPESReconnect(), m_timerReconnect->kill, id=30
[1109 17:20:56.484][PDLLDpsdk_fun.cpp:597] TID 20756 [DEBUG] CPDLLDpsdk::DPSDKCallback(): CPDLLDpsdk::DPSDKCallback(...) m_cmd[246] m_sequence[69]
[1109 17:20:56.586][PDLLDpsdk_fun.cpp:597] TID 20756 [DEBUG] CPDLLDpsdk::DPSDKCallback(): CPDLLDpsdk::DPSDKCallback(...) m_cmd[459] m_sequence[70]
[1109 17:20:56.586][PDLLDpsdk_fun.cpp:597] TID 20756 [DEBUG] CPDLLDpsdk::DPSDKCallback(): CPDLLDpsdk::DPSDKCallback(...) m_cmd[480] m_sequence[71]
[1109 17:21:29.228][PDLLMessageQueue.cpp:901] TID 19404 [DEBUG] CPDLLMessageQueue::OnDpsdkCallBackAlarm(): [DPSDK_CORE]OnDpsdkCallBackAlarm()alarmtype = 5, strDeviceID = 1000007, nChannel = 0, cameraId = 1000007$1$0$0 alarmID = [{F8982474-C6EC-D747-9D90-17D2AA8DAC1B}] eventType = [2] time = [1604914197]
[1109 17:21:29.228][PDLLMessageQueue.cpp:5537] TID 19404 [DEBUG] CPDLLMessageQueue::OnNewAlarmReprot(): [DPSDK_CORE]OnNewAlarmReprot():deviceID[1000007], channelNo[0]
