[1106 10:09:17.997][DPSDK_Core.cpp:394] TID 8624 [INFO] DPSDK_Login(): [DPSDK]IP=192.168.2.64 port=9000 name=test password=test123456 iType=1
[1106 10:09:17.997][DPSDK_Core.cpp:406] TID 8624 [INFO] DPSDK_Login(): nPDLLHandle = 1, IP = 192.168.2.64, Port = 9000, name = test, password = test123456,nProtocol = 2, iType = 1, szCheckBit = 
[1106 10:09:17.997][CMSClientMdl_for_general.cpp:199] TID 15884 [INFO] DPSdk::CMSClientMdl::HandlePreLogin(): CMSClientMdl::HandlePreLogin()
[1106 10:09:17.997][ServerSession.cpp:87] TID 15884 [INFO] DPSdk::ServerSession::ConnectServer(): [PSDK] ServerSession::ConnectServer() sid = 0, ip = 192.168.2.64, port = 9000
[1106 10:09:17.998][CMSClientMdl_for_general.cpp:257] TID 15884 [INFO] DPSdk::CMSClientMdl::HandlePreLogin(): CMSClientMdl::HandlePreLogin() SEND_AND_STORE_MSG
[1106 10:09:18.013][CMSClientMdl.cpp:1105] TID 15884 [INFO] DPSdk::CMSClientMdl::onMessage(): [PSDK] CMSClientMdl::onMessage error nResult[443] at operation[41]
[1106 10:09:18.013][CMSClientMdl_for_general.cpp:264] TID 15884 [INFO] DPSdk::CMSClientMdl::HandleLoginWithEncryption(): CMSClientMdl::HandleLoginWithEncryption()
[1106 10:09:18.023][CMSClientMdl_for_general.cpp:349] TID 15884 [INFO] DPSdk::CMSClientMdl::OnLoginResponse(): [PSDK] CMSClientMdl::OnLoginResponse()  m_loginSeq=3
[1106 10:09:18.023][CMSClientMdl_for_general.cpp:440] TID 15884 [INFO] DPSdk::CMSClientMdl::OnLoginResponse(): [PSDK] CMSClientMdl::OnLoginResponse(), m_timerHeartBeat->SetTimer, id = 2 , ms = 15000
[1106 10:09:18.023][CMSClientMdl_for_general.cpp:461] TID 15884 [INFO] DPSdk::CMSClientMdl::OnLoginResponse(): [PSDK] CMSClientMdl::OnLoginResponse(), m_timerHeartBeatResp->SetTimer, id = 1 , ms = 60s
[1106 10:09:18.023][PDLLDpsdk_fun.cpp:597] TID 22308 [DEBUG] CPDLLDpsdk::DPSDKCallback(): CPDLLDpsdk::DPSDKCallback(...) m_cmd[6] m_sequence[1]
[1106 10:09:18.024][PDLLMessageQueue.cpp:524] TID 12388 [DEBUG] CPDLLMessageQueue::OnDpsdkCallBack(): CPDLLMessageQueue::OnDpsdkCallBack(...) pInfo->m_nCmd[6] pInfo->m_nSeq[1]
[1106 10:09:18.025][CMSClientMdl_for_general.cpp:607] TID 15884 [DEBUG] DPSdk::CMSClientMdl::HandleGetGroup(): CMSClientMdl::HandleGetGroup: bReload = 0 ,m_bSaveGroupFile = false
[1106 10:09:18.025][CMSClientMdl_for_general.cpp:721] TID 15884 [INFO] DPSdk::CMSClientMdl::GetGroupInfo(): 0---send get org cmd to CMS! = [1604628558]
[1106 10:09:18.026][CMSClientMdl_for_func.cpp:216] TID 15884 [INFO] DPSdk::CMSClientMdl::OnMessageRequest(): CU_MESSAGE pRequest->_code = 11315
[1106 10:09:18.026][CMSClientMdl_for_func.cpp:216] TID 15884 [INFO] DPSdk::CMSClientMdl::OnMessageRequest(): CU_MESSAGE pRequest->_code = 400
[1106 10:09:18.026][CMSClientMdl_for_func.cpp:593] TID 15884 [INFO] DPSdk::CMSClientMdl::OnMessageRequest(): [PSDK] OnMessageRequest CU_USER_LOGIN nUserId[2] nState[1] cmd[26]
[1106 10:09:18.026][PDLLDpsdk_fun.cpp:597] TID 22308 [DEBUG] CPDLLDpsdk::DPSDKCallback(): CPDLLDpsdk::DPSDKCallback(...) m_cmd[71] m_sequence[0]
[1106 10:09:18.026][CMSClientMdl_for_func.cpp:216] TID 15884 [INFO] DPSdk::CMSClientMdl::OnMessageRequest(): CU_MESSAGE pRequest->_code = 78
[1106 10:09:18.026][PDLLDpsdk_fun.cpp:597] TID 22308 [DEBUG] CPDLLDpsdk::DPSDKCallback(): CPDLLDpsdk::DPSDKCallback(...) m_cmd[26] m_sequence[0]
[1106 10:09:18.038][CMSClientMdl_for_general.cpp:1165] TID 15884 [INFO] DPSdk::CMSClientMdl::OnGetAllTreeResponse(): 1---orgXml start = [1604628558]
[1106 10:09:18.038][DPSDKXmlParse.cpp:693] TID 15884 [INFO] DPSdk::GetAllOrgInfo(): 
[1106 10:09:18.038][CMSClientMdl_for_general.cpp:1173] TID 15884 [INFO] DPSdk::CMSClientMdl::OnGetAllTreeResponse(): 2---orgXml end = [1604628558]
[1106 10:09:18.053][CMSClientMdl_for_general.cpp:1325] TID 15884 [INFO] DPSdk::CMSClientMdl::OnGetAllTreeResponse(): 3---DevXml start = [1604628558]
[1106 10:09:18.055][CMSClientMdl_for_general.cpp:1332] TID 15884 [INFO] DPSdk::CMSClientMdl::OnGetAllTreeResponse(): 4---DevXml end = [1604628558]
[1106 10:09:18.055][PDLLDpsdk_fun.cpp:597] TID 22308 [DEBUG] CPDLLDpsdk::DPSDKCallback(): CPDLLDpsdk::DPSDKCallback(...) m_cmd[3102] m_sequence[4]
[1106 10:09:18.055][PDLLMessageQueue.cpp:524] TID 12388 [DEBUG] CPDLLMessageQueue::OnDpsdkCallBack(): CPDLLMessageQueue::OnDpsdkCallBack(...) pInfo->m_nCmd[3102] pInfo->m_nSeq[4]
[1106 10:09:18.072][CMSClientMdl_for_func.cpp:110] TID 15884 [INFO] DPSdk::CMSClientMdl::OnGetServerListResponse(): UNIT_MGW mgwIP = [192.168.2.64] mgwPort = [9090]
[1106 10:09:18.072][CMSClientMdl.cpp:1105] TID 15884 [INFO] DPSdk::CMSClientMdl::onMessage(): [PSDK] CMSClientMdl::onMessage error nResult[570] at operation[156]
[1106 10:09:18.072][SCSClientMdl.cpp:236] TID 4596 [INFO] DPSdk::SCSClientMdl::DealWithOneResponse(): SCSClientMdl::DealWithOneResponse: CMD[5107]
[1106 10:09:18.072][SCSClientMdl.cpp:243] TID 4596 [INFO] DPSdk::SCSClientMdl::DealWithOneResponse(): msgRes->serverMap.empty() = 
[1106 10:09:18.072][CMSClientMdl.cpp:1063] TID 15884 [INFO] DPSdk::CMSClientMdl::onError(): [DPSDK] engineId:0, connId:0, error:3
[1106 10:09:18.072][PDLLDpsdk_fun.cpp:597] TID 22308 [DEBUG] CPDLLDpsdk::DPSDKCallback(): CPDLLDpsdk::DPSDKCallback(...) m_cmd[72] m_sequence[12]
[1106 10:09:18.072][PDLLDpsdk_fun.cpp:651] TID 22308 [INFO] CPDLLDpsdk::DPSDKCallback(): DPSDK_CMD_GET_RELATIVE_FPT_PATH begin
[1106 10:09:18.072][PDLLDpsdk_fun.cpp:662] TID 22308 [INFO] CPDLLDpsdk::DPSDKCallback(): DPSDK_CMD_GET_RELATIVE_FPT_PATH end
[1106 10:09:18.072][PDLLMessageQueue.cpp:5526] TID 12388 [INFO] CPDLLMessageQueue::OnGetFtpPath(): UpdateFtpInfo() begin
[1106 10:09:18.072][DMSClientSession.cpp:303] TID 18516 [INFO] DPSdk::DMSClientSession::ConnectToDmsServer(): Dms Server ip list(0)=>192.168.2.64:9200
[1106 10:09:18.072][DMSClientSession.cpp:303] TID 18516 [INFO] DPSdk::DMSClientSession::ConnectToDmsServer(): Dms Server ip list(1)=>112.25.210.130:9200
[1106 10:09:18.123][PCSClientMdl.cpp:374] TID 8644 [INFO] DPSdk::PCSClientMdl::ConnectToPcsServer(): CheckTcpConnect ip[192.168.2.64] port[9001]
[1106 10:09:18.134][ServerSession.cpp:87] TID 8644 [INFO] DPSdk::ServerSession::ConnectServer(): [PSDK] ServerSession::ConnectServer() sid = 1, ip = 192.168.2.64, port = 9001
[1106 10:09:18.147][PCSClientMdl_for_func.cpp:170] TID 8644 [INFO] DPSdk::PCSClientMdl::OnLoginResponse(): [PSDK] PCSClientMdl::OnLoginResponse(), m_timerHeartBeat->SetTimer, id = 21, ms=7500
[1106 10:09:18.147][PDLLDpsdk_fun.cpp:597] TID 22308 [DEBUG] CPDLLDpsdk::DPSDKCallback(): CPDLLDpsdk::DPSDKCallback(...) m_cmd[701] m_sequence[0]
[1106 10:09:21.069][ServerSession.cpp:87] TID 22004 [INFO] DPSdk::ServerSession::ConnectServer(): [PSDK] ServerSession::ConnectServer() sid = 2, ip = 192.168.2.64, port = 9600
[1106 10:09:21.069][ADSClientSession.cpp:298] TID 22004 [INFO] DPSdk::ADSClientSession::SendLoginADSPdu(): [PSDK] ADSClientSession::SendLoginADSPdu sequence[18] serverId[11001] ip[192.168.2.64]
[1106 10:09:21.074][ServerSession.cpp:87] TID 18516 [INFO] DPSdk::ServerSession::ConnectServer(): [PSDK] ServerSession::ConnectServer() sid = 3, ip = 192.168.2.64, port = 9200
[1106 10:09:21.074][ServerSession.cpp:87] TID 11476 [INFO] DPSdk::ServerSession::ConnectServer(): [PSDK] ServerSession::ConnectServer() sid = 4, ip = 192.168.2.64, port = 9400
[1106 10:09:21.074][PDLLMessageQueue.cpp:5528] TID 12388 [INFO] CPDLLMessageQueue::OnGetFtpPath(): UpdateFtpInfo() begin
[1106 10:09:21.074][DMSClientSession.cpp:316] TID 18516 [INFO] DPSdk::DMSClientSession::ConnectToDmsServer(): Dms ConnectServer=>192.168.2.64:9200
[1106 10:09:21.074][DMSClientMdl.cpp:1594] TID 18516 [INFO] DPSdk::DMSClientMdl::StartReconTimer(): [PSDK] DMSClientMdl::StartReconTimer(), m_timerReconnect->SetTimer, id=22
[1106 10:09:21.100][DMSClientMdl.cpp:1582] TID 18516 [INFO] DPSdk::DMSClientMdl::StartHBTimer(): [PSDK] DMSClientMdl::StartHBTimer(), m_timerHeartBeat->SetTimer, id = 23, ms=15000
[1106 10:09:21.101][ADSClientMdl.cpp:820] TID 22004 [INFO] DPSdk::ADSClientMdl::OnLoginAdsResponse(): [PSDK] login ads server success.
[1106 10:09:21.101][ADSClientMdl.cpp:747] TID 22004 [INFO] DPSdk::ADSClientMdl::StartHBTimer(): [PSDK] ADSClientMdl::StartHBTimer(), m_timerHeartBeat->SetTimer, id=24, ms=15000
[1106 10:09:21.101][ADSClientSession.cpp:1267] TID 22004 [INFO] DPSdk::ADSClientSession::HandleSendEmptyXml(): [PSDK] ADSClientSession::HandleSetAlarmEnable sequence[20] serverId[11001] ip[192.168.2.64]
[1106 10:09:21.101][PDLLDpsdk_fun.cpp:597] TID 22308 [DEBUG] CPDLLDpsdk::DPSDKCallback(): CPDLLDpsdk::DPSDKCallback(...) m_cmd[246] m_sequence[21]
[1106 10:09:21.101][PDLLDpsdk_fun.cpp:597] TID 22308 [DEBUG] CPDLLDpsdk::DPSDKCallback(): CPDLLDpsdk::DPSDKCallback(...) m_cmd[246] m_sequence[22]
[1106 10:09:21.101][PDLLDpsdk_fun.cpp:597] TID 22308 [DEBUG] CPDLLDpsdk::DPSDKCallback(): CPDLLDpsdk::DPSDKCallback(...) m_cmd[246] m_sequence[23]
[1106 10:09:21.101][PDLLDpsdk_fun.cpp:597] TID 22308 [DEBUG] CPDLLDpsdk::DPSDKCallback(): CPDLLDpsdk::DPSDKCallback(...) m_cmd[246] m_sequence[24]
[1106 10:09:21.101][PDLLDpsdk_fun.cpp:597] TID 22308 [DEBUG] CPDLLDpsdk::DPSDKCallback(): CPDLLDpsdk::DPSDKCallback(...) m_cmd[246] m_sequence[25]
[1106 10:09:21.101][PDLLDpsdk_fun.cpp:597] TID 22308 [DEBUG] CPDLLDpsdk::DPSDKCallback(): CPDLLDpsdk::DPSDKCallback(...) m_cmd[246] m_sequence[26]
[1106 10:09:21.101][PDLLDpsdk_fun.cpp:597] TID 22308 [DEBUG] CPDLLDpsdk::DPSDKCallback(): CPDLLDpsdk::DPSDKCallback(...) m_cmd[246] m_sequence[27]
[1106 10:09:21.101][PDLLDpsdk_fun.cpp:597] TID 22308 [DEBUG] CPDLLDpsdk::DPSDKCallback(): CPDLLDpsdk::DPSDKCallback(...) m_cmd[458] m_sequence[28]
[1106 10:09:21.101][MsgCallbackModule.cpp:198] TID 22308 [ERR] DPSdk::MsgCallbackModule::DealWithOneMsg(): [PSDK] UnDefine CallBack
[1106 10:09:21.101][PDLLDpsdk_fun.cpp:597] TID 22308 [DEBUG] CPDLLDpsdk::DPSDKCallback(): CPDLLDpsdk::DPSDKCallback(...) m_cmd[246] m_sequence[29]
[1106 10:09:21.101][PDLLDpsdk_fun.cpp:597] TID 22308 [DEBUG] CPDLLDpsdk::DPSDKCallback(): CPDLLDpsdk::DPSDKCallback(...) m_cmd[246] m_sequence[30]
[1106 10:09:21.101][PDLLDpsdk_fun.cpp:597] TID 22308 [DEBUG] CPDLLDpsdk::DPSDKCallback(): CPDLLDpsdk::DPSDKCallback(...) m_cmd[246] m_sequence[31]
[1106 10:09:21.101][PDLLDpsdk_fun.cpp:597] TID 22308 [DEBUG] CPDLLDpsdk::DPSDKCallback(): CPDLLDpsdk::DPSDKCallback(...) m_cmd[246] m_sequence[32]
[1106 10:09:21.101][PDLLDpsdk_fun.cpp:597] TID 22308 [DEBUG] CPDLLDpsdk::DPSDKCallback(): CPDLLDpsdk::DPSDKCallback(...) m_cmd[246] m_sequence[33]
[1106 10:09:21.101][PDLLDpsdk_fun.cpp:597] TID 22308 [DEBUG] CPDLLDpsdk::DPSDKCallback(): CPDLLDpsdk::DPSDKCallback(...) m_cmd[246] m_sequence[34]
[1106 10:09:21.101][PDLLDpsdk_fun.cpp:597] TID 22308 [DEBUG] CPDLLDpsdk::DPSDKCallback(): CPDLLDpsdk::DPSDKCallback(...) m_cmd[246] m_sequence[35]
[1106 10:09:21.101][PDLLDpsdk_fun.cpp:597] TID 22308 [DEBUG] CPDLLDpsdk::DPSDKCallback(): CPDLLDpsdk::DPSDKCallback(...) m_cmd[246] m_sequence[36]
[1106 10:09:21.101][PDLLDpsdk_fun.cpp:597] TID 22308 [DEBUG] CPDLLDpsdk::DPSDKCallback(): CPDLLDpsdk::DPSDKCallback(...) m_cmd[246] m_sequence[37]
[1106 10:09:21.555][ServerMgrMdl.cpp:216] TID 14372 [INFO] DPSdk::ServerMgrMdl::DealWithOneRequest(): [PSDK] ServerMgrMdl::DealWithOneRequest cmd[211] nSeq = [38]
[1106 10:09:21.596][PDLLDpsdk_fun.cpp:597] TID 22308 [DEBUG] CPDLLDpsdk::DPSDKCallback(): CPDLLDpsdk::DPSDKCallback(...) m_cmd[211] m_sequence[38]
[1106 10:09:21.596][PDLLMessageQueue.cpp:524] TID 12388 [DEBUG] CPDLLMessageQueue::OnDpsdkCallBack(): CPDLLMessageQueue::OnDpsdkCallBack(...) pInfo->m_nCmd[211] pInfo->m_nSeq[38]
[1106 10:09:22.596][ServerMgrMdl.cpp:216] TID 14372 [INFO] DPSdk::ServerMgrMdl::DealWithOneRequest(): [PSDK] ServerMgrMdl::DealWithOneRequest cmd[211] nSeq = [42]
[1106 10:09:22.715][PDLLDpsdk_fun.cpp:597] TID 22308 [DEBUG] CPDLLDpsdk::DPSDKCallback(): CPDLLDpsdk::DPSDKCallback(...) m_cmd[211] m_sequence[42]
[1106 10:09:22.715][PDLLMessageQueue.cpp:524] TID 12388 [DEBUG] CPDLLMessageQueue::OnDpsdkCallBack(): CPDLLMessageQueue::OnDpsdkCallBack(...) pInfo->m_nCmd[211] pInfo->m_nSeq[42]
[1106 10:09:23.075][PESClientMdl.cpp:424] TID 11476 [INFO] DPSdk::PESClientMdl::StartReconTimer(): [PSDK] PESClientMdl::StartReconTimer(), m_timerReconnect->SetTimer, id=26, ms=60000
[1106 10:09:23.079][PESClientMdl.cpp:414] TID 11476 [INFO] DPSdk::PESClientMdl::StartHBTimer(): [PSDK] PESClientMdl::StartHBTimer(), m_timerHeartBeat->SetTimer, id = 27, ms=40000
