[1106 13:47:47.557][DPSDK_Core.cpp:394] TID 12548 [INFO] DPSDK_Login(): [DPSDK]IP=192.168.2.64 port=9000 name=test password=test123456 iType=1
[1106 13:47:47.557][DPSDK_Core.cpp:406] TID 12548 [INFO] DPSDK_Login(): nPDLLHandle = 1, IP = 192.168.2.64, Port = 9000, name = test, password = test123456,nProtocol = 2, iType = 1, szCheckBit = 
[1106 13:47:47.557][CMSClientMdl_for_general.cpp:199] TID 9176 [INFO] DPSdk::CMSClientMdl::HandlePreLogin(): CMSClientMdl::HandlePreLogin()
[1106 13:47:47.557][ServerSession.cpp:87] TID 9176 [INFO] DPSdk::ServerSession::ConnectServer(): [PSDK] ServerSession::ConnectServer() sid = 0, ip = 192.168.2.64, port = 9000
[1106 13:47:47.558][CMSClientMdl_for_general.cpp:257] TID 9176 [INFO] DPSdk::CMSClientMdl::HandlePreLogin(): CMSClientMdl::HandlePreLogin() SEND_AND_STORE_MSG
[1106 13:47:47.575][CMSClientMdl.cpp:1105] TID 9176 [INFO] DPSdk::CMSClientMdl::onMessage(): [PSDK] CMSClientMdl::onMessage error nResult[443] at operation[41]
[1106 13:47:47.575][CMSClientMdl_for_general.cpp:264] TID 9176 [INFO] DPSdk::CMSClientMdl::HandleLoginWithEncryption(): CMSClientMdl::HandleLoginWithEncryption()
[1106 13:47:47.585][CMSClientMdl_for_general.cpp:349] TID 9176 [INFO] DPSdk::CMSClientMdl::OnLoginResponse(): [PSDK] CMSClientMdl::OnLoginResponse()  m_loginSeq=3
[1106 13:47:47.585][CMSClientMdl_for_general.cpp:440] TID 9176 [INFO] DPSdk::CMSClientMdl::OnLoginResponse(): [PSDK] CMSClientMdl::OnLoginResponse(), m_timerHeartBeat->SetTimer, id = 2 , ms = 15000
[1106 13:47:47.585][CMSClientMdl_for_general.cpp:461] TID 9176 [INFO] DPSdk::CMSClientMdl::OnLoginResponse(): [PSDK] CMSClientMdl::OnLoginResponse(), m_timerHeartBeatResp->SetTimer, id = 1 , ms = 60s
[1106 13:47:47.585][PDLLDpsdk_fun.cpp:597] TID 13344 [DEBUG] CPDLLDpsdk::DPSDKCallback(): CPDLLDpsdk::DPSDKCallback(...) m_cmd[6] m_sequence[1]
[1106 13:47:47.585][PDLLMessageQueue.cpp:524] TID 11920 [DEBUG] CPDLLMessageQueue::OnDpsdkCallBack(): CPDLLMessageQueue::OnDpsdkCallBack(...) pInfo->m_nCmd[6] pInfo->m_nSeq[1]
[1106 13:47:47.586][CMSClientMdl_for_general.cpp:607] TID 9176 [DEBUG] DPSdk::CMSClientMdl::HandleGetGroup(): CMSClientMdl::HandleGetGroup: bReload = 0 ,m_bSaveGroupFile = false
[1106 13:47:47.586][CMSClientMdl_for_general.cpp:721] TID 9176 [INFO] DPSdk::CMSClientMdl::GetGroupInfo(): 0---send get org cmd to CMS! = [1604641667]
[1106 13:47:47.586][CMSClientMdl_for_func.cpp:216] TID 9176 [INFO] DPSdk::CMSClientMdl::OnMessageRequest(): CU_MESSAGE pRequest->_code = 11315
[1106 13:47:47.586][CMSClientMdl_for_func.cpp:216] TID 9176 [INFO] DPSdk::CMSClientMdl::OnMessageRequest(): CU_MESSAGE pRequest->_code = 400
[1106 13:47:47.586][CMSClientMdl_for_func.cpp:593] TID 9176 [INFO] DPSdk::CMSClientMdl::OnMessageRequest(): [PSDK] OnMessageRequest CU_USER_LOGIN nUserId[2] nState[1] cmd[26]
[1106 13:47:47.586][PDLLDpsdk_fun.cpp:597] TID 13344 [DEBUG] CPDLLDpsdk::DPSDKCallback(): CPDLLDpsdk::DPSDKCallback(...) m_cmd[71] m_sequence[0]
[1106 13:47:47.586][CMSClientMdl_for_func.cpp:216] TID 9176 [INFO] DPSdk::CMSClientMdl::OnMessageRequest(): CU_MESSAGE pRequest->_code = 78
[1106 13:47:47.586][PDLLDpsdk_fun.cpp:597] TID 13344 [DEBUG] CPDLLDpsdk::DPSDKCallback(): CPDLLDpsdk::DPSDKCallback(...) m_cmd[26] m_sequence[0]
[1106 13:47:47.598][CMSClientMdl.cpp:1063] TID 9176 [INFO] DPSdk::CMSClientMdl::onError(): [DPSDK] engineId:0, connId:0, error:3
[1106 13:47:47.598][CMSClientMdl_for_general.cpp:1165] TID 9176 [INFO] DPSdk::CMSClientMdl::OnGetAllTreeResponse(): 1---orgXml start = [1604641667]
[1106 13:47:47.598][DPSDKXmlParse.cpp:693] TID 9176 [INFO] DPSdk::GetAllOrgInfo(): 
[1106 13:47:47.598][CMSClientMdl_for_general.cpp:1173] TID 9176 [INFO] DPSdk::CMSClientMdl::OnGetAllTreeResponse(): 2---orgXml end = [1604641667]
[1106 13:47:47.613][CMSClientMdl_for_general.cpp:1325] TID 9176 [INFO] DPSdk::CMSClientMdl::OnGetAllTreeResponse(): 3---DevXml start = [1604641667]
[1106 13:47:47.614][CMSClientMdl_for_general.cpp:1332] TID 9176 [INFO] DPSdk::CMSClientMdl::OnGetAllTreeResponse(): 4---DevXml end = [1604641667]
[1106 13:47:47.614][PDLLDpsdk_fun.cpp:597] TID 13344 [DEBUG] CPDLLDpsdk::DPSDKCallback(): CPDLLDpsdk::DPSDKCallback(...) m_cmd[3102] m_sequence[4]
[1106 13:47:47.614][PDLLMessageQueue.cpp:524] TID 11920 [DEBUG] CPDLLMessageQueue::OnDpsdkCallBack(): CPDLLMessageQueue::OnDpsdkCallBack(...) pInfo->m_nCmd[3102] pInfo->m_nSeq[4]
[1106 13:47:47.627][CMSClientMdl_for_func.cpp:110] TID 9176 [INFO] DPSdk::CMSClientMdl::OnGetServerListResponse(): UNIT_MGW mgwIP = [192.168.2.64] mgwPort = [9090]
[1106 13:47:47.627][CMSClientMdl.cpp:1105] TID 9176 [INFO] DPSdk::CMSClientMdl::onMessage(): [PSDK] CMSClientMdl::onMessage error nResult[570] at operation[156]
[1106 13:47:47.627][SCSClientMdl.cpp:236] TID 7208 [INFO] DPSdk::SCSClientMdl::DealWithOneResponse(): SCSClientMdl::DealWithOneResponse: CMD[5107]
[1106 13:47:47.627][SCSClientMdl.cpp:243] TID 7208 [INFO] DPSdk::SCSClientMdl::DealWithOneResponse(): msgRes->serverMap.empty() = 
[1106 13:47:47.627][CMSClientMdl.cpp:1063] TID 9176 [INFO] DPSdk::CMSClientMdl::onError(): [DPSDK] engineId:0, connId:0, error:3
[1106 13:47:47.627][PDLLDpsdk_fun.cpp:597] TID 13344 [DEBUG] CPDLLDpsdk::DPSDKCallback(): CPDLLDpsdk::DPSDKCallback(...) m_cmd[72] m_sequence[14]
[1106 13:47:47.627][PDLLDpsdk_fun.cpp:651] TID 13344 [INFO] CPDLLDpsdk::DPSDKCallback(): DPSDK_CMD_GET_RELATIVE_FPT_PATH begin
[1106 13:47:47.627][PDLLDpsdk_fun.cpp:662] TID 13344 [INFO] CPDLLDpsdk::DPSDKCallback(): DPSDK_CMD_GET_RELATIVE_FPT_PATH end
[1106 13:47:47.627][PDLLMessageQueue.cpp:5526] TID 11920 [INFO] CPDLLMessageQueue::OnGetFtpPath(): UpdateFtpInfo() begin
[1106 13:47:47.627][DMSClientSession.cpp:303] TID 19592 [INFO] DPSdk::DMSClientSession::ConnectToDmsServer(): Dms Server ip list(0)=>192.168.2.64:9200
[1106 13:47:47.627][DMSClientSession.cpp:303] TID 19592 [INFO] DPSdk::DMSClientSession::ConnectToDmsServer(): Dms Server ip list(1)=>112.25.210.130:9200
[1106 13:47:47.679][PCSClientMdl.cpp:374] TID 22428 [INFO] DPSdk::PCSClientMdl::ConnectToPcsServer(): CheckTcpConnect ip[192.168.2.64] port[9001]
[1106 13:47:47.689][ServerSession.cpp:87] TID 22428 [INFO] DPSdk::ServerSession::ConnectServer(): [PSDK] ServerSession::ConnectServer() sid = 1, ip = 192.168.2.64, port = 9001
[1106 13:47:47.703][PCSClientMdl_for_func.cpp:170] TID 22428 [INFO] DPSdk::PCSClientMdl::OnLoginResponse(): [PSDK] PCSClientMdl::OnLoginResponse(), m_timerHeartBeat->SetTimer, id = 23, ms=7500
[1106 13:47:47.703][PDLLDpsdk_fun.cpp:597] TID 13344 [DEBUG] CPDLLDpsdk::DPSDKCallback(): CPDLLDpsdk::DPSDKCallback(...) m_cmd[701] m_sequence[0]
[1106 13:47:50.626][ServerSession.cpp:87] TID 22772 [INFO] DPSdk::ServerSession::ConnectServer(): [PSDK] ServerSession::ConnectServer() sid = 2, ip = 192.168.2.64, port = 9600
[1106 13:47:50.626][ADSClientSession.cpp:298] TID 22772 [INFO] DPSdk::ADSClientSession::SendLoginADSPdu(): [PSDK] ADSClientSession::SendLoginADSPdu sequence[18] serverId[11001] ip[192.168.2.64]
[1106 13:47:50.628][PDLLMessageQueue.cpp:5528] TID 11920 [INFO] CPDLLMessageQueue::OnGetFtpPath(): UpdateFtpInfo() begin
[1106 13:47:50.628][ServerSession.cpp:87] TID 22468 [INFO] DPSdk::ServerSession::ConnectServer(): [PSDK] ServerSession::ConnectServer() sid = 3, ip = 192.168.2.64, port = 9400
[1106 13:47:50.629][ServerSession.cpp:87] TID 19592 [INFO] DPSdk::ServerSession::ConnectServer(): [PSDK] ServerSession::ConnectServer() sid = 4, ip = 192.168.2.64, port = 9200
[1106 13:47:50.629][DMSClientSession.cpp:316] TID 19592 [INFO] DPSdk::DMSClientSession::ConnectToDmsServer(): Dms ConnectServer=>192.168.2.64:9200
[1106 13:47:50.629][DMSClientMdl.cpp:1594] TID 19592 [INFO] DPSdk::DMSClientMdl::StartReconTimer(): [PSDK] DMSClientMdl::StartReconTimer(), m_timerReconnect->SetTimer, id=24
[1106 13:47:50.654][ADSClientMdl.cpp:820] TID 22772 [INFO] DPSdk::ADSClientMdl::OnLoginAdsResponse(): [PSDK] login ads server success.
[1106 13:47:50.654][ADSClientMdl.cpp:747] TID 22772 [INFO] DPSdk::ADSClientMdl::StartHBTimer(): [PSDK] ADSClientMdl::StartHBTimer(), m_timerHeartBeat->SetTimer, id=25, ms=15000
[1106 13:47:50.654][DMSClientMdl.cpp:1582] TID 19592 [INFO] DPSdk::DMSClientMdl::StartHBTimer(): [PSDK] DMSClientMdl::StartHBTimer(), m_timerHeartBeat->SetTimer, id = 26, ms=15000
[1106 13:47:50.654][ADSClientSession.cpp:1267] TID 22772 [INFO] DPSdk::ADSClientSession::HandleSendEmptyXml(): [PSDK] ADSClientSession::HandleSetAlarmEnable sequence[20] serverId[11001] ip[192.168.2.64]
[1106 13:47:50.654][PDLLDpsdk_fun.cpp:597] TID 13344 [DEBUG] CPDLLDpsdk::DPSDKCallback(): CPDLLDpsdk::DPSDKCallback(...) m_cmd[458] m_sequence[21]
[1106 13:47:50.654][MsgCallbackModule.cpp:198] TID 13344 [ERR] DPSdk::MsgCallbackModule::DealWithOneMsg(): [PSDK] UnDefine CallBack
[1106 13:47:50.655][PDLLDpsdk_fun.cpp:597] TID 13344 [DEBUG] CPDLLDpsdk::DPSDKCallback(): CPDLLDpsdk::DPSDKCallback(...) m_cmd[246] m_sequence[22]
[1106 13:47:50.655][PDLLDpsdk_fun.cpp:597] TID 13344 [DEBUG] CPDLLDpsdk::DPSDKCallback(): CPDLLDpsdk::DPSDKCallback(...) m_cmd[246] m_sequence[23]
[1106 13:47:50.655][PDLLDpsdk_fun.cpp:597] TID 13344 [DEBUG] CPDLLDpsdk::DPSDKCallback(): CPDLLDpsdk::DPSDKCallback(...) m_cmd[246] m_sequence[24]
[1106 13:47:50.655][PDLLDpsdk_fun.cpp:597] TID 13344 [DEBUG] CPDLLDpsdk::DPSDKCallback(): CPDLLDpsdk::DPSDKCallback(...) m_cmd[246] m_sequence[25]
[1106 13:47:50.655][PDLLDpsdk_fun.cpp:597] TID 13344 [DEBUG] CPDLLDpsdk::DPSDKCallback(): CPDLLDpsdk::DPSDKCallback(...) m_cmd[246] m_sequence[26]
[1106 13:47:50.655][PDLLDpsdk_fun.cpp:597] TID 13344 [DEBUG] CPDLLDpsdk::DPSDKCallback(): CPDLLDpsdk::DPSDKCallback(...) m_cmd[246] m_sequence[27]
[1106 13:47:50.655][PDLLDpsdk_fun.cpp:597] TID 13344 [DEBUG] CPDLLDpsdk::DPSDKCallback(): CPDLLDpsdk::DPSDKCallback(...) m_cmd[246] m_sequence[28]
[1106 13:47:50.655][PDLLDpsdk_fun.cpp:597] TID 13344 [DEBUG] CPDLLDpsdk::DPSDKCallback(): CPDLLDpsdk::DPSDKCallback(...) m_cmd[246] m_sequence[29]
[1106 13:47:50.655][PDLLDpsdk_fun.cpp:597] TID 13344 [DEBUG] CPDLLDpsdk::DPSDKCallback(): CPDLLDpsdk::DPSDKCallback(...) m_cmd[246] m_sequence[30]
[1106 13:47:50.655][PDLLDpsdk_fun.cpp:597] TID 13344 [DEBUG] CPDLLDpsdk::DPSDKCallback(): CPDLLDpsdk::DPSDKCallback(...) m_cmd[246] m_sequence[31]
[1106 13:47:50.655][PDLLDpsdk_fun.cpp:597] TID 13344 [DEBUG] CPDLLDpsdk::DPSDKCallback(): CPDLLDpsdk::DPSDKCallback(...) m_cmd[246] m_sequence[32]
[1106 13:47:50.655][PDLLDpsdk_fun.cpp:597] TID 13344 [DEBUG] CPDLLDpsdk::DPSDKCallback(): CPDLLDpsdk::DPSDKCallback(...) m_cmd[246] m_sequence[33]
[1106 13:47:50.655][PDLLDpsdk_fun.cpp:597] TID 13344 [DEBUG] CPDLLDpsdk::DPSDKCallback(): CPDLLDpsdk::DPSDKCallback(...) m_cmd[246] m_sequence[34]
[1106 13:47:50.655][PDLLDpsdk_fun.cpp:597] TID 13344 [DEBUG] CPDLLDpsdk::DPSDKCallback(): CPDLLDpsdk::DPSDKCallback(...) m_cmd[246] m_sequence[35]
[1106 13:47:50.655][PDLLDpsdk_fun.cpp:597] TID 13344 [DEBUG] CPDLLDpsdk::DPSDKCallback(): CPDLLDpsdk::DPSDKCallback(...) m_cmd[246] m_sequence[36]
[1106 13:47:50.655][PDLLDpsdk_fun.cpp:597] TID 13344 [DEBUG] CPDLLDpsdk::DPSDKCallback(): CPDLLDpsdk::DPSDKCallback(...) m_cmd[246] m_sequence[37]
[1106 13:47:52.629][PESClientMdl.cpp:424] TID 22468 [INFO] DPSdk::PESClientMdl::StartReconTimer(): [PSDK] PESClientMdl::StartReconTimer(), m_timerReconnect->SetTimer, id=27, ms=60000
[1106 13:47:52.631][PESClientMdl.cpp:414] TID 22468 [INFO] DPSdk::PESClientMdl::StartHBTimer(): [PSDK] PESClientMdl::StartHBTimer(), m_timerHeartBeat->SetTimer, id = 28, ms=40000
[1106 13:48:00.363][ServerMgrMdl.cpp:216] TID 13752 [INFO] DPSdk::ServerMgrMdl::DealWithOneRequest(): [PSDK] ServerMgrMdl::DealWithOneRequest cmd[211] nSeq = [40]
[1106 13:48:00.399][PDLLDpsdk_fun.cpp:597] TID 13344 [DEBUG] CPDLLDpsdk::DPSDKCallback(): CPDLLDpsdk::DPSDKCallback(...) m_cmd[211] m_sequence[40]
[1106 13:48:00.400][PDLLMessageQueue.cpp:524] TID 11920 [DEBUG] CPDLLMessageQueue::OnDpsdkCallBack(): CPDLLMessageQueue::OnDpsdkCallBack(...) pInfo->m_nCmd[211] pInfo->m_nSeq[40]
[1106 13:48:08.192][ServerMgrMdl.cpp:216] TID 13752 [INFO] DPSdk::ServerMgrMdl::DealWithOneRequest(): [PSDK] ServerMgrMdl::DealWithOneRequest cmd[211] nSeq = [48]
[1106 13:48:08.229][PDLLDpsdk_fun.cpp:597] TID 13344 [DEBUG] CPDLLDpsdk::DPSDKCallback(): CPDLLDpsdk::DPSDKCallback(...) m_cmd[211] m_sequence[48]
[1106 13:48:08.229][PDLLMessageQueue.cpp:524] TID 11920 [DEBUG] CPDLLMessageQueue::OnDpsdkCallBack(): CPDLLMessageQueue::OnDpsdkCallBack(...) pInfo->m_nCmd[211] pInfo->m_nSeq[48]
