[1109 17:19:23.276][DPSDK_Core.cpp:394] TID 19704 [INFO] DPSDK_Login(): [DPSDK]IP=192.168.2.64 port=9000 name=test password=test123456 iType=1
[1109 17:19:23.276][DPSDK_Core.cpp:406] TID 19704 [INFO] DPSDK_Login(): nPDLLHandle = 1, IP = 192.168.2.64, Port = 9000, name = test, password = test123456,nProtocol = 2, iType = 1, szCheckBit = 
[1109 17:19:23.277][CMSClientMdl_for_general.cpp:199] TID 2836 [INFO] DPSdk::CMSClientMdl::HandlePreLogin(): CMSClientMdl::HandlePreLogin()
[1109 17:19:23.277][ServerSession.cpp:87] TID 2836 [INFO] DPSdk::ServerSession::ConnectServer(): [PSDK] ServerSession::ConnectServer() sid = 0, ip = 192.168.2.64, port = 9000
[1109 17:19:23.277][CMSClientMdl_for_general.cpp:257] TID 2836 [INFO] DPSdk::CMSClientMdl::HandlePreLogin(): CMSClientMdl::HandlePreLogin() SEND_AND_STORE_MSG
[1109 17:19:23.298][CMSClientMdl.cpp:1105] TID 2836 [INFO] DPSdk::CMSClientMdl::onMessage(): [PSDK] CMSClientMdl::onMessage error nResult[443] at operation[41]
[1109 17:19:23.298][CMSClientMdl_for_general.cpp:264] TID 2836 [INFO] DPSdk::CMSClientMdl::HandleLoginWithEncryption(): CMSClientMdl::HandleLoginWithEncryption()
[1109 17:19:23.307][CMSClientMdl_for_general.cpp:349] TID 2836 [INFO] DPSdk::CMSClientMdl::OnLoginResponse(): [PSDK] CMSClientMdl::OnLoginResponse()  m_loginSeq=3
[1109 17:19:23.307][CMSClientMdl_for_general.cpp:440] TID 2836 [INFO] DPSdk::CMSClientMdl::OnLoginResponse(): [PSDK] CMSClientMdl::OnLoginResponse(), m_timerHeartBeat->SetTimer, id = 2 , ms = 15000
[1109 17:19:23.307][CMSClientMdl_for_general.cpp:461] TID 2836 [INFO] DPSdk::CMSClientMdl::OnLoginResponse(): [PSDK] CMSClientMdl::OnLoginResponse(), m_timerHeartBeatResp->SetTimer, id = 1 , ms = 60s
[1109 17:19:23.307][PDLLDpsdk_fun.cpp:597] TID 20572 [DEBUG] CPDLLDpsdk::DPSDKCallback(): CPDLLDpsdk::DPSDKCallback(...) m_cmd[6] m_sequence[1]
[1109 17:19:23.307][PDLLMessageQueue.cpp:524] TID 16724 [DEBUG] CPDLLMessageQueue::OnDpsdkCallBack(): CPDLLMessageQueue::OnDpsdkCallBack(...) pInfo->m_nCmd[6] pInfo->m_nSeq[1]
[1109 17:19:23.308][CMSClientMdl_for_general.cpp:607] TID 2836 [DEBUG] DPSdk::CMSClientMdl::HandleGetGroup(): CMSClientMdl::HandleGetGroup: bReload = 0 ,m_bSaveGroupFile = false
[1109 17:19:23.308][CMSClientMdl_for_general.cpp:721] TID 2836 [INFO] DPSdk::CMSClientMdl::GetGroupInfo(): 0---send get org cmd to CMS! = [1604913563]
[1109 17:19:23.309][CMSClientMdl_for_func.cpp:216] TID 2836 [INFO] DPSdk::CMSClientMdl::OnMessageRequest(): CU_MESSAGE pRequest->_code = 11315
[1109 17:19:23.309][CMSClientMdl_for_func.cpp:216] TID 2836 [INFO] DPSdk::CMSClientMdl::OnMessageRequest(): CU_MESSAGE pRequest->_code = 400
[1109 17:19:23.309][CMSClientMdl_for_func.cpp:593] TID 2836 [INFO] DPSdk::CMSClientMdl::OnMessageRequest(): [PSDK] OnMessageRequest CU_USER_LOGIN nUserId[2] nState[1] cmd[26]
[1109 17:19:23.309][PDLLDpsdk_fun.cpp:597] TID 20572 [DEBUG] CPDLLDpsdk::DPSDKCallback(): CPDLLDpsdk::DPSDKCallback(...) m_cmd[71] m_sequence[0]
[1109 17:19:23.309][PDLLDpsdk_fun.cpp:597] TID 20572 [DEBUG] CPDLLDpsdk::DPSDKCallback(): CPDLLDpsdk::DPSDKCallback(...) m_cmd[26] m_sequence[0]
[1109 17:19:23.309][CMSClientMdl_for_func.cpp:216] TID 2836 [INFO] DPSdk::CMSClientMdl::OnMessageRequest(): CU_MESSAGE pRequest->_code = 78
[1109 17:19:23.314][CMSClientMdl.cpp:1063] TID 2836 [INFO] DPSdk::CMSClientMdl::onError(): [DPSDK] engineId:0, connId:0, error:3
[1109 17:19:23.314][CMSClientMdl_for_general.cpp:1165] TID 2836 [INFO] DPSdk::CMSClientMdl::OnGetAllTreeResponse(): 1---orgXml start = [1604913563]
[1109 17:19:23.314][DPSDKXmlParse.cpp:693] TID 2836 [INFO] DPSdk::GetAllOrgInfo(): 
[1109 17:19:23.314][CMSClientMdl_for_general.cpp:1173] TID 2836 [INFO] DPSdk::CMSClientMdl::OnGetAllTreeResponse(): 2---orgXml end = [1604913563]
[1109 17:19:23.331][CMSClientMdl_for_general.cpp:1325] TID 2836 [INFO] DPSdk::CMSClientMdl::OnGetAllTreeResponse(): 3---DevXml start = [1604913563]
[1109 17:19:23.331][CMSClientMdl_for_general.cpp:1332] TID 2836 [INFO] DPSdk::CMSClientMdl::OnGetAllTreeResponse(): 4---DevXml end = [1604913563]
[1109 17:19:23.331][PDLLDpsdk_fun.cpp:597] TID 20572 [DEBUG] CPDLLDpsdk::DPSDKCallback(): CPDLLDpsdk::DPSDKCallback(...) m_cmd[3102] m_sequence[4]
[1109 17:19:23.331][PDLLMessageQueue.cpp:524] TID 16724 [DEBUG] CPDLLMessageQueue::OnDpsdkCallBack(): CPDLLMessageQueue::OnDpsdkCallBack(...) pInfo->m_nCmd[3102] pInfo->m_nSeq[4]
[1109 17:19:23.346][CMSClientMdl_for_func.cpp:110] TID 2836 [INFO] DPSdk::CMSClientMdl::OnGetServerListResponse(): UNIT_MGW mgwIP = [192.168.2.64] mgwPort = [9090]
[1109 17:19:23.346][CMSClientMdl.cpp:1105] TID 2836 [INFO] DPSdk::CMSClientMdl::onMessage(): [PSDK] CMSClientMdl::onMessage error nResult[570] at operation[156]
[1109 17:19:23.346][SCSClientMdl.cpp:236] TID 23228 [INFO] DPSdk::SCSClientMdl::DealWithOneResponse(): SCSClientMdl::DealWithOneResponse: CMD[5107]
[1109 17:19:23.346][SCSClientMdl.cpp:243] TID 23228 [INFO] DPSdk::SCSClientMdl::DealWithOneResponse(): msgRes->serverMap.empty() = 
[1109 17:19:23.346][CMSClientMdl.cpp:1063] TID 2836 [INFO] DPSdk::CMSClientMdl::onError(): [DPSDK] engineId:0, connId:0, error:3
[1109 17:19:23.346][PDLLDpsdk_fun.cpp:597] TID 20572 [DEBUG] CPDLLDpsdk::DPSDKCallback(): CPDLLDpsdk::DPSDKCallback(...) m_cmd[72] m_sequence[14]
[1109 17:19:23.346][PDLLDpsdk_fun.cpp:651] TID 20572 [INFO] CPDLLDpsdk::DPSDKCallback(): DPSDK_CMD_GET_RELATIVE_FPT_PATH begin
[1109 17:19:23.346][PDLLDpsdk_fun.cpp:662] TID 20572 [INFO] CPDLLDpsdk::DPSDKCallback(): DPSDK_CMD_GET_RELATIVE_FPT_PATH end
[1109 17:19:23.346][PDLLMessageQueue.cpp:5526] TID 16724 [INFO] CPDLLMessageQueue::OnGetFtpPath(): UpdateFtpInfo() begin
[1109 17:19:23.346][DMSClientSession.cpp:303] TID 12156 [INFO] DPSdk::DMSClientSession::ConnectToDmsServer(): Dms Server ip list(0)=>192.168.2.64:9200
[1109 17:19:23.346][DMSClientSession.cpp:303] TID 12156 [INFO] DPSdk::DMSClientSession::ConnectToDmsServer(): Dms Server ip list(1)=>112.25.210.130:9200
[1109 17:19:23.401][PCSClientMdl.cpp:374] TID 21372 [INFO] DPSdk::PCSClientMdl::ConnectToPcsServer(): CheckTcpConnect ip[192.168.2.64] port[9001]
[1109 17:19:23.412][ServerSession.cpp:87] TID 21372 [INFO] DPSdk::ServerSession::ConnectServer(): [PSDK] ServerSession::ConnectServer() sid = 1, ip = 192.168.2.64, port = 9001
[1109 17:19:23.422][PCSClientMdl_for_func.cpp:170] TID 21372 [INFO] DPSdk::PCSClientMdl::OnLoginResponse(): [PSDK] PCSClientMdl::OnLoginResponse(), m_timerHeartBeat->SetTimer, id = 21, ms=7500
[1109 17:19:23.422][PDLLDpsdk_fun.cpp:597] TID 20572 [DEBUG] CPDLLDpsdk::DPSDKCallback(): CPDLLDpsdk::DPSDKCallback(...) m_cmd[701] m_sequence[0]
