[1106 10:12:54.639][DPSDK_Core.cpp:394] TID 23068 [INFO] DPSDK_Login(): [DPSDK]IP=192.168.2.64 port=9000 name=test password=test123456 iType=1
[1106 10:12:54.640][DPSDK_Core.cpp:406] TID 23068 [INFO] DPSDK_Login(): nPDLLHandle = 1, IP = 192.168.2.64, Port = 9000, name = test, password = test123456,nProtocol = 2, iType = 1, szCheckBit = 
[1106 10:12:54.640][CMSClientMdl_for_general.cpp:199] TID 9884 [INFO] DPSdk::CMSClientMdl::HandlePreLogin(): CMSClientMdl::HandlePreLogin()
[1106 10:12:54.640][ServerSession.cpp:87] TID 9884 [INFO] DPSdk::ServerSession::ConnectServer(): [PSDK] ServerSession::ConnectServer() sid = 0, ip = 192.168.2.64, port = 9000
[1106 10:12:54.640][CMSClientMdl_for_general.cpp:257] TID 9884 [INFO] DPSdk::CMSClientMdl::HandlePreLogin(): CMSClientMdl::HandlePreLogin() SEND_AND_STORE_MSG
[1106 10:12:54.654][CMSClientMdl.cpp:1105] TID 9884 [INFO] DPSdk::CMSClientMdl::onMessage(): [PSDK] CMSClientMdl::onMessage error nResult[443] at operation[41]
[1106 10:12:54.654][CMSClientMdl_for_general.cpp:264] TID 9884 [INFO] DPSdk::CMSClientMdl::HandleLoginWithEncryption(): CMSClientMdl::HandleLoginWithEncryption()
[1106 10:12:54.665][CMSClientMdl_for_general.cpp:349] TID 9884 [INFO] DPSdk::CMSClientMdl::OnLoginResponse(): [PSDK] CMSClientMdl::OnLoginResponse()  m_loginSeq=3
[1106 10:12:54.665][CMSClientMdl_for_general.cpp:440] TID 9884 [INFO] DPSdk::CMSClientMdl::OnLoginResponse(): [PSDK] CMSClientMdl::OnLoginResponse(), m_timerHeartBeat->SetTimer, id = 2 , ms = 15000
[1106 10:12:54.665][CMSClientMdl_for_general.cpp:461] TID 9884 [INFO] DPSdk::CMSClientMdl::OnLoginResponse(): [PSDK] CMSClientMdl::OnLoginResponse(), m_timerHeartBeatResp->SetTimer, id = 1 , ms = 60s
[1106 10:12:54.665][PDLLDpsdk_fun.cpp:597] TID 23236 [DEBUG] CPDLLDpsdk::DPSDKCallback(): CPDLLDpsdk::DPSDKCallback(...) m_cmd[6] m_sequence[1]
[1106 10:12:54.665][PDLLMessageQueue.cpp:524] TID 10036 [DEBUG] CPDLLMessageQueue::OnDpsdkCallBack(): CPDLLMessageQueue::OnDpsdkCallBack(...) pInfo->m_nCmd[6] pInfo->m_nSeq[1]
[1106 10:12:54.667][CMSClientMdl_for_general.cpp:607] TID 9884 [DEBUG] DPSdk::CMSClientMdl::HandleGetGroup(): CMSClientMdl::HandleGetGroup: bReload = 0 ,m_bSaveGroupFile = false
[1106 10:12:54.667][CMSClientMdl_for_general.cpp:721] TID 9884 [INFO] DPSdk::CMSClientMdl::GetGroupInfo(): 0---send get org cmd to CMS! = [1604628774]
[1106 10:12:54.668][CMSClientMdl_for_func.cpp:216] TID 9884 [INFO] DPSdk::CMSClientMdl::OnMessageRequest(): CU_MESSAGE pRequest->_code = 11315
[1106 10:12:54.668][CMSClientMdl_for_func.cpp:216] TID 9884 [INFO] DPSdk::CMSClientMdl::OnMessageRequest(): CU_MESSAGE pRequest->_code = 400
[1106 10:12:54.668][PDLLDpsdk_fun.cpp:597] TID 23236 [DEBUG] CPDLLDpsdk::DPSDKCallback(): CPDLLDpsdk::DPSDKCallback(...) m_cmd[71] m_sequence[0]
[1106 10:12:54.668][CMSClientMdl_for_func.cpp:593] TID 9884 [INFO] DPSdk::CMSClientMdl::OnMessageRequest(): [PSDK] OnMessageRequest CU_USER_LOGIN nUserId[2] nState[1] cmd[26]
[1106 10:12:54.668][PDLLDpsdk_fun.cpp:597] TID 23236 [DEBUG] CPDLLDpsdk::DPSDKCallback(): CPDLLDpsdk::DPSDKCallback(...) m_cmd[26] m_sequence[0]
[1106 10:12:54.668][CMSClientMdl_for_func.cpp:216] TID 9884 [INFO] DPSdk::CMSClientMdl::OnMessageRequest(): CU_MESSAGE pRequest->_code = 78
[1106 10:12:54.684][CMSClientMdl.cpp:1063] TID 9884 [INFO] DPSdk::CMSClientMdl::onError(): [DPSDK] engineId:0, connId:0, error:3
[1106 10:12:54.684][CMSClientMdl_for_general.cpp:1165] TID 9884 [INFO] DPSdk::CMSClientMdl::OnGetAllTreeResponse(): 1---orgXml start = [1604628774]
[1106 10:12:54.684][DPSDKXmlParse.cpp:693] TID 9884 [INFO] DPSdk::GetAllOrgInfo(): 
[1106 10:12:54.684][CMSClientMdl_for_general.cpp:1173] TID 9884 [INFO] DPSdk::CMSClientMdl::OnGetAllTreeResponse(): 2---orgXml end = [1604628774]
[1106 10:12:54.709][CMSClientMdl_for_general.cpp:1325] TID 9884 [INFO] DPSdk::CMSClientMdl::OnGetAllTreeResponse(): 3---DevXml start = [1604628774]
[1106 10:12:54.709][CMSClientMdl_for_general.cpp:1332] TID 9884 [INFO] DPSdk::CMSClientMdl::OnGetAllTreeResponse(): 4---DevXml end = [1604628774]
[1106 10:12:54.709][PDLLDpsdk_fun.cpp:597] TID 23236 [DEBUG] CPDLLDpsdk::DPSDKCallback(): CPDLLDpsdk::DPSDKCallback(...) m_cmd[3102] m_sequence[4]
[1106 10:12:54.709][PDLLMessageQueue.cpp:524] TID 10036 [DEBUG] CPDLLMessageQueue::OnDpsdkCallBack(): CPDLLMessageQueue::OnDpsdkCallBack(...) pInfo->m_nCmd[3102] pInfo->m_nSeq[4]
[1106 10:12:54.723][CMSClientMdl_for_func.cpp:110] TID 9884 [INFO] DPSdk::CMSClientMdl::OnGetServerListResponse(): UNIT_MGW mgwIP = [192.168.2.64] mgwPort = [9090]
[1106 10:12:54.723][CMSClientMdl.cpp:1105] TID 9884 [INFO] DPSdk::CMSClientMdl::onMessage(): [PSDK] CMSClientMdl::onMessage error nResult[570] at operation[156]
[1106 10:12:54.723][SCSClientMdl.cpp:236] TID 16356 [INFO] DPSdk::SCSClientMdl::DealWithOneResponse(): SCSClientMdl::DealWithOneResponse: CMD[5107]
[1106 10:12:54.723][SCSClientMdl.cpp:243] TID 16356 [INFO] DPSdk::SCSClientMdl::DealWithOneResponse(): msgRes->serverMap.empty() = 
[1106 10:12:54.723][CMSClientMdl.cpp:1063] TID 9884 [INFO] DPSdk::CMSClientMdl::onError(): [DPSDK] engineId:0, connId:0, error:3
[1106 10:12:54.723][PDLLDpsdk_fun.cpp:597] TID 23236 [DEBUG] CPDLLDpsdk::DPSDKCallback(): CPDLLDpsdk::DPSDKCallback(...) m_cmd[72] m_sequence[14]
[1106 10:12:54.723][PDLLDpsdk_fun.cpp:651] TID 23236 [INFO] CPDLLDpsdk::DPSDKCallback(): DPSDK_CMD_GET_RELATIVE_FPT_PATH begin
[1106 10:12:54.723][PDLLDpsdk_fun.cpp:662] TID 23236 [INFO] CPDLLDpsdk::DPSDKCallback(): DPSDK_CMD_GET_RELATIVE_FPT_PATH end
[1106 10:12:54.723][PDLLMessageQueue.cpp:5526] TID 10036 [INFO] CPDLLMessageQueue::OnGetFtpPath(): UpdateFtpInfo() begin
[1106 10:12:54.723][DMSClientSession.cpp:303] TID 4296 [INFO] DPSdk::DMSClientSession::ConnectToDmsServer(): Dms Server ip list(0)=>192.168.2.64:9200
[1106 10:12:54.723][DMSClientSession.cpp:303] TID 4296 [INFO] DPSdk::DMSClientSession::ConnectToDmsServer(): Dms Server ip list(1)=>112.25.210.130:9200
[1106 10:12:54.776][PCSClientMdl.cpp:374] TID 8228 [INFO] DPSdk::PCSClientMdl::ConnectToPcsServer(): CheckTcpConnect ip[192.168.2.64] port[9001]
[1106 10:12:54.776][ServerSession.cpp:87] TID 8228 [INFO] DPSdk::ServerSession::ConnectServer(): [PSDK] ServerSession::ConnectServer() sid = 1, ip = 192.168.2.64, port = 9001
[1106 10:12:54.796][PCSClientMdl_for_func.cpp:170] TID 8228 [INFO] DPSdk::PCSClientMdl::OnLoginResponse(): [PSDK] PCSClientMdl::OnLoginResponse(), m_timerHeartBeat->SetTimer, id = 23, ms=7500
[1106 10:12:54.796][PDLLDpsdk_fun.cpp:597] TID 23236 [DEBUG] CPDLLDpsdk::DPSDKCallback(): CPDLLDpsdk::DPSDKCallback(...) m_cmd[701] m_sequence[0]
[1106 10:12:57.720][ServerSession.cpp:87] TID 20372 [INFO] DPSdk::ServerSession::ConnectServer(): [PSDK] ServerSession::ConnectServer() sid = 2, ip = 192.168.2.64, port = 9600
[1106 10:12:57.720][ADSClientSession.cpp:298] TID 20372 [INFO] DPSdk::ADSClientSession::SendLoginADSPdu(): [PSDK] ADSClientSession::SendLoginADSPdu sequence[18] serverId[11001] ip[192.168.2.64]
[1106 10:12:57.724][ServerSession.cpp:87] TID 1224 [INFO] DPSdk::ServerSession::ConnectServer(): [PSDK] ServerSession::ConnectServer() sid = 3, ip = 192.168.2.64, port = 9400
[1106 10:12:57.724][ServerSession.cpp:87] TID 4296 [INFO] DPSdk::ServerSession::ConnectServer(): [PSDK] ServerSession::ConnectServer() sid = 4, ip = 192.168.2.64, port = 9200
[1106 10:12:57.724][DMSClientSession.cpp:316] TID 4296 [INFO] DPSdk::DMSClientSession::ConnectToDmsServer(): Dms ConnectServer=>192.168.2.64:9200
[1106 10:12:57.724][DMSClientMdl.cpp:1594] TID 4296 [INFO] DPSdk::DMSClientMdl::StartReconTimer(): [PSDK] DMSClientMdl::StartReconTimer(), m_timerReconnect->SetTimer, id=24
[1106 10:12:57.724][PDLLMessageQueue.cpp:5528] TID 10036 [INFO] CPDLLMessageQueue::OnGetFtpPath(): UpdateFtpInfo() begin
[1106 10:12:57.724][ADSClientMdl.cpp:820] TID 20372 [INFO] DPSdk::ADSClientMdl::OnLoginAdsResponse(): [PSDK] login ads server success.
[1106 10:12:57.724][ADSClientMdl.cpp:747] TID 20372 [INFO] DPSdk::ADSClientMdl::StartHBTimer(): [PSDK] ADSClientMdl::StartHBTimer(), m_timerHeartBeat->SetTimer, id=25, ms=15000
[1106 10:12:57.725][ADSClientSession.cpp:1267] TID 20372 [INFO] DPSdk::ADSClientSession::HandleSendEmptyXml(): [PSDK] ADSClientSession::HandleSetAlarmEnable sequence[20] serverId[11001] ip[192.168.2.64]
[1106 10:12:57.725][PDLLDpsdk_fun.cpp:597] TID 23236 [DEBUG] CPDLLDpsdk::DPSDKCallback(): CPDLLDpsdk::DPSDKCallback(...) m_cmd[458] m_sequence[21]
[1106 10:12:57.725][MsgCallbackModule.cpp:198] TID 23236 [ERR] DPSdk::MsgCallbackModule::DealWithOneMsg(): [PSDK] UnDefine CallBack
[1106 10:12:57.725][DMSClientMdl.cpp:1582] TID 4296 [INFO] DPSdk::DMSClientMdl::StartHBTimer(): [PSDK] DMSClientMdl::StartHBTimer(), m_timerHeartBeat->SetTimer, id = 26, ms=15000
[1106 10:12:57.725][PDLLDpsdk_fun.cpp:597] TID 23236 [DEBUG] CPDLLDpsdk::DPSDKCallback(): CPDLLDpsdk::DPSDKCallback(...) m_cmd[246] m_sequence[22]
[1106 10:12:57.725][PDLLDpsdk_fun.cpp:597] TID 23236 [DEBUG] CPDLLDpsdk::DPSDKCallback(): CPDLLDpsdk::DPSDKCallback(...) m_cmd[246] m_sequence[23]
[1106 10:12:57.725][PDLLDpsdk_fun.cpp:597] TID 23236 [DEBUG] CPDLLDpsdk::DPSDKCallback(): CPDLLDpsdk::DPSDKCallback(...) m_cmd[246] m_sequence[24]
[1106 10:12:57.725][PDLLDpsdk_fun.cpp:597] TID 23236 [DEBUG] CPDLLDpsdk::DPSDKCallback(): CPDLLDpsdk::DPSDKCallback(...) m_cmd[246] m_sequence[25]
[1106 10:12:57.725][PDLLDpsdk_fun.cpp:597] TID 23236 [DEBUG] CPDLLDpsdk::DPSDKCallback(): CPDLLDpsdk::DPSDKCallback(...) m_cmd[246] m_sequence[26]
[1106 10:12:57.725][PDLLDpsdk_fun.cpp:597] TID 23236 [DEBUG] CPDLLDpsdk::DPSDKCallback(): CPDLLDpsdk::DPSDKCallback(...) m_cmd[246] m_sequence[27]
[1106 10:12:57.725][PDLLDpsdk_fun.cpp:597] TID 23236 [DEBUG] CPDLLDpsdk::DPSDKCallback(): CPDLLDpsdk::DPSDKCallback(...) m_cmd[246] m_sequence[28]
[1106 10:12:57.725][PDLLDpsdk_fun.cpp:597] TID 23236 [DEBUG] CPDLLDpsdk::DPSDKCallback(): CPDLLDpsdk::DPSDKCallback(...) m_cmd[246] m_sequence[29]
[1106 10:12:57.725][PDLLDpsdk_fun.cpp:597] TID 23236 [DEBUG] CPDLLDpsdk::DPSDKCallback(): CPDLLDpsdk::DPSDKCallback(...) m_cmd[246] m_sequence[30]
[1106 10:12:57.725][PDLLDpsdk_fun.cpp:597] TID 23236 [DEBUG] CPDLLDpsdk::DPSDKCallback(): CPDLLDpsdk::DPSDKCallback(...) m_cmd[246] m_sequence[31]
[1106 10:12:57.725][PDLLDpsdk_fun.cpp:597] TID 23236 [DEBUG] CPDLLDpsdk::DPSDKCallback(): CPDLLDpsdk::DPSDKCallback(...) m_cmd[246] m_sequence[32]
[1106 10:12:57.725][PDLLDpsdk_fun.cpp:597] TID 23236 [DEBUG] CPDLLDpsdk::DPSDKCallback(): CPDLLDpsdk::DPSDKCallback(...) m_cmd[246] m_sequence[33]
[1106 10:12:57.725][PDLLDpsdk_fun.cpp:597] TID 23236 [DEBUG] CPDLLDpsdk::DPSDKCallback(): CPDLLDpsdk::DPSDKCallback(...) m_cmd[246] m_sequence[34]
[1106 10:12:57.725][PDLLDpsdk_fun.cpp:597] TID 23236 [DEBUG] CPDLLDpsdk::DPSDKCallback(): CPDLLDpsdk::DPSDKCallback(...) m_cmd[246] m_sequence[35]
[1106 10:12:57.725][PDLLDpsdk_fun.cpp:597] TID 23236 [DEBUG] CPDLLDpsdk::DPSDKCallback(): CPDLLDpsdk::DPSDKCallback(...) m_cmd[246] m_sequence[36]
[1106 10:12:57.725][PDLLDpsdk_fun.cpp:597] TID 23236 [DEBUG] CPDLLDpsdk::DPSDKCallback(): CPDLLDpsdk::DPSDKCallback(...) m_cmd[246] m_sequence[37]
[1106 10:12:57.769][PDLLDpsdk_fun.cpp:597] TID 23236 [DEBUG] CPDLLDpsdk::DPSDKCallback(): CPDLLDpsdk::DPSDKCallback(...) m_cmd[253] m_sequence[0]
[1106 10:12:57.769][PDLLMessageQueue.cpp:5703] TID 10036 [INFO] CPDLLMessageQueue::OnChannelViewInfoReport(): [DPSDK_CORE]OnChannelViewInfoReport():CamearId[1000006$1$0$0],nDistance[152],nAngelH[505],nAzimuthH[441],nInclinationH[0]
[1106 10:12:57.900][PDLLDpsdk_fun.cpp:597] TID 23236 [DEBUG] CPDLLDpsdk::DPSDKCallback(): CPDLLDpsdk::DPSDKCallback(...) m_cmd[253] m_sequence[0]
[1106 10:12:57.900][PDLLMessageQueue.cpp:5703] TID 10036 [INFO] CPDLLMessageQueue::OnChannelViewInfoReport(): [DPSDK_CORE]OnChannelViewInfoReport():CamearId[1000006$1$0$0],nDistance[139],nAngelH[545],nAzimuthH[545],nInclinationH[0]
[1106 10:12:58.010][PDLLDpsdk_fun.cpp:597] TID 23236 [DEBUG] CPDLLDpsdk::DPSDKCallback(): CPDLLDpsdk::DPSDKCallback(...) m_cmd[253] m_sequence[0]
[1106 10:12:58.010][PDLLMessageQueue.cpp:5703] TID 10036 [INFO] CPDLLMessageQueue::OnChannelViewInfoReport(): [DPSDK_CORE]OnChannelViewInfoReport():CamearId[1000006$1$0$0],nDistance[127],nAngelH[590],nAzimuthH[650],nInclinationH[0]
[1106 10:12:58.141][PDLLDpsdk_fun.cpp:597] TID 23236 [DEBUG] CPDLLDpsdk::DPSDKCallback(): CPDLLDpsdk::DPSDKCallback(...) m_cmd[253] m_sequence[0]
[1106 10:12:58.141][PDLLMessageQueue.cpp:5703] TID 10036 [INFO] CPDLLMessageQueue::OnChannelViewInfoReport(): [DPSDK_CORE]OnChannelViewInfoReport():CamearId[1000006$1$0$0],nDistance[127],nAngelH[590],nAzimuthH[755],nInclinationH[0]
[1106 10:12:58.241][PDLLDpsdk_fun.cpp:597] TID 23236 [DEBUG] CPDLLDpsdk::DPSDKCallback(): CPDLLDpsdk::DPSDKCallback(...) m_cmd[253] m_sequence[0]
[1106 10:12:58.242][PDLLMessageQueue.cpp:5703] TID 10036 [INFO] CPDLLMessageQueue::OnChannelViewInfoReport(): [DPSDK_CORE]OnChannelViewInfoReport():CamearId[1000006$1$0$0],nDistance[127],nAngelH[590],nAzimuthH[860],nInclinationH[0]
[1106 10:12:58.373][PDLLDpsdk_fun.cpp:597] TID 23236 [DEBUG] CPDLLDpsdk::DPSDKCallback(): CPDLLDpsdk::DPSDKCallback(...) m_cmd[253] m_sequence[0]
[1106 10:12:58.373][PDLLMessageQueue.cpp:5703] TID 10036 [INFO] CPDLLMessageQueue::OnChannelViewInfoReport(): [DPSDK_CORE]OnChannelViewInfoReport():CamearId[1000006$1$0$0],nDistance[127],nAngelH[590],nAzimuthH[964],nInclinationH[0]
[1106 10:12:58.483][PDLLDpsdk_fun.cpp:597] TID 23236 [DEBUG] CPDLLDpsdk::DPSDKCallback(): CPDLLDpsdk::DPSDKCallback(...) m_cmd[253] m_sequence[0]
[1106 10:12:58.483][PDLLMessageQueue.cpp:5703] TID 10036 [INFO] CPDLLMessageQueue::OnChannelViewInfoReport(): [DPSDK_CORE]OnChannelViewInfoReport():CamearId[1000006$1$0$0],nDistance[127],nAngelH[590],nAzimuthH[106],nInclinationH[0]
[1106 10:12:58.613][PDLLDpsdk_fun.cpp:597] TID 23236 [DEBUG] CPDLLDpsdk::DPSDKCallback(): CPDLLDpsdk::DPSDKCallback(...) m_cmd[253] m_sequence[0]
[1106 10:12:58.613][PDLLMessageQueue.cpp:5703] TID 10036 [INFO] CPDLLMessageQueue::OnChannelViewInfoReport(): [DPSDK_CORE]OnChannelViewInfoReport():CamearId[1000006$1$0$0],nDistance[127],nAngelH[590],nAzimuthH[116],nInclinationH[0]
[1106 10:12:58.698][ServerMgrMdl.cpp:216] TID 18196 [INFO] DPSdk::ServerMgrMdl::DealWithOneRequest(): [PSDK] ServerMgrMdl::DealWithOneRequest cmd[211] nSeq = [38]
[1106 10:12:58.724][PDLLDpsdk_fun.cpp:597] TID 23236 [DEBUG] CPDLLDpsdk::DPSDKCallback(): CPDLLDpsdk::DPSDKCallback(...) m_cmd[253] m_sequence[0]
[1106 10:12:58.724][PDLLMessageQueue.cpp:5703] TID 10036 [INFO] CPDLLMessageQueue::OnChannelViewInfoReport(): [DPSDK_CORE]OnChannelViewInfoReport():CamearId[1000006$1$0$0],nDistance[127],nAngelH[590],nAzimuthH[119],nInclinationH[0]
[1106 10:12:58.764][PDLLDpsdk_fun.cpp:597] TID 23236 [DEBUG] CPDLLDpsdk::DPSDKCallback(): CPDLLDpsdk::DPSDKCallback(...) m_cmd[211] m_sequence[38]
[1106 10:12:58.764][PDLLMessageQueue.cpp:524] TID 10036 [DEBUG] CPDLLMessageQueue::OnDpsdkCallBack(): CPDLLMessageQueue::OnDpsdkCallBack(...) pInfo->m_nCmd[211] pInfo->m_nSeq[38]
[1106 10:12:59.568][PDLLDpsdk_fun.cpp:597] TID 23236 [DEBUG] CPDLLDpsdk::DPSDKCallback(): CPDLLDpsdk::DPSDKCallback(...) m_cmd[253] m_sequence[0]
[1106 10:12:59.568][PDLLMessageQueue.cpp:5703] TID 10036 [INFO] CPDLLMessageQueue::OnChannelViewInfoReport(): [DPSDK_CORE]OnChannelViewInfoReport():CamearId[1000006$1$0$0],nDistance[127],nAngelH[590],nAzimuthH[119],nInclinationH[0]
[1106 10:12:59.725][PESClientMdl.cpp:424] TID 1224 [INFO] DPSdk::PESClientMdl::StartReconTimer(): [PSDK] PESClientMdl::StartReconTimer(), m_timerReconnect->SetTimer, id=28, ms=60000
[1106 10:12:59.728][PESClientMdl.cpp:414] TID 1224 [INFO] DPSdk::PESClientMdl::StartHBTimer(): [PSDK] PESClientMdl::StartHBTimer(), m_timerHeartBeat->SetTimer, id = 29, ms=40000
[1106 10:12:59.765][ServerMgrMdl.cpp:216] TID 18196 [INFO] DPSdk::ServerMgrMdl::DealWithOneRequest(): [PSDK] ServerMgrMdl::DealWithOneRequest cmd[211] nSeq = [43]
[1106 10:12:59.884][PDLLDpsdk_fun.cpp:597] TID 23236 [DEBUG] CPDLLDpsdk::DPSDKCallback(): CPDLLDpsdk::DPSDKCallback(...) m_cmd[211] m_sequence[43]
[1106 10:12:59.884][PDLLMessageQueue.cpp:524] TID 10036 [DEBUG] CPDLLMessageQueue::OnDpsdkCallBack(): CPDLLMessageQueue::OnDpsdkCallBack(...) pInfo->m_nCmd[211] pInfo->m_nSeq[43]
[1106 10:13:02.637][PDLLDpsdk_fun.cpp:597] TID 23236 [DEBUG] CPDLLDpsdk::DPSDKCallback(): CPDLLDpsdk::DPSDKCallback(...) m_cmd[253] m_sequence[0]
[1106 10:13:02.637][PDLLMessageQueue.cpp:5703] TID 10036 [INFO] CPDLLMessageQueue::OnChannelViewInfoReport(): [DPSDK_CORE]OnChannelViewInfoReport():CamearId[1000007$1$0$0],nDistance[127],nAngelH[590],nAzimuthH[309],nInclinationH[0]
[1106 10:13:02.707][PDLLDpsdk_fun.cpp:597] TID 23236 [DEBUG] CPDLLDpsdk::DPSDKCallback(): CPDLLDpsdk::DPSDKCallback(...) m_cmd[253] m_sequence[0]
[1106 10:13:02.708][PDLLMessageQueue.cpp:5703] TID 10036 [INFO] CPDLLMessageQueue::OnChannelViewInfoReport(): [DPSDK_CORE]OnChannelViewInfoReport():CamearId[1000007$1$0$0],nDistance[127],nAngelH[590],nAzimuthH[306],nInclinationH[0]
[1106 10:13:02.828][PDLLDpsdk_fun.cpp:597] TID 23236 [DEBUG] CPDLLDpsdk::DPSDKCallback(): CPDLLDpsdk::DPSDKCallback(...) m_cmd[253] m_sequence[0]
[1106 10:13:02.828][PDLLMessageQueue.cpp:5703] TID 10036 [INFO] CPDLLMessageQueue::OnChannelViewInfoReport(): [DPSDK_CORE]OnChannelViewInfoReport():CamearId[1000007$1$0$0],nDistance[127],nAngelH[590],nAzimuthH[295],nInclinationH[0]
[1106 10:13:02.948][PDLLDpsdk_fun.cpp:597] TID 23236 [DEBUG] CPDLLDpsdk::DPSDKCallback(): CPDLLDpsdk::DPSDKCallback(...) m_cmd[253] m_sequence[0]
[1106 10:13:02.948][PDLLMessageQueue.cpp:5703] TID 10036 [INFO] CPDLLMessageQueue::OnChannelViewInfoReport(): [DPSDK_CORE]OnChannelViewInfoReport():CamearId[1000007$1$0$0],nDistance[127],nAngelH[590],nAzimuthH[285],nInclinationH[0]
[1106 10:13:03.069][PDLLDpsdk_fun.cpp:597] TID 23236 [DEBUG] CPDLLDpsdk::DPSDKCallback(): CPDLLDpsdk::DPSDKCallback(...) m_cmd[253] m_sequence[0]
[1106 10:13:03.069][PDLLMessageQueue.cpp:5703] TID 10036 [INFO] CPDLLMessageQueue::OnChannelViewInfoReport(): [DPSDK_CORE]OnChannelViewInfoReport():CamearId[1000007$1$0$0],nDistance[127],nAngelH[590],nAzimuthH[274],nInclinationH[0]
[1106 10:13:03.190][PDLLDpsdk_fun.cpp:597] TID 23236 [DEBUG] CPDLLDpsdk::DPSDKCallback(): CPDLLDpsdk::DPSDKCallback(...) m_cmd[253] m_sequence[0]
[1106 10:13:03.190][PDLLMessageQueue.cpp:5703] TID 10036 [INFO] CPDLLMessageQueue::OnChannelViewInfoReport(): [DPSDK_CORE]OnChannelViewInfoReport():CamearId[1000007$1$0$0],nDistance[127],nAngelH[590],nAzimuthH[265],nInclinationH[0]
[1106 10:13:03.310][PDLLDpsdk_fun.cpp:597] TID 23236 [DEBUG] CPDLLDpsdk::DPSDKCallback(): CPDLLDpsdk::DPSDKCallback(...) m_cmd[253] m_sequence[0]
[1106 10:13:03.310][PDLLMessageQueue.cpp:5703] TID 10036 [INFO] CPDLLMessageQueue::OnChannelViewInfoReport(): [DPSDK_CORE]OnChannelViewInfoReport():CamearId[1000007$1$0$0],nDistance[127],nAngelH[590],nAzimuthH[264],nInclinationH[0]
[1106 10:13:03.869][ServerMgrMdl.cpp:216] TID 18196 [INFO] DPSdk::ServerMgrMdl::DealWithOneRequest(): [PSDK] ServerMgrMdl::DealWithOneRequest cmd[211] nSeq = [46]
[1106 10:13:03.905][PDLLDpsdk_fun.cpp:597] TID 23236 [DEBUG] CPDLLDpsdk::DPSDKCallback(): CPDLLDpsdk::DPSDKCallback(...) m_cmd[211] m_sequence[46]
[1106 10:13:03.905][PDLLMessageQueue.cpp:524] TID 10036 [DEBUG] CPDLLMessageQueue::OnDpsdkCallBack(): CPDLLMessageQueue::OnDpsdkCallBack(...) pInfo->m_nCmd[211] pInfo->m_nSeq[46]
[1106 10:13:04.033][PDLLDpsdk_fun.cpp:597] TID 23236 [DEBUG] CPDLLDpsdk::DPSDKCallback(): CPDLLDpsdk::DPSDKCallback(...) m_cmd[253] m_sequence[0]
[1106 10:13:04.033][PDLLMessageQueue.cpp:5703] TID 10036 [INFO] CPDLLMessageQueue::OnChannelViewInfoReport(): [DPSDK_CORE]OnChannelViewInfoReport():CamearId[1000007$1$0$0],nDistance[127],nAngelH[590],nAzimuthH[264],nInclinationH[0]
[1106 10:13:04.905][ServerMgrMdl.cpp:216] TID 18196 [INFO] DPSdk::ServerMgrMdl::DealWithOneRequest(): [PSDK] ServerMgrMdl::DealWithOneRequest cmd[211] nSeq = [48]
[1106 10:13:05.025][PDLLDpsdk_fun.cpp:597] TID 23236 [DEBUG] CPDLLDpsdk::DPSDKCallback(): CPDLLDpsdk::DPSDKCallback(...) m_cmd[211] m_sequence[48]
[1106 10:13:05.025][PDLLMessageQueue.cpp:524] TID 10036 [DEBUG] CPDLLMessageQueue::OnDpsdkCallBack(): CPDLLMessageQueue::OnDpsdkCallBack(...) pInfo->m_nCmd[211] pInfo->m_nSeq[48]
[1106 10:13:05.065][PDLLDpsdk_fun.cpp:597] TID 23236 [DEBUG] CPDLLDpsdk::DPSDKCallback(): CPDLLDpsdk::DPSDKCallback(...) m_cmd[253] m_sequence[0]
[1106 10:13:05.065][PDLLMessageQueue.cpp:5703] TID 10036 [INFO] CPDLLMessageQueue::OnChannelViewInfoReport(): [DPSDK_CORE]OnChannelViewInfoReport():CamearId[1000008$1$0$0],nDistance[127],nAngelH[590],nAzimuthH[536],nInclinationH[0]
[1106 10:13:05.148][PDLLDpsdk_fun.cpp:597] TID 23236 [DEBUG] CPDLLDpsdk::DPSDKCallback(): CPDLLDpsdk::DPSDKCallback(...) m_cmd[253] m_sequence[0]
[1106 10:13:05.148][PDLLMessageQueue.cpp:5703] TID 10036 [INFO] CPDLLMessageQueue::OnChannelViewInfoReport(): [DPSDK_CORE]OnChannelViewInfoReport():CamearId[1000008$1$0$0],nDistance[127],nAngelH[590],nAzimuthH[487],nInclinationH[0]
[1106 10:13:05.269][PDLLDpsdk_fun.cpp:597] TID 23236 [DEBUG] CPDLLDpsdk::DPSDKCallback(): CPDLLDpsdk::DPSDKCallback(...) m_cmd[253] m_sequence[0]
[1106 10:13:05.269][PDLLMessageQueue.cpp:5703] TID 10036 [INFO] CPDLLMessageQueue::OnChannelViewInfoReport(): [DPSDK_CORE]OnChannelViewInfoReport():CamearId[1000008$1$0$0],nDistance[127],nAngelH[590],nAzimuthH[384],nInclinationH[0]
[1106 10:13:05.410][PDLLDpsdk_fun.cpp:597] TID 23236 [DEBUG] CPDLLDpsdk::DPSDKCallback(): CPDLLDpsdk::DPSDKCallback(...) m_cmd[253] m_sequence[0]
[1106 10:13:05.410][PDLLMessageQueue.cpp:5703] TID 10036 [INFO] CPDLLMessageQueue::OnChannelViewInfoReport(): [DPSDK_CORE]OnChannelViewInfoReport():CamearId[1000008$1$0$0],nDistance[127],nAngelH[590],nAzimuthH[278],nInclinationH[0]
[1106 10:13:05.520][PDLLDpsdk_fun.cpp:597] TID 23236 [DEBUG] CPDLLDpsdk::DPSDKCallback(): CPDLLDpsdk::DPSDKCallback(...) m_cmd[253] m_sequence[0]
[1106 10:13:05.520][PDLLMessageQueue.cpp:5703] TID 10036 [INFO] CPDLLMessageQueue::OnChannelViewInfoReport(): [DPSDK_CORE]OnChannelViewInfoReport():CamearId[1000008$1$0$0],nDistance[127],nAngelH[590],nAzimuthH[173],nInclinationH[0]
[1106 10:13:05.651][PDLLDpsdk_fun.cpp:597] TID 23236 [DEBUG] CPDLLDpsdk::DPSDKCallback(): CPDLLDpsdk::DPSDKCallback(...) m_cmd[253] m_sequence[0]
[1106 10:13:05.652][PDLLMessageQueue.cpp:5703] TID 10036 [INFO] CPDLLMessageQueue::OnChannelViewInfoReport(): [DPSDK_CORE]OnChannelViewInfoReport():CamearId[1000008$1$0$0],nDistance[127],nAngelH[590],nAzimuthH[70],nInclinationH[0]
[1106 10:13:05.742][PDLLDpsdk_fun.cpp:597] TID 23236 [DEBUG] CPDLLDpsdk::DPSDKCallback(): CPDLLDpsdk::DPSDKCallback(...) m_cmd[253] m_sequence[0]
[1106 10:13:05.742][PDLLMessageQueue.cpp:5703] TID 10036 [INFO] CPDLLMessageQueue::OnChannelViewInfoReport(): [DPSDK_CORE]OnChannelViewInfoReport():CamearId[1000008$1$0$0],nDistance[127],nAngelH[590],nAzimuthH[356],nInclinationH[0]
[1106 10:13:05.883][PDLLDpsdk_fun.cpp:597] TID 23236 [DEBUG] CPDLLDpsdk::DPSDKCallback(): CPDLLDpsdk::DPSDKCallback(...) m_cmd[253] m_sequence[0]
[1106 10:13:05.883][PDLLMessageQueue.cpp:5703] TID 10036 [INFO] CPDLLMessageQueue::OnChannelViewInfoReport(): [DPSDK_CORE]OnChannelViewInfoReport():CamearId[1000008$1$0$0],nDistance[127],nAngelH[590],nAzimuthH[346],nInclinationH[0]
[1106 10:13:05.993][PDLLDpsdk_fun.cpp:597] TID 23236 [DEBUG] CPDLLDpsdk::DPSDKCallback(): CPDLLDpsdk::DPSDKCallback(...) m_cmd[253] m_sequence[0]
[1106 10:13:05.993][PDLLMessageQueue.cpp:5703] TID 10036 [INFO] CPDLLMessageQueue::OnChannelViewInfoReport(): [DPSDK_CORE]OnChannelViewInfoReport():CamearId[1000008$1$0$0],nDistance[127],nAngelH[590],nAzimuthH[335],nInclinationH[0]
[1106 10:13:06.104][PDLLDpsdk_fun.cpp:597] TID 23236 [DEBUG] CPDLLDpsdk::DPSDKCallback(): CPDLLDpsdk::DPSDKCallback(...) m_cmd[253] m_sequence[0]
[1106 10:13:06.104][PDLLMessageQueue.cpp:5703] TID 10036 [INFO] CPDLLMessageQueue::OnChannelViewInfoReport(): [DPSDK_CORE]OnChannelViewInfoReport():CamearId[1000008$1$0$0],nDistance[127],nAngelH[590],nAzimuthH[325],nInclinationH[0]
[1106 10:13:06.225][PDLLDpsdk_fun.cpp:597] TID 23236 [DEBUG] CPDLLDpsdk::DPSDKCallback(): CPDLLDpsdk::DPSDKCallback(...) m_cmd[253] m_sequence[0]
[1106 10:13:06.225][PDLLMessageQueue.cpp:5703] TID 10036 [INFO] CPDLLMessageQueue::OnChannelViewInfoReport(): [DPSDK_CORE]OnChannelViewInfoReport():CamearId[1000008$1$0$0],nDistance[127],nAngelH[590],nAzimuthH[314],nInclinationH[0]
[1106 10:13:06.345][PDLLDpsdk_fun.cpp:597] TID 23236 [DEBUG] CPDLLDpsdk::DPSDKCallback(): CPDLLDpsdk::DPSDKCallback(...) m_cmd[253] m_sequence[0]
[1106 10:13:06.345][PDLLMessageQueue.cpp:5703] TID 10036 [INFO] CPDLLMessageQueue::OnChannelViewInfoReport(): [DPSDK_CORE]OnChannelViewInfoReport():CamearId[1000008$1$0$0],nDistance[127],nAngelH[590],nAzimuthH[304],nInclinationH[0]
[1106 10:13:06.466][PDLLDpsdk_fun.cpp:597] TID 23236 [DEBUG] CPDLLDpsdk::DPSDKCallback(): CPDLLDpsdk::DPSDKCallback(...) m_cmd[253] m_sequence[0]
[1106 10:13:06.466][PDLLMessageQueue.cpp:5703] TID 10036 [INFO] CPDLLMessageQueue::OnChannelViewInfoReport(): [DPSDK_CORE]OnChannelViewInfoReport():CamearId[1000008$1$0$0],nDistance[127],nAngelH[590],nAzimuthH[293],nInclinationH[0]
[1106 10:13:06.606][PDLLDpsdk_fun.cpp:597] TID 23236 [DEBUG] CPDLLDpsdk::DPSDKCallback(): CPDLLDpsdk::DPSDKCallback(...) m_cmd[253] m_sequence[0]
[1106 10:13:06.606][PDLLMessageQueue.cpp:5703] TID 10036 [INFO] CPDLLMessageQueue::OnChannelViewInfoReport(): [DPSDK_CORE]OnChannelViewInfoReport():CamearId[1000008$1$0$0],nDistance[127],nAngelH[590],nAzimuthH[283],nInclinationH[0]
[1106 10:13:06.717][PDLLDpsdk_fun.cpp:597] TID 23236 [DEBUG] CPDLLDpsdk::DPSDKCallback(): CPDLLDpsdk::DPSDKCallback(...) m_cmd[253] m_sequence[0]
[1106 10:13:06.717][PDLLMessageQueue.cpp:5703] TID 10036 [INFO] CPDLLMessageQueue::OnChannelViewInfoReport(): [DPSDK_CORE]OnChannelViewInfoReport():CamearId[1000008$1$0$0],nDistance[127],nAngelH[590],nAzimuthH[272],nInclinationH[0]
[1106 10:13:06.848][PDLLDpsdk_fun.cpp:597] TID 23236 [DEBUG] CPDLLDpsdk::DPSDKCallback(): CPDLLDpsdk::DPSDKCallback(...) m_cmd[253] m_sequence[0]
[1106 10:13:06.848][PDLLMessageQueue.cpp:5703] TID 10036 [INFO] CPDLLMessageQueue::OnChannelViewInfoReport(): [DPSDK_CORE]OnChannelViewInfoReport():CamearId[1000008$1$0$0],nDistance[127],nAngelH[590],nAzimuthH[262],nInclinationH[0]
[1106 10:13:06.959][PDLLDpsdk_fun.cpp:597] TID 23236 [DEBUG] CPDLLDpsdk::DPSDKCallback(): CPDLLDpsdk::DPSDKCallback(...) m_cmd[253] m_sequence[0]
[1106 10:13:06.959][PDLLMessageQueue.cpp:5703] TID 10036 [INFO] CPDLLMessageQueue::OnChannelViewInfoReport(): [DPSDK_CORE]OnChannelViewInfoReport():CamearId[1000008$1$0$0],nDistance[127],nAngelH[590],nAzimuthH[251],nInclinationH[0]
[1106 10:13:07.139][PDLLDpsdk_fun.cpp:597] TID 23236 [DEBUG] CPDLLDpsdk::DPSDKCallback(): CPDLLDpsdk::DPSDKCallback(...) m_cmd[253] m_sequence[0]
[1106 10:13:07.139][PDLLMessageQueue.cpp:5703] TID 10036 [INFO] CPDLLMessageQueue::OnChannelViewInfoReport(): [DPSDK_CORE]OnChannelViewInfoReport():CamearId[1000008$1$0$0],nDistance[127],nAngelH[590],nAzimuthH[245],nInclinationH[0]
[1106 10:13:08.054][PDLLDpsdk_fun.cpp:597] TID 23236 [DEBUG] CPDLLDpsdk::DPSDKCallback(): CPDLLDpsdk::DPSDKCallback(...) m_cmd[253] m_sequence[0]
[1106 10:13:08.054][PDLLMessageQueue.cpp:5703] TID 10036 [INFO] CPDLLMessageQueue::OnChannelViewInfoReport(): [DPSDK_CORE]OnChannelViewInfoReport():CamearId[1000008$1$0$0],nDistance[127],nAngelH[590],nAzimuthH[245],nInclinationH[0]
[1106 10:13:08.190][PDLLDpsdk_fun.cpp:597] TID 23236 [DEBUG] CPDLLDpsdk::DPSDKCallback(): CPDLLDpsdk::DPSDKCallback(...) m_cmd[459] m_sequence[50]
[1106 10:13:08.190][PDLLDpsdk_fun.cpp:597] TID 23236 [DEBUG] CPDLLDpsdk::DPSDKCallback(): CPDLLDpsdk::DPSDKCallback(...) m_cmd[480] m_sequence[51]
[1106 10:13:08.190][PDLLMessageQueue.cpp:901] TID 10036 [DEBUG] CPDLLMessageQueue::OnDpsdkCallBackAlarm(): [DPSDK_CORE]OnDpsdkCallBackAlarm()alarmtype = 584, strDeviceID = 1000006, nChannel = 0, cameraId = 1000006$1$0$0 alarmID = [{8C3968EE-7350-6146-8070-817EFCA99047}] eventType = [1] time = [1604629326]
[1106 10:13:08.190][PDLLMessageQueue.cpp:5537] TID 10036 [DEBUG] CPDLLMessageQueue::OnNewAlarmReprot(): [DPSDK_CORE]OnNewAlarmReprot():deviceID[1000006], channelNo[0]
[1106 10:13:15.362][PDLLDpsdk_fun.cpp:597] TID 23236 [DEBUG] CPDLLDpsdk::DPSDKCallback(): CPDLLDpsdk::DPSDKCallback(...) m_cmd[459] m_sequence[56]
[1106 10:13:15.362][PDLLDpsdk_fun.cpp:597] TID 23236 [DEBUG] CPDLLDpsdk::DPSDKCallback(): CPDLLDpsdk::DPSDKCallback(...) m_cmd[480] m_sequence[57]
[1106 10:13:15.362][PDLLMessageQueue.cpp:901] TID 10036 [DEBUG] CPDLLMessageQueue::OnDpsdkCallBackAlarm(): [DPSDK_CORE]OnDpsdkCallBackAlarm()alarmtype = 584, strDeviceID = 1000005, nChannel = 0, cameraId = 1000005$1$0$0 alarmID = [{DD88FE23-CF94-C847-AC11-66B033EF09BF}] eventType = [1] time = [1604629333]
[1106 10:13:15.362][PDLLMessageQueue.cpp:5537] TID 10036 [DEBUG] CPDLLMessageQueue::OnNewAlarmReprot(): [DPSDK_CORE]OnNewAlarmReprot():deviceID[1000005], channelNo[0]
[1106 10:13:18.260][PDLLDpsdk_fun.cpp:597] TID 23236 [DEBUG] CPDLLDpsdk::DPSDKCallback(): CPDLLDpsdk::DPSDKCallback(...) m_cmd[253] m_sequence[0]
[1106 10:13:18.260][PDLLMessageQueue.cpp:5703] TID 10036 [INFO] CPDLLMessageQueue::OnChannelViewInfoReport(): [DPSDK_CORE]OnChannelViewInfoReport():CamearId[1000004$1$0$0],nDistance[127],nAngelH[590],nAzimuthH[471],nInclinationH[0]
[1106 10:13:18.541][PDLLDpsdk_fun.cpp:597] TID 23236 [DEBUG] CPDLLDpsdk::DPSDKCallback(): CPDLLDpsdk::DPSDKCallback(...) m_cmd[253] m_sequence[0]
[1106 10:13:18.541][PDLLMessageQueue.cpp:5703] TID 10036 [INFO] CPDLLMessageQueue::OnChannelViewInfoReport(): [DPSDK_CORE]OnChannelViewInfoReport():CamearId[1000004$1$0$0],nDistance[127],nAngelH[590],nAzimuthH[466],nInclinationH[0]
[1106 10:13:18.772][PDLLDpsdk_fun.cpp:597] TID 23236 [DEBUG] CPDLLDpsdk::DPSDKCallback(): CPDLLDpsdk::DPSDKCallback(...) m_cmd[253] m_sequence[0]
[1106 10:13:18.772][PDLLMessageQueue.cpp:5703] TID 10036 [INFO] CPDLLMessageQueue::OnChannelViewInfoReport(): [DPSDK_CORE]OnChannelViewInfoReport():CamearId[1000004$1$0$0],nDistance[127],nAngelH[590],nAzimuthH[466],nInclinationH[0]
[1106 10:13:19.369][PDLLDpsdk_fun.cpp:597] TID 23236 [DEBUG] CPDLLDpsdk::DPSDKCallback(): CPDLLDpsdk::DPSDKCallback(...) m_cmd[459] m_sequence[59]
[1106 10:13:19.369][PDLLDpsdk_fun.cpp:597] TID 23236 [DEBUG] CPDLLDpsdk::DPSDKCallback(): CPDLLDpsdk::DPSDKCallback(...) m_cmd[480] m_sequence[60]
[1106 10:13:19.369][PDLLMessageQueue.cpp:901] TID 10036 [DEBUG] CPDLLMessageQueue::OnDpsdkCallBackAlarm(): [DPSDK_CORE]OnDpsdkCallBackAlarm()alarmtype = 584, strDeviceID = 1000006, nChannel = 0, cameraId = 1000006$1$0$0 alarmID = [{8663EEB3-3203-F245-9DDC-10F6D87F4831}] eventType = [1] time = [1604629337]
[1106 10:13:19.369][PDLLMessageQueue.cpp:5537] TID 10036 [DEBUG] CPDLLMessageQueue::OnNewAlarmReprot(): [DPSDK_CORE]OnNewAlarmReprot():deviceID[1000006], channelNo[0]
