[1106 13:48:26.111][DPSDK_Core.cpp:394] TID 2588 [INFO] DPSDK_Login(): [DPSDK]IP=192.168.2.64 port=9000 name=test password=test123456 iType=1
[1106 13:48:26.111][DPSDK_Core.cpp:406] TID 2588 [INFO] DPSDK_Login(): nPDLLHandle = 1, IP = 192.168.2.64, Port = 9000, name = test, password = test123456,nProtocol = 2, iType = 1, szCheckBit = 
[1106 13:48:26.111][CMSClientMdl_for_general.cpp:199] TID 13088 [INFO] DPSdk::CMSClientMdl::HandlePreLogin(): CMSClientMdl::HandlePreLogin()
[1106 13:48:26.111][ServerSession.cpp:87] TID 13088 [INFO] DPSdk::ServerSession::ConnectServer(): [PSDK] ServerSession::ConnectServer() sid = 0, ip = 192.168.2.64, port = 9000
[1106 13:48:26.112][CMSClientMdl_for_general.cpp:257] TID 13088 [INFO] DPSdk::CMSClientMdl::HandlePreLogin(): CMSClientMdl::HandlePreLogin() SEND_AND_STORE_MSG
[1106 13:48:26.131][CMSClientMdl.cpp:1105] TID 13088 [INFO] DPSdk::CMSClientMdl::onMessage(): [PSDK] CMSClientMdl::onMessage error nResult[443] at operation[41]
[1106 13:48:26.131][CMSClientMdl_for_general.cpp:264] TID 13088 [INFO] DPSdk::CMSClientMdl::HandleLoginWithEncryption(): CMSClientMdl::HandleLoginWithEncryption()
[1106 13:48:26.141][CMSClientMdl_for_general.cpp:349] TID 13088 [INFO] DPSdk::CMSClientMdl::OnLoginResponse(): [PSDK] CMSClientMdl::OnLoginResponse()  m_loginSeq=3
[1106 13:48:26.141][CMSClientMdl_for_general.cpp:440] TID 13088 [INFO] DPSdk::CMSClientMdl::OnLoginResponse(): [PSDK] CMSClientMdl::OnLoginResponse(), m_timerHeartBeat->SetTimer, id = 2 , ms = 15000
[1106 13:48:26.141][CMSClientMdl_for_general.cpp:461] TID 13088 [INFO] DPSdk::CMSClientMdl::OnLoginResponse(): [PSDK] CMSClientMdl::OnLoginResponse(), m_timerHeartBeatResp->SetTimer, id = 1 , ms = 60s
[1106 13:48:26.141][PDLLDpsdk_fun.cpp:597] TID 22932 [DEBUG] CPDLLDpsdk::DPSDKCallback(): CPDLLDpsdk::DPSDKCallback(...) m_cmd[6] m_sequence[1]
[1106 13:48:26.141][PDLLMessageQueue.cpp:524] TID 2524 [DEBUG] CPDLLMessageQueue::OnDpsdkCallBack(): CPDLLMessageQueue::OnDpsdkCallBack(...) pInfo->m_nCmd[6] pInfo->m_nSeq[1]
[1106 13:48:26.142][CMSClientMdl_for_general.cpp:607] TID 13088 [DEBUG] DPSdk::CMSClientMdl::HandleGetGroup(): CMSClientMdl::HandleGetGroup: bReload = 0 ,m_bSaveGroupFile = false
[1106 13:48:26.142][CMSClientMdl_for_general.cpp:721] TID 13088 [INFO] DPSdk::CMSClientMdl::GetGroupInfo(): 0---send get org cmd to CMS! = [1604641706]
[1106 13:48:26.143][CMSClientMdl_for_func.cpp:216] TID 13088 [INFO] DPSdk::CMSClientMdl::OnMessageRequest(): CU_MESSAGE pRequest->_code = 11315
[1106 13:48:26.143][PDLLDpsdk_fun.cpp:597] TID 22932 [DEBUG] CPDLLDpsdk::DPSDKCallback(): CPDLLDpsdk::DPSDKCallback(...) m_cmd[71] m_sequence[0]
[1106 13:48:26.143][CMSClientMdl_for_func.cpp:216] TID 13088 [INFO] DPSdk::CMSClientMdl::OnMessageRequest(): CU_MESSAGE pRequest->_code = 400
[1106 13:48:26.143][CMSClientMdl_for_func.cpp:593] TID 13088 [INFO] DPSdk::CMSClientMdl::OnMessageRequest(): [PSDK] OnMessageRequest CU_USER_LOGIN nUserId[2] nState[1] cmd[26]
[1106 13:48:26.143][PDLLDpsdk_fun.cpp:597] TID 22932 [DEBUG] CPDLLDpsdk::DPSDKCallback(): CPDLLDpsdk::DPSDKCallback(...) m_cmd[26] m_sequence[0]
[1106 13:48:26.143][CMSClientMdl_for_func.cpp:216] TID 13088 [INFO] DPSdk::CMSClientMdl::OnMessageRequest(): CU_MESSAGE pRequest->_code = 78
[1106 13:48:26.154][CMSClientMdl_for_general.cpp:1165] TID 13088 [INFO] DPSdk::CMSClientMdl::OnGetAllTreeResponse(): 1---orgXml start = [1604641706]
[1106 13:48:26.154][DPSDKXmlParse.cpp:693] TID 13088 [INFO] DPSdk::GetAllOrgInfo(): 
[1106 13:48:26.154][CMSClientMdl_for_general.cpp:1173] TID 13088 [INFO] DPSdk::CMSClientMdl::OnGetAllTreeResponse(): 2---orgXml end = [1604641706]
[1106 13:48:26.168][CMSClientMdl_for_general.cpp:1325] TID 13088 [INFO] DPSdk::CMSClientMdl::OnGetAllTreeResponse(): 3---DevXml start = [1604641706]
[1106 13:48:26.169][CMSClientMdl_for_general.cpp:1332] TID 13088 [INFO] DPSdk::CMSClientMdl::OnGetAllTreeResponse(): 4---DevXml end = [1604641706]
[1106 13:48:26.169][PDLLDpsdk_fun.cpp:597] TID 22932 [DEBUG] CPDLLDpsdk::DPSDKCallback(): CPDLLDpsdk::DPSDKCallback(...) m_cmd[3102] m_sequence[4]
[1106 13:48:26.169][PDLLMessageQueue.cpp:524] TID 2524 [DEBUG] CPDLLMessageQueue::OnDpsdkCallBack(): CPDLLMessageQueue::OnDpsdkCallBack(...) pInfo->m_nCmd[3102] pInfo->m_nSeq[4]
[1106 13:48:26.184][CMSClientMdl_for_func.cpp:110] TID 13088 [INFO] DPSdk::CMSClientMdl::OnGetServerListResponse(): UNIT_MGW mgwIP = [192.168.2.64] mgwPort = [9090]
[1106 13:48:26.185][CMSClientMdl.cpp:1105] TID 13088 [INFO] DPSdk::CMSClientMdl::onMessage(): [PSDK] CMSClientMdl::onMessage error nResult[570] at operation[156]
[1106 13:48:26.185][SCSClientMdl.cpp:236] TID 19524 [INFO] DPSdk::SCSClientMdl::DealWithOneResponse(): SCSClientMdl::DealWithOneResponse: CMD[5107]
[1106 13:48:26.185][SCSClientMdl.cpp:243] TID 19524 [INFO] DPSdk::SCSClientMdl::DealWithOneResponse(): msgRes->serverMap.empty() = 
[1106 13:48:26.185][CMSClientMdl.cpp:1063] TID 13088 [INFO] DPSdk::CMSClientMdl::onError(): [DPSDK] engineId:0, connId:0, error:3
[1106 13:48:26.185][PDLLDpsdk_fun.cpp:597] TID 22932 [DEBUG] CPDLLDpsdk::DPSDKCallback(): CPDLLDpsdk::DPSDKCallback(...) m_cmd[72] m_sequence[14]
[1106 13:48:26.185][PDLLDpsdk_fun.cpp:651] TID 22932 [INFO] CPDLLDpsdk::DPSDKCallback(): DPSDK_CMD_GET_RELATIVE_FPT_PATH begin
[1106 13:48:26.185][PDLLDpsdk_fun.cpp:662] TID 22932 [INFO] CPDLLDpsdk::DPSDKCallback(): DPSDK_CMD_GET_RELATIVE_FPT_PATH end
[1106 13:48:26.185][PDLLMessageQueue.cpp:5526] TID 2524 [INFO] CPDLLMessageQueue::OnGetFtpPath(): UpdateFtpInfo() begin
[1106 13:48:26.185][DMSClientSession.cpp:303] TID 16980 [INFO] DPSdk::DMSClientSession::ConnectToDmsServer(): Dms Server ip list(0)=>192.168.2.64:9200
[1106 13:48:26.185][DMSClientSession.cpp:303] TID 16980 [INFO] DPSdk::DMSClientSession::ConnectToDmsServer(): Dms Server ip list(1)=>112.25.210.130:9200
[1106 13:48:26.237][PCSClientMdl.cpp:374] TID 22304 [INFO] DPSdk::PCSClientMdl::ConnectToPcsServer(): CheckTcpConnect ip[192.168.2.64] port[9001]
[1106 13:48:26.237][ServerSession.cpp:87] TID 22304 [INFO] DPSdk::ServerSession::ConnectServer(): [PSDK] ServerSession::ConnectServer() sid = 1, ip = 192.168.2.64, port = 9001
[1106 13:48:26.260][PCSClientMdl_for_func.cpp:170] TID 22304 [INFO] DPSdk::PCSClientMdl::OnLoginResponse(): [PSDK] PCSClientMdl::OnLoginResponse(), m_timerHeartBeat->SetTimer, id = 23, ms=7500
[1106 13:48:26.260][PDLLDpsdk_fun.cpp:597] TID 22932 [DEBUG] CPDLLDpsdk::DPSDKCallback(): CPDLLDpsdk::DPSDKCallback(...) m_cmd[701] m_sequence[0]
[1106 13:48:29.184][ServerSession.cpp:87] TID 9832 [INFO] DPSdk::ServerSession::ConnectServer(): [PSDK] ServerSession::ConnectServer() sid = 2, ip = 192.168.2.64, port = 9600
[1106 13:48:29.184][ADSClientSession.cpp:298] TID 9832 [INFO] DPSdk::ADSClientSession::SendLoginADSPdu(): [PSDK] ADSClientSession::SendLoginADSPdu sequence[18] serverId[11001] ip[192.168.2.64]
[1106 13:48:29.185][PDLLMessageQueue.cpp:5528] TID 2524 [INFO] CPDLLMessageQueue::OnGetFtpPath(): UpdateFtpInfo() begin
[1106 13:48:29.186][ServerSession.cpp:87] TID 16980 [INFO] DPSdk::ServerSession::ConnectServer(): [PSDK] ServerSession::ConnectServer() sid = 3, ip = 192.168.2.64, port = 9200
[1106 13:48:29.186][ServerSession.cpp:87] TID 7700 [INFO] DPSdk::ServerSession::ConnectServer(): [PSDK] ServerSession::ConnectServer() sid = 4, ip = 192.168.2.64, port = 9400
[1106 13:48:29.186][DMSClientSession.cpp:316] TID 16980 [INFO] DPSdk::DMSClientSession::ConnectToDmsServer(): Dms ConnectServer=>192.168.2.64:9200
[1106 13:48:29.186][DMSClientMdl.cpp:1594] TID 16980 [INFO] DPSdk::DMSClientMdl::StartReconTimer(): [PSDK] DMSClientMdl::StartReconTimer(), m_timerReconnect->SetTimer, id=24
[1106 13:48:29.188][ADSClientMdl.cpp:820] TID 9832 [INFO] DPSdk::ADSClientMdl::OnLoginAdsResponse(): [PSDK] login ads server success.
[1106 13:48:29.188][ADSClientMdl.cpp:747] TID 9832 [INFO] DPSdk::ADSClientMdl::StartHBTimer(): [PSDK] ADSClientMdl::StartHBTimer(), m_timerHeartBeat->SetTimer, id=25, ms=15000
[1106 13:48:29.188][DMSClientMdl.cpp:1582] TID 16980 [INFO] DPSdk::DMSClientMdl::StartHBTimer(): [PSDK] DMSClientMdl::StartHBTimer(), m_timerHeartBeat->SetTimer, id = 26, ms=15000
[1106 13:48:29.188][ADSClientSession.cpp:1267] TID 9832 [INFO] DPSdk::ADSClientSession::HandleSendEmptyXml(): [PSDK] ADSClientSession::HandleSetAlarmEnable sequence[20] serverId[11001] ip[192.168.2.64]
[1106 13:48:29.189][PDLLDpsdk_fun.cpp:597] TID 22932 [DEBUG] CPDLLDpsdk::DPSDKCallback(): CPDLLDpsdk::DPSDKCallback(...) m_cmd[458] m_sequence[21]
[1106 13:48:29.189][MsgCallbackModule.cpp:198] TID 22932 [ERR] DPSdk::MsgCallbackModule::DealWithOneMsg(): [PSDK] UnDefine CallBack
[1106 13:48:29.189][PDLLDpsdk_fun.cpp:597] TID 22932 [DEBUG] CPDLLDpsdk::DPSDKCallback(): CPDLLDpsdk::DPSDKCallback(...) m_cmd[246] m_sequence[22]
[1106 13:48:29.189][PDLLDpsdk_fun.cpp:597] TID 22932 [DEBUG] CPDLLDpsdk::DPSDKCallback(): CPDLLDpsdk::DPSDKCallback(...) m_cmd[246] m_sequence[23]
[1106 13:48:29.189][PDLLDpsdk_fun.cpp:597] TID 22932 [DEBUG] CPDLLDpsdk::DPSDKCallback(): CPDLLDpsdk::DPSDKCallback(...) m_cmd[246] m_sequence[24]
[1106 13:48:29.189][PDLLDpsdk_fun.cpp:597] TID 22932 [DEBUG] CPDLLDpsdk::DPSDKCallback(): CPDLLDpsdk::DPSDKCallback(...) m_cmd[246] m_sequence[25]
[1106 13:48:29.189][PDLLDpsdk_fun.cpp:597] TID 22932 [DEBUG] CPDLLDpsdk::DPSDKCallback(): CPDLLDpsdk::DPSDKCallback(...) m_cmd[246] m_sequence[26]
[1106 13:48:29.189][PDLLDpsdk_fun.cpp:597] TID 22932 [DEBUG] CPDLLDpsdk::DPSDKCallback(): CPDLLDpsdk::DPSDKCallback(...) m_cmd[246] m_sequence[27]
[1106 13:48:29.189][PDLLDpsdk_fun.cpp:597] TID 22932 [DEBUG] CPDLLDpsdk::DPSDKCallback(): CPDLLDpsdk::DPSDKCallback(...) m_cmd[246] m_sequence[28]
[1106 13:48:29.189][PDLLDpsdk_fun.cpp:597] TID 22932 [DEBUG] CPDLLDpsdk::DPSDKCallback(): CPDLLDpsdk::DPSDKCallback(...) m_cmd[246] m_sequence[29]
[1106 13:48:29.189][PDLLDpsdk_fun.cpp:597] TID 22932 [DEBUG] CPDLLDpsdk::DPSDKCallback(): CPDLLDpsdk::DPSDKCallback(...) m_cmd[246] m_sequence[30]
[1106 13:48:29.189][PDLLDpsdk_fun.cpp:597] TID 22932 [DEBUG] CPDLLDpsdk::DPSDKCallback(): CPDLLDpsdk::DPSDKCallback(...) m_cmd[246] m_sequence[31]
[1106 13:48:29.189][PDLLDpsdk_fun.cpp:597] TID 22932 [DEBUG] CPDLLDpsdk::DPSDKCallback(): CPDLLDpsdk::DPSDKCallback(...) m_cmd[246] m_sequence[32]
[1106 13:48:29.189][PDLLDpsdk_fun.cpp:597] TID 22932 [DEBUG] CPDLLDpsdk::DPSDKCallback(): CPDLLDpsdk::DPSDKCallback(...) m_cmd[246] m_sequence[33]
[1106 13:48:29.189][PDLLDpsdk_fun.cpp:597] TID 22932 [DEBUG] CPDLLDpsdk::DPSDKCallback(): CPDLLDpsdk::DPSDKCallback(...) m_cmd[246] m_sequence[34]
[1106 13:48:29.189][PDLLDpsdk_fun.cpp:597] TID 22932 [DEBUG] CPDLLDpsdk::DPSDKCallback(): CPDLLDpsdk::DPSDKCallback(...) m_cmd[246] m_sequence[35]
[1106 13:48:29.189][PDLLDpsdk_fun.cpp:597] TID 22932 [DEBUG] CPDLLDpsdk::DPSDKCallback(): CPDLLDpsdk::DPSDKCallback(...) m_cmd[246] m_sequence[36]
[1106 13:48:29.189][PDLLDpsdk_fun.cpp:597] TID 22932 [DEBUG] CPDLLDpsdk::DPSDKCallback(): CPDLLDpsdk::DPSDKCallback(...) m_cmd[246] m_sequence[37]
[1106 13:48:30.849][ServerMgrMdl.cpp:216] TID 10348 [INFO] DPSdk::ServerMgrMdl::DealWithOneRequest(): [PSDK] ServerMgrMdl::DealWithOneRequest cmd[211] nSeq = [38]
[1106 13:48:30.876][PDLLDpsdk_fun.cpp:597] TID 22932 [DEBUG] CPDLLDpsdk::DPSDKCallback(): CPDLLDpsdk::DPSDKCallback(...) m_cmd[211] m_sequence[38]
[1106 13:48:30.876][PDLLMessageQueue.cpp:524] TID 2524 [DEBUG] CPDLLMessageQueue::OnDpsdkCallBack(): CPDLLMessageQueue::OnDpsdkCallBack(...) pInfo->m_nCmd[211] pInfo->m_nSeq[38]
[1106 13:48:31.187][PESClientMdl.cpp:424] TID 7700 [INFO] DPSdk::PESClientMdl::StartReconTimer(): [PSDK] PESClientMdl::StartReconTimer(), m_timerReconnect->SetTimer, id=28, ms=60000
[1106 13:48:31.191][PESClientMdl.cpp:414] TID 7700 [INFO] DPSdk::PESClientMdl::StartHBTimer(): [PSDK] PESClientMdl::StartHBTimer(), m_timerHeartBeat->SetTimer, id = 29, ms=40000
[1106 13:48:38.777][ServerMgrMdl.cpp:216] TID 10348 [INFO] DPSdk::ServerMgrMdl::DealWithOneRequest(): [PSDK] ServerMgrMdl::DealWithOneRequest cmd[211] nSeq = [44]
[1106 13:48:38.817][PDLLDpsdk_fun.cpp:597] TID 22932 [DEBUG] CPDLLDpsdk::DPSDKCallback(): CPDLLDpsdk::DPSDKCallback(...) m_cmd[211] m_sequence[44]
[1106 13:48:38.817][PDLLMessageQueue.cpp:524] TID 2524 [DEBUG] CPDLLMessageQueue::OnDpsdkCallBack(): CPDLLMessageQueue::OnDpsdkCallBack(...) pInfo->m_nCmd[211] pInfo->m_nSeq[44]
[1106 13:48:45.034][ServerMgrMdl.cpp:216] TID 10348 [INFO] DPSdk::ServerMgrMdl::DealWithOneRequest(): [PSDK] ServerMgrMdl::DealWithOneRequest cmd[211] nSeq = [50]
[1106 13:48:45.066][PDLLDpsdk_fun.cpp:597] TID 22932 [DEBUG] CPDLLDpsdk::DPSDKCallback(): CPDLLDpsdk::DPSDKCallback(...) m_cmd[211] m_sequence[50]
[1106 13:48:45.066][PDLLMessageQueue.cpp:524] TID 2524 [DEBUG] CPDLLMessageQueue::OnDpsdkCallBack(): CPDLLMessageQueue::OnDpsdkCallBack(...) pInfo->m_nCmd[211] pInfo->m_nSeq[50]
[1106 13:48:52.451][ServerMgrMdl.cpp:216] TID 10348 [INFO] DPSdk::ServerMgrMdl::DealWithOneRequest(): [PSDK] ServerMgrMdl::DealWithOneRequest cmd[211] nSeq = [53]
[1106 13:48:52.487][PDLLDpsdk_fun.cpp:597] TID 22932 [DEBUG] CPDLLDpsdk::DPSDKCallback(): CPDLLDpsdk::DPSDKCallback(...) m_cmd[211] m_sequence[53]
[1106 13:48:52.487][PDLLMessageQueue.cpp:524] TID 2524 [DEBUG] CPDLLMessageQueue::OnDpsdkCallBack(): CPDLLMessageQueue::OnDpsdkCallBack(...) pInfo->m_nCmd[211] pInfo->m_nSeq[53]
[1106 13:49:05.376][ServerMgrMdl.cpp:216] TID 10348 [INFO] DPSdk::ServerMgrMdl::DealWithOneRequest(): [PSDK] ServerMgrMdl::DealWithOneRequest cmd[211] nSeq = [60]
[1106 13:49:05.406][PDLLDpsdk_fun.cpp:597] TID 22932 [DEBUG] CPDLLDpsdk::DPSDKCallback(): CPDLLDpsdk::DPSDKCallback(...) m_cmd[211] m_sequence[60]
[1106 13:49:05.406][PDLLMessageQueue.cpp:524] TID 2524 [DEBUG] CPDLLMessageQueue::OnDpsdkCallBack(): CPDLLMessageQueue::OnDpsdkCallBack(...) pInfo->m_nCmd[211] pInfo->m_nSeq[60]
[1106 13:49:29.186][DMSClientMdl.cpp:1497] TID 16980 [INFO] DPSdk::DMSClientMdl::OnDmsReconnect(): [PSDK] DMSClientMdl::OnDmsReconnect(), m_timerReconnect->KillTimer, id=24
[1106 13:49:31.188][PESClientMdl.cpp:364] TID 7700 [INFO] DPSdk::PESClientMdl::OnPESReconnect(): [PSDK] PESClientMdl::OnPESReconnect(), m_timerReconnect->kill, id=28
[1106 13:49:37.338][ServerMgrMdl.cpp:216] TID 10348 [INFO] DPSdk::ServerMgrMdl::DealWithOneRequest(): [PSDK] ServerMgrMdl::DealWithOneRequest cmd[211] nSeq = [73]
[1106 13:49:37.376][PDLLDpsdk_fun.cpp:597] TID 22932 [DEBUG] CPDLLDpsdk::DPSDKCallback(): CPDLLDpsdk::DPSDKCallback(...) m_cmd[211] m_sequence[73]
[1106 13:49:37.376][PDLLMessageQueue.cpp:524] TID 2524 [DEBUG] CPDLLMessageQueue::OnDpsdkCallBack(): CPDLLMessageQueue::OnDpsdkCallBack(...) pInfo->m_nCmd[211] pInfo->m_nSeq[73]
[1106 13:50:37.935][ServerMgrMdl.cpp:216] TID 10348 [INFO] DPSdk::ServerMgrMdl::DealWithOneRequest(): [PSDK] ServerMgrMdl::DealWithOneRequest cmd[211] nSeq = [97]
[1106 13:50:37.975][PDLLDpsdk_fun.cpp:597] TID 22932 [DEBUG] CPDLLDpsdk::DPSDKCallback(): CPDLLDpsdk::DPSDKCallback(...) m_cmd[211] m_sequence[97]
[1106 13:50:37.975][PDLLMessageQueue.cpp:524] TID 2524 [DEBUG] CPDLLMessageQueue::OnDpsdkCallBack(): CPDLLMessageQueue::OnDpsdkCallBack(...) pInfo->m_nCmd[211] pInfo->m_nSeq[97]
